---------------------------------------------------------------
[ 2020-01-13T13:57:24+08:00 ] 192.168.0.102 GET 192.168.0.102:9999/api/order/refund
[运行时间：0.814104s] [吞吐率：1.23req/s] [内存消耗：2,129.10kb] [文件加载：115]
[ info ] [ BEHAVIOR ] Run Closure @app_init [ RunTime:0.000000s ]
[ info ] [ CACHE ] INIT File
[ info ] [ BEHAVIOR ] Run Closure @app_init [ RunTime:0.027504s ]
[ info ] [ LANG ] D:\WWW\last\thinkphp\lang\zh-cn.php
[ info ] [ ROUTE ] array (
  'type' => 'module',
  'module' => 
  array (
    0 => 'api',
    1 => 'order',
    2 => 'refund',
  ),
)
[ info ] [ HEADER ] array (
  'cookie' => 'PHPSESSID=t1tohnanl55vomfbsj0jelaml1; API_NAVBAR_STATUS=0; Hm_lvt_f8d0a8c400404989e195270b0bbf060a=1578894769; Hm_lpvt_f8d0a8c400404989e195270b0bbf060a=1578894769',
  'accept-language' => 'zh-CN,zh;q=0.9',
  'accept-encoding' => 'gzip, deflate',
  'accept' => 'text/html,application/xhtml+xml,application/xml;q=0.9,image/webp,image/apng,*/*;q=0.8,application/signed-exchange;v=b3;q=0.9',
  'user-agent' => 'Mozilla/5.0 (Windows NT 6.1; Win64; x64) AppleWebKit/537.36 (KHTML, like Gecko) Chrome/79.0.3945.117 Safari/537.36',
  'upgrade-insecure-requests' => '1',
  'connection' => 'close',
  'host' => '192.168.0.102:9999',
)
[ info ] [ PARAM ] array (
)
[ info ] [ LANG ] D:\WWW\last\public/../application/api\lang\zh-cn.php
[ info ] [ BEHAVIOR ] Run app\common\behavior\Common @module_init [ RunTime:0.014502s ]
[ info ] [ RUN ] app\api\controller\Order->refund[ D:\WWW\last\application\api\controller\Order.php ]
[ info ] [ LOG ] INIT File
---------------------------------------------------------------
[ 2020-01-13T13:58:10+08:00 ] 192.168.0.102 GET 192.168.0.102:9999/api/order/refund
[运行时间：0.389549s] [吞吐率：2.57req/s] [内存消耗：2,129.39kb] [文件加载：115]
[ info ] [ BEHAVIOR ] Run Closure @app_init [ RunTime:0.000000s ]
[ info ] [ CACHE ] INIT File
[ info ] [ BEHAVIOR ] Run Closure @app_init [ RunTime:0.002500s ]
[ info ] [ LANG ] D:\WWW\last\thinkphp\lang\zh-cn.php
[ info ] [ ROUTE ] array (
  'type' => 'module',
  'module' => 
  array (
    0 => 'api',
    1 => 'order',
    2 => 'refund',
  ),
)
[ info ] [ HEADER ] array (
  'cookie' => 'PHPSESSID=t1tohnanl55vomfbsj0jelaml1; API_NAVBAR_STATUS=0; Hm_lvt_f8d0a8c400404989e195270b0bbf060a=1578894769; Hm_lpvt_f8d0a8c400404989e195270b0bbf060a=1578894769',
  'accept-language' => 'zh-CN,zh;q=0.9',
  'accept-encoding' => 'gzip, deflate',
  'accept' => 'text/html,application/xhtml+xml,application/xml;q=0.9,image/webp,image/apng,*/*;q=0.8,application/signed-exchange;v=b3;q=0.9',
  'user-agent' => 'Mozilla/5.0 (Windows NT 6.1; Win64; x64) AppleWebKit/537.36 (KHTML, like Gecko) Chrome/79.0.3945.117 Safari/537.36',
  'upgrade-insecure-requests' => '1',
  'cache-control' => 'max-age=0',
  'connection' => 'close',
  'host' => '192.168.0.102:9999',
)
[ info ] [ PARAM ] array (
)
[ info ] [ LANG ] D:\WWW\last\public/../application/api\lang\zh-cn.php
[ info ] [ BEHAVIOR ] Run app\common\behavior\Common @module_init [ RunTime:0.001500s ]
[ info ] [ RUN ] app\api\controller\Order->refund[ D:\WWW\last\application\api\controller\Order.php ]
[ info ] [ LOG ] INIT File
---------------------------------------------------------------
[ 2020-01-13T13:58:25+08:00 ] 192.168.0.102 GET 192.168.0.102:9999/api/order/refund
[运行时间：0.370547s] [吞吐率：2.70req/s] [内存消耗：2,129.39kb] [文件加载：115]
[ info ] [ BEHAVIOR ] Run Closure @app_init [ RunTime:0.000000s ]
[ info ] [ CACHE ] INIT File
[ info ] [ BEHAVIOR ] Run Closure @app_init [ RunTime:0.006500s ]
[ info ] [ LANG ] D:\WWW\last\thinkphp\lang\zh-cn.php
[ info ] [ ROUTE ] array (
  'type' => 'module',
  'module' => 
  array (
    0 => 'api',
    1 => 'order',
    2 => 'refund',
  ),
)
[ info ] [ HEADER ] array (
  'cookie' => 'PHPSESSID=t1tohnanl55vomfbsj0jelaml1; API_NAVBAR_STATUS=0; Hm_lvt_f8d0a8c400404989e195270b0bbf060a=1578894769; Hm_lpvt_f8d0a8c400404989e195270b0bbf060a=1578894769',
  'accept-language' => 'zh-CN,zh;q=0.9',
  'accept-encoding' => 'gzip, deflate',
  'accept' => 'text/html,application/xhtml+xml,application/xml;q=0.9,image/webp,image/apng,*/*;q=0.8,application/signed-exchange;v=b3;q=0.9',
  'user-agent' => 'Mozilla/5.0 (Windows NT 6.1; Win64; x64) AppleWebKit/537.36 (KHTML, like Gecko) Chrome/79.0.3945.117 Safari/537.36',
  'upgrade-insecure-requests' => '1',
  'cache-control' => 'max-age=0',
  'connection' => 'close',
  'host' => '192.168.0.102:9999',
)
[ info ] [ PARAM ] array (
)
[ info ] [ LANG ] D:\WWW\last\public/../application/api\lang\zh-cn.php
[ info ] [ BEHAVIOR ] Run app\common\behavior\Common @module_init [ RunTime:0.004500s ]
[ info ] [ RUN ] app\api\controller\Order->refund[ D:\WWW\last\application\api\controller\Order.php ]
[ info ] [ LOG ] INIT File
---------------------------------------------------------------
[ 2020-01-13T13:58:44+08:00 ] 192.168.0.102 GET 192.168.0.102:9999/api/order/refund
[运行时间：0.400551s] [吞吐率：2.50req/s] [内存消耗：2,129.39kb] [文件加载：115]
[ info ] [ BEHAVIOR ] Run Closure @app_init [ RunTime:0.000000s ]
[ info ] [ CACHE ] INIT File
[ info ] [ BEHAVIOR ] Run Closure @app_init [ RunTime:0.003000s ]
[ info ] [ LANG ] D:\WWW\last\thinkphp\lang\zh-cn.php
[ info ] [ ROUTE ] array (
  'type' => 'module',
  'module' => 
  array (
    0 => 'api',
    1 => 'order',
    2 => 'refund',
  ),
)
[ info ] [ HEADER ] array (
  'cookie' => 'PHPSESSID=t1tohnanl55vomfbsj0jelaml1; API_NAVBAR_STATUS=0; Hm_lvt_f8d0a8c400404989e195270b0bbf060a=1578894769; Hm_lpvt_f8d0a8c400404989e195270b0bbf060a=1578894769',
  'accept-language' => 'zh-CN,zh;q=0.9',
  'accept-encoding' => 'gzip, deflate',
  'accept' => 'text/html,application/xhtml+xml,application/xml;q=0.9,image/webp,image/apng,*/*;q=0.8,application/signed-exchange;v=b3;q=0.9',
  'user-agent' => 'Mozilla/5.0 (Windows NT 6.1; Win64; x64) AppleWebKit/537.36 (KHTML, like Gecko) Chrome/79.0.3945.117 Safari/537.36',
  'upgrade-insecure-requests' => '1',
  'cache-control' => 'max-age=0',
  'connection' => 'close',
  'host' => '192.168.0.102:9999',
)
[ info ] [ PARAM ] array (
)
[ info ] [ LANG ] D:\WWW\last\public/../application/api\lang\zh-cn.php
[ info ] [ BEHAVIOR ] Run app\common\behavior\Common @module_init [ RunTime:0.002501s ]
[ info ] [ RUN ] app\api\controller\Order->refund[ D:\WWW\last\application\api\controller\Order.php ]
[ info ] [ LOG ] INIT File
---------------------------------------------------------------
[ 2020-01-13T13:58:59+08:00 ] 192.168.0.102 GET 192.168.0.102:9999/api/order/refund
[运行时间：0.352544s] [吞吐率：2.84req/s] [内存消耗：2,129.39kb] [文件加载：115]
[ info ] [ BEHAVIOR ] Run Closure @app_init [ RunTime:0.000000s ]
[ info ] [ CACHE ] INIT File
[ info ] [ BEHAVIOR ] Run Closure @app_init [ RunTime:0.006001s ]
[ info ] [ LANG ] D:\WWW\last\thinkphp\lang\zh-cn.php
[ info ] [ ROUTE ] array (
  'type' => 'module',
  'module' => 
  array (
    0 => 'api',
    1 => 'order',
    2 => 'refund',
  ),
)
[ info ] [ HEADER ] array (
  'cookie' => 'PHPSESSID=t1tohnanl55vomfbsj0jelaml1; API_NAVBAR_STATUS=0; Hm_lvt_f8d0a8c400404989e195270b0bbf060a=1578894769; Hm_lpvt_f8d0a8c400404989e195270b0bbf060a=1578894769',
  'accept-language' => 'zh-CN,zh;q=0.9',
  'accept-encoding' => 'gzip, deflate',
  'accept' => 'text/html,application/xhtml+xml,application/xml;q=0.9,image/webp,image/apng,*/*;q=0.8,application/signed-exchange;v=b3;q=0.9',
  'user-agent' => 'Mozilla/5.0 (Windows NT 6.1; Win64; x64) AppleWebKit/537.36 (KHTML, like Gecko) Chrome/79.0.3945.117 Safari/537.36',
  'upgrade-insecure-requests' => '1',
  'cache-control' => 'max-age=0',
  'connection' => 'close',
  'host' => '192.168.0.102:9999',
)
[ info ] [ PARAM ] array (
)
[ info ] [ LANG ] D:\WWW\last\public/../application/api\lang\zh-cn.php
[ info ] [ BEHAVIOR ] Run app\common\behavior\Common @module_init [ RunTime:0.001500s ]
[ info ] [ RUN ] app\api\controller\Order->refund[ D:\WWW\last\application\api\controller\Order.php ]
[ info ] [ LOG ] INIT File
---------------------------------------------------------------
[ 2020-01-13T15:41:47+08:00 ] 192.168.0.102 POST 192.168.0.102:9999/api/machine/machine_list
[运行时间：3.253413s] [吞吐率：0.31req/s] [内存消耗：2,929.44kb] [文件加载：122]
[ info ] [ BEHAVIOR ] Run Closure @app_init [ RunTime:0.000000s ]
[ info ] [ CACHE ] INIT File
[ info ] [ BEHAVIOR ] Run Closure @app_init [ RunTime:0.057507s ]
[ info ] [ LANG ] D:\WWW\last\thinkphp\lang\zh-cn.php
[ info ] [ ROUTE ] array (
  'type' => 'module',
  'module' => 
  array (
    0 => 'api',
    1 => 'machine',
    2 => 'machine_list',
  ),
)
[ info ] [ HEADER ] array (
  'connection' => 'close',
  'content-length' => '48',
  'accept-encoding' => 'gzip, deflate',
  'host' => '192.168.0.102:9999',
  'accept' => '*/*',
  'user-agent' => 'PostmanRuntime/7.6.0',
  'postman-token' => '66220b13-a325-4249-bff9-a1f4ee2084bd',
  'cache-control' => 'no-cache',
  'content-type' => 'application/json',
)
[ info ] [ PARAM ] array (
  'token' => 'c4271287-59e4-4cf4-8ef7-bd26643c65d3',
)
[ info ] [ LANG ] D:\WWW\last\public/../application/api\lang\zh-cn.php
[ info ] [ BEHAVIOR ] Run app\common\behavior\Common @module_init [ RunTime:0.021503s ]
[ info ] [ RUN ] app\api\controller\Machine->machine_list[ D:\WWW\last\application\api\controller\Machine.php ]
[ info ] [ DB ] INIT mysql
[ info ] [ LOG ] INIT File
[ sql ] [ DB ] CONNECT:[ UseTime:0.001000s ] mysql:host=127.0.0.1;dbname=last;charset=utf8
[ sql ] [ SQL ] SHOW COLUMNS FROM `fa_user` [ RunTime:0.042505s ]
[ sql ] [ SQL ] SELECT * FROM `fa_user` WHERE  `token` = 'c4271287-59e4-4cf4-8ef7-bd26643c65d3' LIMIT 1 [ RunTime:0.001000s ]
[ sql ] [ SQL ] SHOW COLUMNS FROM `fa_client_rule` [ RunTime:0.050007s ]
[ sql ] [ SQL ] SELECT `auth_ids` FROM `fa_client_rule` WHERE  `id` = 3 LIMIT 1 [ RunTime:0.000500s ]
[ sql ] [ SQL ] SELECT `id` FROM `fa_user` WHERE  (  pid = 2 && rule_id = 2 ) [ RunTime:0.000500s ]
[ sql ] [ SQL ] SHOW COLUMNS FROM `fa_machine` [ RunTime:0.068509s ]
[ sql ] [ SQL ] SELECT `machine_id`,`machine_name`,`status`,`is_online`,`org_id`,`logo_id`,`video_id`,`address` FROM `fa_machine` WHERE  `user_id` IN (43) [ RunTime:0.000500s ]
[ sql ] [ SQL ] SHOW COLUMNS FROM `fa_material` [ RunTime:0.084011s ]
[ sql ] [ SQL ] SELECT * FROM `fa_material` WHERE  `id` = 0 LIMIT 1 [ RunTime:0.001000s ]
[ sql ] [ SQL ] SELECT * FROM `fa_material` WHERE  `id` = 0 LIMIT 1 [ RunTime:0.000000s ]
[ sql ] [ SQL ] SHOW COLUMNS FROM `fa_client_org` [ RunTime:0.060508s ]
[ sql ] [ SQL ] SELECT `org_name` FROM `fa_client_org` WHERE  `id` = 3 LIMIT 1 [ RunTime:0.000500s ]
[ sql ] [ SQL ] SELECT `machine_id`,`machine_name`,`status`,`is_online`,`org_id`,`logo_id`,`video_id`,`address` FROM `fa_machine` WHERE  `user_id` = 2 [ RunTime:0.000500s ]
[ sql ] [ SQL ] SELECT * FROM `fa_material` WHERE  `id` = 0 LIMIT 1 [ RunTime:0.000500s ]
[ sql ] [ SQL ] SELECT * FROM `fa_material` WHERE  `id` = 0 LIMIT 1 [ RunTime:0.000500s ]
[ sql ] [ SQL ] SELECT * FROM `fa_material` WHERE  `id` IS NULL LIMIT 1 [ RunTime:0.000000s ]
[ sql ] [ SQL ] SELECT * FROM `fa_material` WHERE  `id` IS NULL LIMIT 1 [ RunTime:0.000500s ]
[ sql ] [ SQL ] SELECT * FROM `fa_material` WHERE  `id` = 3 LIMIT 1 [ RunTime:0.000000s ]
[ sql ] [ SQL ] SELECT * FROM `fa_material` WHERE  `id` = 2 LIMIT 1 [ RunTime:0.000000s ]
[ sql ] [ SQL ] SELECT * FROM `fa_material` WHERE  `id` IS NULL LIMIT 1 [ RunTime:0.000500s ]
[ sql ] [ SQL ] SELECT * FROM `fa_material` WHERE  `id` IS NULL LIMIT 1 [ RunTime:0.000000s ]
