---------------------------------------------------------------
[ 2019-09-11T15:46:49+08:00 ] 192.168.1.144 POST 192.168.1.144:9999/api/store/store_add
[运行时间：1.157147s] [吞吐率：0.86req/s] [内存消耗：2,816.72kb] [文件加载：127]
[ info ] [ BEHAVIOR ] Run Closure @app_init [ RunTime:0.000000s ]
[ info ] [ CACHE ] INIT File
[ info ] [ BEHAVIOR ] Run Closure @app_init [ RunTime:0.020503s ]
[ info ] [ LANG ] D:\WWW\last\thinkphp\lang\zh-cn.php
[ info ] [ ROUTE ] array (
  'type' => 'module',
  'module' => 
  array (
    0 => 'api',
    1 => 'store',
    2 => 'store_add',
  ),
)
[ info ] [ HEADER ] array (
  'connection' => 'close',
  'content-length' => '1219',
  'content-type' => 'multipart/form-data; boundary=--------------------------039159091450772817123939',
  'accept-encoding' => 'gzip, deflate',
  'host' => '192.168.1.144:9999',
  'accept' => '*/*',
  'user-agent' => 'PostmanRuntime/7.6.0',
  'postman-token' => '45269451-35e5-4691-80c8-e77b7b6dc35a',
  'cache-control' => 'no-cache',
)
[ info ] [ PARAM ] array (
  'account' => 'user1',
  'password' => '111111',
  'token' => '472c1143-242f-4458-971e-b05841ff4421
',
  'org_name' => '组织1',
  'username' => 'org1',
  'org_type' => '代理商',
  'goods_price' => '2',
  'goods_add' => '1',
  'store_name' => '直营店1',
  'store_address' => '北京',
)
[ info ] [ LANG ] D:\WWW\last\public/../application/api\lang\zh-cn.php
[ info ] [ BEHAVIOR ] Run app\common\behavior\Common @module_init [ RunTime:0.012502s ]
[ info ] [ TOKEN ] INIT Mysql
[ info ] [ DB ] INIT mysql
[ info ] [ RUN ] app\api\controller\Store->store_add[ D:\WWW\last\application\api\controller\Store.php ]
[ info ] [ LOG ] INIT File
[ sql ] [ DB ] CONNECT:[ UseTime:0.001000s ] mysql:host=127.0.0.1;dbname=last;charset=utf8
[ sql ] [ SQL ] SHOW COLUMNS FROM `fa_user_token` [ RunTime:0.063008s ]
[ sql ] [ SQL ] SELECT * FROM `fa_user_token` WHERE  `token` = 'd933e6f7793b140a9f95ec275821e296f50c34f4' LIMIT 1 [ RunTime:0.001000s ]
[ sql ] [ SQL ] SHOW COLUMNS FROM `fa_user` [ RunTime:0.053006s ]
[ sql ] [ SQL ] SELECT * FROM `fa_user` WHERE  `id` = 2 LIMIT 1 [ RunTime:0.001001s ]
[ sql ] [ SQL ] SHOW COLUMNS FROM `fa_client_rule` [ RunTime:0.031004s ]
[ sql ] [ SQL ] SELECT `auth_ids` FROM `fa_client_rule` WHERE  `id` = 1 LIMIT 1 [ RunTime:0.000500s ]
---------------------------------------------------------------
[ 2019-09-11T15:52:20+08:00 ] 192.168.1.144 POST 192.168.1.144:9999/api/user/login
[运行时间：0.138517s] [吞吐率：7.22req/s] [内存消耗：2,864.86kb] [文件加载：128]
[ info ] [ BEHAVIOR ] Run Closure @app_init [ RunTime:0.000000s ]
[ info ] [ CACHE ] INIT File
[ info ] [ BEHAVIOR ] Run Closure @app_init [ RunTime:0.002501s ]
[ info ] [ LANG ] D:\WWW\last\thinkphp\lang\zh-cn.php
[ info ] [ ROUTE ] array (
  'type' => 'module',
  'module' => 
  array (
    0 => 'api',
    1 => 'user',
    2 => 'login',
  ),
)
[ info ] [ HEADER ] array (
  'connection' => 'close',
  'content-length' => '1219',
  'content-type' => 'multipart/form-data; boundary=--------------------------283954594648310877335573',
  'accept-encoding' => 'gzip, deflate',
  'host' => '192.168.1.144:9999',
  'accept' => '*/*',
  'user-agent' => 'PostmanRuntime/7.6.0',
  'postman-token' => '8a400b16-6327-4eda-808f-addf9a8b5312',
  'cache-control' => 'no-cache',
)
[ info ] [ PARAM ] array (
  'account' => 'user9',
  'password' => '111111',
  'token' => '472c1143-242f-4458-971e-b05841ff4421
',
  'org_name' => '组织1',
  'username' => 'org1',
  'org_type' => '代理商',
  'goods_price' => '2',
  'goods_add' => '1',
  'store_name' => '直营店1',
  'store_address' => '北京',
)
[ info ] [ LANG ] D:\WWW\last\public/../application/api\lang\zh-cn.php
[ info ] [ BEHAVIOR ] Run app\common\behavior\Common @module_init [ RunTime:0.001500s ]
[ info ] [ TOKEN ] INIT Mysql
[ info ] [ DB ] INIT mysql
[ info ] [ LANG ] D:\WWW\last\public/../application/api/lang/zh-cn/user.php
[ info ] [ RUN ] app\api\controller\User->login[ D:\WWW\last\application\api\controller\User.php ]
[ info ] [ LOG ] INIT File
[ sql ] [ DB ] CONNECT:[ UseTime:0.001500s ] mysql:host=127.0.0.1;dbname=last;charset=utf8
[ sql ] [ SQL ] SHOW COLUMNS FROM `fa_user_token` [ RunTime:0.024503s ]
[ sql ] [ SQL ] SELECT * FROM `fa_user_token` WHERE  `token` = 'd933e6f7793b140a9f95ec275821e296f50c34f4' LIMIT 1 [ RunTime:0.000500s ]
[ sql ] [ SQL ] SHOW COLUMNS FROM `fa_user` [ RunTime:0.019503s ]
[ sql ] [ SQL ] SELECT * FROM `fa_user` WHERE  `id` = 2 LIMIT 1 [ RunTime:0.000500s ]
[ sql ] [ SQL ] SELECT * FROM `fa_user` WHERE  `username` = 'user9' LIMIT 1 [ RunTime:0.000500s ]
---------------------------------------------------------------
[ 2019-09-11T15:54:08+08:00 ] 192.168.1.144 POST 192.168.1.144:9999/api/user/login
[运行时间：0.098012s] [吞吐率：10.20req/s] [内存消耗：2,864.90kb] [文件加载：128]
[ info ] [ BEHAVIOR ] Run Closure @app_init [ RunTime:0.000000s ]
[ info ] [ CACHE ] INIT File
[ info ] [ BEHAVIOR ] Run Closure @app_init [ RunTime:0.003500s ]
[ info ] [ LANG ] D:\WWW\last\thinkphp\lang\zh-cn.php
[ info ] [ ROUTE ] array (
  'type' => 'module',
  'module' => 
  array (
    0 => 'api',
    1 => 'user',
    2 => 'login',
  ),
)
[ info ] [ HEADER ] array (
  'connection' => 'close',
  'content-length' => '1219',
  'content-type' => 'multipart/form-data; boundary=--------------------------443579737157508663206864',
  'accept-encoding' => 'gzip, deflate',
  'host' => '192.168.1.144:9999',
  'accept' => '*/*',
  'user-agent' => 'PostmanRuntime/7.6.0',
  'postman-token' => 'f78e11a5-af34-408a-b3f6-d4a330913657',
  'cache-control' => 'no-cache',
)
[ info ] [ PARAM ] array (
  'account' => 'user9',
  'password' => '111111',
  'token' => '472c1143-242f-4458-971e-b05841ff4421
',
  'org_name' => '组织1',
  'username' => 'org1',
  'org_type' => '代理商',
  'goods_price' => '2',
  'goods_add' => '1',
  'store_name' => '直营店1',
  'store_address' => '北京',
)
[ info ] [ LANG ] D:\WWW\last\public/../application/api\lang\zh-cn.php
[ info ] [ BEHAVIOR ] Run app\common\behavior\Common @module_init [ RunTime:0.001501s ]
[ info ] [ TOKEN ] INIT Mysql
[ info ] [ DB ] INIT mysql
[ info ] [ LANG ] D:\WWW\last\public/../application/api/lang/zh-cn/user.php
[ info ] [ RUN ] app\api\controller\User->login[ D:\WWW\last\application\api\controller\User.php ]
[ info ] [ LOG ] INIT File
[ sql ] [ DB ] CONNECT:[ UseTime:0.010501s ] mysql:host=127.0.0.1;dbname=last;charset=utf8
[ sql ] [ SQL ] SHOW COLUMNS FROM `fa_user_token` [ RunTime:0.024003s ]
[ sql ] [ SQL ] SELECT * FROM `fa_user_token` WHERE  `token` = 'd933e6f7793b140a9f95ec275821e296f50c34f4' LIMIT 1 [ RunTime:0.000500s ]
[ sql ] [ SQL ] SHOW COLUMNS FROM `fa_user` [ RunTime:0.019003s ]
[ sql ] [ SQL ] SELECT * FROM `fa_user` WHERE  `id` = 2 LIMIT 1 [ RunTime:0.000500s ]
[ sql ] [ SQL ] SELECT * FROM `fa_user` WHERE  `username` = 'user9' LIMIT 1 [ RunTime:0.000000s ]
---------------------------------------------------------------
[ 2019-09-11T15:54:29+08:00 ] 192.168.1.144 POST 192.168.1.144:9999/api/user/login
[运行时间：0.111015s] [吞吐率：9.01req/s] [内存消耗：2,861.29kb] [文件加载：127]
[ info ] [ BEHAVIOR ] Run Closure @app_init [ RunTime:0.000000s ]
[ info ] [ CACHE ] INIT File
[ info ] [ BEHAVIOR ] Run Closure @app_init [ RunTime:0.004000s ]
[ info ] [ LANG ] D:\WWW\last\thinkphp\lang\zh-cn.php
[ info ] [ ROUTE ] array (
  'type' => 'module',
  'module' => 
  array (
    0 => 'api',
    1 => 'user',
    2 => 'login',
  ),
)
[ info ] [ HEADER ] array (
  'connection' => 'close',
  'content-length' => '1219',
  'content-type' => 'multipart/form-data; boundary=--------------------------465217466314380452190793',
  'accept-encoding' => 'gzip, deflate',
  'host' => '192.168.1.144:9999',
  'accept' => '*/*',
  'user-agent' => 'PostmanRuntime/7.6.0',
  'postman-token' => '56625402-b2fd-4457-bf10-53039933495f',
  'cache-control' => 'no-cache',
)
[ info ] [ PARAM ] array (
  'account' => 'user9',
  'password' => '111111',
  'token' => '472c1143-242f-4458-971e-b05841ff4421
',
  'org_name' => '组织1',
  'username' => 'org1',
  'org_type' => '代理商',
  'goods_price' => '2',
  'goods_add' => '1',
  'store_name' => '直营店1',
  'store_address' => '北京',
)
[ info ] [ LANG ] D:\WWW\last\public/../application/api\lang\zh-cn.php
[ info ] [ BEHAVIOR ] Run app\common\behavior\Common @module_init [ RunTime:0.002000s ]
[ info ] [ TOKEN ] INIT Mysql
[ info ] [ DB ] INIT mysql
[ info ] [ LANG ] D:\WWW\last\public/../application/api/lang/zh-cn/user.php
[ info ] [ RUN ] app\api\controller\User->login[ D:\WWW\last\application\api\controller\User.php ]
[ info ] [ LOG ] INIT File
[ sql ] [ DB ] CONNECT:[ UseTime:0.001000s ] mysql:host=127.0.0.1;dbname=last;charset=utf8
[ sql ] [ SQL ] SHOW COLUMNS FROM `fa_user_token` [ RunTime:0.027003s ]
[ sql ] [ SQL ] SELECT * FROM `fa_user_token` WHERE  `token` = 'd933e6f7793b140a9f95ec275821e296f50c34f4' LIMIT 1 [ RunTime:0.000500s ]
[ sql ] [ SQL ] SHOW COLUMNS FROM `fa_user` [ RunTime:0.020003s ]
[ sql ] [ SQL ] SELECT * FROM `fa_user` WHERE  `id` = 2 LIMIT 1 [ RunTime:0.000500s ]
[ sql ] [ SQL ] SELECT * FROM `fa_user` WHERE  `username` = 'user9' LIMIT 1 [ RunTime:0.000000s ]
---------------------------------------------------------------
[ 2019-09-11T15:55:24+08:00 ] 192.168.1.144 POST 192.168.1.144:9999/api/user/login
[运行时间：0.171022s] [吞吐率：5.85req/s] [内存消耗：2,876.91kb] [文件加载：129]
[ info ] [ BEHAVIOR ] Run Closure @app_init [ RunTime:0.000000s ]
[ info ] [ CACHE ] INIT File
[ info ] [ BEHAVIOR ] Run Closure @app_init [ RunTime:0.002501s ]
[ info ] [ LANG ] D:\WWW\last\thinkphp\lang\zh-cn.php
[ info ] [ ROUTE ] array (
  'type' => 'module',
  'module' => 
  array (
    0 => 'api',
    1 => 'user',
    2 => 'login',
  ),
)
[ info ] [ HEADER ] array (
  'connection' => 'close',
  'content-length' => '1219',
  'content-type' => 'multipart/form-data; boundary=--------------------------320710432033469068800085',
  'accept-encoding' => 'gzip, deflate',
  'host' => '192.168.1.144:9999',
  'accept' => '*/*',
  'user-agent' => 'PostmanRuntime/7.6.0',
  'postman-token' => 'c2e1e37f-5ab3-47af-863f-792c63b09864',
  'cache-control' => 'no-cache',
)
[ info ] [ PARAM ] array (
  'account' => 'user9',
  'password' => '111111',
  'token' => '472c1143-242f-4458-971e-b05841ff4421
',
  'org_name' => '组织1',
  'username' => 'org1',
  'org_type' => '代理商',
  'goods_price' => '2',
  'goods_add' => '1',
  'store_name' => '直营店1',
  'store_address' => '北京',
)
[ info ] [ LANG ] D:\WWW\last\public/../application/api\lang\zh-cn.php
[ info ] [ BEHAVIOR ] Run app\common\behavior\Common @module_init [ RunTime:0.001500s ]
[ info ] [ TOKEN ] INIT Mysql
[ info ] [ DB ] INIT mysql
[ info ] [ LANG ] D:\WWW\last\public/../application/api/lang/zh-cn/user.php
[ info ] [ RUN ] app\api\controller\User->login[ D:\WWW\last\application\api\controller\User.php ]
[ info ] [ LOG ] INIT File
[ sql ] [ DB ] CONNECT:[ UseTime:0.000501s ] mysql:host=127.0.0.1;dbname=last;charset=utf8
[ sql ] [ SQL ] SHOW COLUMNS FROM `fa_user_token` [ RunTime:0.028003s ]
[ sql ] [ SQL ] SELECT * FROM `fa_user_token` WHERE  `token` = 'd933e6f7793b140a9f95ec275821e296f50c34f4' LIMIT 1 [ RunTime:0.000500s ]
[ sql ] [ SQL ] SHOW COLUMNS FROM `fa_user` [ RunTime:0.022503s ]
[ sql ] [ SQL ] SELECT * FROM `fa_user` WHERE  `id` = 2 LIMIT 1 [ RunTime:0.000500s ]
[ sql ] [ SQL ] SELECT * FROM `fa_user` WHERE  `username` = 'user9' LIMIT 1 [ RunTime:0.000500s ]
[ sql ] [ SQL ] SELECT * FROM `fa_user` WHERE  `id` = 9 LIMIT 1 [ RunTime:0.000000s ]
[ sql ] [ SQL ] UPDATE `fa_user`  SET `logintime`=1568188524,`loginip`='192.168.1.144',`token`='234dc2d9-1508-4c28-9618-81c718b5bdbd',`updatetime`=1568188524  WHERE  `id` = 9 [ RunTime:0.000500s ]
[ sql ] [ SQL ] INSERT INTO `fa_user_token` (`token` , `user_id` , `createtime` , `expiretime`) VALUES ('18aa281db8f7abc84026175406ab09973c2f9433' , 9 , 1568188524 , 1570780524) [ RunTime:0.000500s ]
---------------------------------------------------------------
[ 2019-09-11T15:55:34+08:00 ] 192.168.1.144 POST 192.168.1.144:9999/api/user/login
[运行时间：0.267034s] [吞吐率：3.74req/s] [内存消耗：2,951.16kb] [文件加载：130]
[ info ] [ BEHAVIOR ] Run Closure @app_init [ RunTime:0.000000s ]
[ info ] [ CACHE ] INIT File
[ info ] [ BEHAVIOR ] Run Closure @app_init [ RunTime:0.002501s ]
[ info ] [ LANG ] D:\WWW\last\thinkphp\lang\zh-cn.php
[ info ] [ ROUTE ] array (
  'type' => 'module',
  'module' => 
  array (
    0 => 'api',
    1 => 'user',
    2 => 'login',
  ),
)
[ info ] [ HEADER ] array (
  'connection' => 'close',
  'content-length' => '1219',
  'content-type' => 'multipart/form-data; boundary=--------------------------441435730980999362599449',
  'accept-encoding' => 'gzip, deflate',
  'host' => '192.168.1.144:9999',
  'accept' => '*/*',
  'user-agent' => 'PostmanRuntime/7.6.0',
  'postman-token' => '7590008e-ca18-4892-95d9-2b3b9fa6be50',
  'cache-control' => 'no-cache',
)
[ info ] [ PARAM ] array (
  'account' => 'user9',
  'password' => '111111',
  'token' => '472c1143-242f-4458-971e-b05841ff4421
',
  'org_name' => '组织1',
  'username' => 'org1',
  'org_type' => '代理商',
  'goods_price' => '2',
  'goods_add' => '1',
  'store_name' => '直营店1',
  'store_address' => '北京',
)
[ info ] [ LANG ] D:\WWW\last\public/../application/api\lang\zh-cn.php
[ info ] [ BEHAVIOR ] Run app\common\behavior\Common @module_init [ RunTime:0.002500s ]
[ info ] [ TOKEN ] INIT Mysql
[ info ] [ DB ] INIT mysql
[ info ] [ LANG ] D:\WWW\last\public/../application/api/lang/zh-cn/user.php
[ info ] [ RUN ] app\api\controller\User->login[ D:\WWW\last\application\api\controller\User.php ]
[ info ] [ LOG ] INIT File
[ sql ] [ DB ] CONNECT:[ UseTime:0.001000s ] mysql:host=127.0.0.1;dbname=last;charset=utf8
[ sql ] [ SQL ] SHOW COLUMNS FROM `fa_user_token` [ RunTime:0.035505s ]
[ sql ] [ SQL ] SELECT * FROM `fa_user_token` WHERE  `token` = 'd933e6f7793b140a9f95ec275821e296f50c34f4' LIMIT 1 [ RunTime:0.000500s ]
[ sql ] [ SQL ] SHOW COLUMNS FROM `fa_user` [ RunTime:0.025503s ]
[ sql ] [ SQL ] SELECT * FROM `fa_user` WHERE  `id` = 2 LIMIT 1 [ RunTime:0.000500s ]
[ sql ] [ SQL ] SELECT * FROM `fa_user` WHERE  `username` = 'user9' LIMIT 1 [ RunTime:0.001000s ]
[ sql ] [ SQL ] SELECT * FROM `fa_user` WHERE  `id` = 9 LIMIT 1 [ RunTime:0.000500s ]
[ sql ] [ SQL ] UPDATE `fa_user`  SET `prevtime`=1568188524,`logintime`=1568188534,`token`='f05db0db-3580-496f-b4f7-db4daa0b6c61',`updatetime`=1568188534  WHERE  `id` = 9 [ RunTime:0.000500s ]
[ sql ] [ SQL ] INSERT INTO `fa_user_token` (`token` , `user_id` , `createtime` , `expiretime`) VALUES ('c54608d8a5532334fb86f2bcce4deccfdc79d656' , 9 , 1568188534 , 1570780534) [ RunTime:0.000000s ]
[ sql ] [ SQL ] SELECT * FROM `fa_user_token` WHERE  `token` = 'c54608d8a5532334fb86f2bcce4deccfdc79d656' LIMIT 1 [ RunTime:0.000000s ]
[ sql ] [ SQL ] SELECT `org_level` FROM `fa_user` WHERE  `id` = 9 LIMIT 1 [ RunTime:0.000000s ]
[ sql ] [ SQL ] SELECT `rule_id` FROM `fa_user` WHERE  `id` = 9 LIMIT 1 [ RunTime:0.000500s ]
[ sql ] [ SQL ] SHOW COLUMNS FROM `fa_client_rule` [ RunTime:0.019003s ]
[ sql ] [ SQL ] SELECT `auth_ids` FROM `fa_client_rule` WHERE  `id` = 3 LIMIT 1 [ RunTime:0.000000s ]
[ sql ] [ SQL ] SHOW COLUMNS FROM `fa_client_auth` [ RunTime:0.029504s ]
[ sql ] [ SQL ] SELECT * FROM `fa_client_auth` WHERE  `id` IN (1,2,3,4,5,6,7,8,9,10,11,12,13,14,15,16,17,18,19,20,21,22,23,24,25,26,27,28,29,30,31,32,33,34,35,36,37) [ RunTime:0.010001s ]
---------------------------------------------------------------
[ 2019-09-11T15:56:52+08:00 ] 192.168.1.144 POST 192.168.1.144:9999/api/sore/store_add
[运行时间：0.227529s] [吞吐率：4.40req/s] [内存消耗：1,805.06kb] [文件加载：114]
[ info ] [ BEHAVIOR ] Run Closure @app_init [ RunTime:0.000000s ]
[ info ] [ CACHE ] INIT File
[ info ] [ BEHAVIOR ] Run Closure @app_init [ RunTime:0.012002s ]
[ info ] [ LANG ] D:\WWW\last\thinkphp\lang\zh-cn.php
[ info ] [ ROUTE ] array (
  'type' => 'module',
  'module' => 
  array (
    0 => 'api',
    1 => 'sore',
    2 => 'store_add',
  ),
)
[ info ] [ HEADER ] array (
  'connection' => 'close',
  'content-length' => '1218',
  'content-type' => 'multipart/form-data; boundary=--------------------------325490382204279297619927',
  'accept-encoding' => 'gzip, deflate',
  'host' => '192.168.1.144:9999',
  'accept' => '*/*',
  'user-agent' => 'PostmanRuntime/7.6.0',
  'postman-token' => '33bb9e7c-a6f7-4d29-a6d5-a5034690d0da',
  'cache-control' => 'no-cache',
)
[ info ] [ PARAM ] array (
  'account' => 'user9',
  'password' => '111111',
  'token' => 'f05db0db-3580-496f-b4f7-db4daa0b6c61',
  'org_name' => '组织1',
  'username' => 'org1',
  'org_type' => '代理商',
  'goods_price' => '2',
  'goods_add' => '1',
  'store_name' => '直营店1',
  'store_address' => '北京',
)
[ info ] [ LANG ] D:\WWW\last\public/../application/api\lang\zh-cn.php
[ info ] [ BEHAVIOR ] Run app\common\behavior\Common @module_init [ RunTime:0.002001s ]
[ info ] [ LOG ] INIT File
---------------------------------------------------------------
[ 2019-09-11T15:57:05+08:00 ] 192.168.1.144 POST 192.168.1.144:9999/api/store/store_add
[运行时间：0.394050s] [吞吐率：2.54req/s] [内存消耗：2,791.52kb] [文件加载：127]
[ info ] [ BEHAVIOR ] Run Closure @app_init [ RunTime:0.000000s ]
[ info ] [ CACHE ] INIT File
[ info ] [ BEHAVIOR ] Run Closure @app_init [ RunTime:0.002501s ]
[ info ] [ LANG ] D:\WWW\last\thinkphp\lang\zh-cn.php
[ info ] [ ROUTE ] array (
  'type' => 'module',
  'module' => 
  array (
    0 => 'api',
    1 => 'store',
    2 => 'store_add',
  ),
)
[ info ] [ HEADER ] array (
  'connection' => 'close',
  'content-length' => '1218',
  'content-type' => 'multipart/form-data; boundary=--------------------------069307840398032736316909',
  'accept-encoding' => 'gzip, deflate',
  'host' => '192.168.1.144:9999',
  'accept' => '*/*',
  'user-agent' => 'PostmanRuntime/7.6.0',
  'postman-token' => '7a10b5e0-1336-4feb-90fa-86099dd85763',
  'cache-control' => 'no-cache',
)
[ info ] [ PARAM ] array (
  'account' => 'user9',
  'password' => '111111',
  'token' => 'f05db0db-3580-496f-b4f7-db4daa0b6c61',
  'org_name' => '组织1',
  'username' => 'org1',
  'org_type' => '代理商',
  'goods_price' => '2',
  'goods_add' => '1',
  'store_name' => '直营店1',
  'store_address' => '北京',
)
[ info ] [ LANG ] D:\WWW\last\public/../application/api\lang\zh-cn.php
[ info ] [ BEHAVIOR ] Run app\common\behavior\Common @module_init [ RunTime:0.001000s ]
[ info ] [ TOKEN ] INIT Mysql
[ info ] [ DB ] INIT mysql
[ info ] [ RUN ] app\api\controller\Store->store_add[ D:\WWW\last\application\api\controller\Store.php ]
[ info ] [ LOG ] INIT File
[ sql ] [ DB ] CONNECT:[ UseTime:0.000500s ] mysql:host=127.0.0.1;dbname=last;charset=utf8
[ sql ] [ SQL ] SHOW COLUMNS FROM `fa_user_token` [ RunTime:0.023003s ]
[ sql ] [ SQL ] SELECT * FROM `fa_user_token` WHERE  `token` = 'c54608d8a5532334fb86f2bcce4deccfdc79d656' LIMIT 1 [ RunTime:0.001000s ]
[ sql ] [ SQL ] SHOW COLUMNS FROM `fa_user` [ RunTime:0.062008s ]
[ sql ] [ SQL ] SELECT * FROM `fa_user` WHERE  `id` = 9 LIMIT 1 [ RunTime:0.000500s ]
[ sql ] [ SQL ] SHOW COLUMNS FROM `fa_client_rule` [ RunTime:0.027003s ]
[ sql ] [ SQL ] SELECT `auth_ids` FROM `fa_client_rule` WHERE  `id` = 3 LIMIT 1 [ RunTime:0.000500s ]
[ sql ] [ SQL ] SHOW COLUMNS FROM `fa_stock` [ RunTime:0.066008s ]
[ sql ] [ SQL ] INSERT INTO `fa_stock` (`stock_name` , `stock_type` , `pid`) VALUES ('门店仓库' , 3 , 9) [ RunTime:0.000501s ]
[ sql ] [ SQL ] SHOW COLUMNS FROM `fa_client_store` [ RunTime:0.171521s ]
[ sql ] [ SQL ] INSERT INTO `fa_client_store` (`store_name` , `level` , `stock_id` , `create_time` , `user_id` , `store_address`) VALUES ('直营店1' , 1 , 1 , 1568188625 , 9 , '北京') [ RunTime:0.001001s ]
---------------------------------------------------------------
[ 2019-09-11T15:59:05+08:00 ] 192.168.1.144 POST 192.168.1.144:9999/api/store/store_list
[运行时间：0.227529s] [吞吐率：4.40req/s] [内存消耗：2,832.97kb] [文件加载：131]
[ info ] [ BEHAVIOR ] Run Closure @app_init [ RunTime:0.000000s ]
[ info ] [ CACHE ] INIT File
[ info ] [ BEHAVIOR ] Run Closure @app_init [ RunTime:0.003501s ]
[ info ] [ LANG ] D:\WWW\last\thinkphp\lang\zh-cn.php
[ info ] [ ROUTE ] array (
  'type' => 'module',
  'module' => 
  array (
    0 => 'api',
    1 => 'store',
    2 => 'store_list',
  ),
)
[ info ] [ HEADER ] array (
  'connection' => 'close',
  'content-length' => '1218',
  'content-type' => 'multipart/form-data; boundary=--------------------------665586780422920770252557',
  'accept-encoding' => 'gzip, deflate',
  'host' => '192.168.1.144:9999',
  'accept' => '*/*',
  'user-agent' => 'PostmanRuntime/7.6.0',
  'postman-token' => '5c549d25-e0f9-472b-9004-b51105cb0211',
  'cache-control' => 'no-cache',
)
[ info ] [ PARAM ] array (
  'account' => 'user9',
  'password' => '111111',
  'token' => 'f05db0db-3580-496f-b4f7-db4daa0b6c61',
  'org_name' => '组织1',
  'username' => 'org1',
  'org_type' => '代理商',
  'goods_price' => '2',
  'goods_add' => '1',
  'store_name' => '直营店1',
  'store_address' => '北京',
)
[ info ] [ LANG ] D:\WWW\last\public/../application/api\lang\zh-cn.php
[ info ] [ BEHAVIOR ] Run app\common\behavior\Common @module_init [ RunTime:0.001500s ]
[ info ] [ TOKEN ] INIT Mysql
[ info ] [ DB ] INIT mysql
[ info ] [ RUN ] app\api\controller\Store->store_list[ D:\WWW\last\application\api\controller\Store.php ]
[ info ] [ LOG ] INIT File
[ sql ] [ DB ] CONNECT:[ UseTime:0.001000s ] mysql:host=127.0.0.1;dbname=last;charset=utf8
[ sql ] [ SQL ] SHOW COLUMNS FROM `fa_user_token` [ RunTime:0.024504s ]
[ sql ] [ SQL ] SELECT * FROM `fa_user_token` WHERE  `token` = 'c54608d8a5532334fb86f2bcce4deccfdc79d656' LIMIT 1 [ RunTime:0.000500s ]
[ sql ] [ SQL ] SHOW COLUMNS FROM `fa_user` [ RunTime:0.019003s ]
[ sql ] [ SQL ] SELECT * FROM `fa_user` WHERE  `id` = 9 LIMIT 1 [ RunTime:0.000500s ]
[ sql ] [ SQL ] SHOW COLUMNS FROM `fa_client_rule` [ RunTime:0.018002s ]
[ sql ] [ SQL ] SELECT `auth_ids` FROM `fa_client_rule` WHERE  `id` = 3 LIMIT 1 [ RunTime:0.000000s ]
[ sql ] [ SQL ] SHOW COLUMNS FROM `fa_client_org` [ RunTime:0.025003s ]
[ sql ] [ SQL ] SELECT `org_name` FROM `fa_client_org` WHERE  `id` = 2 LIMIT 1 [ RunTime:0.000500s ]
[ error ] [10501]SQLSTATE[42S02]: Base table or view not found: 1146 Table 'last.fa_client_sotre' doesn't exist[D:\WWW\last\thinkphp\library\think\db\Connection.php:385]
---------------------------------------------------------------
[ 2019-09-11T15:59:40+08:00 ] 192.168.1.144 POST 192.168.1.144:9999/api/store/store_list
[运行时间：0.157020s] [吞吐率：6.37req/s] [内存消耗：2,818.15kb] [文件加载：125]
[ info ] [ BEHAVIOR ] Run Closure @app_init [ RunTime:0.000000s ]
[ info ] [ CACHE ] INIT File
[ info ] [ BEHAVIOR ] Run Closure @app_init [ RunTime:0.004501s ]
[ info ] [ LANG ] D:\WWW\last\thinkphp\lang\zh-cn.php
[ info ] [ ROUTE ] array (
  'type' => 'module',
  'module' => 
  array (
    0 => 'api',
    1 => 'store',
    2 => 'store_list',
  ),
)
[ info ] [ HEADER ] array (
  'connection' => 'close',
  'content-length' => '1218',
  'content-type' => 'multipart/form-data; boundary=--------------------------580581626235408213051272',
  'accept-encoding' => 'gzip, deflate',
  'host' => '192.168.1.144:9999',
  'accept' => '*/*',
  'user-agent' => 'PostmanRuntime/7.6.0',
  'postman-token' => '0c24b931-46e3-4b80-b389-1911b33fdc49',
  'cache-control' => 'no-cache',
)
[ info ] [ PARAM ] array (
  'account' => 'user9',
  'password' => '111111',
  'token' => 'f05db0db-3580-496f-b4f7-db4daa0b6c61',
  'org_name' => '组织1',
  'username' => 'org1',
  'org_type' => '代理商',
  'goods_price' => '2',
  'goods_add' => '1',
  'store_name' => '直营店1',
  'store_address' => '北京',
)
[ info ] [ LANG ] D:\WWW\last\public/../application/api\lang\zh-cn.php
[ info ] [ BEHAVIOR ] Run app\common\behavior\Common @module_init [ RunTime:0.003000s ]
[ info ] [ TOKEN ] INIT Mysql
[ info ] [ DB ] INIT mysql
[ info ] [ RUN ] app\api\controller\Store->store_list[ D:\WWW\last\application\api\controller\Store.php ]
[ info ] [ LOG ] INIT File
[ sql ] [ DB ] CONNECT:[ UseTime:0.000500s ] mysql:host=127.0.0.1;dbname=last;charset=utf8
[ sql ] [ SQL ] SHOW COLUMNS FROM `fa_user_token` [ RunTime:0.023003s ]
[ sql ] [ SQL ] SELECT * FROM `fa_user_token` WHERE  `token` = 'c54608d8a5532334fb86f2bcce4deccfdc79d656' LIMIT 1 [ RunTime:0.000500s ]
[ sql ] [ SQL ] SHOW COLUMNS FROM `fa_user` [ RunTime:0.019502s ]
[ sql ] [ SQL ] SELECT * FROM `fa_user` WHERE  `id` = 9 LIMIT 1 [ RunTime:0.000500s ]
[ sql ] [ SQL ] SHOW COLUMNS FROM `fa_client_rule` [ RunTime:0.018502s ]
[ sql ] [ SQL ] SELECT `auth_ids` FROM `fa_client_rule` WHERE  `id` = 3 LIMIT 1 [ RunTime:0.000500s ]
[ sql ] [ SQL ] SHOW COLUMNS FROM `fa_client_org` [ RunTime:0.023003s ]
[ sql ] [ SQL ] SELECT `org_name` FROM `fa_client_org` WHERE  `id` = 2 LIMIT 1 [ RunTime:0.000000s ]
[ sql ] [ SQL ] SHOW COLUMNS FROM `fa_client_store` [ RunTime:0.018503s ]
[ sql ] [ SQL ] SELECT `store_name`,`store_address` FROM `fa_client_store` WHERE  `user_id` = 3 [ RunTime:0.000000s ]
---------------------------------------------------------------
[ 2019-09-11T16:00:22+08:00 ] 192.168.1.144 POST 192.168.1.144:9999/api/store/store_list
[运行时间：0.241031s] [吞吐率：4.15req/s] [内存消耗：2,818.15kb] [文件加载：125]
[ info ] [ BEHAVIOR ] Run Closure @app_init [ RunTime:0.000000s ]
[ info ] [ CACHE ] INIT File
[ info ] [ BEHAVIOR ] Run Closure @app_init [ RunTime:0.013001s ]
[ info ] [ LANG ] D:\WWW\last\thinkphp\lang\zh-cn.php
[ info ] [ ROUTE ] array (
  'type' => 'module',
  'module' => 
  array (
    0 => 'api',
    1 => 'store',
    2 => 'store_list',
  ),
)
[ info ] [ HEADER ] array (
  'connection' => 'close',
  'content-length' => '1218',
  'content-type' => 'multipart/form-data; boundary=--------------------------533437852172234381026079',
  'accept-encoding' => 'gzip, deflate',
  'host' => '192.168.1.144:9999',
  'accept' => '*/*',
  'user-agent' => 'PostmanRuntime/7.6.0',
  'postman-token' => 'f4887287-98c1-4aaf-8057-53c8190b3276',
  'cache-control' => 'no-cache',
)
[ info ] [ PARAM ] array (
  'account' => 'user9',
  'password' => '111111',
  'token' => 'f05db0db-3580-496f-b4f7-db4daa0b6c61',
  'org_name' => '组织1',
  'username' => 'org1',
  'org_type' => '代理商',
  'goods_price' => '2',
  'goods_add' => '1',
  'store_name' => '直营店1',
  'store_address' => '北京',
)
[ info ] [ LANG ] D:\WWW\last\public/../application/api\lang\zh-cn.php
[ info ] [ BEHAVIOR ] Run app\common\behavior\Common @module_init [ RunTime:0.002000s ]
[ info ] [ TOKEN ] INIT Mysql
[ info ] [ DB ] INIT mysql
[ info ] [ RUN ] app\api\controller\Store->store_list[ D:\WWW\last\application\api\controller\Store.php ]
[ info ] [ LOG ] INIT File
[ sql ] [ DB ] CONNECT:[ UseTime:0.011002s ] mysql:host=127.0.0.1;dbname=last;charset=utf8
[ sql ] [ SQL ] SHOW COLUMNS FROM `fa_user_token` [ RunTime:0.042005s ]
[ sql ] [ SQL ] SELECT * FROM `fa_user_token` WHERE  `token` = 'c54608d8a5532334fb86f2bcce4deccfdc79d656' LIMIT 1 [ RunTime:0.000500s ]
[ sql ] [ SQL ] SHOW COLUMNS FROM `fa_user` [ RunTime:0.028003s ]
[ sql ] [ SQL ] SELECT * FROM `fa_user` WHERE  `id` = 9 LIMIT 1 [ RunTime:0.001000s ]
[ sql ] [ SQL ] SHOW COLUMNS FROM `fa_client_rule` [ RunTime:0.035005s ]
[ sql ] [ SQL ] SELECT `auth_ids` FROM `fa_client_rule` WHERE  `id` = 3 LIMIT 1 [ RunTime:0.000000s ]
[ sql ] [ SQL ] SHOW COLUMNS FROM `fa_client_org` [ RunTime:0.030504s ]
[ sql ] [ SQL ] SELECT `org_name` FROM `fa_client_org` WHERE  `id` = 2 LIMIT 1 [ RunTime:0.000500s ]
[ sql ] [ SQL ] SHOW COLUMNS FROM `fa_client_store` [ RunTime:0.029504s ]
[ sql ] [ SQL ] SELECT `store_name`,`store_address` FROM `fa_client_store` WHERE  `user_id` = 3 [ RunTime:0.000500s ]
---------------------------------------------------------------
[ 2019-09-11T16:00:37+08:00 ] 192.168.1.144 POST 192.168.1.144:9999/api/store/store_list
[运行时间：0.169021s] [吞吐率：5.92req/s] [内存消耗：2,818.15kb] [文件加载：125]
[ info ] [ BEHAVIOR ] Run Closure @app_init [ RunTime:0.000000s ]
[ info ] [ CACHE ] INIT File
[ info ] [ BEHAVIOR ] Run Closure @app_init [ RunTime:0.005001s ]
[ info ] [ LANG ] D:\WWW\last\thinkphp\lang\zh-cn.php
[ info ] [ ROUTE ] array (
  'type' => 'module',
  'module' => 
  array (
    0 => 'api',
    1 => 'store',
    2 => 'store_list',
  ),
)
[ info ] [ HEADER ] array (
  'connection' => 'close',
  'content-length' => '1218',
  'content-type' => 'multipart/form-data; boundary=--------------------------822114927345290366900281',
  'accept-encoding' => 'gzip, deflate',
  'host' => '192.168.1.144:9999',
  'accept' => '*/*',
  'user-agent' => 'PostmanRuntime/7.6.0',
  'postman-token' => '303eed12-12b2-4afd-8089-395b3fdbe165',
  'cache-control' => 'no-cache',
)
[ info ] [ PARAM ] array (
  'account' => 'user9',
  'password' => '111111',
  'token' => 'f05db0db-3580-496f-b4f7-db4daa0b6c61',
  'org_name' => '组织1',
  'username' => 'org1',
  'org_type' => '代理商',
  'goods_price' => '2',
  'goods_add' => '1',
  'store_name' => '直营店1',
  'store_address' => '北京',
)
[ info ] [ LANG ] D:\WWW\last\public/../application/api\lang\zh-cn.php
[ info ] [ BEHAVIOR ] Run app\common\behavior\Common @module_init [ RunTime:0.001500s ]
[ info ] [ TOKEN ] INIT Mysql
[ info ] [ DB ] INIT mysql
[ info ] [ RUN ] app\api\controller\Store->store_list[ D:\WWW\last\application\api\controller\Store.php ]
[ info ] [ LOG ] INIT File
[ sql ] [ DB ] CONNECT:[ UseTime:0.001000s ] mysql:host=127.0.0.1;dbname=last;charset=utf8
[ sql ] [ SQL ] SHOW COLUMNS FROM `fa_user_token` [ RunTime:0.024003s ]
[ sql ] [ SQL ] SELECT * FROM `fa_user_token` WHERE  `token` = 'c54608d8a5532334fb86f2bcce4deccfdc79d656' LIMIT 1 [ RunTime:0.000500s ]
[ sql ] [ SQL ] SHOW COLUMNS FROM `fa_user` [ RunTime:0.021503s ]
[ sql ] [ SQL ] SELECT * FROM `fa_user` WHERE  `id` = 9 LIMIT 1 [ RunTime:0.000500s ]
[ sql ] [ SQL ] SHOW COLUMNS FROM `fa_client_rule` [ RunTime:0.021003s ]
[ sql ] [ SQL ] SELECT `auth_ids` FROM `fa_client_rule` WHERE  `id` = 3 LIMIT 1 [ RunTime:0.000500s ]
[ sql ] [ SQL ] SHOW COLUMNS FROM `fa_client_org` [ RunTime:0.029004s ]
[ sql ] [ SQL ] SELECT `org_name` FROM `fa_client_org` WHERE  `id` = 2 LIMIT 1 [ RunTime:0.000500s ]
[ sql ] [ SQL ] SHOW COLUMNS FROM `fa_client_store` [ RunTime:0.018502s ]
[ sql ] [ SQL ] SELECT `store_name`,`store_address` FROM `fa_client_store` WHERE  `user_id` = 3 [ RunTime:0.000500s ]
---------------------------------------------------------------
[ 2019-09-11T16:01:09+08:00 ] 192.168.1.144 POST 192.168.1.144:9999/api/store/store_list
[运行时间：0.196025s] [吞吐率：5.10req/s] [内存消耗：2,818.27kb] [文件加载：125]
[ info ] [ BEHAVIOR ] Run Closure @app_init [ RunTime:0.000000s ]
[ info ] [ CACHE ] INIT File
[ info ] [ BEHAVIOR ] Run Closure @app_init [ RunTime:0.003000s ]
[ info ] [ LANG ] D:\WWW\last\thinkphp\lang\zh-cn.php
[ info ] [ ROUTE ] array (
  'type' => 'module',
  'module' => 
  array (
    0 => 'api',
    1 => 'store',
    2 => 'store_list',
  ),
)
[ info ] [ HEADER ] array (
  'connection' => 'close',
  'content-length' => '1218',
  'content-type' => 'multipart/form-data; boundary=--------------------------615195830070240136235108',
  'accept-encoding' => 'gzip, deflate',
  'host' => '192.168.1.144:9999',
  'accept' => '*/*',
  'user-agent' => 'PostmanRuntime/7.6.0',
  'postman-token' => 'bf581237-06bd-4f4c-ac5a-4b28723b6405',
  'cache-control' => 'no-cache',
)
[ info ] [ PARAM ] array (
  'account' => 'user9',
  'password' => '111111',
  'token' => 'f05db0db-3580-496f-b4f7-db4daa0b6c61',
  'org_name' => '组织1',
  'username' => 'org1',
  'org_type' => '代理商',
  'goods_price' => '2',
  'goods_add' => '1',
  'store_name' => '直营店1',
  'store_address' => '北京',
)
[ info ] [ LANG ] D:\WWW\last\public/../application/api\lang\zh-cn.php
[ info ] [ BEHAVIOR ] Run app\common\behavior\Common @module_init [ RunTime:0.003501s ]
[ info ] [ TOKEN ] INIT Mysql
[ info ] [ DB ] INIT mysql
[ info ] [ RUN ] app\api\controller\Store->store_list[ D:\WWW\last\application\api\controller\Store.php ]
[ info ] [ LOG ] INIT File
[ sql ] [ DB ] CONNECT:[ UseTime:0.000500s ] mysql:host=127.0.0.1;dbname=last;charset=utf8
[ sql ] [ SQL ] SHOW COLUMNS FROM `fa_user_token` [ RunTime:0.025503s ]
[ sql ] [ SQL ] SELECT * FROM `fa_user_token` WHERE  `token` = 'c54608d8a5532334fb86f2bcce4deccfdc79d656' LIMIT 1 [ RunTime:0.000500s ]
[ sql ] [ SQL ] SHOW COLUMNS FROM `fa_user` [ RunTime:0.018503s ]
[ sql ] [ SQL ] SELECT * FROM `fa_user` WHERE  `id` = 9 LIMIT 1 [ RunTime:0.000500s ]
[ sql ] [ SQL ] SHOW COLUMNS FROM `fa_client_rule` [ RunTime:0.018002s ]
[ sql ] [ SQL ] SELECT `auth_ids` FROM `fa_client_rule` WHERE  `id` = 3 LIMIT 1 [ RunTime:0.000500s ]
[ sql ] [ SQL ] SHOW COLUMNS FROM `fa_client_org` [ RunTime:0.022503s ]
[ sql ] [ SQL ] SELECT `org_name` FROM `fa_client_org` WHERE  `id` = 2 LIMIT 1 [ RunTime:0.000500s ]
[ sql ] [ SQL ] SHOW COLUMNS FROM `fa_client_store` [ RunTime:0.048506s ]
[ sql ] [ SQL ] SELECT `store_name`,`store_address` FROM `fa_client_store` WHERE  `user_id` = 2 [ RunTime:0.000500s ]
---------------------------------------------------------------
[ 2019-09-11T16:01:30+08:00 ] 192.168.1.144 POST 192.168.1.144:9999/api/store/store_add
[运行时间：0.187023s] [吞吐率：5.35req/s] [内存消耗：2,791.48kb] [文件加载：127]
[ info ] [ BEHAVIOR ] Run Closure @app_init [ RunTime:0.000000s ]
[ info ] [ CACHE ] INIT File
[ info ] [ BEHAVIOR ] Run Closure @app_init [ RunTime:0.003501s ]
[ info ] [ LANG ] D:\WWW\last\thinkphp\lang\zh-cn.php
[ info ] [ ROUTE ] array (
  'type' => 'module',
  'module' => 
  array (
    0 => 'api',
    1 => 'store',
    2 => 'store_add',
  ),
)
[ info ] [ HEADER ] array (
  'connection' => 'close',
  'content-length' => '1218',
  'content-type' => 'multipart/form-data; boundary=--------------------------059986548628935342266762',
  'accept-encoding' => 'gzip, deflate',
  'host' => '192.168.1.144:9999',
  'accept' => '*/*',
  'user-agent' => 'PostmanRuntime/7.6.0',
  'postman-token' => 'bd4bae49-f540-41de-8a32-dc6ee1b69a77',
  'cache-control' => 'no-cache',
)
[ info ] [ PARAM ] array (
  'account' => 'user9',
  'password' => '111111',
  'token' => 'f05db0db-3580-496f-b4f7-db4daa0b6c61',
  'org_name' => '组织1',
  'username' => 'org1',
  'org_type' => '代理商',
  'goods_price' => '2',
  'goods_add' => '1',
  'store_name' => '直营店2',
  'store_address' => '天津',
)
[ info ] [ LANG ] D:\WWW\last\public/../application/api\lang\zh-cn.php
[ info ] [ BEHAVIOR ] Run app\common\behavior\Common @module_init [ RunTime:0.002500s ]
[ info ] [ TOKEN ] INIT Mysql
[ info ] [ DB ] INIT mysql
[ info ] [ RUN ] app\api\controller\Store->store_add[ D:\WWW\last\application\api\controller\Store.php ]
[ info ] [ LOG ] INIT File
[ sql ] [ DB ] CONNECT:[ UseTime:0.000500s ] mysql:host=127.0.0.1;dbname=last;charset=utf8
[ sql ] [ SQL ] SHOW COLUMNS FROM `fa_user_token` [ RunTime:0.025004s ]
[ sql ] [ SQL ] SELECT * FROM `fa_user_token` WHERE  `token` = 'c54608d8a5532334fb86f2bcce4deccfdc79d656' LIMIT 1 [ RunTime:0.000000s ]
[ sql ] [ SQL ] SHOW COLUMNS FROM `fa_user` [ RunTime:0.048006s ]
[ sql ] [ SQL ] SELECT * FROM `fa_user` WHERE  `id` = 9 LIMIT 1 [ RunTime:0.000500s ]
[ sql ] [ SQL ] SHOW COLUMNS FROM `fa_client_rule` [ RunTime:0.017502s ]
[ sql ] [ SQL ] SELECT `auth_ids` FROM `fa_client_rule` WHERE  `id` = 3 LIMIT 1 [ RunTime:0.000501s ]
[ sql ] [ SQL ] SHOW COLUMNS FROM `fa_stock` [ RunTime:0.017002s ]
[ sql ] [ SQL ] INSERT INTO `fa_stock` (`stock_name` , `stock_type` , `pid`) VALUES ('门店仓库' , 3 , 2) [ RunTime:0.000500s ]
[ sql ] [ SQL ] SHOW COLUMNS FROM `fa_client_store` [ RunTime:0.018002s ]
[ sql ] [ SQL ] INSERT INTO `fa_client_store` (`store_name` , `level` , `stock_id` , `create_time` , `user_id` , `store_address`) VALUES ('直营店2' , 1 , 2 , 1568188890 , 2 , '天津') [ RunTime:0.000500s ]
---------------------------------------------------------------
[ 2019-09-11T16:01:54+08:00 ] 192.168.1.144 POST 192.168.1.144:9999/api/store/store_list
[运行时间：0.152019s] [吞吐率：6.58req/s] [内存消耗：2,818.41kb] [文件加载：125]
[ info ] [ BEHAVIOR ] Run Closure @app_init [ RunTime:0.000000s ]
[ info ] [ CACHE ] INIT File
[ info ] [ BEHAVIOR ] Run Closure @app_init [ RunTime:0.002500s ]
[ info ] [ LANG ] D:\WWW\last\thinkphp\lang\zh-cn.php
[ info ] [ ROUTE ] array (
  'type' => 'module',
  'module' => 
  array (
    0 => 'api',
    1 => 'store',
    2 => 'store_list',
  ),
)
[ info ] [ HEADER ] array (
  'connection' => 'close',
  'content-length' => '1218',
  'content-type' => 'multipart/form-data; boundary=--------------------------514801325010729039060480',
  'accept-encoding' => 'gzip, deflate',
  'host' => '192.168.1.144:9999',
  'accept' => '*/*',
  'user-agent' => 'PostmanRuntime/7.6.0',
  'postman-token' => '16720f0a-f485-4a66-9619-18e1518d501d',
  'cache-control' => 'no-cache',
)
[ info ] [ PARAM ] array (
  'account' => 'user9',
  'password' => '111111',
  'token' => 'f05db0db-3580-496f-b4f7-db4daa0b6c61',
  'org_name' => '组织1',
  'username' => 'org1',
  'org_type' => '代理商',
  'goods_price' => '2',
  'goods_add' => '1',
  'store_name' => '直营店2',
  'store_address' => '天津',
)
[ info ] [ LANG ] D:\WWW\last\public/../application/api\lang\zh-cn.php
[ info ] [ BEHAVIOR ] Run app\common\behavior\Common @module_init [ RunTime:0.002001s ]
[ info ] [ TOKEN ] INIT Mysql
[ info ] [ DB ] INIT mysql
[ info ] [ RUN ] app\api\controller\Store->store_list[ D:\WWW\last\application\api\controller\Store.php ]
[ info ] [ LOG ] INIT File
[ sql ] [ DB ] CONNECT:[ UseTime:0.010001s ] mysql:host=127.0.0.1;dbname=last;charset=utf8
[ sql ] [ SQL ] SHOW COLUMNS FROM `fa_user_token` [ RunTime:0.021503s ]
[ sql ] [ SQL ] SELECT * FROM `fa_user_token` WHERE  `token` = 'c54608d8a5532334fb86f2bcce4deccfdc79d656' LIMIT 1 [ RunTime:0.000500s ]
[ sql ] [ SQL ] SHOW COLUMNS FROM `fa_user` [ RunTime:0.017502s ]
[ sql ] [ SQL ] SELECT * FROM `fa_user` WHERE  `id` = 9 LIMIT 1 [ RunTime:0.000501s ]
[ sql ] [ SQL ] SHOW COLUMNS FROM `fa_client_rule` [ RunTime:0.017502s ]
[ sql ] [ SQL ] SELECT `auth_ids` FROM `fa_client_rule` WHERE  `id` = 3 LIMIT 1 [ RunTime:0.000500s ]
[ sql ] [ SQL ] SHOW COLUMNS FROM `fa_client_org` [ RunTime:0.023003s ]
[ sql ] [ SQL ] SELECT `org_name` FROM `fa_client_org` WHERE  `id` = 2 LIMIT 1 [ RunTime:0.000000s ]
[ sql ] [ SQL ] SHOW COLUMNS FROM `fa_client_store` [ RunTime:0.017002s ]
[ sql ] [ SQL ] SELECT `store_name`,`store_address` FROM `fa_client_store` WHERE  `user_id` = 2 [ RunTime:0.000000s ]
---------------------------------------------------------------
[ 2019-09-11T16:33:19+08:00 ] 192.168.1.144 POST 192.168.1.144:9999/api/store/store_edit
[运行时间：0.161521s] [吞吐率：6.19req/s] [内存消耗：2,785.87kb] [文件加载：127]
[ info ] [ BEHAVIOR ] Run Closure @app_init [ RunTime:0.000000s ]
[ info ] [ CACHE ] INIT File
[ info ] [ BEHAVIOR ] Run Closure @app_init [ RunTime:0.004001s ]
[ info ] [ LANG ] D:\WWW\last\thinkphp\lang\zh-cn.php
[ info ] [ ROUTE ] array (
  'type' => 'module',
  'module' => 
  array (
    0 => 'api',
    1 => 'store',
    2 => 'store_edit',
  ),
)
[ info ] [ HEADER ] array (
  'connection' => 'close',
  'content-length' => '1327',
  'content-type' => 'multipart/form-data; boundary=--------------------------014536172024400352326505',
  'accept-encoding' => 'gzip, deflate',
  'host' => '192.168.1.144:9999',
  'accept' => '*/*',
  'user-agent' => 'PostmanRuntime/7.6.0',
  'postman-token' => 'f05b72a1-4bcd-4ed1-8bf9-35fd06343d4d',
  'cache-control' => 'no-cache',
)
[ info ] [ PARAM ] array (
  'account' => 'user9',
  'password' => '111111',
  'token' => 'f05db0db-3580-496f-b4f7-db4daa0b6c61',
  'org_name' => '组织1',
  'username' => 'org1',
  'org_type' => '代理商',
  'goods_price' => '2',
  'goods_add' => '1',
  'store_name' => '直营店2',
  'store_address' => '天津1',
  'store_id' => '1',
)
[ info ] [ LANG ] D:\WWW\last\public/../application/api\lang\zh-cn.php
[ info ] [ BEHAVIOR ] Run app\common\behavior\Common @module_init [ RunTime:0.003001s ]
[ info ] [ TOKEN ] INIT Mysql
[ info ] [ DB ] INIT mysql
[ info ] [ RUN ] app\api\controller\Store->store_edit[ D:\WWW\last\application\api\controller\Store.php ]
[ info ] [ LOG ] INIT File
[ sql ] [ DB ] CONNECT:[ UseTime:0.000500s ] mysql:host=127.0.0.1;dbname=last;charset=utf8
[ sql ] [ SQL ] SHOW COLUMNS FROM `fa_user_token` [ RunTime:0.027504s ]
[ sql ] [ SQL ] SELECT * FROM `fa_user_token` WHERE  `token` = 'c54608d8a5532334fb86f2bcce4deccfdc79d656' LIMIT 1 [ RunTime:0.000500s ]
[ sql ] [ SQL ] SHOW COLUMNS FROM `fa_user` [ RunTime:0.031004s ]
[ sql ] [ SQL ] SELECT * FROM `fa_user` WHERE  `id` = 9 LIMIT 1 [ RunTime:0.000500s ]
[ sql ] [ SQL ] SHOW COLUMNS FROM `fa_client_store` [ RunTime:0.028503s ]
[ sql ] [ SQL ] UPDATE `fa_client_store`  SET `store_name`='直营店2',`store_address`='天津1'  WHERE  `id` = 1 [ RunTime:0.000500s ]
---------------------------------------------------------------
[ 2019-09-11T16:33:49+08:00 ] 192.168.1.144 POST 192.168.1.144:9999/api/store/store_edit
[运行时间：0.150019s] [吞吐率：6.67req/s] [内存消耗：2,785.87kb] [文件加载：127]
[ info ] [ BEHAVIOR ] Run Closure @app_init [ RunTime:0.000000s ]
[ info ] [ CACHE ] INIT File
[ info ] [ BEHAVIOR ] Run Closure @app_init [ RunTime:0.004001s ]
[ info ] [ LANG ] D:\WWW\last\thinkphp\lang\zh-cn.php
[ info ] [ ROUTE ] array (
  'type' => 'module',
  'module' => 
  array (
    0 => 'api',
    1 => 'store',
    2 => 'store_edit',
  ),
)
[ info ] [ HEADER ] array (
  'connection' => 'close',
  'content-length' => '1326',
  'content-type' => 'multipart/form-data; boundary=--------------------------812208895778558555059521',
  'accept-encoding' => 'gzip, deflate',
  'host' => '192.168.1.144:9999',
  'accept' => '*/*',
  'user-agent' => 'PostmanRuntime/7.6.0',
  'postman-token' => '61d04c07-8440-42e6-9555-2ca10fd41a86',
  'cache-control' => 'no-cache',
)
[ info ] [ PARAM ] array (
  'account' => 'user9',
  'password' => '111111',
  'token' => 'f05db0db-3580-496f-b4f7-db4daa0b6c61',
  'org_name' => '组织1',
  'username' => 'org1',
  'org_type' => '代理商',
  'goods_price' => '2',
  'goods_add' => '1',
  'store_name' => '直营店1',
  'store_address' => '北京',
  'store_id' => '1',
)
[ info ] [ LANG ] D:\WWW\last\public/../application/api\lang\zh-cn.php
[ info ] [ BEHAVIOR ] Run app\common\behavior\Common @module_init [ RunTime:0.002500s ]
[ info ] [ TOKEN ] INIT Mysql
[ info ] [ DB ] INIT mysql
[ info ] [ RUN ] app\api\controller\Store->store_edit[ D:\WWW\last\application\api\controller\Store.php ]
[ info ] [ LOG ] INIT File
[ sql ] [ DB ] CONNECT:[ UseTime:0.010001s ] mysql:host=127.0.0.1;dbname=last;charset=utf8
[ sql ] [ SQL ] SHOW COLUMNS FROM `fa_user_token` [ RunTime:0.031004s ]
[ sql ] [ SQL ] SELECT * FROM `fa_user_token` WHERE  `token` = 'c54608d8a5532334fb86f2bcce4deccfdc79d656' LIMIT 1 [ RunTime:0.000500s ]
[ sql ] [ SQL ] SHOW COLUMNS FROM `fa_user` [ RunTime:0.026003s ]
[ sql ] [ SQL ] SELECT * FROM `fa_user` WHERE  `id` = 9 LIMIT 1 [ RunTime:0.001000s ]
[ sql ] [ SQL ] SHOW COLUMNS FROM `fa_client_store` [ RunTime:0.024003s ]
[ sql ] [ SQL ] UPDATE `fa_client_store`  SET `store_name`='直营店1',`store_address`='北京'  WHERE  `id` = 1 [ RunTime:0.000500s ]
---------------------------------------------------------------
[ 2019-09-11T18:29:56+08:00 ] 192.168.1.144 GET 192.168.1.144:9999/api/client/test
[运行时间：0.106014s] [吞吐率：9.43req/s] [内存消耗：2,504.13kb] [文件加载：124]
[ info ] [ BEHAVIOR ] Run Closure @app_init [ RunTime:0.000500s ]
[ info ] [ CACHE ] INIT File
[ info ] [ BEHAVIOR ] Run Closure @app_init [ RunTime:0.011002s ]
[ info ] [ LANG ] D:\WWW\last\thinkphp\lang\zh-cn.php
[ info ] [ ROUTE ] array (
  'type' => 'module',
  'module' => 
  array (
    0 => 'api',
    1 => 'client',
    2 => 'test',
  ),
)
[ info ] [ HEADER ] array (
  'cookie' => 'Hm_lvt_06e9734f33e7ff39eccc218a7043f30f=1565955353; Hm_lvt_f8d0a8c400404989e195270b0bbf060a=1567675577,1568013830; PHPSESSID=nvkbmpp8i7r6q17pb7gqu7tba0; API_NAVBAR_STATUS=0',
  'accept-language' => 'zh-CN,zh;q=0.9',
  'accept-encoding' => 'gzip, deflate',
  'accept' => 'text/html,application/xhtml+xml,application/xml;q=0.9,image/webp,image/apng,*/*;q=0.8,application/signed-exchange;v=b3',
  'user-agent' => 'Mozilla/5.0 (Windows NT 6.1; Win64; x64) AppleWebKit/537.36 (KHTML, like Gecko) Chrome/76.0.3809.132 Safari/537.36',
  'upgrade-insecure-requests' => '1',
  'connection' => 'close',
  'host' => '192.168.1.144:9999',
)
[ info ] [ PARAM ] array (
)
[ info ] [ LANG ] D:\WWW\last\public/../application/api\lang\zh-cn.php
[ info ] [ BEHAVIOR ] Run app\common\behavior\Common @module_init [ RunTime:0.004001s ]
[ info ] [ TOKEN ] INIT Mysql
[ info ] [ DB ] INIT mysql
[ info ] [ LOG ] INIT File
[ sql ] [ DB ] CONNECT:[ UseTime:0.001500s ] mysql:host=127.0.0.1;dbname=last;charset=utf8
[ sql ] [ SQL ] SHOW COLUMNS FROM `fa_user_token` [ RunTime:0.032004s ]
[ sql ] [ SQL ] SELECT * FROM `fa_user_token` WHERE  `token` = 'd8aa945b8448d8a41ab99c04b04f9e522294b47c' LIMIT 1 [ RunTime:0.000501s ]
---------------------------------------------------------------
[ 2019-09-11T18:29:56+08:00 ] 192.168.1.144 GET 192.168.1.144:9999/favicon.ico
[运行时间：0.043005s] [吞吐率：23.25req/s] [内存消耗：1,575.12kb] [文件加载：107]
[ info ] [ BEHAVIOR ] Run Closure @app_init [ RunTime:0.000000s ]
[ info ] [ CACHE ] INIT File
[ info ] [ BEHAVIOR ] Run Closure @app_init [ RunTime:0.002000s ]
[ info ] [ LANG ] D:\WWW\last\thinkphp\lang\zh-cn.php
[ info ] [ ROUTE ] array (
  'type' => 'module',
  'module' => 
  array (
    0 => 'favicon.ico',
    1 => NULL,
    2 => NULL,
  ),
)
[ info ] [ HEADER ] array (
  'cookie' => 'Hm_lvt_06e9734f33e7ff39eccc218a7043f30f=1565955353; Hm_lvt_f8d0a8c400404989e195270b0bbf060a=1567675577,1568013830; PHPSESSID=nvkbmpp8i7r6q17pb7gqu7tba0; API_NAVBAR_STATUS=0',
  'accept-language' => 'zh-CN,zh;q=0.9',
  'accept-encoding' => 'gzip, deflate',
  'referer' => 'http://192.168.1.144:9999/api/client/test',
  'accept' => 'image/webp,image/apng,image/*,*/*;q=0.8',
  'user-agent' => 'Mozilla/5.0 (Windows NT 6.1; Win64; x64) AppleWebKit/537.36 (KHTML, like Gecko) Chrome/76.0.3809.132 Safari/537.36',
  'connection' => 'close',
  'host' => '192.168.1.144:9999',
)
[ info ] [ PARAM ] array (
)
[ info ] [ LOG ] INIT File
---------------------------------------------------------------
[ 2019-09-11T18:30:16+08:00 ] 192.168.1.144 POST 192.168.1.144:9999/api/client/test
[运行时间：0.178023s] [吞吐率：5.62req/s] [内存消耗：2,874.48kb] [文件加载：132]
[ info ] [ BEHAVIOR ] Run Closure @app_init [ RunTime:0.000000s ]
[ info ] [ CACHE ] INIT File
[ info ] [ BEHAVIOR ] Run Closure @app_init [ RunTime:0.002500s ]
[ info ] [ LANG ] D:\WWW\last\thinkphp\lang\zh-cn.php
[ info ] [ ROUTE ] array (
  'type' => 'module',
  'module' => 
  array (
    0 => 'api',
    1 => 'client',
    2 => 'test',
  ),
)
[ info ] [ HEADER ] array (
  'connection' => 'close',
  'content-length' => '1326',
  'content-type' => 'multipart/form-data; boundary=--------------------------040826846091011208971064',
  'accept-encoding' => 'gzip, deflate',
  'host' => '192.168.1.144:9999',
  'accept' => '*/*',
  'user-agent' => 'PostmanRuntime/7.6.0',
  'postman-token' => '0484d278-c475-42fc-8ad2-70a1a41f3cac',
  'cache-control' => 'no-cache',
)
[ info ] [ PARAM ] array (
  'account' => 'user9',
  'password' => '111111',
  'token' => 'f05db0db-3580-496f-b4f7-db4daa0b6c61',
  'org_name' => '组织1',
  'username' => 'org1',
  'org_type' => '代理商',
  'goods_price' => '2',
  'goods_add' => '1',
  'store_name' => '直营店1',
  'store_address' => '北京',
  'store_id' => '1',
)
[ info ] [ LANG ] D:\WWW\last\public/../application/api\lang\zh-cn.php
[ info ] [ BEHAVIOR ] Run app\common\behavior\Common @module_init [ RunTime:0.002000s ]
[ info ] [ TOKEN ] INIT Mysql
[ info ] [ DB ] INIT mysql
[ info ] [ RUN ] app\api\controller\Client->test[ D:\WWW\last\application\api\controller\Client.php ]
[ info ] [ LOG ] INIT File
[ sql ] [ DB ] CONNECT:[ UseTime:0.010501s ] mysql:host=127.0.0.1;dbname=last;charset=utf8
[ sql ] [ SQL ] SHOW COLUMNS FROM `fa_user_token` [ RunTime:0.029004s ]
[ sql ] [ SQL ] SELECT * FROM `fa_user_token` WHERE  `token` = 'c54608d8a5532334fb86f2bcce4deccfdc79d656' LIMIT 1 [ RunTime:0.000000s ]
[ sql ] [ SQL ] SHOW COLUMNS FROM `fa_user` [ RunTime:0.036505s ]
[ sql ] [ SQL ] SELECT * FROM `fa_user` WHERE  `id` = 9 LIMIT 1 [ RunTime:0.000500s ]
[ sql ] [ SQL ] SHOW COLUMNS FROM `fa_machine` [ RunTime:0.021003s ]
[ error ] [10501]SQLSTATE[42000]: Syntax error or access violation: 1064 You have an error in your SQL syntax; check the manual that corresponds to your MySQL server version for the right syntax to use near 't2.user_id WHERE  (  t1.machine_id in t2.machine_ids )' at line 1[D:\WWW\last\thinkphp\library\think\db\Connection.php:385]
