---------------------------------------------------------------
[ 2019-09-20T16:13:13+08:00 ] 192.168.1.144 POST 192.168.1.144:9999/api/machine/machine_option
[运行时间：1.482188s] [吞吐率：0.67req/s] [内存消耗：2,859.17kb] [文件加载：126]
[ info ] [ BEHAVIOR ] Run Closure @app_init [ RunTime:0.000000s ]
[ info ] [ CACHE ] INIT File
[ info ] [ BEHAVIOR ] Run Closure @app_init [ RunTime:0.063508s ]
[ info ] [ LANG ] D:\WWW\last\thinkphp\lang\zh-cn.php
[ info ] [ ROUTE ] array (
  'type' => 'module',
  'module' => 
  array (
    0 => 'api',
    1 => 'machine',
    2 => 'machine_option',
  ),
)
[ info ] [ HEADER ] array (
  'connection' => 'close',
  'content-length' => '982',
  'content-type' => 'multipart/form-data; boundary=--------------------------719737774884390614966535',
  'accept-encoding' => 'gzip, deflate',
  'host' => '192.168.1.144:9999',
  'accept' => '*/*',
  'user-agent' => 'PostmanRuntime/7.6.0',
  'postman-token' => '3599c671-294e-44ad-93d3-e3da47a63056',
  'cache-control' => 'no-cache',
)
[ info ] [ PARAM ] array (
  'token' => '94711b17-95ae-4a0d-971d-3f8d24b346b6',
  'rule_id' => '10',
  'machine_ids' => '1,2,3',
  'username' => 'user9',
  'nickname' => '设备管理员',
  'stock_ids' => '',
  'password' => '123456',
  'user_id' => '14',
)
[ info ] [ LANG ] D:\WWW\last\public/../application/api\lang\zh-cn.php
[ info ] [ BEHAVIOR ] Run app\common\behavior\Common @module_init [ RunTime:0.013002s ]
[ info ] [ TOKEN ] INIT Mysql
[ info ] [ DB ] INIT mysql
[ info ] [ RUN ] app\api\controller\Machine->machine_option[ D:\WWW\last\application\api\controller\Machine.php ]
[ info ] [ LOG ] INIT File
[ sql ] [ DB ] CONNECT:[ UseTime:0.001500s ] mysql:host=127.0.0.1;dbname=last;charset=utf8
[ sql ] [ SQL ] SHOW COLUMNS FROM `fa_user_token` [ RunTime:0.060008s ]
[ sql ] [ SQL ] SELECT * FROM `fa_user_token` WHERE  `token` = 'f22e64db2e0fc8bde78568cdab960c4f220075a1' LIMIT 1 [ RunTime:0.000000s ]
[ sql ] [ SQL ] SHOW COLUMNS FROM `fa_user` [ RunTime:0.029504s ]
[ sql ] [ SQL ] SELECT * FROM `fa_user` WHERE  `id` = 9 LIMIT 1 [ RunTime:0.000500s ]
[ sql ] [ SQL ] SHOW COLUMNS FROM `fa_client_rule` [ RunTime:0.024503s ]
[ sql ] [ SQL ] SELECT `auth_ids` FROM `fa_client_rule` WHERE  `id` = 3 LIMIT 1 [ RunTime:0.000500s ]
[ sql ] [ SQL ] SHOW COLUMNS FROM `fa_client_auth` [ RunTime:0.028004s ]
[ sql ] [ SQL ] SELECT * FROM `fa_client_auth` WHERE  `id` IN (1,2,3,4,5,6,7,8,9,10,11,12,13,14,15,16,17,18,19,20,21,22,23,24,25,26,27,28,29,30,31,32,33,34,35,36,37)  AND `pid` = 11 [ RunTime:0.001000s ]
---------------------------------------------------------------
[ 2019-09-20T16:19:07+08:00 ] 192.168.1.144 POST 192.168.1.144:9999/api/machine/machine_option
[运行时间：0.187024s] [吞吐率：5.35req/s] [内存消耗：2,836.59kb] [文件加载：126]
[ info ] [ BEHAVIOR ] Run Closure @app_init [ RunTime:0.000000s ]
[ info ] [ CACHE ] INIT File
[ info ] [ BEHAVIOR ] Run Closure @app_init [ RunTime:0.004501s ]
[ info ] [ LANG ] D:\WWW\last\thinkphp\lang\zh-cn.php
[ info ] [ ROUTE ] array (
  'type' => 'module',
  'module' => 
  array (
    0 => 'api',
    1 => 'machine',
    2 => 'machine_option',
  ),
)
[ info ] [ HEADER ] array (
  'connection' => 'close',
  'content-length' => '982',
  'content-type' => 'multipart/form-data; boundary=--------------------------759951159450948198056649',
  'accept-encoding' => 'gzip, deflate',
  'host' => '192.168.1.144:9999',
  'accept' => '*/*',
  'user-agent' => 'PostmanRuntime/7.6.0',
  'postman-token' => '909a1da5-9dbe-45aa-ba8c-234dad62de9a',
  'cache-control' => 'no-cache',
)
[ info ] [ PARAM ] array (
  'token' => '94711b17-95ae-4a0d-971d-3f8d24b346b6',
  'rule_id' => '10',
  'machine_ids' => '1,2,3',
  'username' => 'user9',
  'nickname' => '设备管理员',
  'stock_ids' => '',
  'password' => '123456',
  'user_id' => '14',
)
[ info ] [ LANG ] D:\WWW\last\public/../application/api\lang\zh-cn.php
[ info ] [ BEHAVIOR ] Run app\common\behavior\Common @module_init [ RunTime:0.003000s ]
[ info ] [ TOKEN ] INIT Mysql
[ info ] [ DB ] INIT mysql
[ info ] [ RUN ] app\api\controller\Machine->machine_option[ D:\WWW\last\application\api\controller\Machine.php ]
[ info ] [ LOG ] INIT File
[ sql ] [ DB ] CONNECT:[ UseTime:0.000500s ] mysql:host=127.0.0.1;dbname=last;charset=utf8
[ sql ] [ SQL ] SHOW COLUMNS FROM `fa_user_token` [ RunTime:0.045506s ]
[ sql ] [ SQL ] SELECT * FROM `fa_user_token` WHERE  `token` = 'f22e64db2e0fc8bde78568cdab960c4f220075a1' LIMIT 1 [ RunTime:0.000500s ]
[ sql ] [ SQL ] SHOW COLUMNS FROM `fa_user` [ RunTime:0.023003s ]
[ sql ] [ SQL ] SELECT * FROM `fa_user` WHERE  `id` = 9 LIMIT 1 [ RunTime:0.000501s ]
[ sql ] [ SQL ] SHOW COLUMNS FROM `fa_client_rule` [ RunTime:0.022503s ]
[ sql ] [ SQL ] SELECT `auth_ids` FROM `fa_client_rule` WHERE  `id` = 3 LIMIT 1 [ RunTime:0.000500s ]
[ sql ] [ SQL ] SHOW COLUMNS FROM `fa_client_auth` [ RunTime:0.023003s ]
[ sql ] [ SQL ] SELECT * FROM `fa_client_auth` WHERE  `id` IN (14,40,16,17,15,18,19) [ RunTime:0.000500s ]
---------------------------------------------------------------
[ 2019-09-20T16:22:31+08:00 ] 192.168.1.144 POST 192.168.1.144:9999/api/machine/machine_option
[运行时间：0.323041s] [吞吐率：3.10req/s] [内存消耗：2,874.24kb] [文件加载：129]
[ info ] [ BEHAVIOR ] Run Closure @app_init [ RunTime:0.000000s ]
[ info ] [ CACHE ] INIT File
[ info ] [ BEHAVIOR ] Run Closure @app_init [ RunTime:0.006501s ]
[ info ] [ LANG ] D:\WWW\last\thinkphp\lang\zh-cn.php
[ info ] [ ROUTE ] array (
  'type' => 'module',
  'module' => 
  array (
    0 => 'api',
    1 => 'machine',
    2 => 'machine_option',
  ),
)
[ info ] [ HEADER ] array (
  'connection' => 'close',
  'content-length' => '982',
  'content-type' => 'multipart/form-data; boundary=--------------------------294863172359886670316143',
  'accept-encoding' => 'gzip, deflate',
  'host' => '192.168.1.144:9999',
  'accept' => '*/*',
  'user-agent' => 'PostmanRuntime/7.6.0',
  'postman-token' => '8bba9fd9-9e47-46a6-8dd8-885f91a1b37c',
  'cache-control' => 'no-cache',
)
[ info ] [ PARAM ] array (
  'token' => '94711b17-95ae-4a0d-971d-3f8d24b346b6',
  'rule_id' => '10',
  'machine_ids' => '1,2,3',
  'username' => 'user9',
  'nickname' => '设备管理员',
  'stock_ids' => '',
  'password' => '123456',
  'user_id' => '14',
)
[ info ] [ LANG ] D:\WWW\last\public/../application/api\lang\zh-cn.php
[ info ] [ BEHAVIOR ] Run app\common\behavior\Common @module_init [ RunTime:0.002500s ]
[ info ] [ TOKEN ] INIT Mysql
[ info ] [ DB ] INIT mysql
[ info ] [ RUN ] app\api\controller\Machine->machine_option[ D:\WWW\last\application\api\controller\Machine.php ]
[ info ] [ LOG ] INIT File
[ sql ] [ DB ] CONNECT:[ UseTime:0.003000s ] mysql:host=127.0.0.1;dbname=last;charset=utf8
[ sql ] [ SQL ] SHOW COLUMNS FROM `fa_user_token` [ RunTime:0.055007s ]
[ sql ] [ SQL ] SELECT * FROM `fa_user_token` WHERE  `token` = 'f22e64db2e0fc8bde78568cdab960c4f220075a1' LIMIT 1 [ RunTime:0.000500s ]
[ sql ] [ SQL ] SHOW COLUMNS FROM `fa_user` [ RunTime:0.019502s ]
[ sql ] [ SQL ] SELECT * FROM `fa_user` WHERE  `id` = 9 LIMIT 1 [ RunTime:0.000500s ]
[ sql ] [ SQL ] SHOW COLUMNS FROM `fa_client_rule` [ RunTime:0.020503s ]
[ sql ] [ SQL ] SELECT `auth_ids` FROM `fa_client_rule` WHERE  `id` = 3 LIMIT 1 [ RunTime:0.000500s ]
[ error ] [0]致命错误: Unsupported operand types[D:\WWW\last\application\api\controller\Machine.php:111]
---------------------------------------------------------------
[ 2019-09-20T16:22:55+08:00 ] 192.168.1.144 POST 192.168.1.144:9999/api/machine/machine_option
[运行时间：0.191024s] [吞吐率：5.23req/s] [内存消耗：2,828.93kb] [文件加载：126]
[ info ] [ BEHAVIOR ] Run Closure @app_init [ RunTime:0.000000s ]
[ info ] [ CACHE ] INIT File
[ info ] [ BEHAVIOR ] Run Closure @app_init [ RunTime:0.004501s ]
[ info ] [ LANG ] D:\WWW\last\thinkphp\lang\zh-cn.php
[ info ] [ ROUTE ] array (
  'type' => 'module',
  'module' => 
  array (
    0 => 'api',
    1 => 'machine',
    2 => 'machine_option',
  ),
)
[ info ] [ HEADER ] array (
  'connection' => 'close',
  'content-length' => '982',
  'content-type' => 'multipart/form-data; boundary=--------------------------474909648816930805829750',
  'accept-encoding' => 'gzip, deflate',
  'host' => '192.168.1.144:9999',
  'accept' => '*/*',
  'user-agent' => 'PostmanRuntime/7.6.0',
  'postman-token' => 'abb8ce13-d4b0-498d-b217-6f0a71e25a56',
  'cache-control' => 'no-cache',
)
[ info ] [ PARAM ] array (
  'token' => '94711b17-95ae-4a0d-971d-3f8d24b346b6',
  'rule_id' => '10',
  'machine_ids' => '1,2,3',
  'username' => 'user9',
  'nickname' => '设备管理员',
  'stock_ids' => '',
  'password' => '123456',
  'user_id' => '14',
)
[ info ] [ LANG ] D:\WWW\last\public/../application/api\lang\zh-cn.php
[ info ] [ BEHAVIOR ] Run app\common\behavior\Common @module_init [ RunTime:0.002501s ]
[ info ] [ TOKEN ] INIT Mysql
[ info ] [ DB ] INIT mysql
[ info ] [ RUN ] app\api\controller\Machine->machine_option[ D:\WWW\last\application\api\controller\Machine.php ]
[ info ] [ LOG ] INIT File
[ sql ] [ DB ] CONNECT:[ UseTime:0.010001s ] mysql:host=127.0.0.1;dbname=last;charset=utf8
[ sql ] [ SQL ] SHOW COLUMNS FROM `fa_user_token` [ RunTime:0.039505s ]
[ sql ] [ SQL ] SELECT * FROM `fa_user_token` WHERE  `token` = 'f22e64db2e0fc8bde78568cdab960c4f220075a1' LIMIT 1 [ RunTime:0.000500s ]
[ sql ] [ SQL ] SHOW COLUMNS FROM `fa_user` [ RunTime:0.023003s ]
[ sql ] [ SQL ] SELECT * FROM `fa_user` WHERE  `id` = 9 LIMIT 1 [ RunTime:0.000500s ]
[ sql ] [ SQL ] SHOW COLUMNS FROM `fa_client_rule` [ RunTime:0.028004s ]
[ sql ] [ SQL ] SELECT `auth_ids` FROM `fa_client_rule` WHERE  `id` = 3 LIMIT 1 [ RunTime:0.000000s ]
---------------------------------------------------------------
[ 2019-09-20T16:25:42+08:00 ] 192.168.1.144 POST 192.168.1.144:9999/api/machine/machine_option
[运行时间：0.192524s] [吞吐率：5.19req/s] [内存消耗：2,829.11kb] [文件加载：126]
[ info ] [ BEHAVIOR ] Run Closure @app_init [ RunTime:0.000000s ]
[ info ] [ CACHE ] INIT File
[ info ] [ BEHAVIOR ] Run Closure @app_init [ RunTime:0.007001s ]
[ info ] [ LANG ] D:\WWW\last\thinkphp\lang\zh-cn.php
[ info ] [ ROUTE ] array (
  'type' => 'module',
  'module' => 
  array (
    0 => 'api',
    1 => 'machine',
    2 => 'machine_option',
  ),
)
[ info ] [ HEADER ] array (
  'connection' => 'close',
  'content-length' => '982',
  'content-type' => 'multipart/form-data; boundary=--------------------------739344675520994270757899',
  'accept-encoding' => 'gzip, deflate',
  'host' => '192.168.1.144:9999',
  'accept' => '*/*',
  'user-agent' => 'PostmanRuntime/7.6.0',
  'postman-token' => '8384f5bb-1aa7-4861-a9b2-1df7c8310e0d',
  'cache-control' => 'no-cache',
)
[ info ] [ PARAM ] array (
  'token' => '94711b17-95ae-4a0d-971d-3f8d24b346b6',
  'rule_id' => '10',
  'machine_ids' => '1,2,3',
  'username' => 'user9',
  'nickname' => '设备管理员',
  'stock_ids' => '',
  'password' => '123456',
  'user_id' => '14',
)
[ info ] [ LANG ] D:\WWW\last\public/../application/api\lang\zh-cn.php
[ info ] [ BEHAVIOR ] Run app\common\behavior\Common @module_init [ RunTime:0.002500s ]
[ info ] [ TOKEN ] INIT Mysql
[ info ] [ DB ] INIT mysql
[ info ] [ RUN ] app\api\controller\Machine->machine_option[ D:\WWW\last\application\api\controller\Machine.php ]
[ info ] [ LOG ] INIT File
[ sql ] [ DB ] CONNECT:[ UseTime:0.001001s ] mysql:host=127.0.0.1;dbname=last;charset=utf8
[ sql ] [ SQL ] SHOW COLUMNS FROM `fa_user_token` [ RunTime:0.058507s ]
[ sql ] [ SQL ] SELECT * FROM `fa_user_token` WHERE  `token` = 'f22e64db2e0fc8bde78568cdab960c4f220075a1' LIMIT 1 [ RunTime:0.000500s ]
[ sql ] [ SQL ] SHOW COLUMNS FROM `fa_user` [ RunTime:0.021503s ]
[ sql ] [ SQL ] SELECT * FROM `fa_user` WHERE  `id` = 9 LIMIT 1 [ RunTime:0.000500s ]
[ sql ] [ SQL ] SHOW COLUMNS FROM `fa_client_rule` [ RunTime:0.024504s ]
[ sql ] [ SQL ] SELECT `auth_ids` FROM `fa_client_rule` WHERE  `id` = 3 LIMIT 1 [ RunTime:0.000500s ]
---------------------------------------------------------------
[ 2019-09-20T16:31:03+08:00 ] 192.168.1.144 POST 192.168.1.144:9999/api/machine/machine_option
[运行时间：0.259533s] [吞吐率：3.85req/s] [内存消耗：2,837.06kb] [文件加载：126]
[ info ] [ BEHAVIOR ] Run Closure @app_init [ RunTime:0.000500s ]
[ info ] [ CACHE ] INIT File
[ info ] [ BEHAVIOR ] Run Closure @app_init [ RunTime:0.029504s ]
[ info ] [ LANG ] D:\WWW\last\thinkphp\lang\zh-cn.php
[ info ] [ ROUTE ] array (
  'type' => 'module',
  'module' => 
  array (
    0 => 'api',
    1 => 'machine',
    2 => 'machine_option',
  ),
)
[ info ] [ HEADER ] array (
  'connection' => 'close',
  'content-length' => '982',
  'content-type' => 'multipart/form-data; boundary=--------------------------997971987886873693170894',
  'accept-encoding' => 'gzip, deflate',
  'host' => '192.168.1.144:9999',
  'accept' => '*/*',
  'user-agent' => 'PostmanRuntime/7.6.0',
  'postman-token' => '2f860272-fa6c-4584-a0b2-39ae68cd4930',
  'cache-control' => 'no-cache',
)
[ info ] [ PARAM ] array (
  'token' => '94711b17-95ae-4a0d-971d-3f8d24b346b6',
  'rule_id' => '10',
  'machine_ids' => '1,2,3',
  'username' => 'user9',
  'nickname' => '设备管理员',
  'stock_ids' => '',
  'password' => '123456',
  'user_id' => '14',
)
[ info ] [ LANG ] D:\WWW\last\public/../application/api\lang\zh-cn.php
[ info ] [ BEHAVIOR ] Run app\common\behavior\Common @module_init [ RunTime:0.002501s ]
[ info ] [ TOKEN ] INIT Mysql
[ info ] [ DB ] INIT mysql
[ info ] [ RUN ] app\api\controller\Machine->machine_option[ D:\WWW\last\application\api\controller\Machine.php ]
[ info ] [ LOG ] INIT File
[ sql ] [ DB ] CONNECT:[ UseTime:0.001000s ] mysql:host=127.0.0.1;dbname=last;charset=utf8
[ sql ] [ SQL ] SHOW COLUMNS FROM `fa_user_token` [ RunTime:0.039505s ]
[ sql ] [ SQL ] SELECT * FROM `fa_user_token` WHERE  `token` = 'f22e64db2e0fc8bde78568cdab960c4f220075a1' LIMIT 1 [ RunTime:0.000500s ]
[ sql ] [ SQL ] SHOW COLUMNS FROM `fa_user` [ RunTime:0.027504s ]
[ sql ] [ SQL ] SELECT * FROM `fa_user` WHERE  `id` = 9 LIMIT 1 [ RunTime:0.000500s ]
[ sql ] [ SQL ] SHOW COLUMNS FROM `fa_client_rule` [ RunTime:0.029504s ]
[ sql ] [ SQL ] SELECT `auth_ids` FROM `fa_client_rule` WHERE  `id` = 3 LIMIT 1 [ RunTime:0.000500s ]
[ sql ] [ SQL ] SHOW COLUMNS FROM `fa_client_auth` [ RunTime:0.045506s ]
[ sql ] [ SQL ] SELECT * FROM `fa_client_auth` WHERE  `id` IN (14,40,16,17,15,18,19) [ RunTime:0.000500s ]
---------------------------------------------------------------
[ 2019-09-20T16:42:33+08:00 ] 192.168.1.144 POST 192.168.1.144:9999/api/machine/machine_option
[运行时间：0.218028s] [吞吐率：4.59req/s] [内存消耗：2,831.80kb] [文件加载：125]
[ info ] [ BEHAVIOR ] Run Closure @app_init [ RunTime:0.000500s ]
[ info ] [ CACHE ] INIT File
[ info ] [ BEHAVIOR ] Run Closure @app_init [ RunTime:0.005501s ]
[ info ] [ LANG ] D:\WWW\last\thinkphp\lang\zh-cn.php
[ info ] [ ROUTE ] array (
  'type' => 'module',
  'module' => 
  array (
    0 => 'api',
    1 => 'machine',
    2 => 'machine_option',
  ),
)
[ info ] [ HEADER ] array (
  'connection' => 'close',
  'content-length' => '982',
  'content-type' => 'multipart/form-data; boundary=--------------------------270805044610993779272282',
  'accept-encoding' => 'gzip, deflate',
  'host' => '192.168.1.144:9999',
  'accept' => '*/*',
  'user-agent' => 'PostmanRuntime/7.6.0',
  'postman-token' => 'f4f3e95e-8e30-489f-9492-0f84509b7bd1',
  'cache-control' => 'no-cache',
)
[ info ] [ PARAM ] array (
  'token' => '94711b17-95ae-4a0d-971d-3f8d24b346b6',
  'rule_id' => '10',
  'machine_ids' => '1,2,3',
  'username' => 'user9',
  'nickname' => '设备管理员',
  'stock_ids' => '',
  'password' => '123456',
  'user_id' => '14',
)
[ info ] [ LANG ] D:\WWW\last\public/../application/api\lang\zh-cn.php
[ info ] [ BEHAVIOR ] Run app\common\behavior\Common @module_init [ RunTime:0.004000s ]
[ info ] [ TOKEN ] INIT Mysql
[ info ] [ DB ] INIT mysql
[ info ] [ RUN ] app\api\controller\Machine->machine_option[ D:\WWW\last\application\api\controller\Machine.php ]
[ info ] [ LOG ] INIT File
[ sql ] [ DB ] CONNECT:[ UseTime:0.000500s ] mysql:host=127.0.0.1;dbname=last;charset=utf8
[ sql ] [ SQL ] SHOW COLUMNS FROM `fa_user_token` [ RunTime:0.031504s ]
[ sql ] [ SQL ] SELECT * FROM `fa_user_token` WHERE  `token` = 'f22e64db2e0fc8bde78568cdab960c4f220075a1' LIMIT 1 [ RunTime:0.000500s ]
[ sql ] [ SQL ] SHOW COLUMNS FROM `fa_user` [ RunTime:0.029504s ]
[ sql ] [ SQL ] SELECT * FROM `fa_user` WHERE  `id` = 9 LIMIT 1 [ RunTime:0.000500s ]
[ sql ] [ SQL ] SHOW COLUMNS FROM `fa_client_rule` [ RunTime:0.022003s ]
[ sql ] [ SQL ] SELECT `auth_ids` FROM `fa_client_rule` WHERE  `id` = 3 LIMIT 1 [ RunTime:0.000000s ]
[ sql ] [ SQL ] SHOW COLUMNS FROM `fa_client_auth` [ RunTime:0.063508s ]
[ sql ] [ SQL ] SELECT * FROM `fa_client_auth` WHERE  `id` IN (14,40,16,17,15,18,19) [ RunTime:0.000000s ]
---------------------------------------------------------------
[ 2019-09-20T16:43:44+08:00 ] 192.168.1.144 POST 192.168.1.144:9999/api/machine/machine_option
[运行时间：0.526067s] [吞吐率：1.90req/s] [内存消耗：2,831.07kb] [文件加载：125]
[ info ] [ BEHAVIOR ] Run Closure @app_init [ RunTime:0.000000s ]
[ info ] [ CACHE ] INIT File
[ info ] [ BEHAVIOR ] Run Closure @app_init [ RunTime:0.004001s ]
[ info ] [ LANG ] D:\WWW\last\thinkphp\lang\zh-cn.php
[ info ] [ ROUTE ] array (
  'type' => 'module',
  'module' => 
  array (
    0 => 'api',
    1 => 'machine',
    2 => 'machine_option',
  ),
)
[ info ] [ HEADER ] array (
  'connection' => 'close',
  'content-length' => '982',
  'content-type' => 'multipart/form-data; boundary=--------------------------370531501488802141450202',
  'accept-encoding' => 'gzip, deflate',
  'host' => '192.168.1.144:9999',
  'accept' => '*/*',
  'user-agent' => 'PostmanRuntime/7.6.0',
  'postman-token' => 'd6cfceff-e060-4821-8019-4a503d13d9a4',
  'cache-control' => 'no-cache',
)
[ info ] [ PARAM ] array (
  'token' => '94711b17-95ae-4a0d-971d-3f8d24b346b6',
  'rule_id' => '10',
  'machine_ids' => '1,2,3',
  'username' => 'user9',
  'nickname' => '设备管理员',
  'stock_ids' => '',
  'password' => '123456',
  'user_id' => '14',
)
[ info ] [ LANG ] D:\WWW\last\public/../application/api\lang\zh-cn.php
[ info ] [ BEHAVIOR ] Run app\common\behavior\Common @module_init [ RunTime:0.002501s ]
[ info ] [ TOKEN ] INIT Mysql
[ info ] [ DB ] INIT mysql
[ info ] [ RUN ] app\api\controller\Machine->machine_option[ D:\WWW\last\application\api\controller\Machine.php ]
[ info ] [ LOG ] INIT File
[ sql ] [ DB ] CONNECT:[ UseTime:0.000500s ] mysql:host=127.0.0.1;dbname=last;charset=utf8
[ sql ] [ SQL ] SHOW COLUMNS FROM `fa_user_token` [ RunTime:0.034504s ]
[ sql ] [ SQL ] SELECT * FROM `fa_user_token` WHERE  `token` = 'f22e64db2e0fc8bde78568cdab960c4f220075a1' LIMIT 1 [ RunTime:0.000000s ]
[ sql ] [ SQL ] SHOW COLUMNS FROM `fa_user` [ RunTime:0.354545s ]
[ sql ] [ SQL ] SELECT * FROM `fa_user` WHERE  `id` = 9 LIMIT 1 [ RunTime:0.000500s ]
[ sql ] [ SQL ] SHOW COLUMNS FROM `fa_client_rule` [ RunTime:0.042505s ]
[ sql ] [ SQL ] SELECT `auth_ids` FROM `fa_client_rule` WHERE  `id` = 3 LIMIT 1 [ RunTime:0.000500s ]
[ sql ] [ SQL ] SHOW COLUMNS FROM `fa_client_auth` [ RunTime:0.030004s ]
[ sql ] [ SQL ] SELECT id as auth_id,`auth_name` FROM `fa_client_auth` WHERE  `id` IN (14,40,16,17,15,18,19) [ RunTime:0.000500s ]
---------------------------------------------------------------
[ 2019-09-20T16:45:45+08:00 ] 192.168.1.144 POST 192.168.1.144:9999/api/machine/machine_edit
[运行时间：0.144519s] [吞吐率：6.92req/s] [内存消耗：2,884.22kb] [文件加载：129]
[ info ] [ BEHAVIOR ] Run Closure @app_init [ RunTime:0.000000s ]
[ info ] [ CACHE ] INIT File
[ info ] [ BEHAVIOR ] Run Closure @app_init [ RunTime:0.005001s ]
[ info ] [ LANG ] D:\WWW\last\thinkphp\lang\zh-cn.php
[ info ] [ ROUTE ] array (
  'type' => 'module',
  'module' => 
  array (
    0 => 'api',
    1 => 'machine',
    2 => 'machine_edit',
  ),
)
[ info ] [ HEADER ] array (
  'connection' => 'close',
  'content-length' => '1089',
  'content-type' => 'multipart/form-data; boundary=--------------------------344581709981011787721631',
  'accept-encoding' => 'gzip, deflate',
  'host' => '192.168.1.144:9999',
  'accept' => '*/*',
  'user-agent' => 'PostmanRuntime/7.6.0',
  'postman-token' => '87baff27-b42d-4db2-8d36-ae1b864cd083',
  'cache-control' => 'no-cache',
)
[ info ] [ PARAM ] array (
  'token' => '94711b17-95ae-4a0d-971d-3f8d24b346b6',
  'rule_id' => '10',
  'machine_ids' => '1,2,3',
  'username' => 'user9',
  'nickname' => '设备管理员',
  'stock_ids' => '',
  'password' => '123456',
  'user_id' => '14',
  'machine' => '1',
)
[ info ] [ LANG ] D:\WWW\last\public/../application/api\lang\zh-cn.php
[ info ] [ BEHAVIOR ] Run app\common\behavior\Common @module_init [ RunTime:0.002500s ]
[ info ] [ TOKEN ] INIT Mysql
[ info ] [ DB ] INIT mysql
[ info ] [ RUN ] app\api\controller\Machine->machine_edit[ D:\WWW\last\application\api\controller\Machine.php ]
[ info ] [ LOG ] INIT File
[ sql ] [ DB ] CONNECT:[ UseTime:0.003001s ] mysql:host=127.0.0.1;dbname=last;charset=utf8
[ sql ] [ SQL ] SHOW COLUMNS FROM `fa_user_token` [ RunTime:0.041505s ]
[ sql ] [ SQL ] SELECT * FROM `fa_user_token` WHERE  `token` = 'f22e64db2e0fc8bde78568cdab960c4f220075a1' LIMIT 1 [ RunTime:0.000000s ]
[ sql ] [ SQL ] SHOW COLUMNS FROM `fa_user` [ RunTime:0.027004s ]
[ sql ] [ SQL ] SELECT * FROM `fa_user` WHERE  `id` = 9 LIMIT 1 [ RunTime:0.000500s ]
[ error ] [0]致命错误: Call to undefined method app\api\controller\Machine::isPost()[D:\WWW\last\application\api\controller\Machine.php:125]
---------------------------------------------------------------
[ 2019-09-20T16:47:06+08:00 ] 192.168.1.144 POST 192.168.1.144:9999/api/machine/machine_edit
[运行时间：0.142018s] [吞吐率：7.04req/s] [内存消耗：2,884.67kb] [文件加载：129]
[ info ] [ BEHAVIOR ] Run Closure @app_init [ RunTime:0.000000s ]
[ info ] [ CACHE ] INIT File
[ info ] [ BEHAVIOR ] Run Closure @app_init [ RunTime:0.005501s ]
[ info ] [ LANG ] D:\WWW\last\thinkphp\lang\zh-cn.php
[ info ] [ ROUTE ] array (
  'type' => 'module',
  'module' => 
  array (
    0 => 'api',
    1 => 'machine',
    2 => 'machine_edit',
  ),
)
[ info ] [ HEADER ] array (
  'connection' => 'close',
  'content-length' => '1089',
  'content-type' => 'multipart/form-data; boundary=--------------------------956010917905143765224431',
  'accept-encoding' => 'gzip, deflate',
  'host' => '192.168.1.144:9999',
  'accept' => '*/*',
  'user-agent' => 'PostmanRuntime/7.6.0',
  'postman-token' => 'ed8c2de6-4505-4e1a-a3f5-9d3203a7e12d',
  'cache-control' => 'no-cache',
)
[ info ] [ PARAM ] array (
  'token' => '94711b17-95ae-4a0d-971d-3f8d24b346b6',
  'rule_id' => '10',
  'machine_ids' => '1,2,3',
  'username' => 'user9',
  'nickname' => '设备管理员',
  'stock_ids' => '',
  'password' => '123456',
  'user_id' => '14',
  'machine' => '1',
)
[ info ] [ LANG ] D:\WWW\last\public/../application/api\lang\zh-cn.php
[ info ] [ BEHAVIOR ] Run app\common\behavior\Common @module_init [ RunTime:0.003001s ]
[ info ] [ TOKEN ] INIT Mysql
[ info ] [ DB ] INIT mysql
[ info ] [ RUN ] app\api\controller\Machine->machine_edit[ D:\WWW\last\application\api\controller\Machine.php ]
[ info ] [ LOG ] INIT File
[ sql ] [ DB ] CONNECT:[ UseTime:0.003000s ] mysql:host=127.0.0.1;dbname=last;charset=utf8
[ sql ] [ SQL ] SHOW COLUMNS FROM `fa_user_token` [ RunTime:0.047506s ]
[ sql ] [ SQL ] SELECT * FROM `fa_user_token` WHERE  `token` = 'f22e64db2e0fc8bde78568cdab960c4f220075a1' LIMIT 1 [ RunTime:0.000000s ]
[ sql ] [ SQL ] SHOW COLUMNS FROM `fa_user` [ RunTime:0.026003s ]
[ sql ] [ SQL ] SELECT * FROM `fa_user` WHERE  `id` = 9 LIMIT 1 [ RunTime:0.001500s ]
[ error ] [0]致命错误: Class 'app\api\controller\Request' not found[D:\WWW\last\application\api\controller\Machine.php:125]
---------------------------------------------------------------
[ 2019-09-20T16:47:35+08:00 ] 192.168.1.144 POST 192.168.1.144:9999/api/machine/machine_edit
[运行时间：0.182023s] [吞吐率：5.49req/s] [内存消耗：2,838.81kb] [文件加载：126]
[ info ] [ BEHAVIOR ] Run Closure @app_init [ RunTime:0.000000s ]
[ info ] [ CACHE ] INIT File
[ info ] [ BEHAVIOR ] Run Closure @app_init [ RunTime:0.009502s ]
[ info ] [ LANG ] D:\WWW\last\thinkphp\lang\zh-cn.php
[ info ] [ ROUTE ] array (
  'type' => 'module',
  'module' => 
  array (
    0 => 'api',
    1 => 'machine',
    2 => 'machine_edit',
  ),
)
[ info ] [ HEADER ] array (
  'connection' => 'close',
  'content-length' => '1089',
  'content-type' => 'multipart/form-data; boundary=--------------------------996709121374834991079160',
  'accept-encoding' => 'gzip, deflate',
  'host' => '192.168.1.144:9999',
  'accept' => '*/*',
  'user-agent' => 'PostmanRuntime/7.6.0',
  'postman-token' => '1b8cc42f-85fc-4430-8f8a-6249f9d3d014',
  'cache-control' => 'no-cache',
)
[ info ] [ PARAM ] array (
  'token' => '94711b17-95ae-4a0d-971d-3f8d24b346b6',
  'rule_id' => '10',
  'machine_ids' => '1,2,3',
  'username' => 'user9',
  'nickname' => '设备管理员',
  'stock_ids' => '',
  'password' => '123456',
  'user_id' => '14',
  'machine' => '1',
)
[ info ] [ LANG ] D:\WWW\last\public/../application/api\lang\zh-cn.php
[ info ] [ BEHAVIOR ] Run app\common\behavior\Common @module_init [ RunTime:0.003001s ]
[ info ] [ TOKEN ] INIT Mysql
[ info ] [ DB ] INIT mysql
[ info ] [ RUN ] app\api\controller\Machine->machine_edit[ D:\WWW\last\application\api\controller\Machine.php ]
[ info ] [ LOG ] INIT File
[ sql ] [ DB ] CONNECT:[ UseTime:0.002001s ] mysql:host=127.0.0.1;dbname=last;charset=utf8
[ sql ] [ SQL ] SHOW COLUMNS FROM `fa_user_token` [ RunTime:0.077510s ]
[ sql ] [ SQL ] SELECT * FROM `fa_user_token` WHERE  `token` = 'f22e64db2e0fc8bde78568cdab960c4f220075a1' LIMIT 1 [ RunTime:0.000500s ]
[ sql ] [ SQL ] SHOW COLUMNS FROM `fa_user` [ RunTime:0.031004s ]
[ sql ] [ SQL ] SELECT * FROM `fa_user` WHERE  `id` = 9 LIMIT 1 [ RunTime:0.000500s ]
---------------------------------------------------------------
[ 2019-09-20T16:47:54+08:00 ] 192.168.1.144 POST 192.168.1.144:9999/api/machine/machine_edit
[运行时间：0.127517s] [吞吐率：7.84req/s] [内存消耗：2,884.22kb] [文件加载：129]
[ info ] [ BEHAVIOR ] Run Closure @app_init [ RunTime:0.000000s ]
[ info ] [ CACHE ] INIT File
[ info ] [ BEHAVIOR ] Run Closure @app_init [ RunTime:0.005501s ]
[ info ] [ LANG ] D:\WWW\last\thinkphp\lang\zh-cn.php
[ info ] [ ROUTE ] array (
  'type' => 'module',
  'module' => 
  array (
    0 => 'api',
    1 => 'machine',
    2 => 'machine_edit',
  ),
)
[ info ] [ HEADER ] array (
  'connection' => 'close',
  'content-length' => '1089',
  'content-type' => 'multipart/form-data; boundary=--------------------------282293314564444577228865',
  'accept-encoding' => 'gzip, deflate',
  'host' => '192.168.1.144:9999',
  'accept' => '*/*',
  'user-agent' => 'PostmanRuntime/7.6.0',
  'postman-token' => '80f66e28-9757-455e-8463-58e5b33df5b6',
  'cache-control' => 'no-cache',
)
[ info ] [ PARAM ] array (
  'token' => '94711b17-95ae-4a0d-971d-3f8d24b346b6',
  'rule_id' => '10',
  'machine_ids' => '1,2,3',
  'username' => 'user9',
  'nickname' => '设备管理员',
  'stock_ids' => '',
  'password' => '123456',
  'user_id' => '14',
  'machine' => '1',
)
[ info ] [ LANG ] D:\WWW\last\public/../application/api\lang\zh-cn.php
[ info ] [ BEHAVIOR ] Run app\common\behavior\Common @module_init [ RunTime:0.003000s ]
[ info ] [ TOKEN ] INIT Mysql
[ info ] [ DB ] INIT mysql
[ info ] [ RUN ] app\api\controller\Machine->machine_edit[ D:\WWW\last\application\api\controller\Machine.php ]
[ info ] [ LOG ] INIT File
[ sql ] [ DB ] CONNECT:[ UseTime:0.001000s ] mysql:host=127.0.0.1;dbname=last;charset=utf8
[ sql ] [ SQL ] SHOW COLUMNS FROM `fa_user_token` [ RunTime:0.025503s ]
[ sql ] [ SQL ] SELECT * FROM `fa_user_token` WHERE  `token` = 'f22e64db2e0fc8bde78568cdab960c4f220075a1' LIMIT 1 [ RunTime:0.000000s ]
[ sql ] [ SQL ] SHOW COLUMNS FROM `fa_user` [ RunTime:0.024004s ]
[ sql ] [ SQL ] SELECT * FROM `fa_user` WHERE  `id` = 9 LIMIT 1 [ RunTime:0.000500s ]
[ error ] [0]致命错误: Call to undefined method app\api\controller\Machine::isPost()[D:\WWW\last\application\api\controller\Machine.php:126]
---------------------------------------------------------------
[ 2019-09-20T16:48:11+08:00 ] 192.168.1.144 POST 192.168.1.144:9999/api/machine/machine_edit
[运行时间：0.116014s] [吞吐率：8.62req/s] [内存消耗：2,838.81kb] [文件加载：126]
[ info ] [ BEHAVIOR ] Run Closure @app_init [ RunTime:0.000000s ]
[ info ] [ CACHE ] INIT File
[ info ] [ BEHAVIOR ] Run Closure @app_init [ RunTime:0.005500s ]
[ info ] [ LANG ] D:\WWW\last\thinkphp\lang\zh-cn.php
[ info ] [ ROUTE ] array (
  'type' => 'module',
  'module' => 
  array (
    0 => 'api',
    1 => 'machine',
    2 => 'machine_edit',
  ),
)
[ info ] [ HEADER ] array (
  'connection' => 'close',
  'content-length' => '1089',
  'content-type' => 'multipart/form-data; boundary=--------------------------121723321653338545431761',
  'accept-encoding' => 'gzip, deflate',
  'host' => '192.168.1.144:9999',
  'accept' => '*/*',
  'user-agent' => 'PostmanRuntime/7.6.0',
  'postman-token' => 'ac845512-12b4-4af5-92ed-486403c6518b',
  'cache-control' => 'no-cache',
)
[ info ] [ PARAM ] array (
  'token' => '94711b17-95ae-4a0d-971d-3f8d24b346b6',
  'rule_id' => '10',
  'machine_ids' => '1,2,3',
  'username' => 'user9',
  'nickname' => '设备管理员',
  'stock_ids' => '',
  'password' => '123456',
  'user_id' => '14',
  'machine' => '1',
)
[ info ] [ LANG ] D:\WWW\last\public/../application/api\lang\zh-cn.php
[ info ] [ BEHAVIOR ] Run app\common\behavior\Common @module_init [ RunTime:0.003000s ]
[ info ] [ TOKEN ] INIT Mysql
[ info ] [ DB ] INIT mysql
[ info ] [ RUN ] app\api\controller\Machine->machine_edit[ D:\WWW\last\application\api\controller\Machine.php ]
[ info ] [ LOG ] INIT File
[ sql ] [ DB ] CONNECT:[ UseTime:0.000500s ] mysql:host=127.0.0.1;dbname=last;charset=utf8
[ sql ] [ SQL ] SHOW COLUMNS FROM `fa_user_token` [ RunTime:0.031504s ]
[ sql ] [ SQL ] SELECT * FROM `fa_user_token` WHERE  `token` = 'f22e64db2e0fc8bde78568cdab960c4f220075a1' LIMIT 1 [ RunTime:0.000500s ]
[ sql ] [ SQL ] SHOW COLUMNS FROM `fa_user` [ RunTime:0.020503s ]
[ sql ] [ SQL ] SELECT * FROM `fa_user` WHERE  `id` = 9 LIMIT 1 [ RunTime:0.000500s ]
---------------------------------------------------------------
[ 2019-09-20T16:48:16+08:00 ] 192.168.1.144 GET 192.168.1.144:9999/api/machine/machine_edit
[运行时间：0.105013s] [吞吐率：9.52req/s] [内存消耗：2,515.88kb] [文件加载：124]
[ info ] [ BEHAVIOR ] Run Closure @app_init [ RunTime:0.000000s ]
[ info ] [ CACHE ] INIT File
[ info ] [ BEHAVIOR ] Run Closure @app_init [ RunTime:0.004001s ]
[ info ] [ LANG ] D:\WWW\last\thinkphp\lang\zh-cn.php
[ info ] [ ROUTE ] array (
  'type' => 'module',
  'module' => 
  array (
    0 => 'api',
    1 => 'machine',
    2 => 'machine_edit',
  ),
)
[ info ] [ HEADER ] array (
  'connection' => 'close',
  'content-length' => '1089',
  'content-type' => 'multipart/form-data; boundary=--------------------------328581189781082067691720',
  'accept-encoding' => 'gzip, deflate',
  'host' => '192.168.1.144:9999',
  'accept' => '*/*',
  'user-agent' => 'PostmanRuntime/7.6.0',
  'postman-token' => '602b0836-5def-47ca-be8a-ccb9981d5b4c',
  'cache-control' => 'no-cache',
)
[ info ] [ PARAM ] array (
)
[ info ] [ LANG ] D:\WWW\last\public/../application/api\lang\zh-cn.php
[ info ] [ BEHAVIOR ] Run app\common\behavior\Common @module_init [ RunTime:0.003000s ]
[ info ] [ TOKEN ] INIT Mysql
[ info ] [ DB ] INIT mysql
[ info ] [ LOG ] INIT File
[ sql ] [ DB ] CONNECT:[ UseTime:0.000500s ] mysql:host=127.0.0.1;dbname=last;charset=utf8
[ sql ] [ SQL ] SHOW COLUMNS FROM `fa_user_token` [ RunTime:0.032504s ]
[ sql ] [ SQL ] SELECT * FROM `fa_user_token` WHERE  `token` = 'd8aa945b8448d8a41ab99c04b04f9e522294b47c' LIMIT 1 [ RunTime:0.000500s ]
---------------------------------------------------------------
[ 2019-09-20T16:48:32+08:00 ] 192.168.1.144 GET 192.168.1.144:9999/api/machine/machine_option
[运行时间：0.095512s] [吞吐率：10.47req/s] [内存消耗：2,515.88kb] [文件加载：124]
[ info ] [ BEHAVIOR ] Run Closure @app_init [ RunTime:0.000000s ]
[ info ] [ CACHE ] INIT File
[ info ] [ BEHAVIOR ] Run Closure @app_init [ RunTime:0.004001s ]
[ info ] [ LANG ] D:\WWW\last\thinkphp\lang\zh-cn.php
[ info ] [ ROUTE ] array (
  'type' => 'module',
  'module' => 
  array (
    0 => 'api',
    1 => 'machine',
    2 => 'machine_option',
  ),
)
[ info ] [ HEADER ] array (
  'connection' => 'close',
  'content-length' => '1089',
  'content-type' => 'multipart/form-data; boundary=--------------------------296118126631951185351962',
  'accept-encoding' => 'gzip, deflate',
  'host' => '192.168.1.144:9999',
  'accept' => '*/*',
  'user-agent' => 'PostmanRuntime/7.6.0',
  'postman-token' => '145f1eb2-d5da-4409-bdf7-384790da514e',
  'cache-control' => 'no-cache',
)
[ info ] [ PARAM ] array (
)
[ info ] [ LANG ] D:\WWW\last\public/../application/api\lang\zh-cn.php
[ info ] [ BEHAVIOR ] Run app\common\behavior\Common @module_init [ RunTime:0.003001s ]
[ info ] [ TOKEN ] INIT Mysql
[ info ] [ DB ] INIT mysql
[ info ] [ LOG ] INIT File
[ sql ] [ DB ] CONNECT:[ UseTime:0.001000s ] mysql:host=127.0.0.1;dbname=last;charset=utf8
[ sql ] [ SQL ] SHOW COLUMNS FROM `fa_user_token` [ RunTime:0.034504s ]
[ sql ] [ SQL ] SELECT * FROM `fa_user_token` WHERE  `token` = 'd8aa945b8448d8a41ab99c04b04f9e522294b47c' LIMIT 1 [ RunTime:0.000000s ]
---------------------------------------------------------------
[ 2019-09-20T16:49:02+08:00 ] 192.168.1.144 POST 192.168.1.144:9999/api/machine/machine_option
[运行时间：0.185524s] [吞吐率：5.39req/s] [内存消耗：2,832.05kb] [文件加载：125]
[ info ] [ BEHAVIOR ] Run Closure @app_init [ RunTime:0.000000s ]
[ info ] [ CACHE ] INIT File
[ info ] [ BEHAVIOR ] Run Closure @app_init [ RunTime:0.005000s ]
[ info ] [ LANG ] D:\WWW\last\thinkphp\lang\zh-cn.php
[ info ] [ ROUTE ] array (
  'type' => 'module',
  'module' => 
  array (
    0 => 'api',
    1 => 'machine',
    2 => 'machine_option',
  ),
)
[ info ] [ HEADER ] array (
  'connection' => 'close',
  'content-length' => '1089',
  'content-type' => 'multipart/form-data; boundary=--------------------------313937200962318382471862',
  'accept-encoding' => 'gzip, deflate',
  'host' => '192.168.1.144:9999',
  'accept' => '*/*',
  'user-agent' => 'PostmanRuntime/7.6.0',
  'postman-token' => '1f1e2ed3-b394-4e81-989a-0557541bcb04',
  'cache-control' => 'no-cache',
)
[ info ] [ PARAM ] array (
  'token' => '94711b17-95ae-4a0d-971d-3f8d24b346b6',
  'rule_id' => '10',
  'machine_ids' => '1,2,3',
  'username' => 'user9',
  'nickname' => '设备管理员',
  'stock_ids' => '',
  'password' => '123456',
  'user_id' => '14',
  'machine' => '1',
)
[ info ] [ LANG ] D:\WWW\last\public/../application/api\lang\zh-cn.php
[ info ] [ BEHAVIOR ] Run app\common\behavior\Common @module_init [ RunTime:0.002500s ]
[ info ] [ TOKEN ] INIT Mysql
[ info ] [ DB ] INIT mysql
[ info ] [ RUN ] app\api\controller\Machine->machine_option[ D:\WWW\last\application\api\controller\Machine.php ]
[ info ] [ LOG ] INIT File
[ sql ] [ DB ] CONNECT:[ UseTime:0.000501s ] mysql:host=127.0.0.1;dbname=last;charset=utf8
[ sql ] [ SQL ] SHOW COLUMNS FROM `fa_user_token` [ RunTime:0.026003s ]
[ sql ] [ SQL ] SELECT * FROM `fa_user_token` WHERE  `token` = 'f22e64db2e0fc8bde78568cdab960c4f220075a1' LIMIT 1 [ RunTime:0.000500s ]
[ sql ] [ SQL ] SHOW COLUMNS FROM `fa_user` [ RunTime:0.028504s ]
[ sql ] [ SQL ] SELECT * FROM `fa_user` WHERE  `id` = 9 LIMIT 1 [ RunTime:0.000500s ]
[ sql ] [ SQL ] SHOW COLUMNS FROM `fa_client_rule` [ RunTime:0.035505s ]
[ sql ] [ SQL ] SELECT `auth_ids` FROM `fa_client_rule` WHERE  `id` = 3 LIMIT 1 [ RunTime:0.000000s ]
[ sql ] [ SQL ] SHOW COLUMNS FROM `fa_client_auth` [ RunTime:0.028003s ]
[ sql ] [ SQL ] SELECT id as auth_id,`auth_name` FROM `fa_client_auth` WHERE  `id` IN (14,40,16,17,15,18,19) [ RunTime:0.000500s ]
---------------------------------------------------------------
[ 2019-09-20T16:49:14+08:00 ] 192.168.1.144 POST 192.168.1.144:9999/api/machine/machine_edit
[运行时间：0.136017s] [吞吐率：7.35req/s] [内存消耗：2,838.81kb] [文件加载：126]
[ info ] [ BEHAVIOR ] Run Closure @app_init [ RunTime:0.000000s ]
[ info ] [ CACHE ] INIT File
[ info ] [ BEHAVIOR ] Run Closure @app_init [ RunTime:0.003500s ]
[ info ] [ LANG ] D:\WWW\last\thinkphp\lang\zh-cn.php
[ info ] [ ROUTE ] array (
  'type' => 'module',
  'module' => 
  array (
    0 => 'api',
    1 => 'machine',
    2 => 'machine_edit',
  ),
)
[ info ] [ HEADER ] array (
  'connection' => 'close',
  'content-length' => '1089',
  'content-type' => 'multipart/form-data; boundary=--------------------------121188913304472128466982',
  'accept-encoding' => 'gzip, deflate',
  'host' => '192.168.1.144:9999',
  'accept' => '*/*',
  'user-agent' => 'PostmanRuntime/7.6.0',
  'postman-token' => '3deba0ee-b3e7-4eb4-9c94-6956e6716561',
  'cache-control' => 'no-cache',
)
[ info ] [ PARAM ] array (
  'token' => '94711b17-95ae-4a0d-971d-3f8d24b346b6',
  'rule_id' => '10',
  'machine_ids' => '1,2,3',
  'username' => 'user9',
  'nickname' => '设备管理员',
  'stock_ids' => '',
  'password' => '123456',
  'user_id' => '14',
  'machine' => '1',
)
[ info ] [ LANG ] D:\WWW\last\public/../application/api\lang\zh-cn.php
[ info ] [ BEHAVIOR ] Run app\common\behavior\Common @module_init [ RunTime:0.002500s ]
[ info ] [ TOKEN ] INIT Mysql
[ info ] [ DB ] INIT mysql
[ info ] [ RUN ] app\api\controller\Machine->machine_edit[ D:\WWW\last\application\api\controller\Machine.php ]
[ info ] [ LOG ] INIT File
[ sql ] [ DB ] CONNECT:[ UseTime:0.001501s ] mysql:host=127.0.0.1;dbname=last;charset=utf8
[ sql ] [ SQL ] SHOW COLUMNS FROM `fa_user_token` [ RunTime:0.045005s ]
[ sql ] [ SQL ] SELECT * FROM `fa_user_token` WHERE  `token` = 'f22e64db2e0fc8bde78568cdab960c4f220075a1' LIMIT 1 [ RunTime:0.000500s ]
[ sql ] [ SQL ] SHOW COLUMNS FROM `fa_user` [ RunTime:0.024503s ]
[ sql ] [ SQL ] SELECT * FROM `fa_user` WHERE  `id` = 9 LIMIT 1 [ RunTime:0.000500s ]
---------------------------------------------------------------
[ 2019-09-20T16:49:20+08:00 ] 192.168.1.144 GET 192.168.1.144:9999/api/machine/machine_edit
[运行时间：0.104513s] [吞吐率：9.57req/s] [内存消耗：2,515.88kb] [文件加载：124]
[ info ] [ BEHAVIOR ] Run Closure @app_init [ RunTime:0.000000s ]
[ info ] [ CACHE ] INIT File
[ info ] [ BEHAVIOR ] Run Closure @app_init [ RunTime:0.012501s ]
[ info ] [ LANG ] D:\WWW\last\thinkphp\lang\zh-cn.php
[ info ] [ ROUTE ] array (
  'type' => 'module',
  'module' => 
  array (
    0 => 'api',
    1 => 'machine',
    2 => 'machine_edit',
  ),
)
[ info ] [ HEADER ] array (
  'connection' => 'close',
  'content-length' => '1089',
  'content-type' => 'multipart/form-data; boundary=--------------------------570948310843050694438141',
  'accept-encoding' => 'gzip, deflate',
  'host' => '192.168.1.144:9999',
  'accept' => '*/*',
  'user-agent' => 'PostmanRuntime/7.6.0',
  'postman-token' => '329738f7-b61c-44c1-87d6-d8b5e48c0167',
  'cache-control' => 'no-cache',
)
[ info ] [ PARAM ] array (
)
[ info ] [ LANG ] D:\WWW\last\public/../application/api\lang\zh-cn.php
[ info ] [ BEHAVIOR ] Run app\common\behavior\Common @module_init [ RunTime:0.002500s ]
[ info ] [ TOKEN ] INIT Mysql
[ info ] [ DB ] INIT mysql
[ info ] [ LOG ] INIT File
[ sql ] [ DB ] CONNECT:[ UseTime:0.010001s ] mysql:host=127.0.0.1;dbname=last;charset=utf8
[ sql ] [ SQL ] SHOW COLUMNS FROM `fa_user_token` [ RunTime:0.031504s ]
[ sql ] [ SQL ] SELECT * FROM `fa_user_token` WHERE  `token` = 'd8aa945b8448d8a41ab99c04b04f9e522294b47c' LIMIT 1 [ RunTime:0.000500s ]
---------------------------------------------------------------
[ 2019-09-20T16:49:27+08:00 ] 192.168.1.144 POST 192.168.1.144:9999/api/machine/machine_edit
[运行时间：0.134017s] [吞吐率：7.46req/s] [内存消耗：2,838.81kb] [文件加载：126]
[ info ] [ BEHAVIOR ] Run Closure @app_init [ RunTime:0.000000s ]
[ info ] [ CACHE ] INIT File
[ info ] [ BEHAVIOR ] Run Closure @app_init [ RunTime:0.005501s ]
[ info ] [ LANG ] D:\WWW\last\thinkphp\lang\zh-cn.php
[ info ] [ ROUTE ] array (
  'type' => 'module',
  'module' => 
  array (
    0 => 'api',
    1 => 'machine',
    2 => 'machine_edit',
  ),
)
[ info ] [ HEADER ] array (
  'connection' => 'close',
  'content-length' => '1089',
  'content-type' => 'multipart/form-data; boundary=--------------------------861680748552202869804033',
  'accept-encoding' => 'gzip, deflate',
  'host' => '192.168.1.144:9999',
  'accept' => '*/*',
  'user-agent' => 'PostmanRuntime/7.6.0',
  'postman-token' => 'cbfb99de-26c8-41df-910f-20decf83f547',
  'cache-control' => 'no-cache',
)
[ info ] [ PARAM ] array (
  'token' => '94711b17-95ae-4a0d-971d-3f8d24b346b6',
  'rule_id' => '10',
  'machine_ids' => '1,2,3',
  'username' => 'user9',
  'nickname' => '设备管理员',
  'stock_ids' => '',
  'password' => '123456',
  'user_id' => '14',
  'machine' => '1',
)
[ info ] [ LANG ] D:\WWW\last\public/../application/api\lang\zh-cn.php
[ info ] [ BEHAVIOR ] Run app\common\behavior\Common @module_init [ RunTime:0.002501s ]
[ info ] [ TOKEN ] INIT Mysql
[ info ] [ DB ] INIT mysql
[ info ] [ RUN ] app\api\controller\Machine->machine_edit[ D:\WWW\last\application\api\controller\Machine.php ]
[ info ] [ LOG ] INIT File
[ sql ] [ DB ] CONNECT:[ UseTime:0.001000s ] mysql:host=127.0.0.1;dbname=last;charset=utf8
[ sql ] [ SQL ] SHOW COLUMNS FROM `fa_user_token` [ RunTime:0.030504s ]
[ sql ] [ SQL ] SELECT * FROM `fa_user_token` WHERE  `token` = 'f22e64db2e0fc8bde78568cdab960c4f220075a1' LIMIT 1 [ RunTime:0.000500s ]
[ sql ] [ SQL ] SHOW COLUMNS FROM `fa_user` [ RunTime:0.043005s ]
[ sql ] [ SQL ] SELECT * FROM `fa_user` WHERE  `id` = 9 LIMIT 1 [ RunTime:0.001001s ]
---------------------------------------------------------------
[ 2019-09-20T16:49:49+08:00 ] 192.168.1.144 PUT 192.168.1.144:9999/api/machine/machine_edit
[运行时间：0.115015s] [吞吐率：8.69req/s] [内存消耗：2,521.16kb] [文件加载：124]
[ info ] [ BEHAVIOR ] Run Closure @app_init [ RunTime:0.000000s ]
[ info ] [ CACHE ] INIT File
[ info ] [ BEHAVIOR ] Run Closure @app_init [ RunTime:0.003500s ]
[ info ] [ LANG ] D:\WWW\last\thinkphp\lang\zh-cn.php
[ info ] [ ROUTE ] array (
  'type' => 'module',
  'module' => 
  array (
    0 => 'api',
    1 => 'machine',
    2 => 'machine_edit',
  ),
)
[ info ] [ HEADER ] array (
  'connection' => 'close',
  'content-length' => '1089',
  'content-type' => 'multipart/form-data; boundary=--------------------------194381752763727109909530',
  'accept-encoding' => 'gzip, deflate',
  'host' => '192.168.1.144:9999',
  'accept' => '*/*',
  'user-agent' => 'PostmanRuntime/7.6.0',
  'postman-token' => '80a00e1c-edfb-406a-807c-15510e209a35',
  'cache-control' => 'no-cache',
)
[ info ] [ PARAM ] array (
  '----------------------------194381752763727109909530
Content-Disposition:_form-data;_name' => '"token"

94711b17-95ae-4a0d-971d-3f8d24b346b6
----------------------------194381752763727109909530
Content-Disposition: form-data; name="rule_id"

10
----------------------------194381752763727109909530
Content-Disposition: form-data; name="machine_ids"

1,2,3
----------------------------194381752763727109909530
Content-Disposition: form-data; name="username"

user9
----------------------------194381752763727109909530
Content-Disposition: form-data; name="nickname"

设备管理员
----------------------------194381752763727109909530
Content-Disposition: form-data; name="stock_ids"


----------------------------194381752763727109909530
Content-Disposition: form-data; name="password"

123456
----------------------------194381752763727109909530
Content-Disposition: form-data; name="user_id"

14
----------------------------194381752763727109909530
Content-Disposition: form-data; name="machine"

1
----------------------------194381752763727109909530--
',
)
[ info ] [ LANG ] D:\WWW\last\public/../application/api\lang\zh-cn.php
[ info ] [ BEHAVIOR ] Run app\common\behavior\Common @module_init [ RunTime:0.003500s ]
[ info ] [ TOKEN ] INIT Mysql
[ info ] [ DB ] INIT mysql
[ info ] [ LOG ] INIT File
[ sql ] [ DB ] CONNECT:[ UseTime:0.000501s ] mysql:host=127.0.0.1;dbname=last;charset=utf8
[ sql ] [ SQL ] SHOW COLUMNS FROM `fa_user_token` [ RunTime:0.062507s ]
[ sql ] [ SQL ] SELECT * FROM `fa_user_token` WHERE  `token` = 'd8aa945b8448d8a41ab99c04b04f9e522294b47c' LIMIT 1 [ RunTime:0.000501s ]
---------------------------------------------------------------
[ 2019-09-20T16:49:52+08:00 ] 192.168.1.144 POST 192.168.1.144:9999/api/machine/machine_edit
[运行时间：0.137017s] [吞吐率：7.30req/s] [内存消耗：2,838.81kb] [文件加载：126]
[ info ] [ BEHAVIOR ] Run Closure @app_init [ RunTime:0.000000s ]
[ info ] [ CACHE ] INIT File
[ info ] [ BEHAVIOR ] Run Closure @app_init [ RunTime:0.005000s ]
[ info ] [ LANG ] D:\WWW\last\thinkphp\lang\zh-cn.php
[ info ] [ ROUTE ] array (
  'type' => 'module',
  'module' => 
  array (
    0 => 'api',
    1 => 'machine',
    2 => 'machine_edit',
  ),
)
[ info ] [ HEADER ] array (
  'connection' => 'close',
  'content-length' => '1089',
  'content-type' => 'multipart/form-data; boundary=--------------------------126239349797364973029432',
  'accept-encoding' => 'gzip, deflate',
  'host' => '192.168.1.144:9999',
  'accept' => '*/*',
  'user-agent' => 'PostmanRuntime/7.6.0',
  'postman-token' => 'f5f3b8e4-bc9d-4d87-998f-fb9a7a61d828',
  'cache-control' => 'no-cache',
)
[ info ] [ PARAM ] array (
  'token' => '94711b17-95ae-4a0d-971d-3f8d24b346b6',
  'rule_id' => '10',
  'machine_ids' => '1,2,3',
  'username' => 'user9',
  'nickname' => '设备管理员',
  'stock_ids' => '',
  'password' => '123456',
  'user_id' => '14',
  'machine' => '1',
)
[ info ] [ LANG ] D:\WWW\last\public/../application/api\lang\zh-cn.php
[ info ] [ BEHAVIOR ] Run app\common\behavior\Common @module_init [ RunTime:0.003000s ]
[ info ] [ TOKEN ] INIT Mysql
[ info ] [ DB ] INIT mysql
[ info ] [ RUN ] app\api\controller\Machine->machine_edit[ D:\WWW\last\application\api\controller\Machine.php ]
[ info ] [ LOG ] INIT File
[ sql ] [ DB ] CONNECT:[ UseTime:0.000500s ] mysql:host=127.0.0.1;dbname=last;charset=utf8
[ sql ] [ SQL ] SHOW COLUMNS FROM `fa_user_token` [ RunTime:0.037005s ]
[ sql ] [ SQL ] SELECT * FROM `fa_user_token` WHERE  `token` = 'f22e64db2e0fc8bde78568cdab960c4f220075a1' LIMIT 1 [ RunTime:0.000500s ]
[ sql ] [ SQL ] SHOW COLUMNS FROM `fa_user` [ RunTime:0.032504s ]
[ sql ] [ SQL ] SELECT * FROM `fa_user` WHERE  `id` = 9 LIMIT 1 [ RunTime:0.001500s ]
---------------------------------------------------------------
[ 2019-09-20T16:56:10+08:00 ] 192.168.1.144 POST 192.168.1.144:9999/api/machine/machine_edit_list
[运行时间：0.251532s] [吞吐率：3.98req/s] [内存消耗：2,883.88kb] [文件加载：131]
[ info ] [ BEHAVIOR ] Run Closure @app_init [ RunTime:0.000000s ]
[ info ] [ CACHE ] INIT File
[ info ] [ BEHAVIOR ] Run Closure @app_init [ RunTime:0.005501s ]
[ info ] [ LANG ] D:\WWW\last\thinkphp\lang\zh-cn.php
[ info ] [ ROUTE ] array (
  'type' => 'module',
  'module' => 
  array (
    0 => 'api',
    1 => 'machine',
    2 => 'machine_edit_list',
  ),
)
[ info ] [ HEADER ] array (
  'connection' => 'close',
  'content-length' => '1089',
  'content-type' => 'multipart/form-data; boundary=--------------------------518089438405904842971234',
  'accept-encoding' => 'gzip, deflate',
  'host' => '192.168.1.144:9999',
  'accept' => '*/*',
  'user-agent' => 'PostmanRuntime/7.6.0',
  'postman-token' => 'a841b27e-3a55-4f85-9ee8-b61a568439dc',
  'cache-control' => 'no-cache',
)
[ info ] [ PARAM ] array (
  'token' => '94711b17-95ae-4a0d-971d-3f8d24b346b6',
  'rule_id' => '10',
  'machine_ids' => '1,2,3',
  'username' => 'user9',
  'nickname' => '设备管理员',
  'stock_ids' => '',
  'password' => '123456',
  'user_id' => '14',
  'machine' => '1',
)
[ info ] [ LANG ] D:\WWW\last\public/../application/api\lang\zh-cn.php
[ info ] [ BEHAVIOR ] Run app\common\behavior\Common @module_init [ RunTime:0.002501s ]
[ info ] [ TOKEN ] INIT Mysql
[ info ] [ DB ] INIT mysql
[ info ] [ RUN ] app\api\controller\Machine->machine_edit_list[ D:\WWW\last\application\api\controller\Machine.php ]
[ info ] [ LOG ] INIT File
[ sql ] [ DB ] CONNECT:[ UseTime:0.002000s ] mysql:host=127.0.0.1;dbname=last;charset=utf8
[ sql ] [ SQL ] SHOW COLUMNS FROM `fa_user_token` [ RunTime:0.037005s ]
[ sql ] [ SQL ] SELECT * FROM `fa_user_token` WHERE  `token` = 'f22e64db2e0fc8bde78568cdab960c4f220075a1' LIMIT 1 [ RunTime:0.000500s ]
[ sql ] [ SQL ] SHOW COLUMNS FROM `fa_user` [ RunTime:0.040505s ]
[ sql ] [ SQL ] SELECT * FROM `fa_user` WHERE  `id` = 9 LIMIT 1 [ RunTime:0.000500s ]
[ sql ] [ SQL ] SHOW COLUMNS FROM `fa_machine` [ RunTime:0.032004s ]
[ error ] [10501]SQLSTATE[42S22]: Column not found: 1054 Unknown column 'location1' in 'field list'[D:\WWW\last\thinkphp\library\think\db\Connection.php:385]
---------------------------------------------------------------
[ 2019-09-20T16:56:27+08:00 ] 192.168.1.144 POST 192.168.1.144:9999/api/machine/machine_edit_list
[运行时间：0.180023s] [吞吐率：5.55req/s] [内存消耗：2,829.54kb] [文件加载：125]
[ info ] [ BEHAVIOR ] Run Closure @app_init [ RunTime:0.000000s ]
[ info ] [ CACHE ] INIT File
[ info ] [ BEHAVIOR ] Run Closure @app_init [ RunTime:0.009501s ]
[ info ] [ LANG ] D:\WWW\last\thinkphp\lang\zh-cn.php
[ info ] [ ROUTE ] array (
  'type' => 'module',
  'module' => 
  array (
    0 => 'api',
    1 => 'machine',
    2 => 'machine_edit_list',
  ),
)
[ info ] [ HEADER ] array (
  'connection' => 'close',
  'content-length' => '1089',
  'content-type' => 'multipart/form-data; boundary=--------------------------469659003767356007012861',
  'accept-encoding' => 'gzip, deflate',
  'host' => '192.168.1.144:9999',
  'accept' => '*/*',
  'user-agent' => 'PostmanRuntime/7.6.0',
  'postman-token' => '582f9f24-bafe-43d3-8bbe-9a1449aac879',
  'cache-control' => 'no-cache',
)
[ info ] [ PARAM ] array (
  'token' => '94711b17-95ae-4a0d-971d-3f8d24b346b6',
  'rule_id' => '10',
  'machine_ids' => '1,2,3',
  'username' => 'user9',
  'nickname' => '设备管理员',
  'stock_ids' => '',
  'password' => '123456',
  'user_id' => '14',
  'machine' => '1',
)
[ info ] [ LANG ] D:\WWW\last\public/../application/api\lang\zh-cn.php
[ info ] [ BEHAVIOR ] Run app\common\behavior\Common @module_init [ RunTime:0.002500s ]
[ info ] [ TOKEN ] INIT Mysql
[ info ] [ DB ] INIT mysql
[ info ] [ RUN ] app\api\controller\Machine->machine_edit_list[ D:\WWW\last\application\api\controller\Machine.php ]
[ info ] [ LOG ] INIT File
[ sql ] [ DB ] CONNECT:[ UseTime:0.010501s ] mysql:host=127.0.0.1;dbname=last;charset=utf8
[ sql ] [ SQL ] SHOW COLUMNS FROM `fa_user_token` [ RunTime:0.062008s ]
[ sql ] [ SQL ] SELECT * FROM `fa_user_token` WHERE  `token` = 'f22e64db2e0fc8bde78568cdab960c4f220075a1' LIMIT 1 [ RunTime:0.000500s ]
[ sql ] [ SQL ] SHOW COLUMNS FROM `fa_user` [ RunTime:0.022003s ]
[ sql ] [ SQL ] SELECT * FROM `fa_user` WHERE  `id` = 9 LIMIT 1 [ RunTime:0.000500s ]
[ sql ] [ SQL ] SHOW COLUMNS FROM `fa_machine` [ RunTime:0.018503s ]
[ sql ] [ SQL ] SELECT `machine_id`,`machine_name`,`address`,`address2`,`comment` FROM `fa_machine` WHERE  `machine_id` IS NULL LIMIT 1 [ RunTime:0.000000s ]
---------------------------------------------------------------
[ 2019-09-20T16:56:36+08:00 ] 192.168.1.144 POST 192.168.1.144:9999/api/machine/machine_edit_list
[运行时间：0.136017s] [吞吐率：7.35req/s] [内存消耗：2,831.04kb] [文件加载：125]
[ info ] [ BEHAVIOR ] Run Closure @app_init [ RunTime:0.000000s ]
[ info ] [ CACHE ] INIT File
[ info ] [ BEHAVIOR ] Run Closure @app_init [ RunTime:0.002500s ]
[ info ] [ LANG ] D:\WWW\last\thinkphp\lang\zh-cn.php
[ info ] [ ROUTE ] array (
  'type' => 'module',
  'module' => 
  array (
    0 => 'api',
    1 => 'machine',
    2 => 'machine_edit_list',
  ),
)
[ info ] [ HEADER ] array (
  'connection' => 'close',
  'content-length' => '1093',
  'content-type' => 'multipart/form-data; boundary=--------------------------718192543763904966657854',
  'accept-encoding' => 'gzip, deflate',
  'host' => '192.168.1.144:9999',
  'accept' => '*/*',
  'user-agent' => 'PostmanRuntime/7.6.0',
  'postman-token' => '464e2086-7c82-4ae8-a94a-622f2c785955',
  'cache-control' => 'no-cache',
)
[ info ] [ PARAM ] array (
  'token' => '94711b17-95ae-4a0d-971d-3f8d24b346b6',
  'rule_id' => '10',
  'machine_ids' => '1,2,3',
  'username' => 'user9',
  'nickname' => '设备管理员',
  'stock_ids' => '',
  'password' => '123456',
  'user_id' => '14',
  'machine_id' => '1',
)
[ info ] [ LANG ] D:\WWW\last\public/../application/api\lang\zh-cn.php
[ info ] [ BEHAVIOR ] Run app\common\behavior\Common @module_init [ RunTime:0.002000s ]
[ info ] [ TOKEN ] INIT Mysql
[ info ] [ DB ] INIT mysql
[ info ] [ RUN ] app\api\controller\Machine->machine_edit_list[ D:\WWW\last\application\api\controller\Machine.php ]
[ info ] [ LOG ] INIT File
[ sql ] [ DB ] CONNECT:[ UseTime:0.010002s ] mysql:host=127.0.0.1;dbname=last;charset=utf8
[ sql ] [ SQL ] SHOW COLUMNS FROM `fa_user_token` [ RunTime:0.022503s ]
[ sql ] [ SQL ] SELECT * FROM `fa_user_token` WHERE  `token` = 'f22e64db2e0fc8bde78568cdab960c4f220075a1' LIMIT 1 [ RunTime:0.000500s ]
[ sql ] [ SQL ] SHOW COLUMNS FROM `fa_user` [ RunTime:0.021003s ]
[ sql ] [ SQL ] SELECT * FROM `fa_user` WHERE  `id` = 9 LIMIT 1 [ RunTime:0.001000s ]
[ sql ] [ SQL ] SHOW COLUMNS FROM `fa_machine` [ RunTime:0.025003s ]
[ sql ] [ SQL ] SELECT `machine_id`,`machine_name`,`address`,`address2`,`comment` FROM `fa_machine` WHERE  `machine_id` = 1 LIMIT 1 [ RunTime:0.000500s ]
---------------------------------------------------------------
[ 2019-09-20T17:04:19+08:00 ] 192.168.1.144 POST 192.168.1.144:9999/api/machine/machine_edit_save
[运行时间：0.254532s] [吞吐率：3.93req/s] [内存消耗：2,882.31kb] [文件加载：129]
[ info ] [ BEHAVIOR ] Run Closure @app_init [ RunTime:0.000000s ]
[ info ] [ CACHE ] INIT File
[ info ] [ BEHAVIOR ] Run Closure @app_init [ RunTime:0.012001s ]
[ info ] [ LANG ] D:\WWW\last\thinkphp\lang\zh-cn.php
[ info ] [ ROUTE ] array (
  'type' => 'module',
  'module' => 
  array (
    0 => 'api',
    1 => 'machine',
    2 => 'machine_edit_save',
  ),
)
[ info ] [ HEADER ] array (
  'connection' => 'close',
  'content-length' => '1553',
  'content-type' => 'multipart/form-data; boundary=--------------------------813007333871007856967359',
  'accept-encoding' => 'gzip, deflate',
  'host' => '192.168.1.144:9999',
  'accept' => '*/*',
  'user-agent' => 'PostmanRuntime/7.6.0',
  'postman-token' => '39d6516e-df0c-404a-80b9-f61871b3fd4c',
  'cache-control' => 'no-cache',
)
[ info ] [ PARAM ] array (
  'token' => '94711b17-95ae-4a0d-971d-3f8d24b346b6',
  'rule_id' => '10',
  'machine_ids' => '1,2,3',
  'username' => 'user9',
  'nickname' => '设备管理员',
  'stock_ids' => '',
  'password' => '123456',
  'user_id' => '14',
  'machine_id' => '1',
  'machine_name' => '一号设备',
  'address' => '北京',
  'address2' => '朝阳',
  'comment' => '备注',
)
[ info ] [ LANG ] D:\WWW\last\public/../application/api\lang\zh-cn.php
[ info ] [ BEHAVIOR ] Run app\common\behavior\Common @module_init [ RunTime:0.004501s ]
[ info ] [ TOKEN ] INIT Mysql
[ info ] [ DB ] INIT mysql
[ info ] [ RUN ] app\api\controller\Machine->machine_edit_save[ D:\WWW\last\application\api\controller\Machine.php ]
[ info ] [ LOG ] INIT File
[ sql ] [ DB ] CONNECT:[ UseTime:0.011002s ] mysql:host=127.0.0.1;dbname=last;charset=utf8
[ sql ] [ SQL ] SHOW COLUMNS FROM `fa_user_token` [ RunTime:0.040005s ]
[ sql ] [ SQL ] SELECT * FROM `fa_user_token` WHERE  `token` = 'f22e64db2e0fc8bde78568cdab960c4f220075a1' LIMIT 1 [ RunTime:0.000500s ]
[ sql ] [ SQL ] SHOW COLUMNS FROM `fa_user` [ RunTime:0.025504s ]
[ sql ] [ SQL ] SELECT * FROM `fa_user` WHERE  `id` = 9 LIMIT 1 [ RunTime:0.000500s ]
[ sql ] [ SQL ] SHOW COLUMNS FROM `fa_client_rule` [ RunTime:0.028503s ]
[ sql ] [ SQL ] SELECT `auth_ids` FROM `fa_client_rule` WHERE  `id` = 3 LIMIT 1 [ RunTime:0.000000s ]
[ sql ] [ SQL ] SHOW COLUMNS FROM `fa_machine` [ RunTime:0.036004s ]
[ error ] [0]数据表字段不存在:[token][D:\WWW\last\thinkphp\library\think\db\Builder.php:115]
---------------------------------------------------------------
[ 2019-09-20T17:04:26+08:00 ] 192.168.1.144 POST 192.168.1.144:9999/api/machine/machine_edit_save
[运行时间：0.139517s] [吞吐率：7.17req/s] [内存消耗：2,517.48kb] [文件加载：124]
[ info ] [ BEHAVIOR ] Run Closure @app_init [ RunTime:0.000000s ]
[ info ] [ CACHE ] INIT File
[ info ] [ BEHAVIOR ] Run Closure @app_init [ RunTime:0.006001s ]
[ info ] [ LANG ] D:\WWW\last\thinkphp\lang\zh-cn.php
[ info ] [ ROUTE ] array (
  'type' => 'module',
  'module' => 
  array (
    0 => 'api',
    1 => 'machine',
    2 => 'machine_edit_save',
  ),
)
[ info ] [ HEADER ] array (
  'connection' => 'close',
  'content-length' => '1413',
  'content-type' => 'multipart/form-data; boundary=--------------------------943602990265380126311516',
  'accept-encoding' => 'gzip, deflate',
  'host' => '192.168.1.144:9999',
  'accept' => '*/*',
  'user-agent' => 'PostmanRuntime/7.6.0',
  'postman-token' => 'f4b5069f-790c-4b0c-9b9a-0cb28b260f41',
  'cache-control' => 'no-cache',
)
[ info ] [ PARAM ] array (
  'rule_id' => '10',
  'machine_ids' => '1,2,3',
  'username' => 'user9',
  'nickname' => '设备管理员',
  'stock_ids' => '',
  'password' => '123456',
  'user_id' => '14',
  'machine_id' => '1',
  'machine_name' => '一号设备',
  'address' => '北京',
  'address2' => '朝阳',
  'comment' => '备注',
)
[ info ] [ LANG ] D:\WWW\last\public/../application/api\lang\zh-cn.php
[ info ] [ BEHAVIOR ] Run app\common\behavior\Common @module_init [ RunTime:0.003500s ]
[ info ] [ TOKEN ] INIT Mysql
[ info ] [ DB ] INIT mysql
[ info ] [ LOG ] INIT File
[ sql ] [ DB ] CONNECT:[ UseTime:0.001500s ] mysql:host=127.0.0.1;dbname=last;charset=utf8
[ sql ] [ SQL ] SHOW COLUMNS FROM `fa_user_token` [ RunTime:0.047006s ]
[ sql ] [ SQL ] SELECT * FROM `fa_user_token` WHERE  `token` = 'd8aa945b8448d8a41ab99c04b04f9e522294b47c' LIMIT 1 [ RunTime:0.000500s ]
---------------------------------------------------------------
[ 2019-09-20T17:06:55+08:00 ] 192.168.1.144 POST 192.168.1.144:9999/api/machine/machine_edit_save
[运行时间：0.131517s] [吞吐率：7.60req/s] [内存消耗：2,517.49kb] [文件加载：124]
[ info ] [ BEHAVIOR ] Run Closure @app_init [ RunTime:0.000000s ]
[ info ] [ CACHE ] INIT File
[ info ] [ BEHAVIOR ] Run Closure @app_init [ RunTime:0.003500s ]
[ info ] [ LANG ] D:\WWW\last\thinkphp\lang\zh-cn.php
[ info ] [ ROUTE ] array (
  'type' => 'module',
  'module' => 
  array (
    0 => 'api',
    1 => 'machine',
    2 => 'machine_edit_save',
  ),
)
[ info ] [ HEADER ] array (
  'connection' => 'close',
  'content-length' => '1413',
  'content-type' => 'multipart/form-data; boundary=--------------------------630613864153695454341491',
  'accept-encoding' => 'gzip, deflate',
  'host' => '192.168.1.144:9999',
  'accept' => '*/*',
  'user-agent' => 'PostmanRuntime/7.6.0',
  'postman-token' => '52a2749a-2e15-4761-a418-214c7b38bc63',
  'cache-control' => 'no-cache',
)
[ info ] [ PARAM ] array (
  'rule_id' => '10',
  'machine_ids' => '1,2,3',
  'username' => 'user9',
  'nickname' => '设备管理员',
  'stock_ids' => '',
  'password' => '123456',
  'user_id' => '14',
  'machine_id' => '1',
  'machine_name' => '一号设备',
  'address' => '北京',
  'address2' => '朝阳',
  'comment' => '备注',
)
[ info ] [ LANG ] D:\WWW\last\public/../application/api\lang\zh-cn.php
[ info ] [ BEHAVIOR ] Run app\common\behavior\Common @module_init [ RunTime:0.003000s ]
[ info ] [ TOKEN ] INIT Mysql
[ info ] [ DB ] INIT mysql
[ info ] [ LOG ] INIT File
[ sql ] [ DB ] CONNECT:[ UseTime:0.000500s ] mysql:host=127.0.0.1;dbname=last;charset=utf8
[ sql ] [ SQL ] SHOW COLUMNS FROM `fa_user_token` [ RunTime:0.044506s ]
[ sql ] [ SQL ] SELECT * FROM `fa_user_token` WHERE  `token` = 'd8aa945b8448d8a41ab99c04b04f9e522294b47c' LIMIT 1 [ RunTime:0.000500s ]
---------------------------------------------------------------
[ 2019-09-20T17:07:01+08:00 ] 192.168.1.144 POST 192.168.1.144:9999/api/machine/machine_edit_save
[运行时间：0.227029s] [吞吐率：4.40req/s] [内存消耗：2,882.32kb] [文件加载：129]
[ info ] [ BEHAVIOR ] Run Closure @app_init [ RunTime:0.000000s ]
[ info ] [ CACHE ] INIT File
[ info ] [ BEHAVIOR ] Run Closure @app_init [ RunTime:0.005000s ]
[ info ] [ LANG ] D:\WWW\last\thinkphp\lang\zh-cn.php
[ info ] [ ROUTE ] array (
  'type' => 'module',
  'module' => 
  array (
    0 => 'api',
    1 => 'machine',
    2 => 'machine_edit_save',
  ),
)
[ info ] [ HEADER ] array (
  'connection' => 'close',
  'content-length' => '1553',
  'content-type' => 'multipart/form-data; boundary=--------------------------124334724895372232941838',
  'accept-encoding' => 'gzip, deflate',
  'host' => '192.168.1.144:9999',
  'accept' => '*/*',
  'user-agent' => 'PostmanRuntime/7.6.0',
  'postman-token' => '2a30358d-9384-4c3a-b80b-e8370b583b3e',
  'cache-control' => 'no-cache',
)
[ info ] [ PARAM ] array (
  'token' => '94711b17-95ae-4a0d-971d-3f8d24b346b6',
  'rule_id' => '10',
  'machine_ids' => '1,2,3',
  'username' => 'user9',
  'nickname' => '设备管理员',
  'stock_ids' => '',
  'password' => '123456',
  'user_id' => '14',
  'machine_id' => '1',
  'machine_name' => '一号设备',
  'address' => '北京',
  'address2' => '朝阳',
  'comment' => '备注',
)
[ info ] [ LANG ] D:\WWW\last\public/../application/api\lang\zh-cn.php
[ info ] [ BEHAVIOR ] Run app\common\behavior\Common @module_init [ RunTime:0.003000s ]
[ info ] [ TOKEN ] INIT Mysql
[ info ] [ DB ] INIT mysql
[ info ] [ RUN ] app\api\controller\Machine->machine_edit_save[ D:\WWW\last\application\api\controller\Machine.php ]
[ info ] [ LOG ] INIT File
[ sql ] [ DB ] CONNECT:[ UseTime:0.004501s ] mysql:host=127.0.0.1;dbname=last;charset=utf8
[ sql ] [ SQL ] SHOW COLUMNS FROM `fa_user_token` [ RunTime:0.046506s ]
[ sql ] [ SQL ] SELECT * FROM `fa_user_token` WHERE  `token` = 'f22e64db2e0fc8bde78568cdab960c4f220075a1' LIMIT 1 [ RunTime:0.001000s ]
[ sql ] [ SQL ] SHOW COLUMNS FROM `fa_user` [ RunTime:0.029504s ]
[ sql ] [ SQL ] SELECT * FROM `fa_user` WHERE  `id` = 9 LIMIT 1 [ RunTime:0.000500s ]
[ sql ] [ SQL ] SHOW COLUMNS FROM `fa_client_rule` [ RunTime:0.029004s ]
[ sql ] [ SQL ] SELECT `auth_ids` FROM `fa_client_rule` WHERE  `id` = 3 LIMIT 1 [ RunTime:0.000000s ]
[ sql ] [ SQL ] SHOW COLUMNS FROM `fa_machine` [ RunTime:0.021003s ]
[ error ] [0]数据表字段不存在:[rule_id][D:\WWW\last\thinkphp\library\think\db\Builder.php:115]
---------------------------------------------------------------
[ 2019-09-20T17:07:23+08:00 ] 192.168.1.144 POST 192.168.1.144:9999/api/machine/machine_edit_save
[运行时间：0.173522s] [吞吐率：5.76req/s] [内存消耗：2,829.30kb] [文件加载：126]
[ info ] [ BEHAVIOR ] Run Closure @app_init [ RunTime:0.000000s ]
[ info ] [ CACHE ] INIT File
[ info ] [ BEHAVIOR ] Run Closure @app_init [ RunTime:0.005501s ]
[ info ] [ LANG ] D:\WWW\last\thinkphp\lang\zh-cn.php
[ info ] [ ROUTE ] array (
  'type' => 'module',
  'module' => 
  array (
    0 => 'api',
    1 => 'machine',
    2 => 'machine_edit_save',
  ),
)
[ info ] [ HEADER ] array (
  'connection' => 'close',
  'content-length' => '1553',
  'content-type' => 'multipart/form-data; boundary=--------------------------896591881603798329045283',
  'accept-encoding' => 'gzip, deflate',
  'host' => '192.168.1.144:9999',
  'accept' => '*/*',
  'user-agent' => 'PostmanRuntime/7.6.0',
  'postman-token' => '02b66a87-db66-4d71-b428-49108f10563b',
  'cache-control' => 'no-cache',
)
[ info ] [ PARAM ] array (
  'token' => '94711b17-95ae-4a0d-971d-3f8d24b346b6',
  'rule_id' => '10',
  'machine_ids' => '1,2,3',
  'username' => 'user9',
  'nickname' => '设备管理员',
  'stock_ids' => '',
  'password' => '123456',
  'user_id' => '14',
  'machine_id' => '1',
  'machine_name' => '一号设备',
  'address' => '北京',
  'address2' => '朝阳',
  'comment' => '备注',
)
[ info ] [ LANG ] D:\WWW\last\public/../application/api\lang\zh-cn.php
[ info ] [ BEHAVIOR ] Run app\common\behavior\Common @module_init [ RunTime:0.001500s ]
[ info ] [ TOKEN ] INIT Mysql
[ info ] [ DB ] INIT mysql
[ info ] [ RUN ] app\api\controller\Machine->machine_edit_save[ D:\WWW\last\application\api\controller\Machine.php ]
[ info ] [ LOG ] INIT File
[ sql ] [ DB ] CONNECT:[ UseTime:0.010501s ] mysql:host=127.0.0.1;dbname=last;charset=utf8
[ sql ] [ SQL ] SHOW COLUMNS FROM `fa_user_token` [ RunTime:0.041005s ]
[ sql ] [ SQL ] SELECT * FROM `fa_user_token` WHERE  `token` = 'f22e64db2e0fc8bde78568cdab960c4f220075a1' LIMIT 1 [ RunTime:0.000501s ]
[ sql ] [ SQL ] SHOW COLUMNS FROM `fa_user` [ RunTime:0.019002s ]
[ sql ] [ SQL ] SELECT * FROM `fa_user` WHERE  `id` = 9 LIMIT 1 [ RunTime:0.000500s ]
[ sql ] [ SQL ] SHOW COLUMNS FROM `fa_client_rule` [ RunTime:0.019503s ]
[ sql ] [ SQL ] SELECT `auth_ids` FROM `fa_client_rule` WHERE  `id` = 3 LIMIT 1 [ RunTime:0.000000s ]
---------------------------------------------------------------
[ 2019-09-20T17:07:47+08:00 ] 192.168.1.144 POST 192.168.1.144:9999/api/machine/machine_edit_save
[运行时间：0.181023s] [吞吐率：5.52req/s] [内存消耗：2,828.20kb] [文件加载：126]
[ info ] [ BEHAVIOR ] Run Closure @app_init [ RunTime:0.000000s ]
[ info ] [ CACHE ] INIT File
[ info ] [ BEHAVIOR ] Run Closure @app_init [ RunTime:0.003501s ]
[ info ] [ LANG ] D:\WWW\last\thinkphp\lang\zh-cn.php
[ info ] [ ROUTE ] array (
  'type' => 'module',
  'module' => 
  array (
    0 => 'api',
    1 => 'machine',
    2 => 'machine_edit_save',
  ),
)
[ info ] [ HEADER ] array (
  'connection' => 'close',
  'content-length' => '767',
  'content-type' => 'multipart/form-data; boundary=--------------------------758368752416271646370974',
  'accept-encoding' => 'gzip, deflate',
  'host' => '192.168.1.144:9999',
  'accept' => '*/*',
  'user-agent' => 'PostmanRuntime/7.6.0',
  'postman-token' => '417a48ff-44b6-413d-bc30-18bb84f03718',
  'cache-control' => 'no-cache',
)
[ info ] [ PARAM ] array (
  'token' => '94711b17-95ae-4a0d-971d-3f8d24b346b6',
  'machine_id' => '1',
  'machine_name' => '一号设备',
  'address' => '北京',
  'address2' => '朝阳',
  'comment' => '备注',
)
[ info ] [ LANG ] D:\WWW\last\public/../application/api\lang\zh-cn.php
[ info ] [ BEHAVIOR ] Run app\common\behavior\Common @module_init [ RunTime:0.002000s ]
[ info ] [ TOKEN ] INIT Mysql
[ info ] [ DB ] INIT mysql
[ info ] [ RUN ] app\api\controller\Machine->machine_edit_save[ D:\WWW\last\application\api\controller\Machine.php ]
[ info ] [ LOG ] INIT File
[ sql ] [ DB ] CONNECT:[ UseTime:0.000500s ] mysql:host=127.0.0.1;dbname=last;charset=utf8
[ sql ] [ SQL ] SHOW COLUMNS FROM `fa_user_token` [ RunTime:0.039505s ]
[ sql ] [ SQL ] SELECT * FROM `fa_user_token` WHERE  `token` = 'f22e64db2e0fc8bde78568cdab960c4f220075a1' LIMIT 1 [ RunTime:0.000500s ]
[ sql ] [ SQL ] SHOW COLUMNS FROM `fa_user` [ RunTime:0.045506s ]
[ sql ] [ SQL ] SELECT * FROM `fa_user` WHERE  `id` = 9 LIMIT 1 [ RunTime:0.000500s ]
[ sql ] [ SQL ] SHOW COLUMNS FROM `fa_client_rule` [ RunTime:0.037005s ]
[ sql ] [ SQL ] SELECT `auth_ids` FROM `fa_client_rule` WHERE  `id` = 3 LIMIT 1 [ RunTime:0.000500s ]
---------------------------------------------------------------
[ 2019-09-20T17:07:59+08:00 ] 192.168.1.144 POST 192.168.1.144:9999/api/machine/machine_edit_save
[运行时间：0.241031s] [吞吐率：4.15req/s] [内存消耗：2,806.82kb] [文件加载：127]
[ info ] [ BEHAVIOR ] Run Closure @app_init [ RunTime:0.000000s ]
[ info ] [ CACHE ] INIT File
[ info ] [ BEHAVIOR ] Run Closure @app_init [ RunTime:0.004000s ]
[ info ] [ LANG ] D:\WWW\last\thinkphp\lang\zh-cn.php
[ info ] [ ROUTE ] array (
  'type' => 'module',
  'module' => 
  array (
    0 => 'api',
    1 => 'machine',
    2 => 'machine_edit_save',
  ),
)
[ info ] [ HEADER ] array (
  'connection' => 'close',
  'content-length' => '767',
  'content-type' => 'multipart/form-data; boundary=--------------------------340164349248999634260579',
  'accept-encoding' => 'gzip, deflate',
  'host' => '192.168.1.144:9999',
  'accept' => '*/*',
  'user-agent' => 'PostmanRuntime/7.6.0',
  'postman-token' => '7a1d9120-406f-4f46-bd46-c679f955c4d5',
  'cache-control' => 'no-cache',
)
[ info ] [ PARAM ] array (
  'token' => '94711b17-95ae-4a0d-971d-3f8d24b346b6',
  'machine_id' => '1',
  'machine_name' => '一号设备',
  'address' => '北京',
  'address2' => '朝阳',
  'comment' => '备注',
)
[ info ] [ LANG ] D:\WWW\last\public/../application/api\lang\zh-cn.php
[ info ] [ BEHAVIOR ] Run app\common\behavior\Common @module_init [ RunTime:0.002000s ]
[ info ] [ TOKEN ] INIT Mysql
[ info ] [ DB ] INIT mysql
[ info ] [ RUN ] app\api\controller\Machine->machine_edit_save[ D:\WWW\last\application\api\controller\Machine.php ]
[ info ] [ LOG ] INIT File
[ sql ] [ DB ] CONNECT:[ UseTime:0.015002s ] mysql:host=127.0.0.1;dbname=last;charset=utf8
[ sql ] [ SQL ] SHOW COLUMNS FROM `fa_user_token` [ RunTime:0.042505s ]
[ sql ] [ SQL ] SELECT * FROM `fa_user_token` WHERE  `token` = 'f22e64db2e0fc8bde78568cdab960c4f220075a1' LIMIT 1 [ RunTime:0.000500s ]
[ sql ] [ SQL ] SHOW COLUMNS FROM `fa_user` [ RunTime:0.053506s ]
[ sql ] [ SQL ] SELECT * FROM `fa_user` WHERE  `id` = 9 LIMIT 1 [ RunTime:0.001000s ]
[ sql ] [ SQL ] SHOW COLUMNS FROM `fa_client_rule` [ RunTime:0.030504s ]
[ sql ] [ SQL ] SELECT `auth_ids` FROM `fa_client_rule` WHERE  `id` = 3 LIMIT 1 [ RunTime:0.000500s ]
[ sql ] [ SQL ] SHOW COLUMNS FROM `fa_machine` [ RunTime:0.029503s ]
[ sql ] [ SQL ] UPDATE `fa_machine`  SET `machine_id`=1,`machine_name`='一号设备',`address`='北京',`address2`='朝阳',`comment`='备注'  WHERE  `machine_id` = 1 [ RunTime:0.000500s ]
---------------------------------------------------------------
[ 2019-09-20T18:16:26+08:00 ] 192.168.1.144 POST 192.168.1.144:9999/api/machine/test
[运行时间：0.621079s] [吞吐率：1.61req/s] [内存消耗：2,853.42kb] [文件加载：126]
[ info ] [ BEHAVIOR ] Run Closure @app_init [ RunTime:0.000500s ]
[ info ] [ CACHE ] INIT File
[ info ] [ BEHAVIOR ] Run Closure @app_init [ RunTime:0.005501s ]
[ info ] [ LANG ] D:\WWW\last\thinkphp\lang\zh-cn.php
[ info ] [ ROUTE ] array (
  'type' => 'module',
  'module' => 
  array (
    0 => 'api',
    1 => 'machine',
    2 => 'test',
  ),
)
[ info ] [ HEADER ] array (
  'connection' => 'close',
  'content-length' => '767',
  'content-type' => 'multipart/form-data; boundary=--------------------------272547511958675975975155',
  'accept-encoding' => 'gzip, deflate',
  'host' => '192.168.1.144:9999',
  'accept' => '*/*',
  'user-agent' => 'PostmanRuntime/7.6.0',
  'postman-token' => '96a227e7-4f46-4ad2-81ed-ba3d52357f21',
  'cache-control' => 'no-cache',
)
[ info ] [ PARAM ] array (
  'token' => '94711b17-95ae-4a0d-971d-3f8d24b346b6',
  'machine_id' => '1',
  'machine_name' => '一号设备',
  'address' => '北京',
  'address2' => '朝阳',
  'comment' => '备注',
)
[ info ] [ LANG ] D:\WWW\last\public/../application/api\lang\zh-cn.php
[ info ] [ BEHAVIOR ] Run app\common\behavior\Common @module_init [ RunTime:0.011501s ]
[ info ] [ TOKEN ] INIT Mysql
[ info ] [ DB ] INIT mysql
[ info ] [ RUN ] app\api\controller\Machine->test[ D:\WWW\last\application\api\controller\Machine.php ]
[ info ] [ LOG ] INIT File
[ sql ] [ DB ] CONNECT:[ UseTime:0.001500s ] mysql:host=127.0.0.1;dbname=last;charset=utf8
[ sql ] [ SQL ] SHOW COLUMNS FROM `fa_user_token` [ RunTime:0.095012s ]
[ sql ] [ SQL ] SELECT * FROM `fa_user_token` WHERE  `token` = 'f22e64db2e0fc8bde78568cdab960c4f220075a1' LIMIT 1 [ RunTime:0.000500s ]
[ sql ] [ SQL ] SHOW COLUMNS FROM `fa_user` [ RunTime:0.032004s ]
[ sql ] [ SQL ] SELECT * FROM `fa_user` WHERE  `id` = 9 LIMIT 1 [ RunTime:0.000500s ]
---------------------------------------------------------------
[ 2019-09-20T18:17:26+08:00 ] 192.168.1.144 POST 192.168.1.144:9999/api/machine/test
[运行时间：0.176022s] [吞吐率：5.68req/s] [内存消耗：2,853.81kb] [文件加载：126]
[ info ] [ BEHAVIOR ] Run Closure @app_init [ RunTime:0.000000s ]
[ info ] [ CACHE ] INIT File
[ info ] [ BEHAVIOR ] Run Closure @app_init [ RunTime:0.013502s ]
[ info ] [ LANG ] D:\WWW\last\thinkphp\lang\zh-cn.php
[ info ] [ ROUTE ] array (
  'type' => 'module',
  'module' => 
  array (
    0 => 'api',
    1 => 'machine',
    2 => 'test',
  ),
)
[ info ] [ HEADER ] array (
  'connection' => 'close',
  'content-length' => '767',
  'content-type' => 'multipart/form-data; boundary=--------------------------947728463863224744274830',
  'accept-encoding' => 'gzip, deflate',
  'host' => '192.168.1.144:9999',
  'accept' => '*/*',
  'user-agent' => 'PostmanRuntime/7.6.0',
  'postman-token' => '21a293d4-af84-4f7b-8d96-a643a8ea2890',
  'cache-control' => 'no-cache',
)
[ info ] [ PARAM ] array (
  'token' => '94711b17-95ae-4a0d-971d-3f8d24b346b6',
  'machine_id' => '1',
  'machine_name' => '一号设备',
  'address' => '北京',
  'address2' => '朝阳',
  'comment' => '备注',
)
[ info ] [ LANG ] D:\WWW\last\public/../application/api\lang\zh-cn.php
[ info ] [ BEHAVIOR ] Run app\common\behavior\Common @module_init [ RunTime:0.002000s ]
[ info ] [ TOKEN ] INIT Mysql
[ info ] [ DB ] INIT mysql
[ info ] [ RUN ] app\api\controller\Machine->test[ D:\WWW\last\application\api\controller\Machine.php ]
[ info ] [ LOG ] INIT File
[ sql ] [ DB ] CONNECT:[ UseTime:0.010501s ] mysql:host=127.0.0.1;dbname=last;charset=utf8
[ sql ] [ SQL ] SHOW COLUMNS FROM `fa_user_token` [ RunTime:0.064508s ]
[ sql ] [ SQL ] SELECT * FROM `fa_user_token` WHERE  `token` = 'f22e64db2e0fc8bde78568cdab960c4f220075a1' LIMIT 1 [ RunTime:0.001000s ]
[ sql ] [ SQL ] SHOW COLUMNS FROM `fa_user` [ RunTime:0.027503s ]
[ sql ] [ SQL ] SELECT * FROM `fa_user` WHERE  `id` = 9 LIMIT 1 [ RunTime:0.001001s ]
