---------------------------------------------------------------
[ 2019-09-21T10:30:54+08:00 ] 192.168.1.144 POST 192.168.1.144:9999/api/machine/test
[运行时间：2.460812s] [吞吐率：0.41req/s] [内存消耗：2,905.75kb] [文件加载：129]
[ info ] [ BEHAVIOR ] Run Closure @app_init [ RunTime:0.000000s ]
[ info ] [ CACHE ] INIT File
[ info ] [ BEHAVIOR ] Run Closure @app_init [ RunTime:0.048506s ]
[ info ] [ LANG ] D:\WWW\last\thinkphp\lang\zh-cn.php
[ info ] [ ROUTE ] array (
  'type' => 'module',
  'module' => 
  array (
    0 => 'api',
    1 => 'machine',
    2 => 'test',
  ),
)
[ info ] [ HEADER ] array (
  'connection' => 'close',
  'content-length' => '767',
  'content-type' => 'multipart/form-data; boundary=--------------------------548124424157432944671076',
  'accept-encoding' => 'gzip, deflate',
  'host' => '192.168.1.144:9999',
  'accept' => '*/*',
  'user-agent' => 'PostmanRuntime/7.6.0',
  'postman-token' => '70f190ed-7ba8-4024-8bcc-579349b3c90a',
  'cache-control' => 'no-cache',
)
[ info ] [ PARAM ] array (
  'token' => '94711b17-95ae-4a0d-971d-3f8d24b346b6',
  'machine_id' => '1',
  'machine_name' => '一号设备',
  'address' => '北京',
  'address2' => '朝阳',
  'comment' => '备注',
)
[ info ] [ LANG ] D:\WWW\last\public/../application/api\lang\zh-cn.php
[ info ] [ BEHAVIOR ] Run app\common\behavior\Common @module_init [ RunTime:0.040505s ]
[ info ] [ TOKEN ] INIT Mysql
[ info ] [ DB ] INIT mysql
[ info ] [ RUN ] app\api\controller\Machine->test[ D:\WWW\last\application\api\controller\Machine.php ]
[ info ] [ LOG ] INIT File
[ sql ] [ DB ] CONNECT:[ UseTime:0.006001s ] mysql:host=127.0.0.1;dbname=last;charset=utf8
[ sql ] [ SQL ] SHOW COLUMNS FROM `fa_user_token` [ RunTime:0.054007s ]
[ sql ] [ SQL ] SELECT * FROM `fa_user_token` WHERE  `token` = 'f22e64db2e0fc8bde78568cdab960c4f220075a1' LIMIT 1 [ RunTime:0.000500s ]
[ sql ] [ SQL ] SHOW COLUMNS FROM `fa_user` [ RunTime:0.023503s ]
[ sql ] [ SQL ] SELECT * FROM `fa_user` WHERE  `id` = 9 LIMIT 1 [ RunTime:0.001001s ]
[ error ] [0]类不存在:app\common\model\[D:\WWW\last\thinkphp\library\think\Loader.php:457]
---------------------------------------------------------------
[ 2019-09-21T10:31:25+08:00 ] 192.168.1.144 POST 192.168.1.144:9999/api/machine/test
[运行时间：0.165521s] [吞吐率：6.04req/s] [内存消耗：2,907.83kb] [文件加载：129]
[ info ] [ BEHAVIOR ] Run Closure @app_init [ RunTime:0.000000s ]
[ info ] [ CACHE ] INIT File
[ info ] [ BEHAVIOR ] Run Closure @app_init [ RunTime:0.006001s ]
[ info ] [ LANG ] D:\WWW\last\thinkphp\lang\zh-cn.php
[ info ] [ ROUTE ] array (
  'type' => 'module',
  'module' => 
  array (
    0 => 'api',
    1 => 'machine',
    2 => 'test',
  ),
)
[ info ] [ HEADER ] array (
  'connection' => 'close',
  'content-length' => '767',
  'content-type' => 'multipart/form-data; boundary=--------------------------758263085586222244531607',
  'accept-encoding' => 'gzip, deflate',
  'host' => '192.168.1.144:9999',
  'accept' => '*/*',
  'user-agent' => 'PostmanRuntime/7.6.0',
  'postman-token' => '9f93c05b-bf75-4b1f-a30e-6457f12fcd3b',
  'cache-control' => 'no-cache',
)
[ info ] [ PARAM ] array (
  'token' => '94711b17-95ae-4a0d-971d-3f8d24b346b6',
  'machine_id' => '1',
  'machine_name' => '一号设备',
  'address' => '北京',
  'address2' => '朝阳',
  'comment' => '备注',
)
[ info ] [ LANG ] D:\WWW\last\public/../application/api\lang\zh-cn.php
[ info ] [ BEHAVIOR ] Run app\common\behavior\Common @module_init [ RunTime:0.002501s ]
[ info ] [ TOKEN ] INIT Mysql
[ info ] [ DB ] INIT mysql
[ info ] [ RUN ] app\api\controller\Machine->test[ D:\WWW\last\application\api\controller\Machine.php ]
[ info ] [ LOG ] INIT File
[ sql ] [ DB ] CONNECT:[ UseTime:0.001000s ] mysql:host=127.0.0.1;dbname=last;charset=utf8
[ sql ] [ SQL ] SHOW COLUMNS FROM `fa_user_token` [ RunTime:0.044505s ]
[ sql ] [ SQL ] SELECT * FROM `fa_user_token` WHERE  `token` = 'f22e64db2e0fc8bde78568cdab960c4f220075a1' LIMIT 1 [ RunTime:0.000500s ]
[ sql ] [ SQL ] SHOW COLUMNS FROM `fa_user` [ RunTime:0.026503s ]
[ sql ] [ SQL ] SELECT * FROM `fa_user` WHERE  `id` = 9 LIMIT 1 [ RunTime:0.001000s ]
[ error ] [0]致命错误: Call to undefined method app\api\controller\Machine::model()[D:\WWW\last\application\api\controller\Machine.php:292]
---------------------------------------------------------------
[ 2019-09-21T10:31:44+08:00 ] 192.168.1.144 POST 192.168.1.144:9999/api/machine/test
[运行时间：0.137017s] [吞吐率：7.30req/s] [内存消耗：2,905.76kb] [文件加载：129]
[ info ] [ BEHAVIOR ] Run Closure @app_init [ RunTime:0.000000s ]
[ info ] [ CACHE ] INIT File
[ info ] [ BEHAVIOR ] Run Closure @app_init [ RunTime:0.010501s ]
[ info ] [ LANG ] D:\WWW\last\thinkphp\lang\zh-cn.php
[ info ] [ ROUTE ] array (
  'type' => 'module',
  'module' => 
  array (
    0 => 'api',
    1 => 'machine',
    2 => 'test',
  ),
)
[ info ] [ HEADER ] array (
  'connection' => 'close',
  'content-length' => '767',
  'content-type' => 'multipart/form-data; boundary=--------------------------531981839773873277806962',
  'accept-encoding' => 'gzip, deflate',
  'host' => '192.168.1.144:9999',
  'accept' => '*/*',
  'user-agent' => 'PostmanRuntime/7.6.0',
  'postman-token' => 'feeca4a6-9a6d-40ce-8781-7f6da2b7b1ae',
  'cache-control' => 'no-cache',
)
[ info ] [ PARAM ] array (
  'token' => '94711b17-95ae-4a0d-971d-3f8d24b346b6',
  'machine_id' => '1',
  'machine_name' => '一号设备',
  'address' => '北京',
  'address2' => '朝阳',
  'comment' => '备注',
)
[ info ] [ LANG ] D:\WWW\last\public/../application/api\lang\zh-cn.php
[ info ] [ BEHAVIOR ] Run app\common\behavior\Common @module_init [ RunTime:0.002001s ]
[ info ] [ TOKEN ] INIT Mysql
[ info ] [ DB ] INIT mysql
[ info ] [ RUN ] app\api\controller\Machine->test[ D:\WWW\last\application\api\controller\Machine.php ]
[ info ] [ LOG ] INIT File
[ sql ] [ DB ] CONNECT:[ UseTime:0.001001s ] mysql:host=127.0.0.1;dbname=last;charset=utf8
[ sql ] [ SQL ] SHOW COLUMNS FROM `fa_user_token` [ RunTime:0.038004s ]
[ sql ] [ SQL ] SELECT * FROM `fa_user_token` WHERE  `token` = 'f22e64db2e0fc8bde78568cdab960c4f220075a1' LIMIT 1 [ RunTime:0.000501s ]
[ sql ] [ SQL ] SHOW COLUMNS FROM `fa_user` [ RunTime:0.027003s ]
[ sql ] [ SQL ] SELECT * FROM `fa_user` WHERE  `id` = 9 LIMIT 1 [ RunTime:0.000500s ]
[ error ] [0]类不存在:app\common\model\[D:\WWW\last\thinkphp\library\think\Loader.php:457]
---------------------------------------------------------------
[ 2019-09-21T10:33:21+08:00 ] 192.168.1.144 POST 192.168.1.144:9999/api/machine/test
[运行时间：0.107013s] [吞吐率：9.34req/s] [内存消耗：1,902.80kb] [文件加载：114]
[ info ] [ BEHAVIOR ] Run Closure @app_init [ RunTime:0.000000s ]
[ info ] [ CACHE ] INIT File
[ info ] [ BEHAVIOR ] Run Closure @app_init [ RunTime:0.012501s ]
[ info ] [ LANG ] D:\WWW\last\thinkphp\lang\zh-cn.php
[ info ] [ ROUTE ] array (
  'type' => 'module',
  'module' => 
  array (
    0 => 'api',
    1 => 'machine',
    2 => 'test',
  ),
)
[ info ] [ HEADER ] array (
  'connection' => 'close',
  'content-length' => '767',
  'content-type' => 'multipart/form-data; boundary=--------------------------551259700098281001604663',
  'accept-encoding' => 'gzip, deflate',
  'host' => '192.168.1.144:9999',
  'accept' => '*/*',
  'user-agent' => 'PostmanRuntime/7.6.0',
  'postman-token' => '203389c9-f502-4370-9b38-02a69e1aaee8',
  'cache-control' => 'no-cache',
)
[ info ] [ PARAM ] array (
  'token' => '94711b17-95ae-4a0d-971d-3f8d24b346b6',
  'machine_id' => '1',
  'machine_name' => '一号设备',
  'address' => '北京',
  'address2' => '朝阳',
  'comment' => '备注',
)
[ info ] [ LANG ] D:\WWW\last\public/../application/api\lang\zh-cn.php
[ info ] [ BEHAVIOR ] Run app\common\behavior\Common @module_init [ RunTime:0.002500s ]
[ info ] [ LOG ] INIT File
[ error ] [64]Cannot declare class app\api\controller\Machine because the name is already in use[D:\WWW\last\application\api\controller\Machine.php:12]
---------------------------------------------------------------
[ 2019-09-21T10:42:57+08:00 ] 192.168.1.144 POST 192.168.1.144:9999/api/machine/test
[运行时间：0.144018s] [吞吐率：6.94req/s] [内存消耗：2,905.76kb] [文件加载：129]
[ info ] [ BEHAVIOR ] Run Closure @app_init [ RunTime:0.000500s ]
[ info ] [ CACHE ] INIT File
[ info ] [ BEHAVIOR ] Run Closure @app_init [ RunTime:0.006001s ]
[ info ] [ LANG ] D:\WWW\last\thinkphp\lang\zh-cn.php
[ info ] [ ROUTE ] array (
  'type' => 'module',
  'module' => 
  array (
    0 => 'api',
    1 => 'machine',
    2 => 'test',
  ),
)
[ info ] [ HEADER ] array (
  'connection' => 'close',
  'content-length' => '767',
  'content-type' => 'multipart/form-data; boundary=--------------------------042184166535594439673160',
  'accept-encoding' => 'gzip, deflate',
  'host' => '192.168.1.144:9999',
  'accept' => '*/*',
  'user-agent' => 'PostmanRuntime/7.6.0',
  'postman-token' => '029c6650-9640-4123-a19f-2498fce1514a',
  'cache-control' => 'no-cache',
)
[ info ] [ PARAM ] array (
  'token' => '94711b17-95ae-4a0d-971d-3f8d24b346b6',
  'machine_id' => '1',
  'machine_name' => '一号设备',
  'address' => '北京',
  'address2' => '朝阳',
  'comment' => '备注',
)
[ info ] [ LANG ] D:\WWW\last\public/../application/api\lang\zh-cn.php
[ info ] [ BEHAVIOR ] Run app\common\behavior\Common @module_init [ RunTime:0.002501s ]
[ info ] [ TOKEN ] INIT Mysql
[ info ] [ DB ] INIT mysql
[ info ] [ RUN ] app\api\controller\Machine->test[ D:\WWW\last\application\api\controller\Machine.php ]
[ info ] [ LOG ] INIT File
[ sql ] [ DB ] CONNECT:[ UseTime:0.001500s ] mysql:host=127.0.0.1;dbname=last;charset=utf8
[ sql ] [ SQL ] SHOW COLUMNS FROM `fa_user_token` [ RunTime:0.037005s ]
[ sql ] [ SQL ] SELECT * FROM `fa_user_token` WHERE  `token` = 'f22e64db2e0fc8bde78568cdab960c4f220075a1' LIMIT 1 [ RunTime:0.000500s ]
[ sql ] [ SQL ] SHOW COLUMNS FROM `fa_user` [ RunTime:0.027004s ]
[ sql ] [ SQL ] SELECT * FROM `fa_user` WHERE  `id` = 9 LIMIT 1 [ RunTime:0.000500s ]
[ error ] [0]类不存在:app\common\model\[D:\WWW\last\thinkphp\library\think\Loader.php:457]
---------------------------------------------------------------
[ 2019-09-21T10:43:10+08:00 ] 192.168.1.144 POST 192.168.1.144:9999/api/machine/test
[运行时间：0.137018s] [吞吐率：7.30req/s] [内存消耗：2,870.85kb] [文件加载：126]
[ info ] [ BEHAVIOR ] Run Closure @app_init [ RunTime:0.000000s ]
[ info ] [ CACHE ] INIT File
[ info ] [ BEHAVIOR ] Run Closure @app_init [ RunTime:0.010002s ]
[ info ] [ LANG ] D:\WWW\last\thinkphp\lang\zh-cn.php
[ info ] [ ROUTE ] array (
  'type' => 'module',
  'module' => 
  array (
    0 => 'api',
    1 => 'machine',
    2 => 'test',
  ),
)
[ info ] [ HEADER ] array (
  'connection' => 'close',
  'content-length' => '767',
  'content-type' => 'multipart/form-data; boundary=--------------------------121487740649612166498385',
  'accept-encoding' => 'gzip, deflate',
  'host' => '192.168.1.144:9999',
  'accept' => '*/*',
  'user-agent' => 'PostmanRuntime/7.6.0',
  'postman-token' => 'dad19df5-fa10-4add-afff-b8f129343177',
  'cache-control' => 'no-cache',
)
[ info ] [ PARAM ] array (
  'token' => '94711b17-95ae-4a0d-971d-3f8d24b346b6',
  'machine_id' => '1',
  'machine_name' => '一号设备',
  'address' => '北京',
  'address2' => '朝阳',
  'comment' => '备注',
)
[ info ] [ LANG ] D:\WWW\last\public/../application/api\lang\zh-cn.php
[ info ] [ BEHAVIOR ] Run app\common\behavior\Common @module_init [ RunTime:0.002500s ]
[ info ] [ TOKEN ] INIT Mysql
[ info ] [ DB ] INIT mysql
[ info ] [ RUN ] app\api\controller\Machine->test[ D:\WWW\last\application\api\controller\Machine.php ]
[ info ] [ LOG ] INIT File
[ sql ] [ DB ] CONNECT:[ UseTime:0.001000s ] mysql:host=127.0.0.1;dbname=last;charset=utf8
[ sql ] [ SQL ] SHOW COLUMNS FROM `fa_user_token` [ RunTime:0.034004s ]
[ sql ] [ SQL ] SELECT * FROM `fa_user_token` WHERE  `token` = 'f22e64db2e0fc8bde78568cdab960c4f220075a1' LIMIT 1 [ RunTime:0.000500s ]
[ sql ] [ SQL ] SHOW COLUMNS FROM `fa_user` [ RunTime:0.025503s ]
[ sql ] [ SQL ] SELECT * FROM `fa_user` WHERE  `id` = 9 LIMIT 1 [ RunTime:0.000500s ]
---------------------------------------------------------------
[ 2019-09-21T10:43:18+08:00 ] 192.168.1.144 POST 192.168.1.144:9999/api/machine/test
[运行时间：0.147519s] [吞吐率：6.78req/s] [内存消耗：2,870.85kb] [文件加载：126]
[ info ] [ BEHAVIOR ] Run Closure @app_init [ RunTime:0.000000s ]
[ info ] [ CACHE ] INIT File
[ info ] [ BEHAVIOR ] Run Closure @app_init [ RunTime:0.004001s ]
[ info ] [ LANG ] D:\WWW\last\thinkphp\lang\zh-cn.php
[ info ] [ ROUTE ] array (
  'type' => 'module',
  'module' => 
  array (
    0 => 'api',
    1 => 'machine',
    2 => 'test',
  ),
)
[ info ] [ HEADER ] array (
  'connection' => 'close',
  'content-length' => '767',
  'content-type' => 'multipart/form-data; boundary=--------------------------228386152004622809872448',
  'accept-encoding' => 'gzip, deflate',
  'host' => '192.168.1.144:9999',
  'accept' => '*/*',
  'user-agent' => 'PostmanRuntime/7.6.0',
  'postman-token' => 'faa2f29e-f374-4e7a-a5e6-dd8149572a1c',
  'cache-control' => 'no-cache',
)
[ info ] [ PARAM ] array (
  'token' => '94711b17-95ae-4a0d-971d-3f8d24b346b6',
  'machine_id' => '1',
  'machine_name' => '一号设备',
  'address' => '北京',
  'address2' => '朝阳',
  'comment' => '备注',
)
[ info ] [ LANG ] D:\WWW\last\public/../application/api\lang\zh-cn.php
[ info ] [ BEHAVIOR ] Run app\common\behavior\Common @module_init [ RunTime:0.002501s ]
[ info ] [ TOKEN ] INIT Mysql
[ info ] [ DB ] INIT mysql
[ info ] [ RUN ] app\api\controller\Machine->test[ D:\WWW\last\application\api\controller\Machine.php ]
[ info ] [ LOG ] INIT File
[ sql ] [ DB ] CONNECT:[ UseTime:0.002500s ] mysql:host=127.0.0.1;dbname=last;charset=utf8
[ sql ] [ SQL ] SHOW COLUMNS FROM `fa_user_token` [ RunTime:0.041505s ]
[ sql ] [ SQL ] SELECT * FROM `fa_user_token` WHERE  `token` = 'f22e64db2e0fc8bde78568cdab960c4f220075a1' LIMIT 1 [ RunTime:0.001001s ]
[ sql ] [ SQL ] SHOW COLUMNS FROM `fa_user` [ RunTime:0.032504s ]
[ sql ] [ SQL ] SELECT * FROM `fa_user` WHERE  `id` = 9 LIMIT 1 [ RunTime:0.000500s ]
---------------------------------------------------------------
[ 2019-09-21T10:43:56+08:00 ] 192.168.1.144 POST 192.168.1.144:9999/api/machine/test
[运行时间：0.157520s] [吞吐率：6.35req/s] [内存消耗：2,870.97kb] [文件加载：126]
[ info ] [ BEHAVIOR ] Run Closure @app_init [ RunTime:0.000000s ]
[ info ] [ CACHE ] INIT File
[ info ] [ BEHAVIOR ] Run Closure @app_init [ RunTime:0.014001s ]
[ info ] [ LANG ] D:\WWW\last\thinkphp\lang\zh-cn.php
[ info ] [ ROUTE ] array (
  'type' => 'module',
  'module' => 
  array (
    0 => 'api',
    1 => 'machine',
    2 => 'test',
  ),
)
[ info ] [ HEADER ] array (
  'connection' => 'close',
  'content-length' => '767',
  'content-type' => 'multipart/form-data; boundary=--------------------------570683856235822870253378',
  'accept-encoding' => 'gzip, deflate',
  'host' => '192.168.1.144:9999',
  'accept' => '*/*',
  'user-agent' => 'PostmanRuntime/7.6.0',
  'postman-token' => '763039a8-9ebf-4721-bddc-38518903cfc4',
  'cache-control' => 'no-cache',
)
[ info ] [ PARAM ] array (
  'token' => '94711b17-95ae-4a0d-971d-3f8d24b346b6',
  'machine_id' => '1',
  'machine_name' => '一号设备',
  'address' => '北京',
  'address2' => '朝阳',
  'comment' => '备注',
)
[ info ] [ LANG ] D:\WWW\last\public/../application/api\lang\zh-cn.php
[ info ] [ BEHAVIOR ] Run app\common\behavior\Common @module_init [ RunTime:0.005000s ]
[ info ] [ TOKEN ] INIT Mysql
[ info ] [ DB ] INIT mysql
[ info ] [ RUN ] app\api\controller\Machine->test[ D:\WWW\last\application\api\controller\Machine.php ]
[ info ] [ LOG ] INIT File
[ sql ] [ DB ] CONNECT:[ UseTime:0.002501s ] mysql:host=127.0.0.1;dbname=last;charset=utf8
[ sql ] [ SQL ] SHOW COLUMNS FROM `fa_user_token` [ RunTime:0.045505s ]
[ sql ] [ SQL ] SELECT * FROM `fa_user_token` WHERE  `token` = 'f22e64db2e0fc8bde78568cdab960c4f220075a1' LIMIT 1 [ RunTime:0.000500s ]
[ sql ] [ SQL ] SHOW COLUMNS FROM `fa_user` [ RunTime:0.029504s ]
[ sql ] [ SQL ] SELECT * FROM `fa_user` WHERE  `id` = 9 LIMIT 1 [ RunTime:0.000500s ]
---------------------------------------------------------------
[ 2019-09-21T10:44:25+08:00 ] 192.168.1.144 POST 192.168.1.144:9999/api/machine/test
[运行时间：0.181523s] [吞吐率：5.51req/s] [内存消耗：2,905.97kb] [文件加载：129]
[ info ] [ BEHAVIOR ] Run Closure @app_init [ RunTime:0.000000s ]
[ info ] [ CACHE ] INIT File
[ info ] [ BEHAVIOR ] Run Closure @app_init [ RunTime:0.005500s ]
[ info ] [ LANG ] D:\WWW\last\thinkphp\lang\zh-cn.php
[ info ] [ ROUTE ] array (
  'type' => 'module',
  'module' => 
  array (
    0 => 'api',
    1 => 'machine',
    2 => 'test',
  ),
)
[ info ] [ HEADER ] array (
  'connection' => 'close',
  'content-length' => '767',
  'content-type' => 'multipart/form-data; boundary=--------------------------205956211832084579301385',
  'accept-encoding' => 'gzip, deflate',
  'host' => '192.168.1.144:9999',
  'accept' => '*/*',
  'user-agent' => 'PostmanRuntime/7.6.0',
  'postman-token' => '20b02c1e-0dbe-48c3-833e-44371d9a7d8d',
  'cache-control' => 'no-cache',
)
[ info ] [ PARAM ] array (
  'token' => '94711b17-95ae-4a0d-971d-3f8d24b346b6',
  'machine_id' => '1',
  'machine_name' => '一号设备',
  'address' => '北京',
  'address2' => '朝阳',
  'comment' => '备注',
)
[ info ] [ LANG ] D:\WWW\last\public/../application/api\lang\zh-cn.php
[ info ] [ BEHAVIOR ] Run app\common\behavior\Common @module_init [ RunTime:0.003000s ]
[ info ] [ TOKEN ] INIT Mysql
[ info ] [ DB ] INIT mysql
[ info ] [ RUN ] app\api\controller\Machine->test[ D:\WWW\last\application\api\controller\Machine.php ]
[ info ] [ LOG ] INIT File
[ sql ] [ DB ] CONNECT:[ UseTime:0.001000s ] mysql:host=127.0.0.1;dbname=last;charset=utf8
[ sql ] [ SQL ] SHOW COLUMNS FROM `fa_user_token` [ RunTime:0.069009s ]
[ sql ] [ SQL ] SELECT * FROM `fa_user_token` WHERE  `token` = 'f22e64db2e0fc8bde78568cdab960c4f220075a1' LIMIT 1 [ RunTime:0.000500s ]
[ sql ] [ SQL ] SHOW COLUMNS FROM `fa_user` [ RunTime:0.031004s ]
[ sql ] [ SQL ] SELECT * FROM `fa_user` WHERE  `id` = 9 LIMIT 1 [ RunTime:0.001001s ]
[ error ] [0]类不存在:app\common\model\[D:\WWW\last\thinkphp\library\think\Loader.php:457]
---------------------------------------------------------------
[ 2019-09-21T10:52:24+08:00 ] 192.168.1.144 POST 192.168.1.144:9999/api/machine/test
[运行时间：0.206026s] [吞吐率：4.85req/s] [内存消耗：2,918.02kb] [文件加载：130]
[ info ] [ BEHAVIOR ] Run Closure @app_init [ RunTime:0.000500s ]
[ info ] [ CACHE ] INIT File
[ info ] [ BEHAVIOR ] Run Closure @app_init [ RunTime:0.007501s ]
[ info ] [ LANG ] D:\WWW\last\thinkphp\lang\zh-cn.php
[ info ] [ ROUTE ] array (
  'type' => 'module',
  'module' => 
  array (
    0 => 'api',
    1 => 'machine',
    2 => 'test',
  ),
)
[ info ] [ HEADER ] array (
  'connection' => 'close',
  'content-length' => '767',
  'content-type' => 'multipart/form-data; boundary=--------------------------998884436882219203926725',
  'accept-encoding' => 'gzip, deflate',
  'host' => '192.168.1.144:9999',
  'accept' => '*/*',
  'user-agent' => 'PostmanRuntime/7.6.0',
  'postman-token' => '925b358e-dfbc-447e-b975-26f109f0b683',
  'cache-control' => 'no-cache',
)
[ info ] [ PARAM ] array (
  'token' => '94711b17-95ae-4a0d-971d-3f8d24b346b6',
  'machine_id' => '1',
  'machine_name' => '一号设备',
  'address' => '北京',
  'address2' => '朝阳',
  'comment' => '备注',
)
[ info ] [ LANG ] D:\WWW\last\public/../application/api\lang\zh-cn.php
[ info ] [ BEHAVIOR ] Run app\common\behavior\Common @module_init [ RunTime:0.003500s ]
[ info ] [ TOKEN ] INIT Mysql
[ info ] [ DB ] INIT mysql
[ info ] [ RUN ] app\api\controller\Machine->test[ D:\WWW\last\application\api\controller\Machine.php ]
[ info ] [ LOG ] INIT File
[ sql ] [ DB ] CONNECT:[ UseTime:0.001500s ] mysql:host=127.0.0.1;dbname=last;charset=utf8
[ sql ] [ SQL ] SHOW COLUMNS FROM `fa_user_token` [ RunTime:0.056007s ]
[ sql ] [ SQL ] SELECT * FROM `fa_user_token` WHERE  `token` = 'f22e64db2e0fc8bde78568cdab960c4f220075a1' LIMIT 1 [ RunTime:0.000500s ]
[ sql ] [ SQL ] SHOW COLUMNS FROM `fa_user` [ RunTime:0.063008s ]
[ sql ] [ SQL ] SELECT * FROM `fa_user` WHERE  `id` = 9 LIMIT 1 [ RunTime:0.000500s ]
[ error ] [0]致命错误: Call to undefined method app\api\controller\Machine::model()[D:\WWW\last\application\api\controller\Machine.php:297]
---------------------------------------------------------------
[ 2019-09-21T10:53:04+08:00 ] 192.168.1.144 POST 192.168.1.144:9999/api/machine/test
[运行时间：0.191524s] [吞吐率：5.22req/s] [内存消耗：2,870.88kb] [文件加载：126]
[ info ] [ BEHAVIOR ] Run Closure @app_init [ RunTime:0.000000s ]
[ info ] [ CACHE ] INIT File
[ info ] [ BEHAVIOR ] Run Closure @app_init [ RunTime:0.006501s ]
[ info ] [ LANG ] D:\WWW\last\thinkphp\lang\zh-cn.php
[ info ] [ ROUTE ] array (
  'type' => 'module',
  'module' => 
  array (
    0 => 'api',
    1 => 'machine',
    2 => 'test',
  ),
)
[ info ] [ HEADER ] array (
  'connection' => 'close',
  'content-length' => '767',
  'content-type' => 'multipart/form-data; boundary=--------------------------436693541839015724147709',
  'accept-encoding' => 'gzip, deflate',
  'host' => '192.168.1.144:9999',
  'accept' => '*/*',
  'user-agent' => 'PostmanRuntime/7.6.0',
  'postman-token' => 'e71e6c18-9aaa-400b-bb83-70c5ac1fb4ee',
  'cache-control' => 'no-cache',
)
[ info ] [ PARAM ] array (
  'token' => '94711b17-95ae-4a0d-971d-3f8d24b346b6',
  'machine_id' => '1',
  'machine_name' => '一号设备',
  'address' => '北京',
  'address2' => '朝阳',
  'comment' => '备注',
)
[ info ] [ LANG ] D:\WWW\last\public/../application/api\lang\zh-cn.php
[ info ] [ BEHAVIOR ] Run app\common\behavior\Common @module_init [ RunTime:0.003000s ]
[ info ] [ TOKEN ] INIT Mysql
[ info ] [ DB ] INIT mysql
[ info ] [ RUN ] app\api\controller\Machine->test[ D:\WWW\last\application\api\controller\Machine.php ]
[ info ] [ LOG ] INIT File
[ sql ] [ DB ] CONNECT:[ UseTime:0.002000s ] mysql:host=127.0.0.1;dbname=last;charset=utf8
[ sql ] [ SQL ] SHOW COLUMNS FROM `fa_user_token` [ RunTime:0.061008s ]
[ sql ] [ SQL ] SELECT * FROM `fa_user_token` WHERE  `token` = 'f22e64db2e0fc8bde78568cdab960c4f220075a1' LIMIT 1 [ RunTime:0.000500s ]
[ sql ] [ SQL ] SHOW COLUMNS FROM `fa_user` [ RunTime:0.047006s ]
[ sql ] [ SQL ] SELECT * FROM `fa_user` WHERE  `id` = 9 LIMIT 1 [ RunTime:0.001000s ]
---------------------------------------------------------------
[ 2019-09-21T10:53:19+08:00 ] 192.168.1.144 POST 192.168.1.144:9999/api/machine/test
[运行时间：0.231529s] [吞吐率：4.32req/s] [内存消耗：2,870.99kb] [文件加载：126]
[ info ] [ BEHAVIOR ] Run Closure @app_init [ RunTime:0.000000s ]
[ info ] [ CACHE ] INIT File
[ info ] [ BEHAVIOR ] Run Closure @app_init [ RunTime:0.006001s ]
[ info ] [ LANG ] D:\WWW\last\thinkphp\lang\zh-cn.php
[ info ] [ ROUTE ] array (
  'type' => 'module',
  'module' => 
  array (
    0 => 'api',
    1 => 'machine',
    2 => 'test',
  ),
)
[ info ] [ HEADER ] array (
  'connection' => 'close',
  'content-length' => '767',
  'content-type' => 'multipart/form-data; boundary=--------------------------035700116068627794000719',
  'accept-encoding' => 'gzip, deflate',
  'host' => '192.168.1.144:9999',
  'accept' => '*/*',
  'user-agent' => 'PostmanRuntime/7.6.0',
  'postman-token' => '8d21efbc-a49d-416e-97bc-9951eed03482',
  'cache-control' => 'no-cache',
)
[ info ] [ PARAM ] array (
  'token' => '94711b17-95ae-4a0d-971d-3f8d24b346b6',
  'machine_id' => '1',
  'machine_name' => '一号设备',
  'address' => '北京',
  'address2' => '朝阳',
  'comment' => '备注',
)
[ info ] [ LANG ] D:\WWW\last\public/../application/api\lang\zh-cn.php
[ info ] [ BEHAVIOR ] Run app\common\behavior\Common @module_init [ RunTime:0.003000s ]
[ info ] [ TOKEN ] INIT Mysql
[ info ] [ DB ] INIT mysql
[ info ] [ RUN ] app\api\controller\Machine->test[ D:\WWW\last\application\api\controller\Machine.php ]
[ info ] [ LOG ] INIT File
[ sql ] [ DB ] CONNECT:[ UseTime:0.000500s ] mysql:host=127.0.0.1;dbname=last;charset=utf8
[ sql ] [ SQL ] SHOW COLUMNS FROM `fa_user_token` [ RunTime:0.097013s ]
[ sql ] [ SQL ] SELECT * FROM `fa_user_token` WHERE  `token` = 'f22e64db2e0fc8bde78568cdab960c4f220075a1' LIMIT 1 [ RunTime:0.000500s ]
[ sql ] [ SQL ] SHOW COLUMNS FROM `fa_user` [ RunTime:0.065009s ]
[ sql ] [ SQL ] SELECT * FROM `fa_user` WHERE  `id` = 9 LIMIT 1 [ RunTime:0.001000s ]
---------------------------------------------------------------
[ 2019-09-21T10:53:36+08:00 ] 192.168.1.144 POST 192.168.1.144:9999/api/machine/test
[运行时间：0.174522s] [吞吐率：5.73req/s] [内存消耗：2,871.03kb] [文件加载：126]
[ info ] [ BEHAVIOR ] Run Closure @app_init [ RunTime:0.000000s ]
[ info ] [ CACHE ] INIT File
[ info ] [ BEHAVIOR ] Run Closure @app_init [ RunTime:0.016002s ]
[ info ] [ LANG ] D:\WWW\last\thinkphp\lang\zh-cn.php
[ info ] [ ROUTE ] array (
  'type' => 'module',
  'module' => 
  array (
    0 => 'api',
    1 => 'machine',
    2 => 'test',
  ),
)
[ info ] [ HEADER ] array (
  'connection' => 'close',
  'content-length' => '767',
  'content-type' => 'multipart/form-data; boundary=--------------------------066571454529503435743438',
  'accept-encoding' => 'gzip, deflate',
  'host' => '192.168.1.144:9999',
  'accept' => '*/*',
  'user-agent' => 'PostmanRuntime/7.6.0',
  'postman-token' => '7f0b91c7-df01-4ba8-bd09-bb93bbd8c9cf',
  'cache-control' => 'no-cache',
)
[ info ] [ PARAM ] array (
  'token' => '94711b17-95ae-4a0d-971d-3f8d24b346b6',
  'machine_id' => '1',
  'machine_name' => '一号设备',
  'address' => '北京',
  'address2' => '朝阳',
  'comment' => '备注',
)
[ info ] [ LANG ] D:\WWW\last\public/../application/api\lang\zh-cn.php
[ info ] [ BEHAVIOR ] Run app\common\behavior\Common @module_init [ RunTime:0.003000s ]
[ info ] [ TOKEN ] INIT Mysql
[ info ] [ DB ] INIT mysql
[ info ] [ RUN ] app\api\controller\Machine->test[ D:\WWW\last\application\api\controller\Machine.php ]
[ info ] [ LOG ] INIT File
[ sql ] [ DB ] CONNECT:[ UseTime:0.001500s ] mysql:host=127.0.0.1;dbname=last;charset=utf8
[ sql ] [ SQL ] SHOW COLUMNS FROM `fa_user_token` [ RunTime:0.054507s ]
[ sql ] [ SQL ] SELECT * FROM `fa_user_token` WHERE  `token` = 'f22e64db2e0fc8bde78568cdab960c4f220075a1' LIMIT 1 [ RunTime:0.000500s ]
[ sql ] [ SQL ] SHOW COLUMNS FROM `fa_user` [ RunTime:0.038505s ]
[ sql ] [ SQL ] SELECT * FROM `fa_user` WHERE  `id` = 9 LIMIT 1 [ RunTime:0.000500s ]
