---------------------------------------------------------------
[ 2019-09-29T14:36:46+08:00 ] 192.168.1.144 POST 192.168.1.144:9999/api/stock/miyao
[运行时间：0.220528s] [吞吐率：4.53req/s] [内存消耗：2,870.70kb] [文件加载：126]
[ info ] [ BEHAVIOR ] Run Closure @app_init [ RunTime:0.000000s ]
[ info ] [ CACHE ] INIT File
[ info ] [ BEHAVIOR ] Run Closure @app_init [ RunTime:0.006001s ]
[ info ] [ LANG ] D:\WWW\last\thinkphp\lang\zh-cn.php
[ info ] [ ROUTE ] array (
  'type' => 'module',
  'module' => 
  array (
    0 => 'api',
    1 => 'stock',
    2 => 'miyao',
  ),
)
[ info ] [ HEADER ] array (
  'connection' => 'close',
  'content-length' => '1089',
  'content-type' => 'multipart/form-data; boundary=--------------------------608685034799556850234877',
  'accept-encoding' => 'gzip, deflate',
  'host' => '192.168.1.144:9999',
  'accept' => '*/*',
  'user-agent' => 'PostmanRuntime/7.6.0',
  'postman-token' => '6c52e511-a82e-4b13-8015-06d009d334f6',
  'cache-control' => 'no-cache',
)
[ info ] [ PARAM ] array (
  'token' => '94711b17-95ae-4a0d-971d-3f8d24b346b6',
  'goods_name' => '第一件商品',
  'type_id' => '2',
  'content' => '',
  'goods_price' => '5',
  'type_name' => '第一个分类',
  'stock_id' => '1',
  'goods_id' => '2',
  'number' => '3',
)
[ info ] [ LANG ] D:\WWW\last\public/../application/api\lang\zh-cn.php
[ info ] [ BEHAVIOR ] Run app\common\behavior\Common @module_init [ RunTime:0.015502s ]
[ info ] [ TOKEN ] INIT Mysql
[ info ] [ DB ] INIT mysql
[ info ] [ RUN ] app\api\controller\Stock->miyao[ D:\WWW\last\application\api\controller\Stock.php ]
[ info ] [ LOG ] INIT File
[ sql ] [ DB ] CONNECT:[ UseTime:0.002000s ] mysql:host=127.0.0.1;dbname=last;charset=utf8
[ sql ] [ SQL ] SHOW COLUMNS FROM `fa_user_token` [ RunTime:0.027004s ]
[ sql ] [ SQL ] SELECT * FROM `fa_user_token` WHERE  `token` = 'f22e64db2e0fc8bde78568cdab960c4f220075a1' LIMIT 1 [ RunTime:0.000500s ]
[ sql ] [ SQL ] SHOW COLUMNS FROM `fa_user` [ RunTime:0.018002s ]
[ sql ] [ SQL ] SELECT * FROM `fa_user` WHERE  `id` = 9 LIMIT 1 [ RunTime:0.000500s ]
