---------------------------------------------------------------
[ 2019-10-24T10:58:40+08:00 ] 192.168.1.144 POST 192.168.1.144:9999/api/server
[运行时间：1.779726s] [吞吐率：0.56req/s] [内存消耗：2,615.33kb] [文件加载：123]
[ info ] [ BEHAVIOR ] Run Closure @app_init [ RunTime:0.000000s ]
[ info ] [ CACHE ] INIT File
[ info ] [ BEHAVIOR ] Run Closure @app_init [ RunTime:0.047006s ]
[ info ] [ LANG ] D:\WWW\last\thinkphp\lang\zh-cn.php
[ info ] [ ROUTE ] array (
  'type' => 'module',
  'module' => 
  array (
    0 => 'api',
    1 => 'server',
    2 => NULL,
  ),
)
[ info ] [ HEADER ] array (
  'connection' => 'close',
  'content-length' => '63',
  'accept-encoding' => 'gzip, deflate',
  'host' => '192.168.1.144:9999',
  'accept' => '*/*',
  'user-agent' => 'PostmanRuntime/7.6.0',
  'postman-token' => '6e7767b7-ce88-4c6e-acc9-15748bce49aa',
  'cache-control' => 'no-cache',
  'content-type' => 'application/json',
)
[ info ] [ PARAM ] array (
  'msgtype' => 'receive_message',
  'msg' => 
  array (
    'C' => 'lg',
    'P' => 
    array (
      'sn' => 11000,
    ),
  ),
)
[ info ] [ LANG ] D:\WWW\last\public/../application/api\lang\zh-cn.php
[ info ] [ BEHAVIOR ] Run app\common\behavior\Common @module_init [ RunTime:0.019503s ]
[ info ] [ RUN ] app\api\controller\Server->index[ D:\WWW\last\application\api\controller\Server.php ]
[ info ] [ DB ] INIT mysql
[ info ] [ LOG ] INIT File
[ sql ] [ DB ] CONNECT:[ UseTime:0.001500s ] mysql:host=127.0.0.1;dbname=last;charset=utf8
[ sql ] [ SQL ] SHOW COLUMNS FROM `fa_machine` [ RunTime:0.054507s ]
[ sql ] [ SQL ] SELECT * FROM `fa_machine` WHERE  `machine_id` = 11000 LIMIT 1 [ RunTime:0.000500s ]
[ sql ] [ SQL ] UPDATE `fa_machine`  SET `position_lng`=NULL,`position_lat`=NULL,`address`=NULL,`soft_version`=NULL,`last_online`='1571885920',`is_online`=1  WHERE  `machine_id` = 11000 [ RunTime:0.000500s ]
[ sql ] [ SQL ] SHOW COLUMNS FROM `fa_machine_conf` [ RunTime:0.056007s ]
[ sql ] [ SQL ] SELECT `goods_id` FROM `fa_machine_conf` WHERE  `machine_id` = 11000 [ RunTime:0.000500s ]
[ sql ] [ SQL ] SHOW COLUMNS FROM `fa_client_goods` [ RunTime:0.093012s ]
[ sql ] [ SQL ] SELECT `goods_price` FROM `fa_client_goods` WHERE  `goods_id` = 1 LIMIT 1 [ RunTime:0.000500s ]
[ sql ] [ SQL ] SELECT SUM(number) AS tp_sum FROM `fa_machine_conf` WHERE  `goods_id` = 1 LIMIT 1 [ RunTime:0.000500s ]
[ sql ] [ SQL ] SELECT `goods_price` FROM `fa_client_goods` WHERE  `goods_id` = 2 LIMIT 1 [ RunTime:0.000500s ]
[ sql ] [ SQL ] SELECT SUM(number) AS tp_sum FROM `fa_machine_conf` WHERE  `goods_id` = 2 LIMIT 1 [ RunTime:0.000500s ]
[ sql ] [ SQL ] SELECT `goods_price` FROM `fa_client_goods` WHERE  `goods_id` = 3 LIMIT 1 [ RunTime:0.000000s ]
[ sql ] [ SQL ] SELECT SUM(number) AS tp_sum FROM `fa_machine_conf` WHERE  `goods_id` = 3 LIMIT 1 [ RunTime:0.000500s ]
[ sql ] [ SQL ] SELECT `goods_price` FROM `fa_client_goods` WHERE  `goods_id` = 4 LIMIT 1 [ RunTime:0.000500s ]
[ sql ] [ SQL ] SELECT SUM(number) AS tp_sum FROM `fa_machine_conf` WHERE  `goods_id` = 4 LIMIT 1 [ RunTime:0.000000s ]
---------------------------------------------------------------
[ 2019-10-24T11:00:34+08:00 ] 192.168.1.144 GET 192.168.1.144:9999/api/test/tx
[运行时间：1.962249s] [吞吐率：0.51req/s] [内存消耗：2,762.63kb] [文件加载：121]
[ info ] [ BEHAVIOR ] Run Closure @app_init [ RunTime:0.000000s ]
[ info ] [ CACHE ] INIT File
[ info ] [ BEHAVIOR ] Run Closure @app_init [ RunTime:0.046006s ]
[ info ] [ LANG ] D:\WWW\last\thinkphp\lang\zh-cn.php
[ info ] [ ROUTE ] array (
  'type' => 'module',
  'module' => 
  array (
    0 => 'api',
    1 => 'test',
    2 => 'tx',
  ),
)
[ info ] [ HEADER ] array (
  'cookie' => 'Hm_lvt_06e9734f33e7ff39eccc218a7043f30f=1565955353; Hm_lvt_f8d0a8c400404989e195270b0bbf060a=1569297680,1569301951,1569736776,1571373133',
  'accept-language' => 'zh-CN,zh;q=0.9',
  'accept-encoding' => 'gzip, deflate',
  'accept' => 'text/html,application/xhtml+xml,application/xml;q=0.9,image/webp,image/apng,*/*;q=0.8,application/signed-exchange;v=b3',
  'user-agent' => 'Mozilla/5.0 (Windows NT 6.1; Win64; x64) AppleWebKit/537.36 (KHTML, like Gecko) Chrome/77.0.3865.120 Safari/537.36',
  'upgrade-insecure-requests' => '1',
  'connection' => 'close',
  'host' => '192.168.1.144:9999',
)
[ info ] [ PARAM ] array (
)
[ info ] [ LANG ] D:\WWW\last\public/../application/api\lang\zh-cn.php
[ info ] [ BEHAVIOR ] Run app\common\behavior\Common @module_init [ RunTime:0.025503s ]
[ info ] [ DB ] INIT mysql
[ info ] [ RUN ] app\api\controller\Test->tx[ D:\WWW\last\application\api\controller\Test.php ]
[ info ] [ LOG ] INIT File
[ sql ] [ DB ] CONNECT:[ UseTime:0.000500s ] mysql:host=127.0.0.1;dbname=last;charset=utf8
[ sql ] [ SQL ] SHOW COLUMNS FROM `fa_user` [ RunTime:0.048006s ]
[ sql ] [ SQL ] SELECT * FROM `fa_user` WHERE  `token` IS NULL LIMIT 1 [ RunTime:0.000000s ]
[ sql ] [ SQL ] SHOW COLUMNS FROM `fa_client_goods_type` [ RunTime:0.050006s ]
[ sql ] [ SQL ] SELECT `type_name` FROM `fa_client_goods_type` WHERE  `type_id` = 1 LIMIT 1 [ RunTime:0.000000s ]
---------------------------------------------------------------
[ 2019-10-24T11:00:35+08:00 ] 192.168.1.144 GET 192.168.1.144:9999/favicon.ico
[运行时间：0.094512s] [吞吐率：10.58req/s] [内存消耗：1,579.01kb] [文件加载：107]
[ info ] [ BEHAVIOR ] Run Closure @app_init [ RunTime:0.000000s ]
[ info ] [ CACHE ] INIT File
[ info ] [ BEHAVIOR ] Run Closure @app_init [ RunTime:0.004501s ]
[ info ] [ LANG ] D:\WWW\last\thinkphp\lang\zh-cn.php
[ info ] [ ROUTE ] array (
  'type' => 'module',
  'module' => 
  array (
    0 => 'favicon.ico',
    1 => NULL,
    2 => NULL,
  ),
)
[ info ] [ HEADER ] array (
  'cookie' => 'Hm_lvt_06e9734f33e7ff39eccc218a7043f30f=1565955353; Hm_lvt_f8d0a8c400404989e195270b0bbf060a=1569297680,1569301951,1569736776,1571373133',
  'accept-language' => 'zh-CN,zh;q=0.9',
  'accept-encoding' => 'gzip, deflate',
  'referer' => 'http://192.168.1.144:9999/api/test/tx',
  'accept' => 'image/webp,image/apng,image/*,*/*;q=0.8',
  'user-agent' => 'Mozilla/5.0 (Windows NT 6.1; Win64; x64) AppleWebKit/537.36 (KHTML, like Gecko) Chrome/77.0.3865.120 Safari/537.36',
  'connection' => 'close',
  'host' => '192.168.1.144:9999',
)
[ info ] [ PARAM ] array (
)
[ info ] [ LOG ] INIT File
---------------------------------------------------------------
[ 2019-10-24T11:01:57+08:00 ] 192.168.1.144 GET 192.168.1.144:9999/api/test/tx
[运行时间：0.125016s] [吞吐率：8.00req/s] [内存消耗：2,763.05kb] [文件加载：121]
[ info ] [ BEHAVIOR ] Run Closure @app_init [ RunTime:0.000000s ]
[ info ] [ CACHE ] INIT File
[ info ] [ BEHAVIOR ] Run Closure @app_init [ RunTime:0.007501s ]
[ info ] [ LANG ] D:\WWW\last\thinkphp\lang\zh-cn.php
[ info ] [ ROUTE ] array (
  'type' => 'module',
  'module' => 
  array (
    0 => 'api',
    1 => 'test',
    2 => 'tx',
  ),
)
[ info ] [ HEADER ] array (
  'cookie' => 'Hm_lvt_06e9734f33e7ff39eccc218a7043f30f=1565955353; Hm_lvt_f8d0a8c400404989e195270b0bbf060a=1569297680,1569301951,1569736776,1571373133',
  'accept-language' => 'zh-CN,zh;q=0.9',
  'accept-encoding' => 'gzip, deflate',
  'accept' => 'text/html,application/xhtml+xml,application/xml;q=0.9,image/webp,image/apng,*/*;q=0.8,application/signed-exchange;v=b3',
  'user-agent' => 'Mozilla/5.0 (Windows NT 6.1; Win64; x64) AppleWebKit/537.36 (KHTML, like Gecko) Chrome/77.0.3865.120 Safari/537.36',
  'upgrade-insecure-requests' => '1',
  'cache-control' => 'max-age=0',
  'connection' => 'close',
  'host' => '192.168.1.144:9999',
)
[ info ] [ PARAM ] array (
)
[ info ] [ LANG ] D:\WWW\last\public/../application/api\lang\zh-cn.php
[ info ] [ BEHAVIOR ] Run app\common\behavior\Common @module_init [ RunTime:0.002000s ]
[ info ] [ DB ] INIT mysql
[ info ] [ RUN ] app\api\controller\Test->tx[ D:\WWW\last\application\api\controller\Test.php ]
[ info ] [ LOG ] INIT File
[ sql ] [ DB ] CONNECT:[ UseTime:0.000500s ] mysql:host=127.0.0.1;dbname=last;charset=utf8
[ sql ] [ SQL ] SHOW COLUMNS FROM `fa_user` [ RunTime:0.041505s ]
[ sql ] [ SQL ] SELECT * FROM `fa_user` WHERE  `token` IS NULL LIMIT 1 [ RunTime:0.000500s ]
[ sql ] [ SQL ] SHOW COLUMNS FROM `fa_client_goods_type` [ RunTime:0.022003s ]
[ sql ] [ SQL ] SELECT `type_name` FROM `fa_client_goods_type` WHERE  `type_id` = 2 LIMIT 1 [ RunTime:0.000500s ]
---------------------------------------------------------------
[ 2019-10-24T11:02:29+08:00 ] 192.168.1.144 GET 192.168.1.144:9999/api/test/tx
[运行时间：0.340043s] [吞吐率：2.94req/s] [内存消耗：2,763.05kb] [文件加载：121]
[ info ] [ BEHAVIOR ] Run Closure @app_init [ RunTime:0.004501s ]
[ info ] [ CACHE ] INIT File
[ info ] [ BEHAVIOR ] Run Closure @app_init [ RunTime:0.040505s ]
[ info ] [ LANG ] D:\WWW\last\thinkphp\lang\zh-cn.php
[ info ] [ ROUTE ] array (
  'type' => 'module',
  'module' => 
  array (
    0 => 'api',
    1 => 'test',
    2 => 'tx',
  ),
)
[ info ] [ HEADER ] array (
  'cookie' => 'Hm_lvt_06e9734f33e7ff39eccc218a7043f30f=1565955353; Hm_lvt_f8d0a8c400404989e195270b0bbf060a=1569297680,1569301951,1569736776,1571373133',
  'accept-language' => 'zh-CN,zh;q=0.9',
  'accept-encoding' => 'gzip, deflate',
  'accept' => 'text/html,application/xhtml+xml,application/xml;q=0.9,image/webp,image/apng,*/*;q=0.8,application/signed-exchange;v=b3',
  'user-agent' => 'Mozilla/5.0 (Windows NT 6.1; Win64; x64) AppleWebKit/537.36 (KHTML, like Gecko) Chrome/77.0.3865.120 Safari/537.36',
  'upgrade-insecure-requests' => '1',
  'cache-control' => 'max-age=0',
  'connection' => 'close',
  'host' => '192.168.1.144:9999',
)
[ info ] [ PARAM ] array (
)
[ info ] [ LANG ] D:\WWW\last\public/../application/api\lang\zh-cn.php
[ info ] [ BEHAVIOR ] Run app\common\behavior\Common @module_init [ RunTime:0.003501s ]
[ info ] [ DB ] INIT mysql
[ info ] [ RUN ] app\api\controller\Test->tx[ D:\WWW\last\application\api\controller\Test.php ]
[ info ] [ LOG ] INIT File
[ sql ] [ DB ] CONNECT:[ UseTime:0.019002s ] mysql:host=127.0.0.1;dbname=last;charset=utf8
[ sql ] [ SQL ] SHOW COLUMNS FROM `fa_user` [ RunTime:0.092512s ]
[ sql ] [ SQL ] SELECT * FROM `fa_user` WHERE  `token` IS NULL LIMIT 1 [ RunTime:0.000500s ]
[ sql ] [ SQL ] SHOW COLUMNS FROM `fa_client_goods_type` [ RunTime:0.056007s ]
[ sql ] [ SQL ] SELECT `type_name` FROM `fa_client_goods_type` WHERE  `type_id` = 2 LIMIT 1 [ RunTime:0.003000s ]
---------------------------------------------------------------
[ 2019-10-24T11:02:49+08:00 ] 192.168.1.144 GET 192.168.1.144:9999/api/test/tx
[运行时间：0.151520s] [吞吐率：6.60req/s] [内存消耗：2,763.05kb] [文件加载：121]
[ info ] [ BEHAVIOR ] Run Closure @app_init [ RunTime:0.000000s ]
[ info ] [ CACHE ] INIT File
[ info ] [ BEHAVIOR ] Run Closure @app_init [ RunTime:0.003000s ]
[ info ] [ LANG ] D:\WWW\last\thinkphp\lang\zh-cn.php
[ info ] [ ROUTE ] array (
  'type' => 'module',
  'module' => 
  array (
    0 => 'api',
    1 => 'test',
    2 => 'tx',
  ),
)
[ info ] [ HEADER ] array (
  'cookie' => 'Hm_lvt_06e9734f33e7ff39eccc218a7043f30f=1565955353; Hm_lvt_f8d0a8c400404989e195270b0bbf060a=1569297680,1569301951,1569736776,1571373133',
  'accept-language' => 'zh-CN,zh;q=0.9',
  'accept-encoding' => 'gzip, deflate',
  'accept' => 'text/html,application/xhtml+xml,application/xml;q=0.9,image/webp,image/apng,*/*;q=0.8,application/signed-exchange;v=b3',
  'user-agent' => 'Mozilla/5.0 (Windows NT 6.1; Win64; x64) AppleWebKit/537.36 (KHTML, like Gecko) Chrome/77.0.3865.120 Safari/537.36',
  'upgrade-insecure-requests' => '1',
  'cache-control' => 'max-age=0',
  'connection' => 'close',
  'host' => '192.168.1.144:9999',
)
[ info ] [ PARAM ] array (
)
[ info ] [ LANG ] D:\WWW\last\public/../application/api\lang\zh-cn.php
[ info ] [ BEHAVIOR ] Run app\common\behavior\Common @module_init [ RunTime:0.001500s ]
[ info ] [ DB ] INIT mysql
[ info ] [ RUN ] app\api\controller\Test->tx[ D:\WWW\last\application\api\controller\Test.php ]
[ info ] [ LOG ] INIT File
[ sql ] [ DB ] CONNECT:[ UseTime:0.005501s ] mysql:host=127.0.0.1;dbname=last;charset=utf8
[ sql ] [ SQL ] SHOW COLUMNS FROM `fa_user` [ RunTime:0.059007s ]
[ sql ] [ SQL ] SELECT * FROM `fa_user` WHERE  `token` IS NULL LIMIT 1 [ RunTime:0.000501s ]
[ sql ] [ SQL ] SHOW COLUMNS FROM `fa_client_goods_type` [ RunTime:0.024003s ]
[ sql ] [ SQL ] SELECT `type_name` FROM `fa_client_goods_type` WHERE  `type_id` = 1 LIMIT 1 [ RunTime:0.000500s ]
---------------------------------------------------------------
[ 2019-10-24T17:30:37+08:00 ] 192.168.1.144 POST 192.168.1.144:9999/api/server
[运行时间：1.431682s] [吞吐率：0.70req/s] [内存消耗：2,006.20kb] [文件加载：116]
[ info ] [ BEHAVIOR ] Run Closure @app_init [ RunTime:0.000000s ]
[ info ] [ CACHE ] INIT File
[ info ] [ BEHAVIOR ] Run Closure @app_init [ RunTime:0.060508s ]
[ info ] [ LANG ] D:\WWW\last\thinkphp\lang\zh-cn.php
[ info ] [ ROUTE ] array (
  'type' => 'module',
  'module' => 
  array (
    0 => 'api',
    1 => 'server',
    2 => NULL,
  ),
)
[ info ] [ HEADER ] array (
  'connection' => 'close',
  'content-length' => '34',
  'accept-encoding' => 'gzip, deflate',
  'host' => '192.168.1.144:9999',
  'accept' => '*/*',
  'user-agent' => 'PostmanRuntime/7.6.0',
  'postman-token' => 'ee64b135-9bd0-432e-a3d3-35e3c506396e',
  'cache-control' => 'no-cache',
  'content-type' => 'application/json',
)
[ info ] [ PARAM ] array (
)
[ info ] [ LANG ] D:\WWW\last\public/../application/api\lang\zh-cn.php
[ info ] [ BEHAVIOR ] Run app\common\behavior\Common @module_init [ RunTime:0.021502s ]
[ info ] [ RUN ] app\api\controller\Server->index[ D:\WWW\last\application\api\controller\Server.php ]
[ info ] [ LOG ] INIT File
---------------------------------------------------------------
[ 2019-10-24T17:54:40+08:00 ] 192.168.1.147 GET 192.168.1.144:9999/favicon.ico
[运行时间：0.069008s] [吞吐率：14.49req/s] [内存消耗：1,579.28kb] [文件加载：107]
[ info ] [ BEHAVIOR ] Run Closure @app_init [ RunTime:0.000000s ]
[ info ] [ CACHE ] INIT File
[ info ] [ BEHAVIOR ] Run Closure @app_init [ RunTime:0.003000s ]
[ info ] [ LANG ] D:\WWW\last\thinkphp\lang\zh-cn.php
[ info ] [ ROUTE ] array (
  'type' => 'module',
  'module' => 
  array (
    0 => 'favicon.ico',
    1 => NULL,
    2 => NULL,
  ),
)
[ info ] [ HEADER ] array (
  'accept-language' => 'zh-CN,en-US;q=0.9',
  'accept-encoding' => 'gzip, deflate',
  'referer' => 'http://192.168.1.144:9999/goods_info/',
  'accept' => 'image/webp,image/wxpic,image/sharpp,image/apng,image/tpg,image/*,*/*;q=0.8',
  'user-agent' => 'Mozilla/5.0 (Linux; Android 9; MI 8 Build/PKQ1.180729.001; wv) AppleWebKit/537.36 (KHTML, like Gecko) Version/4.0 Chrome/66.0.3359.126 MQQBrowser/6.2 TBS/044904 Mobile Safari/537.36 MMWEBID/4947 MicroMessenger/7.0.7.1521(0x2700073A) Process/tools NetType/WIFI Language/zh_CN',
  'connection' => 'close',
  'host' => '192.168.1.144:9999',
)
[ info ] [ PARAM ] array (
)
[ info ] [ LOG ] INIT File
---------------------------------------------------------------
[ 2019-10-24T18:28:59+08:00 ] 47.104.30.132 POST 7b7ac6ac.ngrok.io/api/server
[运行时间：0.389550s] [吞吐率：2.57req/s] [内存消耗：2,615.01kb] [文件加载：123]
[ info ] [ BEHAVIOR ] Run Closure @app_init [ RunTime:0.000000s ]
[ info ] [ CACHE ] INIT File
[ info ] [ BEHAVIOR ] Run Closure @app_init [ RunTime:0.004001s ]
[ info ] [ LANG ] D:\WWW\last\thinkphp\lang\zh-cn.php
[ info ] [ ROUTE ] array (
  'type' => 'module',
  'module' => 
  array (
    0 => 'api',
    1 => 'server',
    2 => NULL,
  ),
)
[ info ] [ HEADER ] array (
  'connection' => 'close',
  'x-forwarded-for' => '47.104.30.132',
  'accept-encoding' => 'gzip',
  'content-type' => 'application/json',
  'content-length' => '90',
  'user-agent' => 'Go-http-client/1.1',
  'host' => '7b7ac6ac.ngrok.io',
)
[ info ] [ PARAM ] array (
  'msgtype' => 'receive_message',
  'msg' => 
  array (
    'C' => 'lg',
    'P' => 
    array (
      'sn' => 11000,
    ),
  ),
  'ip' => '123.125.5.211:49156',
)
[ info ] [ LANG ] D:\WWW\last\public/../application/api\lang\zh-cn.php
[ info ] [ BEHAVIOR ] Run app\common\behavior\Common @module_init [ RunTime:0.003501s ]
[ info ] [ RUN ] app\api\controller\Server->index[ D:\WWW\last\application\api\controller\Server.php ]
[ info ] [ DB ] INIT mysql
[ info ] [ LOG ] INIT File
[ sql ] [ DB ] CONNECT:[ UseTime:0.001500s ] mysql:host=127.0.0.1;dbname=last;charset=utf8
[ sql ] [ SQL ] SHOW COLUMNS FROM `fa_machine` [ RunTime:0.050507s ]
[ sql ] [ SQL ] SELECT * FROM `fa_machine` WHERE  `machine_id` = 11000 LIMIT 1 [ RunTime:0.001001s ]
[ sql ] [ SQL ] UPDATE `fa_machine`  SET `position_lng`=NULL,`position_lat`=NULL,`address`=NULL,`soft_version`=NULL,`last_online`='1571912938',`is_online`=1  WHERE  `machine_id` = 11000 [ RunTime:0.000500s ]
[ sql ] [ SQL ] SHOW COLUMNS FROM `fa_machine_conf` [ RunTime:0.083010s ]
[ sql ] [ SQL ] SELECT `goods_id` FROM `fa_machine_conf` WHERE  `machine_id` = 11000 [ RunTime:0.000500s ]
[ sql ] [ SQL ] SHOW COLUMNS FROM `fa_client_goods` [ RunTime:0.063508s ]
[ sql ] [ SQL ] SELECT `goods_price` FROM `fa_client_goods` WHERE  `goods_id` = 1 LIMIT 1 [ RunTime:0.000000s ]
[ sql ] [ SQL ] SELECT SUM(number) AS tp_sum FROM `fa_machine_conf` WHERE  `goods_id` = 1 LIMIT 1 [ RunTime:0.000500s ]
[ sql ] [ SQL ] SELECT `goods_price` FROM `fa_client_goods` WHERE  `goods_id` = 2 LIMIT 1 [ RunTime:0.000000s ]
[ sql ] [ SQL ] SELECT SUM(number) AS tp_sum FROM `fa_machine_conf` WHERE  `goods_id` = 2 LIMIT 1 [ RunTime:0.000000s ]
[ sql ] [ SQL ] SELECT `goods_price` FROM `fa_client_goods` WHERE  `goods_id` = 3 LIMIT 1 [ RunTime:0.000500s ]
[ sql ] [ SQL ] SELECT SUM(number) AS tp_sum FROM `fa_machine_conf` WHERE  `goods_id` = 3 LIMIT 1 [ RunTime:0.000000s ]
[ sql ] [ SQL ] SELECT `goods_price` FROM `fa_client_goods` WHERE  `goods_id` = 4 LIMIT 1 [ RunTime:0.000000s ]
[ sql ] [ SQL ] SELECT SUM(number) AS tp_sum FROM `fa_machine_conf` WHERE  `goods_id` = 4 LIMIT 1 [ RunTime:0.000000s ]
---------------------------------------------------------------
[ 2019-10-24T18:28:59+08:00 ] 47.104.30.132 POST 7b7ac6ac.ngrok.io/api/server
[运行时间：0.111515s] [吞吐率：8.97req/s] [内存消耗：2,615.01kb] [文件加载：123]
[ info ] [ BEHAVIOR ] Run Closure @app_init [ RunTime:0.000000s ]
[ info ] [ CACHE ] INIT File
[ info ] [ BEHAVIOR ] Run Closure @app_init [ RunTime:0.002500s ]
[ info ] [ LANG ] D:\WWW\last\thinkphp\lang\zh-cn.php
[ info ] [ ROUTE ] array (
  'type' => 'module',
  'module' => 
  array (
    0 => 'api',
    1 => 'server',
    2 => NULL,
  ),
)
[ info ] [ HEADER ] array (
  'connection' => 'close',
  'x-forwarded-for' => '47.104.30.132',
  'accept-encoding' => 'gzip',
  'content-type' => 'application/json',
  'content-length' => '90',
  'user-agent' => 'Go-http-client/1.1',
  'host' => '7b7ac6ac.ngrok.io',
)
[ info ] [ PARAM ] array (
  'msgtype' => 'receive_message',
  'msg' => 
  array (
    'C' => 'lg',
    'P' => 
    array (
      'sn' => 11000,
    ),
  ),
  'ip' => '123.125.5.211:49154',
)
[ info ] [ LANG ] D:\WWW\last\public/../application/api\lang\zh-cn.php
[ info ] [ BEHAVIOR ] Run app\common\behavior\Common @module_init [ RunTime:0.001500s ]
[ info ] [ RUN ] app\api\controller\Server->index[ D:\WWW\last\application\api\controller\Server.php ]
[ info ] [ DB ] INIT mysql
[ info ] [ LOG ] INIT File
[ sql ] [ DB ] CONNECT:[ UseTime:0.010001s ] mysql:host=127.0.0.1;dbname=last;charset=utf8
[ sql ] [ SQL ] SHOW COLUMNS FROM `fa_machine` [ RunTime:0.022003s ]
[ sql ] [ SQL ] SELECT * FROM `fa_machine` WHERE  `machine_id` = 11000 LIMIT 1 [ RunTime:0.000500s ]
[ sql ] [ SQL ] UPDATE `fa_machine`  SET `position_lng`=NULL,`position_lat`=NULL,`address`=NULL,`soft_version`=NULL,`last_online`='1571912939',`is_online`=1  WHERE  `machine_id` = 11000 [ RunTime:0.000000s ]
[ sql ] [ SQL ] SHOW COLUMNS FROM `fa_machine_conf` [ RunTime:0.022003s ]
[ sql ] [ SQL ] SELECT `goods_id` FROM `fa_machine_conf` WHERE  `machine_id` = 11000 [ RunTime:0.000000s ]
[ sql ] [ SQL ] SHOW COLUMNS FROM `fa_client_goods` [ RunTime:0.017002s ]
[ sql ] [ SQL ] SELECT `goods_price` FROM `fa_client_goods` WHERE  `goods_id` = 1 LIMIT 1 [ RunTime:0.000500s ]
[ sql ] [ SQL ] SELECT SUM(number) AS tp_sum FROM `fa_machine_conf` WHERE  `goods_id` = 1 LIMIT 1 [ RunTime:0.000000s ]
[ sql ] [ SQL ] SELECT `goods_price` FROM `fa_client_goods` WHERE  `goods_id` = 2 LIMIT 1 [ RunTime:0.000000s ]
[ sql ] [ SQL ] SELECT SUM(number) AS tp_sum FROM `fa_machine_conf` WHERE  `goods_id` = 2 LIMIT 1 [ RunTime:0.000000s ]
[ sql ] [ SQL ] SELECT `goods_price` FROM `fa_client_goods` WHERE  `goods_id` = 3 LIMIT 1 [ RunTime:0.000000s ]
[ sql ] [ SQL ] SELECT SUM(number) AS tp_sum FROM `fa_machine_conf` WHERE  `goods_id` = 3 LIMIT 1 [ RunTime:0.000500s ]
[ sql ] [ SQL ] SELECT `goods_price` FROM `fa_client_goods` WHERE  `goods_id` = 4 LIMIT 1 [ RunTime:0.000000s ]
[ sql ] [ SQL ] SELECT SUM(number) AS tp_sum FROM `fa_machine_conf` WHERE  `goods_id` = 4 LIMIT 1 [ RunTime:0.000000s ]
---------------------------------------------------------------
[ 2019-10-24T18:29:00+08:00 ] 47.104.30.132 POST 7b7ac6ac.ngrok.io/api/server
[运行时间：0.175522s] [吞吐率：5.70req/s] [内存消耗：2,639.65kb] [文件加载：126]
[ info ] [ BEHAVIOR ] Run Closure @app_init [ RunTime:0.000000s ]
[ info ] [ CACHE ] INIT File
[ info ] [ BEHAVIOR ] Run Closure @app_init [ RunTime:0.005501s ]
[ info ] [ LANG ] D:\WWW\last\thinkphp\lang\zh-cn.php
[ info ] [ ROUTE ] array (
  'type' => 'module',
  'module' => 
  array (
    0 => 'api',
    1 => 'server',
    2 => NULL,
  ),
)
[ info ] [ HEADER ] array (
  'connection' => 'close',
  'x-forwarded-for' => '47.104.30.132',
  'accept-encoding' => 'gzip',
  'content-type' => 'application/json',
  'content-length' => '47',
  'user-agent' => 'Go-http-client/1.1',
  'host' => '7b7ac6ac.ngrok.io',
)
[ info ] [ PARAM ] array (
  'msgtype' => 'connection_lost',
  'machinesn' => 11000,
)
[ info ] [ LANG ] D:\WWW\last\public/../application/api\lang\zh-cn.php
[ info ] [ BEHAVIOR ] Run app\common\behavior\Common @module_init [ RunTime:0.001501s ]
[ info ] [ RUN ] app\api\controller\Server->index[ D:\WWW\last\application\api\controller\Server.php ]
[ info ] [ DB ] INIT mysql
[ info ] [ LOG ] INIT File
[ sql ] [ DB ] CONNECT:[ UseTime:0.000500s ] mysql:host=127.0.0.1;dbname=last;charset=utf8
[ sql ] [ SQL ] SHOW COLUMNS FROM `fa_machine` [ RunTime:0.032504s ]
[ error ] [0]数据表字段不存在:[last_login][D:\WWW\last\thinkphp\library\think\db\Builder.php:115]
---------------------------------------------------------------
[ 2019-10-24T18:39:34+08:00 ] 192.168.1.144 POST 192.168.1.144:9999/api/server
[运行时间：0.132017s] [吞吐率：7.57req/s] [内存消耗：2,615.34kb] [文件加载：123]
[ info ] [ BEHAVIOR ] Run Closure @app_init [ RunTime:0.000500s ]
[ info ] [ CACHE ] INIT File
[ info ] [ BEHAVIOR ] Run Closure @app_init [ RunTime:0.003000s ]
[ info ] [ LANG ] D:\WWW\last\thinkphp\lang\zh-cn.php
[ info ] [ ROUTE ] array (
  'type' => 'module',
  'module' => 
  array (
    0 => 'api',
    1 => 'server',
    2 => NULL,
  ),
)
[ info ] [ HEADER ] array (
  'connection' => 'close',
  'content-length' => '63',
  'accept-encoding' => 'gzip, deflate',
  'host' => '192.168.1.144:9999',
  'accept' => '*/*',
  'user-agent' => 'PostmanRuntime/7.6.0',
  'postman-token' => 'b66e898f-77dc-445c-82ab-638575021be2',
  'cache-control' => 'no-cache',
  'content-type' => 'application/json',
)
[ info ] [ PARAM ] array (
  'msgtype' => 'receive_message',
  'msg' => 
  array (
    'C' => 'lg',
    'P' => 
    array (
      'sn' => 11000,
    ),
  ),
)
[ info ] [ LANG ] D:\WWW\last\public/../application/api\lang\zh-cn.php
[ info ] [ BEHAVIOR ] Run app\common\behavior\Common @module_init [ RunTime:0.001500s ]
[ info ] [ RUN ] app\api\controller\Server->index[ D:\WWW\last\application\api\controller\Server.php ]
[ info ] [ DB ] INIT mysql
[ info ] [ LOG ] INIT File
[ sql ] [ DB ] CONNECT:[ UseTime:0.001500s ] mysql:host=127.0.0.1;dbname=last;charset=utf8
[ sql ] [ SQL ] SHOW COLUMNS FROM `fa_machine` [ RunTime:0.035005s ]
[ sql ] [ SQL ] SELECT * FROM `fa_machine` WHERE  `machine_id` = 11000 LIMIT 1 [ RunTime:0.000500s ]
[ sql ] [ SQL ] UPDATE `fa_machine`  SET `position_lng`=NULL,`position_lat`=NULL,`address`=NULL,`soft_version`=NULL,`last_online`='1571913574',`is_online`=1  WHERE  `machine_id` = 11000 [ RunTime:0.000500s ]
[ sql ] [ SQL ] SHOW COLUMNS FROM `fa_machine_conf` [ RunTime:0.024503s ]
[ sql ] [ SQL ] SELECT `goods_id` FROM `fa_machine_conf` WHERE  `machine_id` = 11000 [ RunTime:0.000500s ]
[ sql ] [ SQL ] SHOW COLUMNS FROM `fa_client_goods` [ RunTime:0.025003s ]
[ sql ] [ SQL ] SELECT `goods_price` FROM `fa_client_goods` WHERE  `goods_id` = 1 LIMIT 1 [ RunTime:0.000500s ]
[ sql ] [ SQL ] SELECT SUM(number) AS tp_sum FROM `fa_machine_conf` WHERE  `goods_id` = 1 LIMIT 1 [ RunTime:0.000000s ]
[ sql ] [ SQL ] SELECT `goods_price` FROM `fa_client_goods` WHERE  `goods_id` = 2 LIMIT 1 [ RunTime:0.000000s ]
[ sql ] [ SQL ] SELECT SUM(number) AS tp_sum FROM `fa_machine_conf` WHERE  `goods_id` = 2 LIMIT 1 [ RunTime:0.000000s ]
[ sql ] [ SQL ] SELECT `goods_price` FROM `fa_client_goods` WHERE  `goods_id` = 3 LIMIT 1 [ RunTime:0.000501s ]
[ sql ] [ SQL ] SELECT SUM(number) AS tp_sum FROM `fa_machine_conf` WHERE  `goods_id` = 3 LIMIT 1 [ RunTime:0.000500s ]
[ sql ] [ SQL ] SELECT `goods_price` FROM `fa_client_goods` WHERE  `goods_id` = 4 LIMIT 1 [ RunTime:0.000000s ]
[ sql ] [ SQL ] SELECT SUM(number) AS tp_sum FROM `fa_machine_conf` WHERE  `goods_id` = 4 LIMIT 1 [ RunTime:0.000000s ]
---------------------------------------------------------------
[ 2019-10-24T18:43:59+08:00 ] 192.168.1.144 POST liujunfeng.imwork.net:28246/api/server
[运行时间：0.144518s] [吞吐率：6.92req/s] [内存消耗：2,615.34kb] [文件加载：123]
[ info ] [ BEHAVIOR ] Run Closure @app_init [ RunTime:0.000000s ]
[ info ] [ CACHE ] INIT File
[ info ] [ BEHAVIOR ] Run Closure @app_init [ RunTime:0.002001s ]
[ info ] [ LANG ] D:\WWW\last\thinkphp\lang\zh-cn.php
[ info ] [ ROUTE ] array (
  'type' => 'module',
  'module' => 
  array (
    0 => 'api',
    1 => 'server',
    2 => NULL,
  ),
)
[ info ] [ HEADER ] array (
  'connection' => 'close',
  'content-length' => '63',
  'accept-encoding' => 'gzip, deflate',
  'host' => 'liujunfeng.imwork.net:28246',
  'accept' => '*/*',
  'user-agent' => 'PostmanRuntime/7.6.0',
  'postman-token' => 'c29a25ed-a04c-44bd-9ad2-823d9b365122',
  'cache-control' => 'no-cache',
  'content-type' => 'application/json',
)
[ info ] [ PARAM ] array (
  'msgtype' => 'receive_message',
  'msg' => 
  array (
    'C' => 'lg',
    'P' => 
    array (
      'sn' => 11000,
    ),
  ),
)
[ info ] [ LANG ] D:\WWW\last\public/../application/api\lang\zh-cn.php
[ info ] [ BEHAVIOR ] Run app\common\behavior\Common @module_init [ RunTime:0.001500s ]
[ info ] [ RUN ] app\api\controller\Server->index[ D:\WWW\last\application\api\controller\Server.php ]
[ info ] [ DB ] INIT mysql
[ info ] [ LOG ] INIT File
[ sql ] [ DB ] CONNECT:[ UseTime:0.010001s ] mysql:host=127.0.0.1;dbname=last;charset=utf8
[ sql ] [ SQL ] SHOW COLUMNS FROM `fa_machine` [ RunTime:0.035005s ]
[ sql ] [ SQL ] SELECT * FROM `fa_machine` WHERE  `machine_id` = 11000 LIMIT 1 [ RunTime:0.000500s ]
[ sql ] [ SQL ] UPDATE `fa_machine`  SET `position_lng`=NULL,`position_lat`=NULL,`address`=NULL,`soft_version`=NULL,`last_online`='1571913839',`is_online`=1  WHERE  `machine_id` = 11000 [ RunTime:0.000500s ]
[ sql ] [ SQL ] SHOW COLUMNS FROM `fa_machine_conf` [ RunTime:0.020002s ]
[ sql ] [ SQL ] SELECT `goods_id` FROM `fa_machine_conf` WHERE  `machine_id` = 11000 [ RunTime:0.000500s ]
[ sql ] [ SQL ] SHOW COLUMNS FROM `fa_client_goods` [ RunTime:0.029004s ]
[ sql ] [ SQL ] SELECT `goods_price` FROM `fa_client_goods` WHERE  `goods_id` = 1 LIMIT 1 [ RunTime:0.000500s ]
[ sql ] [ SQL ] SELECT SUM(number) AS tp_sum FROM `fa_machine_conf` WHERE  `goods_id` = 1 LIMIT 1 [ RunTime:0.000000s ]
[ sql ] [ SQL ] SELECT `goods_price` FROM `fa_client_goods` WHERE  `goods_id` = 2 LIMIT 1 [ RunTime:0.000000s ]
[ sql ] [ SQL ] SELECT SUM(number) AS tp_sum FROM `fa_machine_conf` WHERE  `goods_id` = 2 LIMIT 1 [ RunTime:0.000000s ]
[ sql ] [ SQL ] SELECT `goods_price` FROM `fa_client_goods` WHERE  `goods_id` = 3 LIMIT 1 [ RunTime:0.000000s ]
[ sql ] [ SQL ] SELECT SUM(number) AS tp_sum FROM `fa_machine_conf` WHERE  `goods_id` = 3 LIMIT 1 [ RunTime:0.000500s ]
[ sql ] [ SQL ] SELECT `goods_price` FROM `fa_client_goods` WHERE  `goods_id` = 4 LIMIT 1 [ RunTime:0.000000s ]
[ sql ] [ SQL ] SELECT SUM(number) AS tp_sum FROM `fa_machine_conf` WHERE  `goods_id` = 4 LIMIT 1 [ RunTime:0.000000s ]
---------------------------------------------------------------
[ 2019-10-24T18:45:20+08:00 ] 192.168.1.144 POST liujunfeng.imwork.net:28246/api/server
[运行时间：0.170521s] [吞吐率：5.86req/s] [内存消耗：2,615.41kb] [文件加载：123]
[ info ] [ BEHAVIOR ] Run Closure @app_init [ RunTime:0.000000s ]
[ info ] [ CACHE ] INIT File
[ info ] [ BEHAVIOR ] Run Closure @app_init [ RunTime:0.002500s ]
[ info ] [ LANG ] D:\WWW\last\thinkphp\lang\zh-cn.php
[ info ] [ ROUTE ] array (
  'type' => 'module',
  'module' => 
  array (
    0 => 'api',
    1 => 'server',
    2 => NULL,
  ),
)
[ info ] [ HEADER ] array (
  'connection' => 'close',
  'accept-encoding' => 'gzip',
  'content-type' => 'application/json',
  'content-length' => '176',
  'user-agent' => 'Go-http-client/1.1',
  'host' => 'liujunfeng.imwork.net:28246',
)
[ info ] [ PARAM ] array (
  'msgtype' => 'receive_message',
  'msg' => 
  array (
    'C' => 'lg',
    'P' => 
    array (
      'sn' => 11000,
      'sv' => 'V2.0.20190510.1',
      'ts' => 1571913925,
    ),
    'O' => '7C82BC7E7A3FD17094E2891743A2B160ACC3A48A',
  ),
  'ip' => '123.125.5.211:56455',
)
[ info ] [ LANG ] D:\WWW\last\public/../application/api\lang\zh-cn.php
[ info ] [ BEHAVIOR ] Run app\common\behavior\Common @module_init [ RunTime:0.001501s ]
[ info ] [ RUN ] app\api\controller\Server->index[ D:\WWW\last\application\api\controller\Server.php ]
[ info ] [ DB ] INIT mysql
[ info ] [ LOG ] INIT File
[ sql ] [ DB ] CONNECT:[ UseTime:0.010001s ] mysql:host=127.0.0.1;dbname=last;charset=utf8
[ sql ] [ SQL ] SHOW COLUMNS FROM `fa_machine` [ RunTime:0.025003s ]
[ sql ] [ SQL ] SELECT * FROM `fa_machine` WHERE  `machine_id` = 11000 LIMIT 1 [ RunTime:0.000500s ]
[ sql ] [ SQL ] UPDATE `fa_machine`  SET `position_lng`=NULL,`position_lat`=NULL,`address`=NULL,`soft_version`='V2.0.20190510.1',`last_online`='1571913920',`is_online`=1  WHERE  `machine_id` = 11000 [ RunTime:0.026504s ]
[ sql ] [ SQL ] SHOW COLUMNS FROM `fa_machine_conf` [ RunTime:0.019002s ]
[ sql ] [ SQL ] SELECT `goods_id` FROM `fa_machine_conf` WHERE  `machine_id` = 11000 [ RunTime:0.000500s ]
[ sql ] [ SQL ] SHOW COLUMNS FROM `fa_client_goods` [ RunTime:0.019503s ]
[ sql ] [ SQL ] SELECT `goods_price` FROM `fa_client_goods` WHERE  `goods_id` = 1 LIMIT 1 [ RunTime:0.000500s ]
[ sql ] [ SQL ] SELECT SUM(number) AS tp_sum FROM `fa_machine_conf` WHERE  `goods_id` = 1 LIMIT 1 [ RunTime:0.000500s ]
[ sql ] [ SQL ] SELECT `goods_price` FROM `fa_client_goods` WHERE  `goods_id` = 2 LIMIT 1 [ RunTime:0.000500s ]
[ sql ] [ SQL ] SELECT SUM(number) AS tp_sum FROM `fa_machine_conf` WHERE  `goods_id` = 2 LIMIT 1 [ RunTime:0.000500s ]
[ sql ] [ SQL ] SELECT `goods_price` FROM `fa_client_goods` WHERE  `goods_id` = 3 LIMIT 1 [ RunTime:0.000000s ]
[ sql ] [ SQL ] SELECT SUM(number) AS tp_sum FROM `fa_machine_conf` WHERE  `goods_id` = 3 LIMIT 1 [ RunTime:0.000500s ]
[ sql ] [ SQL ] SELECT `goods_price` FROM `fa_client_goods` WHERE  `goods_id` = 4 LIMIT 1 [ RunTime:0.000000s ]
[ sql ] [ SQL ] SELECT SUM(number) AS tp_sum FROM `fa_machine_conf` WHERE  `goods_id` = 4 LIMIT 1 [ RunTime:0.000500s ]
---------------------------------------------------------------
[ 2019-10-24T18:48:30+08:00 ] 192.168.1.144 POST liujunfeng.imwork.net:28246/api/server
[运行时间：0.076010s] [吞吐率：13.16req/s] [内存消耗：2,639.22kb] [文件加载：126]
[ info ] [ BEHAVIOR ] Run Closure @app_init [ RunTime:0.000000s ]
[ info ] [ CACHE ] INIT File
[ info ] [ BEHAVIOR ] Run Closure @app_init [ RunTime:0.003000s ]
[ info ] [ LANG ] D:\WWW\last\thinkphp\lang\zh-cn.php
[ info ] [ ROUTE ] array (
  'type' => 'module',
  'module' => 
  array (
    0 => 'api',
    1 => 'server',
    2 => NULL,
  ),
)
[ info ] [ HEADER ] array (
  'connection' => 'close',
  'accept-encoding' => 'gzip',
  'content-type' => 'application/json',
  'content-length' => '47',
  'user-agent' => 'Go-http-client/1.1',
  'host' => 'liujunfeng.imwork.net:28246',
)
[ info ] [ PARAM ] array (
  'msgtype' => 'connection_lost',
  'machinesn' => 11000,
)
[ info ] [ LANG ] D:\WWW\last\public/../application/api\lang\zh-cn.php
[ info ] [ BEHAVIOR ] Run app\common\behavior\Common @module_init [ RunTime:0.001500s ]
[ info ] [ RUN ] app\api\controller\Server->index[ D:\WWW\last\application\api\controller\Server.php ]
[ info ] [ DB ] INIT mysql
[ info ] [ LOG ] INIT File
[ sql ] [ DB ] CONNECT:[ UseTime:0.011001s ] mysql:host=127.0.0.1;dbname=last;charset=utf8
[ sql ] [ SQL ] SHOW COLUMNS FROM `fa_machine` [ RunTime:0.023503s ]
[ error ] [0]数据表字段不存在:[last_login][D:\WWW\last\thinkphp\library\think\db\Builder.php:115]
