---------------------------------------------------------------
[ 2019-11-22T09:24:40+08:00 ] 192.168.1.115 POST 192.168.1.144:9999/api/user/login
[运行时间：1.748222s] [吞吐率：0.57req/s] [内存消耗：2,977.99kb] [文件加载：130]
[ info ] [ BEHAVIOR ] Run Closure @app_init [ RunTime:0.000000s ]
[ info ] [ CACHE ] INIT File
[ info ] [ BEHAVIOR ] Run Closure @app_init [ RunTime:0.042506s ]
[ info ] [ LANG ] D:\WWW\last\thinkphp\lang\zh-cn.php
[ info ] [ ROUTE ] array (
  'type' => 'module',
  'module' => 
  array (
    0 => 'api',
    1 => 'user',
    2 => 'login',
  ),
)
[ info ] [ HEADER ] array (
  'accept-language' => 'zh-CN,zh;q=0.9,en;q=0.8',
  'accept-encoding' => 'gzip, deflate',
  'referer' => 'http://192.168.1.115:8080/',
  'content-type' => 'application/x-www-form-urlencoded',
  'user-agent' => 'Mozilla/5.0 (iPhone; CPU iPhone OS 11_0 like Mac OS X) AppleWebKit/604.1.38 (KHTML, like Gecko) Version/11.0 Mobile/15A372 Safari/604.1',
  'origin' => 'http://192.168.1.115:8080',
  'accept' => 'application/json, text/plain, */*',
  'content-length' => '24',
  'connection' => 'close',
  'host' => '192.168.1.144:9999',
)
[ info ] [ PARAM ] array (
  'account' => '111',
  'password' => '111',
)
[ info ] [ LANG ] D:\WWW\last\public/../application/api\lang\zh-cn.php
[ info ] [ BEHAVIOR ] Run app\common\behavior\Common @module_init [ RunTime:0.019002s ]
[ info ] [ LANG ] D:\WWW\last\public/../application/api/lang/zh-cn/user.php
[ info ] [ RUN ] app\api\controller\User->login[ D:\WWW\last\application\api\controller\User.php ]
[ info ] [ DB ] INIT mysql
[ info ] [ TOKEN ] INIT Mysql
[ info ] [ LOG ] INIT File
[ sql ] [ DB ] CONNECT:[ UseTime:0.006000s ] mysql:host=127.0.0.1;dbname=last;charset=utf8
[ sql ] [ SQL ] SHOW COLUMNS FROM `fa_user` [ RunTime:0.046006s ]
[ sql ] [ SQL ] SELECT * FROM `fa_user` WHERE  `username` = '111' LIMIT 1 [ RunTime:0.001000s ]
[ sql ] [ SQL ] SELECT * FROM `fa_user` WHERE  `id` = 15 LIMIT 1 [ RunTime:0.000500s ]
[ sql ] [ SQL ] UPDATE `fa_user`  SET `successions`=3,`prevtime`=1574303509,`logintime`=1574385879,`token`='7bfe75f2-d507-4523-a8f3-5e72f8017e2d',`updatetime`=1574385879  WHERE  `id` = 15 [ RunTime:0.000500s ]
[ sql ] [ SQL ] SHOW COLUMNS FROM `fa_user_token` [ RunTime:0.028004s ]
[ sql ] [ SQL ] INSERT INTO `fa_user_token` (`token` , `user_id` , `createtime` , `expiretime`) VALUES ('03aeb1388a534230ed62092f70a4c7f0bdf00ffc' , 15 , 1574385879 , 1576977879) [ RunTime:0.000500s ]
[ sql ] [ SQL ] SELECT * FROM `fa_user_token` WHERE  `token` = '03aeb1388a534230ed62092f70a4c7f0bdf00ffc' LIMIT 1 [ RunTime:0.000000s ]
[ sql ] [ SQL ] SELECT `org_level` FROM `fa_user` WHERE  `id` = 15 LIMIT 1 [ RunTime:0.000000s ]
[ sql ] [ SQL ] SELECT `rule_id` FROM `fa_user` WHERE  `id` = 15 LIMIT 1 [ RunTime:0.000000s ]
[ sql ] [ SQL ] SHOW COLUMNS FROM `fa_client_rule` [ RunTime:0.043506s ]
[ sql ] [ SQL ] SELECT `auth_ids` FROM `fa_client_rule` WHERE  `id` = 3 LIMIT 1 [ RunTime:0.000000s ]
[ sql ] [ SQL ] SHOW COLUMNS FROM `fa_client_auth` [ RunTime:0.031004s ]
[ sql ] [ SQL ] SELECT * FROM `fa_client_auth` WHERE  `id` IN (1,2,3,4,5,6,7,8,9,10,11,12,13,14,15,16,17,18,19,20,21,22,23,24,25,26,27,28,29,30,31,32,33,34,35,36,37,40,41) [ RunTime:0.000500s ]
---------------------------------------------------------------
[ 2019-11-22T09:29:48+08:00 ] 192.168.1.115 POST 192.168.1.144:9999/api/order/order_list
[运行时间：0.228029s] [吞吐率：4.39req/s] [内存消耗：2,898.86kb] [文件加载：130]
[ info ] [ BEHAVIOR ] Run Closure @app_init [ RunTime:0.000000s ]
[ info ] [ CACHE ] INIT File
[ info ] [ BEHAVIOR ] Run Closure @app_init [ RunTime:0.004500s ]
[ info ] [ LANG ] D:\WWW\last\thinkphp\lang\zh-cn.php
[ info ] [ ROUTE ] array (
  'type' => 'module',
  'module' => 
  array (
    0 => 'api',
    1 => 'order',
    2 => 'order_list',
  ),
)
[ info ] [ HEADER ] array (
  'accept-language' => 'zh-CN,zh;q=0.9,en;q=0.8',
  'accept-encoding' => 'gzip, deflate',
  'referer' => 'http://192.168.1.115:8080/',
  'content-type' => 'application/x-www-form-urlencoded',
  'user-agent' => 'Mozilla/5.0 (iPhone; CPU iPhone OS 11_0 like Mac OS X) AppleWebKit/604.1.38 (KHTML, like Gecko) Version/11.0 Mobile/15A372 Safari/604.1',
  'origin' => 'http://192.168.1.115:8080',
  'accept' => 'application/json, text/plain, */*',
  'content-length' => '64',
  'connection' => 'close',
  'host' => '192.168.1.144:9999',
)
[ info ] [ PARAM ] array (
  'token' => '7bfe75f2-d507-4523-a8f3-5e72f8017e2d',
  'start_time' => '',
  'end_tiem' => '',
)
[ info ] [ LANG ] D:\WWW\last\public/../application/api\lang\zh-cn.php
[ info ] [ BEHAVIOR ] Run app\common\behavior\Common @module_init [ RunTime:0.001500s ]
[ info ] [ TOKEN ] INIT Mysql
[ info ] [ DB ] INIT mysql
[ info ] [ RUN ] app\api\controller\Order->order_list[ D:\WWW\last\application\api\controller\Order.php ]
[ info ] [ LOG ] INIT File
[ sql ] [ DB ] CONNECT:[ UseTime:0.000500s ] mysql:host=127.0.0.1;dbname=last;charset=utf8
[ sql ] [ SQL ] SHOW COLUMNS FROM `fa_user_token` [ RunTime:0.016002s ]
[ sql ] [ SQL ] SELECT * FROM `fa_user_token` WHERE  `token` = '03aeb1388a534230ed62092f70a4c7f0bdf00ffc' LIMIT 1 [ RunTime:0.000000s ]
[ sql ] [ SQL ] SHOW COLUMNS FROM `fa_user` [ RunTime:0.011502s ]
[ sql ] [ SQL ] SELECT * FROM `fa_user` WHERE  `id` = 15 LIMIT 1 [ RunTime:0.000500s ]
[ error ] [8]未定义数组索引: end_time[D:\WWW\last\application\api\controller\Order.php:42]
---------------------------------------------------------------
[ 2019-11-22T09:30:19+08:00 ] 192.168.1.115 POST 192.168.1.144:9999/api/order/order_list
[运行时间：0.160521s] [吞吐率：6.23req/s] [内存消耗：2,853.27kb] [文件加载：125]
[ info ] [ BEHAVIOR ] Run Closure @app_init [ RunTime:0.000000s ]
[ info ] [ CACHE ] INIT File
[ info ] [ BEHAVIOR ] Run Closure @app_init [ RunTime:0.002000s ]
[ info ] [ LANG ] D:\WWW\last\thinkphp\lang\zh-cn.php
[ info ] [ ROUTE ] array (
  'type' => 'module',
  'module' => 
  array (
    0 => 'api',
    1 => 'order',
    2 => 'order_list',
  ),
)
[ info ] [ HEADER ] array (
  'accept-language' => 'zh-CN,zh;q=0.9,en;q=0.8',
  'accept-encoding' => 'gzip, deflate',
  'referer' => 'http://192.168.1.115:8080/',
  'content-type' => 'application/x-www-form-urlencoded',
  'user-agent' => 'Mozilla/5.0 (iPhone; CPU iPhone OS 11_0 like Mac OS X) AppleWebKit/604.1.38 (KHTML, like Gecko) Version/11.0 Mobile/15A372 Safari/604.1',
  'origin' => 'http://192.168.1.115:8080',
  'accept' => 'application/json, text/plain, */*',
  'content-length' => '64',
  'connection' => 'close',
  'host' => '192.168.1.144:9999',
)
[ info ] [ PARAM ] array (
  'token' => '7bfe75f2-d507-4523-a8f3-5e72f8017e2d',
  'start_time' => '',
  'end_time' => '',
)
[ info ] [ LANG ] D:\WWW\last\public/../application/api\lang\zh-cn.php
[ info ] [ BEHAVIOR ] Run app\common\behavior\Common @module_init [ RunTime:0.001501s ]
[ info ] [ TOKEN ] INIT Mysql
[ info ] [ DB ] INIT mysql
[ info ] [ RUN ] app\api\controller\Order->order_list[ D:\WWW\last\application\api\controller\Order.php ]
[ info ] [ LOG ] INIT File
[ sql ] [ DB ] CONNECT:[ UseTime:0.000500s ] mysql:host=127.0.0.1;dbname=last;charset=utf8
[ sql ] [ SQL ] SHOW COLUMNS FROM `fa_user_token` [ RunTime:0.017002s ]
[ sql ] [ SQL ] SELECT * FROM `fa_user_token` WHERE  `token` = '03aeb1388a534230ed62092f70a4c7f0bdf00ffc' LIMIT 1 [ RunTime:0.000000s ]
[ sql ] [ SQL ] SHOW COLUMNS FROM `fa_user` [ RunTime:0.015502s ]
[ sql ] [ SQL ] SELECT * FROM `fa_user` WHERE  `id` = 15 LIMIT 1 [ RunTime:0.000500s ]
[ sql ] [ SQL ] SHOW COLUMNS FROM `fa_machine` [ RunTime:0.030504s ]
[ sql ] [ SQL ] SELECT `machine_id` FROM `fa_machine` WHERE  `org_id` = 2 [ RunTime:0.000000s ]
[ sql ] [ SQL ] SHOW COLUMNS FROM `fa_order` [ RunTime:0.032004s ]
[ sql ] [ SQL ] SELECT * FROM `fa_order` WHERE  `createtime` BETWEEN 0 AND 0  AND `machine_id` IN (2,3,4,11000) [ RunTime:0.000500s ]
---------------------------------------------------------------
[ 2019-11-22T09:31:56+08:00 ] 192.168.1.115 POST 192.168.1.144:9999/api/statistics/sell_statistics
[运行时间：0.082011s] [吞吐率：12.19req/s] [内存消耗：2,905.31kb] [文件加载：130]
[ info ] [ BEHAVIOR ] Run Closure @app_init [ RunTime:0.000000s ]
[ info ] [ CACHE ] INIT File
[ info ] [ BEHAVIOR ] Run Closure @app_init [ RunTime:0.002000s ]
[ info ] [ LANG ] D:\WWW\last\thinkphp\lang\zh-cn.php
[ info ] [ ROUTE ] array (
  'type' => 'module',
  'module' => 
  array (
    0 => 'api',
    1 => 'statistics',
    2 => 'sell_statistics',
  ),
)
[ info ] [ HEADER ] array (
  'accept-language' => 'zh-CN,zh;q=0.9,en;q=0.8',
  'accept-encoding' => 'gzip, deflate',
  'referer' => 'http://192.168.1.115:8080/',
  'content-type' => 'application/x-www-form-urlencoded',
  'user-agent' => 'Mozilla/5.0 (iPhone; CPU iPhone OS 11_0 like Mac OS X) AppleWebKit/604.1.38 (KHTML, like Gecko) Version/11.0 Mobile/15A372 Safari/604.1',
  'origin' => 'http://192.168.1.115:8080',
  'accept' => 'application/json, text/plain, */*',
  'content-length' => '64',
  'connection' => 'close',
  'host' => '192.168.1.144:9999',
)
[ info ] [ PARAM ] array (
  'token' => '7bfe75f2-d507-4523-a8f3-5e72f8017e2d',
  'start_time' => '',
  'end_time' => '',
)
[ info ] [ LANG ] D:\WWW\last\public/../application/api\lang\zh-cn.php
[ info ] [ BEHAVIOR ] Run app\common\behavior\Common @module_init [ RunTime:0.001500s ]
[ info ] [ TOKEN ] INIT Mysql
[ info ] [ DB ] INIT mysql
[ info ] [ RUN ] app\api\controller\Statistics->sell_statistics[ D:\WWW\last\application\api\controller\Statistics.php ]
[ info ] [ LOG ] INIT File
[ sql ] [ DB ] CONNECT:[ UseTime:0.001000s ] mysql:host=127.0.0.1;dbname=last;charset=utf8
[ sql ] [ SQL ] SHOW COLUMNS FROM `fa_user_token` [ RunTime:0.016502s ]
[ sql ] [ SQL ] SELECT * FROM `fa_user_token` WHERE  `token` = '03aeb1388a534230ed62092f70a4c7f0bdf00ffc' LIMIT 1 [ RunTime:0.000000s ]
[ sql ] [ SQL ] SHOW COLUMNS FROM `fa_user` [ RunTime:0.012502s ]
[ sql ] [ SQL ] SELECT * FROM `fa_user` WHERE  `id` = 15 LIMIT 1 [ RunTime:0.000500s ]
[ error ] [8]未定义数组索引: where[D:\WWW\last\application\api\controller\Statistics.php:42]
---------------------------------------------------------------
[ 2019-11-22T09:32:09+08:00 ] 192.168.1.115 POST 192.168.1.144:9999/api/statistics/sell_statistics
[运行时间：0.181023s] [吞吐率：5.52req/s] [内存消耗：2,862.75kb] [文件加载：126]
[ info ] [ BEHAVIOR ] Run Closure @app_init [ RunTime:0.000000s ]
[ info ] [ CACHE ] INIT File
[ info ] [ BEHAVIOR ] Run Closure @app_init [ RunTime:0.002001s ]
[ info ] [ LANG ] D:\WWW\last\thinkphp\lang\zh-cn.php
[ info ] [ ROUTE ] array (
  'type' => 'module',
  'module' => 
  array (
    0 => 'api',
    1 => 'statistics',
    2 => 'sell_statistics',
  ),
)
[ info ] [ HEADER ] array (
  'accept-language' => 'zh-CN,zh;q=0.9,en;q=0.8',
  'accept-encoding' => 'gzip, deflate',
  'referer' => 'http://192.168.1.115:8080/',
  'content-type' => 'application/x-www-form-urlencoded',
  'user-agent' => 'Mozilla/5.0 (iPhone; CPU iPhone OS 11_0 like Mac OS X) AppleWebKit/604.1.38 (KHTML, like Gecko) Version/11.0 Mobile/15A372 Safari/604.1',
  'origin' => 'http://192.168.1.115:8080',
  'accept' => 'application/json, text/plain, */*',
  'content-length' => '71',
  'connection' => 'close',
  'host' => '192.168.1.144:9999',
)
[ info ] [ PARAM ] array (
  'token' => '7bfe75f2-d507-4523-a8f3-5e72f8017e2d',
  'start_time' => '',
  'end_time' => '',
  'where' => '',
)
[ info ] [ LANG ] D:\WWW\last\public/../application/api\lang\zh-cn.php
[ info ] [ BEHAVIOR ] Run app\common\behavior\Common @module_init [ RunTime:0.001500s ]
[ info ] [ TOKEN ] INIT Mysql
[ info ] [ DB ] INIT mysql
[ info ] [ RUN ] app\api\controller\Statistics->sell_statistics[ D:\WWW\last\application\api\controller\Statistics.php ]
[ info ] [ LOG ] INIT File
[ sql ] [ DB ] CONNECT:[ UseTime:0.010501s ] mysql:host=127.0.0.1;dbname=last;charset=utf8
[ sql ] [ SQL ] SHOW COLUMNS FROM `fa_user_token` [ RunTime:0.018003s ]
[ sql ] [ SQL ] SELECT * FROM `fa_user_token` WHERE  `token` = '03aeb1388a534230ed62092f70a4c7f0bdf00ffc' LIMIT 1 [ RunTime:0.000000s ]
[ sql ] [ SQL ] SHOW COLUMNS FROM `fa_user` [ RunTime:0.013002s ]
[ sql ] [ SQL ] SELECT * FROM `fa_user` WHERE  `id` = 15 LIMIT 1 [ RunTime:0.000500s ]
[ sql ] [ SQL ] SHOW COLUMNS FROM `fa_machine` [ RunTime:0.013002s ]
[ sql ] [ SQL ] SELECT * FROM `fa_machine` WHERE  `org_id` = 2 [ RunTime:0.000500s ]
[ sql ] [ SQL ] SHOW COLUMNS FROM `fa_client_org` [ RunTime:0.041005s ]
[ sql ] [ SQL ] SELECT `id` FROM `fa_client_org` WHERE  `pid` = 2 [ RunTime:0.000000s ]
[ sql ] [ SQL ] SELECT * FROM `fa_machine` WHERE  `org_id` IN (1) [ RunTime:0.000500s ]
[ sql ] [ SQL ] SHOW COLUMNS FROM `fa_machine_day_statistics` [ RunTime:0.037505s ]
[ sql ] [ SQL ] SELECT SUM(online_income) AS tp_sum FROM `fa_machine_day_statistics` WHERE  `machine_id` = 11001  AND `stat_period` = 1574352000 LIMIT 1 [ RunTime:0.000500s ]
[ sql ] [ SQL ] SELECT SUM(online_income) AS tp_sum FROM `fa_machine_day_statistics` WHERE  `machine_id` = 2  AND `stat_period` = 1574352000 LIMIT 1 [ RunTime:0.000000s ]
[ sql ] [ SQL ] SELECT SUM(online_income) AS tp_sum FROM `fa_machine_day_statistics` WHERE  `machine_id` = 3  AND `stat_period` = 1574352000 LIMIT 1 [ RunTime:0.000000s ]
[ sql ] [ SQL ] SELECT SUM(online_income) AS tp_sum FROM `fa_machine_day_statistics` WHERE  `machine_id` = 4  AND `stat_period` = 1574352000 LIMIT 1 [ RunTime:0.000000s ]
[ sql ] [ SQL ] SELECT SUM(online_income) AS tp_sum FROM `fa_machine_day_statistics` WHERE  `machine_id` = 11000  AND `stat_period` = 1574352000 LIMIT 1 [ RunTime:0.000500s ]
[ sql ] [ SQL ] SELECT id as org_id,`org_name` FROM `fa_client_org` WHERE  `pid` = 2 [ RunTime:0.000000s ]
---------------------------------------------------------------
[ 2019-11-22T11:17:56+08:00 ] 192.168.1.115 POST 192.168.1.144:9999/api/statistics/sell_statistics
[运行时间：1.400678s] [吞吐率：0.71req/s] [内存消耗：2,862.75kb] [文件加载：126]
[ info ] [ BEHAVIOR ] Run Closure @app_init [ RunTime:0.000500s ]
[ info ] [ CACHE ] INIT File
[ info ] [ BEHAVIOR ] Run Closure @app_init [ RunTime:0.044006s ]
[ info ] [ LANG ] D:\WWW\last\thinkphp\lang\zh-cn.php
[ info ] [ ROUTE ] array (
  'type' => 'module',
  'module' => 
  array (
    0 => 'api',
    1 => 'statistics',
    2 => 'sell_statistics',
  ),
)
[ info ] [ HEADER ] array (
  'accept-language' => 'zh-CN,zh;q=0.9,en;q=0.8',
  'accept-encoding' => 'gzip, deflate',
  'referer' => 'http://192.168.1.115:8080/',
  'content-type' => 'application/x-www-form-urlencoded',
  'user-agent' => 'Mozilla/5.0 (iPhone; CPU iPhone OS 11_0 like Mac OS X) AppleWebKit/604.1.38 (KHTML, like Gecko) Version/11.0 Mobile/15A372 Safari/604.1',
  'origin' => 'http://192.168.1.115:8080',
  'accept' => 'application/json, text/plain, */*',
  'content-length' => '71',
  'connection' => 'close',
  'host' => '192.168.1.144:9999',
)
[ info ] [ PARAM ] array (
  'token' => '7bfe75f2-d507-4523-a8f3-5e72f8017e2d',
  'start_time' => '',
  'end_time' => '',
  'where' => '',
)
[ info ] [ LANG ] D:\WWW\last\public/../application/api\lang\zh-cn.php
[ info ] [ BEHAVIOR ] Run app\common\behavior\Common @module_init [ RunTime:0.024003s ]
[ info ] [ TOKEN ] INIT Mysql
[ info ] [ DB ] INIT mysql
[ info ] [ RUN ] app\api\controller\Statistics->sell_statistics[ D:\WWW\last\application\api\controller\Statistics.php ]
[ info ] [ LOG ] INIT File
[ sql ] [ DB ] CONNECT:[ UseTime:0.001001s ] mysql:host=127.0.0.1;dbname=last;charset=utf8
[ sql ] [ SQL ] SHOW COLUMNS FROM `fa_user_token` [ RunTime:0.021002s ]
[ sql ] [ SQL ] SELECT * FROM `fa_user_token` WHERE  `token` = '03aeb1388a534230ed62092f70a4c7f0bdf00ffc' LIMIT 1 [ RunTime:0.000000s ]
[ sql ] [ SQL ] SHOW COLUMNS FROM `fa_user` [ RunTime:0.017502s ]
[ sql ] [ SQL ] SELECT * FROM `fa_user` WHERE  `id` = 15 LIMIT 1 [ RunTime:0.000500s ]
[ sql ] [ SQL ] SHOW COLUMNS FROM `fa_machine` [ RunTime:0.026003s ]
[ sql ] [ SQL ] SELECT * FROM `fa_machine` WHERE  `org_id` = 2 [ RunTime:0.000500s ]
[ sql ] [ SQL ] SHOW COLUMNS FROM `fa_client_org` [ RunTime:0.023003s ]
[ sql ] [ SQL ] SELECT `id` FROM `fa_client_org` WHERE  `pid` = 2 [ RunTime:0.000000s ]
[ sql ] [ SQL ] SELECT * FROM `fa_machine` WHERE  `org_id` IN (1) [ RunTime:0.000000s ]
[ sql ] [ SQL ] SHOW COLUMNS FROM `fa_machine_day_statistics` [ RunTime:0.022503s ]
[ sql ] [ SQL ] SELECT SUM(online_income) AS tp_sum FROM `fa_machine_day_statistics` WHERE  `machine_id` = 11001  AND `stat_period` = 1574352000 LIMIT 1 [ RunTime:0.000000s ]
[ sql ] [ SQL ] SELECT SUM(online_income) AS tp_sum FROM `fa_machine_day_statistics` WHERE  `machine_id` = 2  AND `stat_period` = 1574352000 LIMIT 1 [ RunTime:0.000500s ]
[ sql ] [ SQL ] SELECT SUM(online_income) AS tp_sum FROM `fa_machine_day_statistics` WHERE  `machine_id` = 3  AND `stat_period` = 1574352000 LIMIT 1 [ RunTime:0.000000s ]
[ sql ] [ SQL ] SELECT SUM(online_income) AS tp_sum FROM `fa_machine_day_statistics` WHERE  `machine_id` = 4  AND `stat_period` = 1574352000 LIMIT 1 [ RunTime:0.000500s ]
[ sql ] [ SQL ] SELECT SUM(online_income) AS tp_sum FROM `fa_machine_day_statistics` WHERE  `machine_id` = 11000  AND `stat_period` = 1574352000 LIMIT 1 [ RunTime:0.000000s ]
[ sql ] [ SQL ] SELECT id as org_id,`org_name` FROM `fa_client_org` WHERE  `pid` = 2 [ RunTime:0.000000s ]
---------------------------------------------------------------
[ 2019-11-22T11:20:06+08:00 ] 192.168.1.115 POST 192.168.1.144:9999/api/statistics/sell_statistics
[运行时间：0.143018s] [吞吐率：6.99req/s] [内存消耗：2,862.75kb] [文件加载：126]
[ info ] [ BEHAVIOR ] Run Closure @app_init [ RunTime:0.000000s ]
[ info ] [ CACHE ] INIT File
[ info ] [ BEHAVIOR ] Run Closure @app_init [ RunTime:0.002001s ]
[ info ] [ LANG ] D:\WWW\last\thinkphp\lang\zh-cn.php
[ info ] [ ROUTE ] array (
  'type' => 'module',
  'module' => 
  array (
    0 => 'api',
    1 => 'statistics',
    2 => 'sell_statistics',
  ),
)
[ info ] [ HEADER ] array (
  'accept-language' => 'zh-CN,zh;q=0.9,en;q=0.8',
  'accept-encoding' => 'gzip, deflate',
  'referer' => 'http://192.168.1.115:8080/',
  'content-type' => 'application/x-www-form-urlencoded',
  'user-agent' => 'Mozilla/5.0 (iPhone; CPU iPhone OS 11_0 like Mac OS X) AppleWebKit/604.1.38 (KHTML, like Gecko) Version/11.0 Mobile/15A372 Safari/604.1',
  'origin' => 'http://192.168.1.115:8080',
  'accept' => 'application/json, text/plain, */*',
  'content-length' => '71',
  'connection' => 'close',
  'host' => '192.168.1.144:9999',
)
[ info ] [ PARAM ] array (
  'token' => '7bfe75f2-d507-4523-a8f3-5e72f8017e2d',
  'start_time' => '',
  'end_time' => '',
  'where' => '',
)
[ info ] [ LANG ] D:\WWW\last\public/../application/api\lang\zh-cn.php
[ info ] [ BEHAVIOR ] Run app\common\behavior\Common @module_init [ RunTime:0.001500s ]
[ info ] [ TOKEN ] INIT Mysql
[ info ] [ DB ] INIT mysql
[ info ] [ RUN ] app\api\controller\Statistics->sell_statistics[ D:\WWW\last\application\api\controller\Statistics.php ]
[ info ] [ LOG ] INIT File
[ sql ] [ DB ] CONNECT:[ UseTime:0.010001s ] mysql:host=127.0.0.1;dbname=last;charset=utf8
[ sql ] [ SQL ] SHOW COLUMNS FROM `fa_user_token` [ RunTime:0.018503s ]
[ sql ] [ SQL ] SELECT * FROM `fa_user_token` WHERE  `token` = '03aeb1388a534230ed62092f70a4c7f0bdf00ffc' LIMIT 1 [ RunTime:0.000500s ]
[ sql ] [ SQL ] SHOW COLUMNS FROM `fa_user` [ RunTime:0.013002s ]
[ sql ] [ SQL ] SELECT * FROM `fa_user` WHERE  `id` = 15 LIMIT 1 [ RunTime:0.000500s ]
[ sql ] [ SQL ] SHOW COLUMNS FROM `fa_machine` [ RunTime:0.017502s ]
[ sql ] [ SQL ] SELECT * FROM `fa_machine` WHERE  `org_id` = 2 [ RunTime:0.000500s ]
[ sql ] [ SQL ] SHOW COLUMNS FROM `fa_client_org` [ RunTime:0.013002s ]
[ sql ] [ SQL ] SELECT `id` FROM `fa_client_org` WHERE  `pid` = 2 [ RunTime:0.000500s ]
[ sql ] [ SQL ] SELECT * FROM `fa_machine` WHERE  `org_id` IN (1) [ RunTime:0.000000s ]
[ sql ] [ SQL ] SHOW COLUMNS FROM `fa_machine_day_statistics` [ RunTime:0.013002s ]
[ sql ] [ SQL ] SELECT SUM(online_income) AS tp_sum FROM `fa_machine_day_statistics` WHERE  `machine_id` = 11001  AND `stat_period` = 1574352000 LIMIT 1 [ RunTime:0.000000s ]
[ sql ] [ SQL ] SELECT SUM(online_income) AS tp_sum FROM `fa_machine_day_statistics` WHERE  `machine_id` = 2  AND `stat_period` = 1574352000 LIMIT 1 [ RunTime:0.000000s ]
[ sql ] [ SQL ] SELECT SUM(online_income) AS tp_sum FROM `fa_machine_day_statistics` WHERE  `machine_id` = 3  AND `stat_period` = 1574352000 LIMIT 1 [ RunTime:0.000000s ]
[ sql ] [ SQL ] SELECT SUM(online_income) AS tp_sum FROM `fa_machine_day_statistics` WHERE  `machine_id` = 4  AND `stat_period` = 1574352000 LIMIT 1 [ RunTime:0.000000s ]
[ sql ] [ SQL ] SELECT SUM(online_income) AS tp_sum FROM `fa_machine_day_statistics` WHERE  `machine_id` = 11000  AND `stat_period` = 1574352000 LIMIT 1 [ RunTime:0.000000s ]
[ sql ] [ SQL ] SELECT id as org_id,`org_name` FROM `fa_client_org` WHERE  `pid` = 2 [ RunTime:0.000000s ]
---------------------------------------------------------------
[ 2019-11-22T11:36:03+08:00 ] 192.168.1.115 POST 192.168.1.144:9999/api/order/order_list
[运行时间：0.125516s] [吞吐率：7.97req/s] [内存消耗：2,853.27kb] [文件加载：125]
[ info ] [ BEHAVIOR ] Run Closure @app_init [ RunTime:0.000000s ]
[ info ] [ CACHE ] INIT File
[ info ] [ BEHAVIOR ] Run Closure @app_init [ RunTime:0.002000s ]
[ info ] [ LANG ] D:\WWW\last\thinkphp\lang\zh-cn.php
[ info ] [ ROUTE ] array (
  'type' => 'module',
  'module' => 
  array (
    0 => 'api',
    1 => 'order',
    2 => 'order_list',
  ),
)
[ info ] [ HEADER ] array (
  'accept-language' => 'zh-CN,zh;q=0.9,en;q=0.8',
  'accept-encoding' => 'gzip, deflate',
  'referer' => 'http://192.168.1.115:8080/',
  'content-type' => 'application/x-www-form-urlencoded',
  'user-agent' => 'Mozilla/5.0 (iPhone; CPU iPhone OS 11_0 like Mac OS X) AppleWebKit/604.1.38 (KHTML, like Gecko) Version/11.0 Mobile/15A372 Safari/604.1',
  'origin' => 'http://192.168.1.115:8080',
  'accept' => 'application/json, text/plain, */*',
  'content-length' => '64',
  'connection' => 'close',
  'host' => '192.168.1.144:9999',
)
[ info ] [ PARAM ] array (
  'token' => '7bfe75f2-d507-4523-a8f3-5e72f8017e2d',
  'start_time' => '',
  'end_time' => '',
)
[ info ] [ LANG ] D:\WWW\last\public/../application/api\lang\zh-cn.php
[ info ] [ BEHAVIOR ] Run app\common\behavior\Common @module_init [ RunTime:0.001500s ]
[ info ] [ TOKEN ] INIT Mysql
[ info ] [ DB ] INIT mysql
[ info ] [ RUN ] app\api\controller\Order->order_list[ D:\WWW\last\application\api\controller\Order.php ]
[ info ] [ LOG ] INIT File
[ sql ] [ DB ] CONNECT:[ UseTime:0.001001s ] mysql:host=127.0.0.1;dbname=last;charset=utf8
[ sql ] [ SQL ] SHOW COLUMNS FROM `fa_user_token` [ RunTime:0.019002s ]
[ sql ] [ SQL ] SELECT * FROM `fa_user_token` WHERE  `token` = '03aeb1388a534230ed62092f70a4c7f0bdf00ffc' LIMIT 1 [ RunTime:0.000500s ]
[ sql ] [ SQL ] SHOW COLUMNS FROM `fa_user` [ RunTime:0.013002s ]
[ sql ] [ SQL ] SELECT * FROM `fa_user` WHERE  `id` = 15 LIMIT 1 [ RunTime:0.000500s ]
[ sql ] [ SQL ] SHOW COLUMNS FROM `fa_machine` [ RunTime:0.013002s ]
[ sql ] [ SQL ] SELECT `machine_id` FROM `fa_machine` WHERE  `org_id` = 2 [ RunTime:0.000500s ]
[ sql ] [ SQL ] SHOW COLUMNS FROM `fa_order` [ RunTime:0.023503s ]
[ sql ] [ SQL ] SELECT * FROM `fa_order` WHERE  `createtime` BETWEEN 0 AND 0  AND `machine_id` IN (2,3,4,11000) [ RunTime:0.000500s ]
---------------------------------------------------------------
[ 2019-11-22T16:25:49+08:00 ] 192.168.1.115 POST 192.168.1.144:9999/api/org/org_list
[运行时间：3.045887s] [吞吐率：0.33req/s] [内存消耗：2,868.33kb] [文件加载：127]
[ info ] [ BEHAVIOR ] Run Closure @app_init [ RunTime:0.018003s ]
[ info ] [ CACHE ] INIT File
[ info ] [ BEHAVIOR ] Run Closure @app_init [ RunTime:0.203026s ]
[ info ] [ LANG ] D:\WWW\last\thinkphp\lang\zh-cn.php
[ info ] [ ROUTE ] array (
  'type' => 'module',
  'module' => 
  array (
    0 => 'api',
    1 => 'org',
    2 => 'org_list',
  ),
)
[ info ] [ HEADER ] array (
  'accept-language' => 'zh-CN,zh;q=0.9,en;q=0.8',
  'accept-encoding' => 'gzip, deflate',
  'referer' => 'http://192.168.1.115:8080/',
  'content-type' => 'application/x-www-form-urlencoded',
  'user-agent' => 'Mozilla/5.0 (iPhone; CPU iPhone OS 11_0 like Mac OS X) AppleWebKit/604.1.38 (KHTML, like Gecko) Version/11.0 Mobile/15A372 Safari/604.1',
  'origin' => 'http://192.168.1.115:8080',
  'accept' => 'application/json, text/plain, */*',
  'content-length' => '42',
  'connection' => 'close',
  'host' => '192.168.1.144:9999',
)
[ info ] [ PARAM ] array (
  'token' => '7bfe75f2-d507-4523-a8f3-5e72f8017e2d',
)
[ info ] [ LANG ] D:\WWW\last\public/../application/api\lang\zh-cn.php
[ info ] [ BEHAVIOR ] Run app\common\behavior\Common @module_init [ RunTime:0.029004s ]
[ info ] [ TOKEN ] INIT Mysql
[ info ] [ DB ] INIT mysql
[ info ] [ RUN ] app\api\controller\Org->org_list[ D:\WWW\last\application\api\controller\Org.php ]
[ info ] [ LOG ] INIT File
[ sql ] [ DB ] CONNECT:[ UseTime:0.001001s ] mysql:host=127.0.0.1;dbname=last;charset=utf8
[ sql ] [ SQL ] SHOW COLUMNS FROM `fa_user_token` [ RunTime:0.202525s ]
[ sql ] [ SQL ] SELECT * FROM `fa_user_token` WHERE  `token` = '03aeb1388a534230ed62092f70a4c7f0bdf00ffc' LIMIT 1 [ RunTime:0.000500s ]
[ sql ] [ SQL ] SHOW COLUMNS FROM `fa_user` [ RunTime:0.186024s ]
[ sql ] [ SQL ] SELECT * FROM `fa_user` WHERE  `id` = 15 LIMIT 1 [ RunTime:0.000500s ]
[ sql ] [ SQL ] SELECT * FROM `fa_user` WHERE  `token` = '7bfe75f2-d507-4523-a8f3-5e72f8017e2d' LIMIT 1 [ RunTime:0.000500s ]
---------------------------------------------------------------
[ 2019-11-22T16:25:50+08:00 ] 192.168.1.115 POST 192.168.1.144:9999/api/stock/stock_list
[运行时间：0.537568s] [吞吐率：1.86req/s] [内存消耗：2,892.70kb] [文件加载：125]
[ info ] [ BEHAVIOR ] Run Closure @app_init [ RunTime:0.000000s ]
[ info ] [ CACHE ] INIT File
[ info ] [ BEHAVIOR ] Run Closure @app_init [ RunTime:0.007501s ]
[ info ] [ LANG ] D:\WWW\last\thinkphp\lang\zh-cn.php
[ info ] [ ROUTE ] array (
  'type' => 'module',
  'module' => 
  array (
    0 => 'api',
    1 => 'stock',
    2 => 'stock_list',
  ),
)
[ info ] [ HEADER ] array (
  'accept-language' => 'zh-CN,zh;q=0.9,en;q=0.8',
  'accept-encoding' => 'gzip, deflate',
  'referer' => 'http://192.168.1.115:8080/',
  'content-type' => 'application/x-www-form-urlencoded',
  'user-agent' => 'Mozilla/5.0 (iPhone; CPU iPhone OS 11_0 like Mac OS X) AppleWebKit/604.1.38 (KHTML, like Gecko) Version/11.0 Mobile/15A372 Safari/604.1',
  'origin' => 'http://192.168.1.115:8080',
  'accept' => 'application/json, text/plain, */*',
  'content-length' => '54',
  'connection' => 'close',
  'host' => '192.168.1.144:9999',
)
[ info ] [ PARAM ] array (
  'token' => '7bfe75f2-d507-4523-a8f3-5e72f8017e2d',
  'stock_name' => '',
)
[ info ] [ LANG ] D:\WWW\last\public/../application/api\lang\zh-cn.php
[ info ] [ BEHAVIOR ] Run app\common\behavior\Common @module_init [ RunTime:0.001501s ]
[ info ] [ TOKEN ] INIT Mysql
[ info ] [ DB ] INIT mysql
[ info ] [ RUN ] app\api\controller\Stock->stock_list[ D:\WWW\last\application\api\controller\Stock.php ]
[ info ] [ LOG ] INIT File
[ sql ] [ DB ] CONNECT:[ UseTime:0.000500s ] mysql:host=127.0.0.1;dbname=last;charset=utf8
[ sql ] [ SQL ] SHOW COLUMNS FROM `fa_user_token` [ RunTime:0.036505s ]
[ sql ] [ SQL ] SELECT * FROM `fa_user_token` WHERE  `token` = '03aeb1388a534230ed62092f70a4c7f0bdf00ffc' LIMIT 1 [ RunTime:0.000000s ]
[ sql ] [ SQL ] SHOW COLUMNS FROM `fa_user` [ RunTime:0.036505s ]
[ sql ] [ SQL ] SELECT * FROM `fa_user` WHERE  `id` = 15 LIMIT 1 [ RunTime:0.001000s ]
[ sql ] [ SQL ] SHOW COLUMNS FROM `fa_client_rule` [ RunTime:0.050006s ]
[ sql ] [ SQL ] SELECT `auth_ids` FROM `fa_client_rule` WHERE  `id` = 3 LIMIT 1 [ RunTime:0.000000s ]
[ sql ] [ SQL ] SHOW COLUMNS FROM `fa_stock` [ RunTime:0.190025s ]
[ sql ] [ SQL ] SELECT id as stock_id,`stock_name` FROM `fa_stock` WHERE  `stock_type` = 1  AND `pid` = 2 [ RunTime:0.000500s ]
---------------------------------------------------------------
[ 2019-11-22T18:34:17+08:00 ] 192.168.1.145 GET 192.168.1.144:9999/api/test/xm
[运行时间：6.236792s] [吞吐率：0.16req/s] [内存消耗：2,885.65kb] [文件加载：122]
[ info ] [ BEHAVIOR ] Run Closure @app_init [ RunTime:0.008001s ]
[ info ] [ CACHE ] INIT File
[ info ] [ BEHAVIOR ] Run Closure @app_init [ RunTime:0.034004s ]
[ info ] [ LANG ] D:\WWW\last\thinkphp\lang\zh-cn.php
[ info ] [ ROUTE ] array (
  'type' => 'module',
  'module' => 
  array (
    0 => 'api',
    1 => 'test',
    2 => 'xm',
  ),
)
[ info ] [ HEADER ] array (
  'cookie' => 'PHPSESSID=3o4tchasfl57uof5eprb9r9m75',
  'accept-language' => 'zh-CN,zh;q=0.9',
  'accept-encoding' => 'gzip, deflate',
  'accept' => 'text/html,application/xhtml+xml,application/xml;q=0.9,image/webp,image/apng,*/*;q=0.8,application/signed-exchange;v=b3',
  'user-agent' => 'Mozilla/5.0 (Windows NT 10.0; Win64; x64) AppleWebKit/537.36 (KHTML, like Gecko) Chrome/77.0.3865.120 Safari/537.36',
  'upgrade-insecure-requests' => '1',
  'connection' => 'close',
  'host' => '192.168.1.144:9999',
)
[ info ] [ PARAM ] array (
)
[ info ] [ LANG ] D:\WWW\last\public/../application/api\lang\zh-cn.php
[ info ] [ BEHAVIOR ] Run app\common\behavior\Common @module_init [ RunTime:0.017002s ]
[ info ] [ DB ] INIT mysql
[ info ] [ RUN ] app\api\controller\Test->xm[ D:\WWW\last\application\api\controller\Test.php ]
[ info ] [ LOG ] INIT File
[ sql ] [ DB ] CONNECT:[ UseTime:0.001000s ] mysql:host=127.0.0.1;dbname=last;charset=utf8
[ sql ] [ SQL ] SHOW COLUMNS FROM `fa_user` [ RunTime:0.031004s ]
[ sql ] [ SQL ] SELECT * FROM `fa_user` WHERE  `token` IS NULL LIMIT 1 [ RunTime:0.000500s ]
---------------------------------------------------------------
[ 2019-11-22T18:34:17+08:00 ] 192.168.1.145 GET 192.168.1.144:9999/favicon.ico
[运行时间：0.090511s] [吞吐率：11.05req/s] [内存消耗：1,604.30kb] [文件加载：107]
[ info ] [ BEHAVIOR ] Run Closure @app_init [ RunTime:0.000000s ]
[ info ] [ CACHE ] INIT File
[ info ] [ BEHAVIOR ] Run Closure @app_init [ RunTime:0.004000s ]
[ info ] [ LANG ] D:\WWW\last\thinkphp\lang\zh-cn.php
[ info ] [ ROUTE ] array (
  'type' => 'module',
  'module' => 
  array (
    0 => 'favicon.ico',
    1 => NULL,
    2 => NULL,
  ),
)
[ info ] [ HEADER ] array (
  'cookie' => 'PHPSESSID=3o4tchasfl57uof5eprb9r9m75',
  'accept-language' => 'zh-CN,zh;q=0.9',
  'accept-encoding' => 'gzip, deflate',
  'referer' => 'http://192.168.1.144:9999/api/test/xm',
  'accept' => 'image/webp,image/apng,image/*,*/*;q=0.8',
  'user-agent' => 'Mozilla/5.0 (Windows NT 10.0; Win64; x64) AppleWebKit/537.36 (KHTML, like Gecko) Chrome/77.0.3865.120 Safari/537.36',
  'connection' => 'close',
  'host' => '192.168.1.144:9999',
)
[ info ] [ PARAM ] array (
)
[ info ] [ LOG ] INIT File
---------------------------------------------------------------
[ 2019-11-22T18:38:00+08:00 ] 192.168.1.145 GET 192.168.1.144:9999/api/test/xm
[运行时间：8.234545s] [吞吐率：0.12req/s] [内存消耗：2,886.18kb] [文件加载：122]
[ info ] [ BEHAVIOR ] Run Closure @app_init [ RunTime:0.000000s ]
[ info ] [ CACHE ] INIT File
[ info ] [ BEHAVIOR ] Run Closure @app_init [ RunTime:0.002500s ]
[ info ] [ LANG ] D:\WWW\last\thinkphp\lang\zh-cn.php
[ info ] [ ROUTE ] array (
  'type' => 'module',
  'module' => 
  array (
    0 => 'api',
    1 => 'test',
    2 => 'xm',
  ),
)
[ info ] [ HEADER ] array (
  'cookie' => 'PHPSESSID=3o4tchasfl57uof5eprb9r9m75',
  'accept-language' => 'zh-CN,zh;q=0.9',
  'accept-encoding' => 'gzip, deflate',
  'accept' => 'text/html,application/xhtml+xml,application/xml;q=0.9,image/webp,image/apng,*/*;q=0.8,application/signed-exchange;v=b3',
  'user-agent' => 'Mozilla/5.0 (Windows NT 10.0; Win64; x64) AppleWebKit/537.36 (KHTML, like Gecko) Chrome/77.0.3865.120 Safari/537.36',
  'upgrade-insecure-requests' => '1',
  'cache-control' => 'max-age=0',
  'connection' => 'close',
  'host' => '192.168.1.144:9999',
)
[ info ] [ PARAM ] array (
)
[ info ] [ LANG ] D:\WWW\last\public/../application/api\lang\zh-cn.php
[ info ] [ BEHAVIOR ] Run app\common\behavior\Common @module_init [ RunTime:0.002500s ]
[ info ] [ DB ] INIT mysql
[ info ] [ RUN ] app\api\controller\Test->xm[ D:\WWW\last\application\api\controller\Test.php ]
[ info ] [ LOG ] INIT File
[ sql ] [ DB ] CONNECT:[ UseTime:0.010001s ] mysql:host=127.0.0.1;dbname=last;charset=utf8
[ sql ] [ SQL ] SHOW COLUMNS FROM `fa_user` [ RunTime:0.039005s ]
[ sql ] [ SQL ] SELECT * FROM `fa_user` WHERE  `token` IS NULL LIMIT 1 [ RunTime:0.000500s ]
---------------------------------------------------------------
[ 2019-11-22T19:15:11+08:00 ] 192.168.1.144 GET 192.168.1.144:9999/api/test/c
[运行时间：1.394677s] [吞吐率：0.72req/s] [内存消耗：2,870.88kb] [文件加载：122]
[ info ] [ BEHAVIOR ] Run Closure @app_init [ RunTime:0.000000s ]
[ info ] [ CACHE ] INIT File
[ info ] [ BEHAVIOR ] Run Closure @app_init [ RunTime:0.005001s ]
[ info ] [ LANG ] D:\WWW\last\thinkphp\lang\zh-cn.php
[ info ] [ ROUTE ] array (
  'type' => 'module',
  'module' => 
  array (
    0 => 'api',
    1 => 'test',
    2 => 'c',
  ),
)
[ info ] [ HEADER ] array (
  'cookie' => 'Hm_lvt_06e9734f33e7ff39eccc218a7043f30f=1565955353; Hm_lvt_f8d0a8c400404989e195270b0bbf060a=1569297680,1569301951,1569736776,1571373133; PHPSESSID=0ter76em40blftmctopo1sllm5',
  'accept-language' => 'zh-CN,zh;q=0.9',
  'accept-encoding' => 'gzip, deflate',
  'accept' => 'text/html,application/xhtml+xml,application/xml;q=0.9,image/webp,image/apng,*/*;q=0.8,application/signed-exchange;v=b3',
  'user-agent' => 'Mozilla/5.0 (Windows NT 6.1; Win64; x64) AppleWebKit/537.36 (KHTML, like Gecko) Chrome/78.0.3904.108 Safari/537.36',
  'upgrade-insecure-requests' => '1',
  'connection' => 'close',
  'host' => '192.168.1.144:9999',
)
[ info ] [ PARAM ] array (
)
[ info ] [ LANG ] D:\WWW\last\public/../application/api\lang\zh-cn.php
[ info ] [ BEHAVIOR ] Run app\common\behavior\Common @module_init [ RunTime:0.016002s ]
[ info ] [ DB ] INIT mysql
[ info ] [ RUN ] app\api\controller\Test->c[ D:\WWW\last\application\api\controller\Test.php ]
[ info ] [ LOG ] INIT File
[ sql ] [ DB ] CONNECT:[ UseTime:0.002001s ] mysql:host=127.0.0.1;dbname=last;charset=utf8
[ sql ] [ SQL ] SHOW COLUMNS FROM `fa_user` [ RunTime:0.049506s ]
[ sql ] [ SQL ] SELECT * FROM `fa_user` WHERE  `token` IS NULL LIMIT 1 [ RunTime:0.001000s ]
---------------------------------------------------------------
[ 2019-11-22T19:15:11+08:00 ] 192.168.1.144 GET 192.168.1.144:9999/favicon.ico
[运行时间：0.054507s] [吞吐率：18.35req/s] [内存消耗：1,604.94kb] [文件加载：107]
[ info ] [ BEHAVIOR ] Run Closure @app_init [ RunTime:0.000000s ]
[ info ] [ CACHE ] INIT File
[ info ] [ BEHAVIOR ] Run Closure @app_init [ RunTime:0.003500s ]
[ info ] [ LANG ] D:\WWW\last\thinkphp\lang\zh-cn.php
[ info ] [ ROUTE ] array (
  'type' => 'module',
  'module' => 
  array (
    0 => 'favicon.ico',
    1 => NULL,
    2 => NULL,
  ),
)
[ info ] [ HEADER ] array (
  'cookie' => 'Hm_lvt_06e9734f33e7ff39eccc218a7043f30f=1565955353; Hm_lvt_f8d0a8c400404989e195270b0bbf060a=1569297680,1569301951,1569736776,1571373133; PHPSESSID=0ter76em40blftmctopo1sllm5',
  'accept-language' => 'zh-CN,zh;q=0.9',
  'accept-encoding' => 'gzip, deflate',
  'referer' => 'http://192.168.1.144:9999/api/test/c',
  'accept' => 'image/webp,image/apng,image/*,*/*;q=0.8',
  'user-agent' => 'Mozilla/5.0 (Windows NT 6.1; Win64; x64) AppleWebKit/537.36 (KHTML, like Gecko) Chrome/78.0.3904.108 Safari/537.36',
  'connection' => 'close',
  'host' => '192.168.1.144:9999',
)
[ info ] [ PARAM ] array (
)
[ info ] [ LOG ] INIT File
---------------------------------------------------------------
[ 2019-11-22T19:15:15+08:00 ] 192.168.1.144 GET 192.168.1.144:9999/api/test/c
[运行时间：0.311040s] [吞吐率：3.22req/s] [内存消耗：2,871.01kb] [文件加载：122]
[ info ] [ BEHAVIOR ] Run Closure @app_init [ RunTime:0.000000s ]
[ info ] [ CACHE ] INIT File
[ info ] [ BEHAVIOR ] Run Closure @app_init [ RunTime:0.013001s ]
[ info ] [ LANG ] D:\WWW\last\thinkphp\lang\zh-cn.php
[ info ] [ ROUTE ] array (
  'type' => 'module',
  'module' => 
  array (
    0 => 'api',
    1 => 'test',
    2 => 'c',
  ),
)
[ info ] [ HEADER ] array (
  'cookie' => 'Hm_lvt_06e9734f33e7ff39eccc218a7043f30f=1565955353; Hm_lvt_f8d0a8c400404989e195270b0bbf060a=1569297680,1569301951,1569736776,1571373133; PHPSESSID=0ter76em40blftmctopo1sllm5',
  'accept-language' => 'zh-CN,zh;q=0.9',
  'accept-encoding' => 'gzip, deflate',
  'accept' => 'text/html,application/xhtml+xml,application/xml;q=0.9,image/webp,image/apng,*/*;q=0.8,application/signed-exchange;v=b3',
  'user-agent' => 'Mozilla/5.0 (Windows NT 6.1; Win64; x64) AppleWebKit/537.36 (KHTML, like Gecko) Chrome/78.0.3904.108 Safari/537.36',
  'upgrade-insecure-requests' => '1',
  'cache-control' => 'max-age=0',
  'connection' => 'close',
  'host' => '192.168.1.144:9999',
)
[ info ] [ PARAM ] array (
)
[ info ] [ LANG ] D:\WWW\last\public/../application/api\lang\zh-cn.php
[ info ] [ BEHAVIOR ] Run app\common\behavior\Common @module_init [ RunTime:0.002500s ]
[ info ] [ DB ] INIT mysql
[ info ] [ RUN ] app\api\controller\Test->c[ D:\WWW\last\application\api\controller\Test.php ]
[ info ] [ LOG ] INIT File
[ sql ] [ DB ] CONNECT:[ UseTime:0.010501s ] mysql:host=127.0.0.1;dbname=last;charset=utf8
[ sql ] [ SQL ] SHOW COLUMNS FROM `fa_user` [ RunTime:0.235530s ]
[ sql ] [ SQL ] SELECT * FROM `fa_user` WHERE  `token` IS NULL LIMIT 1 [ RunTime:0.000500s ]
---------------------------------------------------------------
[ 2019-11-22T19:15:23+08:00 ] 192.168.1.144 GET 192.168.1.144:9999/api/test/c
[运行时间：0.331542s] [吞吐率：3.02req/s] [内存消耗：2,911.10kb] [文件加载：126]
[ info ] [ BEHAVIOR ] Run Closure @app_init [ RunTime:0.000000s ]
[ info ] [ CACHE ] INIT File
[ info ] [ BEHAVIOR ] Run Closure @app_init [ RunTime:0.004000s ]
[ info ] [ LANG ] D:\WWW\last\thinkphp\lang\zh-cn.php
[ info ] [ ROUTE ] array (
  'type' => 'module',
  'module' => 
  array (
    0 => 'api',
    1 => 'test',
    2 => 'c',
  ),
)
[ info ] [ HEADER ] array (
  'cookie' => 'Hm_lvt_06e9734f33e7ff39eccc218a7043f30f=1565955353; Hm_lvt_f8d0a8c400404989e195270b0bbf060a=1569297680,1569301951,1569736776,1571373133; PHPSESSID=0ter76em40blftmctopo1sllm5',
  'accept-language' => 'zh-CN,zh;q=0.9',
  'accept-encoding' => 'gzip, deflate',
  'accept' => 'text/html,application/xhtml+xml,application/xml;q=0.9,image/webp,image/apng,*/*;q=0.8,application/signed-exchange;v=b3',
  'user-agent' => 'Mozilla/5.0 (Windows NT 6.1; Win64; x64) AppleWebKit/537.36 (KHTML, like Gecko) Chrome/78.0.3904.108 Safari/537.36',
  'upgrade-insecure-requests' => '1',
  'cache-control' => 'max-age=0',
  'connection' => 'close',
  'host' => '192.168.1.144:9999',
)
[ info ] [ PARAM ] array (
)
[ info ] [ LANG ] D:\WWW\last\public/../application/api\lang\zh-cn.php
[ info ] [ BEHAVIOR ] Run app\common\behavior\Common @module_init [ RunTime:0.003500s ]
[ info ] [ DB ] INIT mysql
[ info ] [ RUN ] app\api\controller\Test->c[ D:\WWW\last\application\api\controller\Test.php ]
[ info ] [ LOG ] INIT File
[ sql ] [ DB ] CONNECT:[ UseTime:0.010501s ] mysql:host=127.0.0.1;dbname=last;charset=utf8
[ sql ] [ SQL ] SHOW COLUMNS FROM `fa_user` [ RunTime:0.076010s ]
[ sql ] [ SQL ] SELECT * FROM `fa_user` WHERE  `token` IS NULL LIMIT 1 [ RunTime:0.001500s ]
[ error ] [2]copy(\goods_info\1jpg): failed to open stream: No such file or directory[D:\WWW\last\application\api\controller\Test.php:711]
---------------------------------------------------------------
[ 2019-11-22T19:15:37+08:00 ] 192.168.1.144 GET 192.168.1.144:9999/api/test/c
[运行时间：0.241031s] [吞吐率：4.15req/s] [内存消耗：2,911.13kb] [文件加载：126]
[ info ] [ BEHAVIOR ] Run Closure @app_init [ RunTime:0.000000s ]
[ info ] [ CACHE ] INIT File
[ info ] [ BEHAVIOR ] Run Closure @app_init [ RunTime:0.008501s ]
[ info ] [ LANG ] D:\WWW\last\thinkphp\lang\zh-cn.php
[ info ] [ ROUTE ] array (
  'type' => 'module',
  'module' => 
  array (
    0 => 'api',
    1 => 'test',
    2 => 'c',
  ),
)
[ info ] [ HEADER ] array (
  'cookie' => 'Hm_lvt_06e9734f33e7ff39eccc218a7043f30f=1565955353; Hm_lvt_f8d0a8c400404989e195270b0bbf060a=1569297680,1569301951,1569736776,1571373133; PHPSESSID=0ter76em40blftmctopo1sllm5',
  'accept-language' => 'zh-CN,zh;q=0.9',
  'accept-encoding' => 'gzip, deflate',
  'accept' => 'text/html,application/xhtml+xml,application/xml;q=0.9,image/webp,image/apng,*/*;q=0.8,application/signed-exchange;v=b3',
  'user-agent' => 'Mozilla/5.0 (Windows NT 6.1; Win64; x64) AppleWebKit/537.36 (KHTML, like Gecko) Chrome/78.0.3904.108 Safari/537.36',
  'upgrade-insecure-requests' => '1',
  'cache-control' => 'max-age=0',
  'connection' => 'close',
  'host' => '192.168.1.144:9999',
)
[ info ] [ PARAM ] array (
)
[ info ] [ LANG ] D:\WWW\last\public/../application/api\lang\zh-cn.php
[ info ] [ BEHAVIOR ] Run app\common\behavior\Common @module_init [ RunTime:0.002500s ]
[ info ] [ DB ] INIT mysql
[ info ] [ RUN ] app\api\controller\Test->c[ D:\WWW\last\application\api\controller\Test.php ]
[ info ] [ LOG ] INIT File
[ sql ] [ DB ] CONNECT:[ UseTime:0.014502s ] mysql:host=127.0.0.1;dbname=last;charset=utf8
[ sql ] [ SQL ] SHOW COLUMNS FROM `fa_user` [ RunTime:0.148019s ]
[ sql ] [ SQL ] SELECT * FROM `fa_user` WHERE  `token` IS NULL LIMIT 1 [ RunTime:0.000500s ]
[ error ] [2]copy(\goods_info\1.jpg): failed to open stream: No such file or directory[D:\WWW\last\application\api\controller\Test.php:711]
---------------------------------------------------------------
[ 2019-11-22T19:15:47+08:00 ] 192.168.1.144 GET 192.168.1.144:9999/api/test/c
[运行时间：0.128516s] [吞吐率：7.78req/s] [内存消耗：2,911.13kb] [文件加载：126]
[ info ] [ BEHAVIOR ] Run Closure @app_init [ RunTime:0.000000s ]
[ info ] [ CACHE ] INIT File
[ info ] [ BEHAVIOR ] Run Closure @app_init [ RunTime:0.005500s ]
[ info ] [ LANG ] D:\WWW\last\thinkphp\lang\zh-cn.php
[ info ] [ ROUTE ] array (
  'type' => 'module',
  'module' => 
  array (
    0 => 'api',
    1 => 'test',
    2 => 'c',
  ),
)
[ info ] [ HEADER ] array (
  'cookie' => 'Hm_lvt_06e9734f33e7ff39eccc218a7043f30f=1565955353; Hm_lvt_f8d0a8c400404989e195270b0bbf060a=1569297680,1569301951,1569736776,1571373133; PHPSESSID=0ter76em40blftmctopo1sllm5',
  'accept-language' => 'zh-CN,zh;q=0.9',
  'accept-encoding' => 'gzip, deflate',
  'accept' => 'text/html,application/xhtml+xml,application/xml;q=0.9,image/webp,image/apng,*/*;q=0.8,application/signed-exchange;v=b3',
  'user-agent' => 'Mozilla/5.0 (Windows NT 6.1; Win64; x64) AppleWebKit/537.36 (KHTML, like Gecko) Chrome/78.0.3904.108 Safari/537.36',
  'upgrade-insecure-requests' => '1',
  'cache-control' => 'max-age=0',
  'connection' => 'close',
  'host' => '192.168.1.144:9999',
)
[ info ] [ PARAM ] array (
)
[ info ] [ LANG ] D:\WWW\last\public/../application/api\lang\zh-cn.php
[ info ] [ BEHAVIOR ] Run app\common\behavior\Common @module_init [ RunTime:0.002500s ]
[ info ] [ DB ] INIT mysql
[ info ] [ RUN ] app\api\controller\Test->c[ D:\WWW\last\application\api\controller\Test.php ]
[ info ] [ LOG ] INIT File
[ sql ] [ DB ] CONNECT:[ UseTime:0.013502s ] mysql:host=127.0.0.1;dbname=last;charset=utf8
[ sql ] [ SQL ] SHOW COLUMNS FROM `fa_user` [ RunTime:0.048006s ]
[ sql ] [ SQL ] SELECT * FROM `fa_user` WHERE  `token` IS NULL LIMIT 1 [ RunTime:0.000500s ]
[ error ] [2]copy(\goods_info\1.jpg): failed to open stream: No such file or directory[D:\WWW\last\application\api\controller\Test.php:711]
---------------------------------------------------------------
[ 2019-11-22T19:17:25+08:00 ] 192.168.1.144 GET 192.168.1.144:9999/api/test/c
[运行时间：0.081510s] [吞吐率：12.27req/s] [内存消耗：2,910.78kb] [文件加载：126]
[ info ] [ BEHAVIOR ] Run Closure @app_init [ RunTime:0.000000s ]
[ info ] [ CACHE ] INIT File
[ info ] [ BEHAVIOR ] Run Closure @app_init [ RunTime:0.002500s ]
[ info ] [ LANG ] D:\WWW\last\thinkphp\lang\zh-cn.php
[ info ] [ ROUTE ] array (
  'type' => 'module',
  'module' => 
  array (
    0 => 'api',
    1 => 'test',
    2 => 'c',
  ),
)
[ info ] [ HEADER ] array (
  'cookie' => 'Hm_lvt_06e9734f33e7ff39eccc218a7043f30f=1565955353; Hm_lvt_f8d0a8c400404989e195270b0bbf060a=1569297680,1569301951,1569736776,1571373133; PHPSESSID=0ter76em40blftmctopo1sllm5',
  'accept-language' => 'zh-CN,zh;q=0.9',
  'accept-encoding' => 'gzip, deflate',
  'accept' => 'text/html,application/xhtml+xml,application/xml;q=0.9,image/webp,image/apng,*/*;q=0.8,application/signed-exchange;v=b3',
  'user-agent' => 'Mozilla/5.0 (Windows NT 6.1; Win64; x64) AppleWebKit/537.36 (KHTML, like Gecko) Chrome/78.0.3904.108 Safari/537.36',
  'upgrade-insecure-requests' => '1',
  'cache-control' => 'max-age=0',
  'connection' => 'close',
  'host' => '192.168.1.144:9999',
)
[ info ] [ PARAM ] array (
)
[ info ] [ LANG ] D:\WWW\last\public/../application/api\lang\zh-cn.php
[ info ] [ BEHAVIOR ] Run app\common\behavior\Common @module_init [ RunTime:0.001501s ]
[ info ] [ DB ] INIT mysql
[ info ] [ RUN ] app\api\controller\Test->c[ D:\WWW\last\application\api\controller\Test.php ]
[ info ] [ LOG ] INIT File
[ sql ] [ DB ] CONNECT:[ UseTime:0.010501s ] mysql:host=127.0.0.1;dbname=last;charset=utf8
[ sql ] [ SQL ] SHOW COLUMNS FROM `fa_user` [ RunTime:0.027504s ]
[ sql ] [ SQL ] SELECT * FROM `fa_user` WHERE  `token` IS NULL LIMIT 1 [ RunTime:0.000500s ]
[ error ] [2]copy(/goods_info/1.jpg): failed to open stream: No such file or directory[D:\WWW\last\application\api\controller\Test.php:711]
---------------------------------------------------------------
[ 2019-11-22T19:17:55+08:00 ] 192.168.1.144 GET 192.168.1.144:9999/api/test/c
[运行时间：0.128017s] [吞吐率：7.81req/s] [内存消耗：2,911.00kb] [文件加载：126]
[ info ] [ BEHAVIOR ] Run Closure @app_init [ RunTime:0.000000s ]
[ info ] [ CACHE ] INIT File
[ info ] [ BEHAVIOR ] Run Closure @app_init [ RunTime:0.009502s ]
[ info ] [ LANG ] D:\WWW\last\thinkphp\lang\zh-cn.php
[ info ] [ ROUTE ] array (
  'type' => 'module',
  'module' => 
  array (
    0 => 'api',
    1 => 'test',
    2 => 'c',
  ),
)
[ info ] [ HEADER ] array (
  'cookie' => 'Hm_lvt_06e9734f33e7ff39eccc218a7043f30f=1565955353; Hm_lvt_f8d0a8c400404989e195270b0bbf060a=1569297680,1569301951,1569736776,1571373133; PHPSESSID=0ter76em40blftmctopo1sllm5',
  'accept-language' => 'zh-CN,zh;q=0.9',
  'accept-encoding' => 'gzip, deflate',
  'accept' => 'text/html,application/xhtml+xml,application/xml;q=0.9,image/webp,image/apng,*/*;q=0.8,application/signed-exchange;v=b3',
  'user-agent' => 'Mozilla/5.0 (Windows NT 6.1; Win64; x64) AppleWebKit/537.36 (KHTML, like Gecko) Chrome/78.0.3904.108 Safari/537.36',
  'upgrade-insecure-requests' => '1',
  'cache-control' => 'max-age=0',
  'connection' => 'close',
  'host' => '192.168.1.144:9999',
)
[ info ] [ PARAM ] array (
)
[ info ] [ LANG ] D:\WWW\last\public/../application/api\lang\zh-cn.php
[ info ] [ BEHAVIOR ] Run app\common\behavior\Common @module_init [ RunTime:0.002500s ]
[ info ] [ DB ] INIT mysql
[ info ] [ RUN ] app\api\controller\Test->c[ D:\WWW\last\application\api\controller\Test.php ]
[ info ] [ LOG ] INIT File
[ sql ] [ DB ] CONNECT:[ UseTime:0.010002s ] mysql:host=127.0.0.1;dbname=last;charset=utf8
[ sql ] [ SQL ] SHOW COLUMNS FROM `fa_user` [ RunTime:0.040005s ]
[ sql ] [ SQL ] SELECT * FROM `fa_user` WHERE  `token` IS NULL LIMIT 1 [ RunTime:0.000500s ]
[ error ] [2]copy(192.168.1.144:9999/goods_info/1.jpg): failed to open stream: Invalid argument[D:\WWW\last\application\api\controller\Test.php:711]
---------------------------------------------------------------
[ 2019-11-22T19:18:21+08:00 ] 192.168.1.144 GET 192.168.1.144:9999/api/test/c
[运行时间：0.170022s] [吞吐率：5.88req/s] [内存消耗：2,870.83kb] [文件加载：121]
[ info ] [ BEHAVIOR ] Run Closure @app_init [ RunTime:0.000000s ]
[ info ] [ CACHE ] INIT File
[ info ] [ BEHAVIOR ] Run Closure @app_init [ RunTime:0.003001s ]
[ info ] [ LANG ] D:\WWW\last\thinkphp\lang\zh-cn.php
[ info ] [ ROUTE ] array (
  'type' => 'module',
  'module' => 
  array (
    0 => 'api',
    1 => 'test',
    2 => 'c',
  ),
)
[ info ] [ HEADER ] array (
  'cookie' => 'Hm_lvt_06e9734f33e7ff39eccc218a7043f30f=1565955353; Hm_lvt_f8d0a8c400404989e195270b0bbf060a=1569297680,1569301951,1569736776,1571373133; PHPSESSID=0ter76em40blftmctopo1sllm5',
  'accept-language' => 'zh-CN,zh;q=0.9',
  'accept-encoding' => 'gzip, deflate',
  'accept' => 'text/html,application/xhtml+xml,application/xml;q=0.9,image/webp,image/apng,*/*;q=0.8,application/signed-exchange;v=b3',
  'user-agent' => 'Mozilla/5.0 (Windows NT 6.1; Win64; x64) AppleWebKit/537.36 (KHTML, like Gecko) Chrome/78.0.3904.108 Safari/537.36',
  'upgrade-insecure-requests' => '1',
  'cache-control' => 'max-age=0',
  'connection' => 'close',
  'host' => '192.168.1.144:9999',
)
[ info ] [ PARAM ] array (
)
[ info ] [ LANG ] D:\WWW\last\public/../application/api\lang\zh-cn.php
[ info ] [ BEHAVIOR ] Run app\common\behavior\Common @module_init [ RunTime:0.002000s ]
[ info ] [ DB ] INIT mysql
[ info ] [ RUN ] app\api\controller\Test->c[ D:\WWW\last\application\api\controller\Test.php ]
[ info ] [ LOG ] INIT File
[ sql ] [ DB ] CONNECT:[ UseTime:0.010502s ] mysql:host=127.0.0.1;dbname=last;charset=utf8
[ sql ] [ SQL ] SHOW COLUMNS FROM `fa_user` [ RunTime:0.063008s ]
[ sql ] [ SQL ] SELECT * FROM `fa_user` WHERE  `token` IS NULL LIMIT 1 [ RunTime:0.000500s ]
---------------------------------------------------------------
[ 2019-11-22T19:19:14+08:00 ] 192.168.1.144 GET 192.168.1.144:9999/api/test/c
[运行时间：0.107513s] [吞吐率：9.30req/s] [内存消耗：2,870.59kb] [文件加载：121]
[ info ] [ BEHAVIOR ] Run Closure @app_init [ RunTime:0.000000s ]
[ info ] [ CACHE ] INIT File
[ info ] [ BEHAVIOR ] Run Closure @app_init [ RunTime:0.003501s ]
[ info ] [ LANG ] D:\WWW\last\thinkphp\lang\zh-cn.php
[ info ] [ ROUTE ] array (
  'type' => 'module',
  'module' => 
  array (
    0 => 'api',
    1 => 'test',
    2 => 'c',
  ),
)
[ info ] [ HEADER ] array (
  'cookie' => 'Hm_lvt_06e9734f33e7ff39eccc218a7043f30f=1565955353; Hm_lvt_f8d0a8c400404989e195270b0bbf060a=1569297680,1569301951,1569736776,1571373133; PHPSESSID=0ter76em40blftmctopo1sllm5',
  'accept-language' => 'zh-CN,zh;q=0.9',
  'accept-encoding' => 'gzip, deflate',
  'accept' => 'text/html,application/xhtml+xml,application/xml;q=0.9,image/webp,image/apng,*/*;q=0.8,application/signed-exchange;v=b3',
  'user-agent' => 'Mozilla/5.0 (Windows NT 6.1; Win64; x64) AppleWebKit/537.36 (KHTML, like Gecko) Chrome/78.0.3904.108 Safari/537.36',
  'upgrade-insecure-requests' => '1',
  'cache-control' => 'max-age=0',
  'connection' => 'close',
  'host' => '192.168.1.144:9999',
)
[ info ] [ PARAM ] array (
)
[ info ] [ LANG ] D:\WWW\last\public/../application/api\lang\zh-cn.php
[ info ] [ BEHAVIOR ] Run app\common\behavior\Common @module_init [ RunTime:0.001500s ]
[ info ] [ DB ] INIT mysql
[ info ] [ RUN ] app\api\controller\Test->c[ D:\WWW\last\application\api\controller\Test.php ]
[ info ] [ LOG ] INIT File
[ sql ] [ DB ] CONNECT:[ UseTime:0.010502s ] mysql:host=127.0.0.1;dbname=last;charset=utf8
[ sql ] [ SQL ] SHOW COLUMNS FROM `fa_user` [ RunTime:0.030504s ]
[ sql ] [ SQL ] SELECT * FROM `fa_user` WHERE  `token` IS NULL LIMIT 1 [ RunTime:0.000500s ]
---------------------------------------------------------------
[ 2019-11-22T19:20:02+08:00 ] 192.168.1.144 GET 192.168.1.144:9999/api/test/c
[运行时间：0.130016s] [吞吐率：7.69req/s] [内存消耗：2,870.59kb] [文件加载：121]
[ info ] [ BEHAVIOR ] Run Closure @app_init [ RunTime:0.000000s ]
[ info ] [ CACHE ] INIT File
[ info ] [ BEHAVIOR ] Run Closure @app_init [ RunTime:0.005501s ]
[ info ] [ LANG ] D:\WWW\last\thinkphp\lang\zh-cn.php
[ info ] [ ROUTE ] array (
  'type' => 'module',
  'module' => 
  array (
    0 => 'api',
    1 => 'test',
    2 => 'c',
  ),
)
[ info ] [ HEADER ] array (
  'cookie' => 'Hm_lvt_06e9734f33e7ff39eccc218a7043f30f=1565955353; Hm_lvt_f8d0a8c400404989e195270b0bbf060a=1569297680,1569301951,1569736776,1571373133; PHPSESSID=0ter76em40blftmctopo1sllm5',
  'accept-language' => 'zh-CN,zh;q=0.9',
  'accept-encoding' => 'gzip, deflate',
  'accept' => 'text/html,application/xhtml+xml,application/xml;q=0.9,image/webp,image/apng,*/*;q=0.8,application/signed-exchange;v=b3',
  'user-agent' => 'Mozilla/5.0 (Windows NT 6.1; Win64; x64) AppleWebKit/537.36 (KHTML, like Gecko) Chrome/78.0.3904.108 Safari/537.36',
  'upgrade-insecure-requests' => '1',
  'cache-control' => 'max-age=0',
  'connection' => 'close',
  'host' => '192.168.1.144:9999',
)
[ info ] [ PARAM ] array (
)
[ info ] [ LANG ] D:\WWW\last\public/../application/api\lang\zh-cn.php
[ info ] [ BEHAVIOR ] Run app\common\behavior\Common @module_init [ RunTime:0.002501s ]
[ info ] [ DB ] INIT mysql
[ info ] [ RUN ] app\api\controller\Test->c[ D:\WWW\last\application\api\controller\Test.php ]
[ info ] [ LOG ] INIT File
[ sql ] [ DB ] CONNECT:[ UseTime:0.010501s ] mysql:host=127.0.0.1;dbname=last;charset=utf8
[ sql ] [ SQL ] SHOW COLUMNS FROM `fa_user` [ RunTime:0.036004s ]
[ sql ] [ SQL ] SELECT * FROM `fa_user` WHERE  `token` IS NULL LIMIT 1 [ RunTime:0.000500s ]
---------------------------------------------------------------
[ 2019-11-22T19:23:38+08:00 ] 192.168.1.144 GET 192.168.1.144:9999/api/test/c
[运行时间：0.107514s] [吞吐率：9.30req/s] [内存消耗：2,870.59kb] [文件加载：121]
[ info ] [ BEHAVIOR ] Run Closure @app_init [ RunTime:0.000500s ]
[ info ] [ CACHE ] INIT File
[ info ] [ BEHAVIOR ] Run Closure @app_init [ RunTime:0.003500s ]
[ info ] [ LANG ] D:\WWW\last\thinkphp\lang\zh-cn.php
[ info ] [ ROUTE ] array (
  'type' => 'module',
  'module' => 
  array (
    0 => 'api',
    1 => 'test',
    2 => 'c',
  ),
)
[ info ] [ HEADER ] array (
  'cookie' => 'Hm_lvt_06e9734f33e7ff39eccc218a7043f30f=1565955353; Hm_lvt_f8d0a8c400404989e195270b0bbf060a=1569297680,1569301951,1569736776,1571373133; PHPSESSID=0ter76em40blftmctopo1sllm5',
  'accept-language' => 'zh-CN,zh;q=0.9',
  'accept-encoding' => 'gzip, deflate',
  'accept' => 'text/html,application/xhtml+xml,application/xml;q=0.9,image/webp,image/apng,*/*;q=0.8,application/signed-exchange;v=b3',
  'user-agent' => 'Mozilla/5.0 (Windows NT 6.1; Win64; x64) AppleWebKit/537.36 (KHTML, like Gecko) Chrome/78.0.3904.108 Safari/537.36',
  'upgrade-insecure-requests' => '1',
  'cache-control' => 'max-age=0',
  'connection' => 'close',
  'host' => '192.168.1.144:9999',
)
[ info ] [ PARAM ] array (
)
[ info ] [ LANG ] D:\WWW\last\public/../application/api\lang\zh-cn.php
[ info ] [ BEHAVIOR ] Run app\common\behavior\Common @module_init [ RunTime:0.002000s ]
[ info ] [ DB ] INIT mysql
[ info ] [ RUN ] app\api\controller\Test->c[ D:\WWW\last\application\api\controller\Test.php ]
[ info ] [ LOG ] INIT File
[ sql ] [ DB ] CONNECT:[ UseTime:0.001500s ] mysql:host=127.0.0.1;dbname=last;charset=utf8
[ sql ] [ SQL ] SHOW COLUMNS FROM `fa_user` [ RunTime:0.035004s ]
[ sql ] [ SQL ] SELECT * FROM `fa_user` WHERE  `token` IS NULL LIMIT 1 [ RunTime:0.000500s ]
---------------------------------------------------------------
[ 2019-11-22T19:24:05+08:00 ] 192.168.1.144 GET 192.168.1.144:9999/api/test/c
[运行时间：0.089011s] [吞吐率：11.23req/s] [内存消耗：2,911.17kb] [文件加载：126]
[ info ] [ BEHAVIOR ] Run Closure @app_init [ RunTime:0.000000s ]
[ info ] [ CACHE ] INIT File
[ info ] [ BEHAVIOR ] Run Closure @app_init [ RunTime:0.002501s ]
[ info ] [ LANG ] D:\WWW\last\thinkphp\lang\zh-cn.php
[ info ] [ ROUTE ] array (
  'type' => 'module',
  'module' => 
  array (
    0 => 'api',
    1 => 'test',
    2 => 'c',
  ),
)
[ info ] [ HEADER ] array (
  'cookie' => 'Hm_lvt_06e9734f33e7ff39eccc218a7043f30f=1565955353; Hm_lvt_f8d0a8c400404989e195270b0bbf060a=1569297680,1569301951,1569736776,1571373133; PHPSESSID=0ter76em40blftmctopo1sllm5',
  'accept-language' => 'zh-CN,zh;q=0.9',
  'accept-encoding' => 'gzip, deflate',
  'accept' => 'text/html,application/xhtml+xml,application/xml;q=0.9,image/webp,image/apng,*/*;q=0.8,application/signed-exchange;v=b3',
  'user-agent' => 'Mozilla/5.0 (Windows NT 6.1; Win64; x64) AppleWebKit/537.36 (KHTML, like Gecko) Chrome/78.0.3904.108 Safari/537.36',
  'upgrade-insecure-requests' => '1',
  'cache-control' => 'max-age=0',
  'connection' => 'close',
  'host' => '192.168.1.144:9999',
)
[ info ] [ PARAM ] array (
)
[ info ] [ LANG ] D:\WWW\last\public/../application/api\lang\zh-cn.php
[ info ] [ BEHAVIOR ] Run app\common\behavior\Common @module_init [ RunTime:0.001000s ]
[ info ] [ DB ] INIT mysql
[ info ] [ RUN ] app\api\controller\Test->c[ D:\WWW\last\application\api\controller\Test.php ]
[ info ] [ LOG ] INIT File
[ sql ] [ DB ] CONNECT:[ UseTime:0.006501s ] mysql:host=127.0.0.1;dbname=last;charset=utf8
[ sql ] [ SQL ] SHOW COLUMNS FROM `fa_user` [ RunTime:0.029004s ]
[ sql ] [ SQL ] SELECT * FROM `fa_user` WHERE  `token` IS NULL LIMIT 1 [ RunTime:0.000500s ]
[ error ] [2]copy(http://192.168.1.144:9999/goods_info/100.jpg): failed to open stream: HTTP wrapper does not support writeable connections[D:\WWW\last\application\api\controller\Test.php:711]
---------------------------------------------------------------
[ 2019-11-22T19:24:56+08:00 ] 192.168.1.144 GET 192.168.1.144:9999/api/test/c
[运行时间：0.175522s] [吞吐率：5.70req/s] [内存消耗：2,910.52kb] [文件加载：126]
[ info ] [ BEHAVIOR ] Run Closure @app_init [ RunTime:0.000000s ]
[ info ] [ CACHE ] INIT File
[ info ] [ BEHAVIOR ] Run Closure @app_init [ RunTime:0.031504s ]
[ info ] [ LANG ] D:\WWW\last\thinkphp\lang\zh-cn.php
[ info ] [ ROUTE ] array (
  'type' => 'module',
  'module' => 
  array (
    0 => 'api',
    1 => 'test',
    2 => 'c',
  ),
)
[ info ] [ HEADER ] array (
  'cookie' => 'Hm_lvt_06e9734f33e7ff39eccc218a7043f30f=1565955353; Hm_lvt_f8d0a8c400404989e195270b0bbf060a=1569297680,1569301951,1569736776,1571373133; PHPSESSID=0ter76em40blftmctopo1sllm5',
  'accept-language' => 'zh-CN,zh;q=0.9',
  'accept-encoding' => 'gzip, deflate',
  'accept' => 'text/html,application/xhtml+xml,application/xml;q=0.9,image/webp,image/apng,*/*;q=0.8,application/signed-exchange;v=b3',
  'user-agent' => 'Mozilla/5.0 (Windows NT 6.1; Win64; x64) AppleWebKit/537.36 (KHTML, like Gecko) Chrome/78.0.3904.108 Safari/537.36',
  'upgrade-insecure-requests' => '1',
  'cache-control' => 'max-age=0',
  'connection' => 'close',
  'host' => '192.168.1.144:9999',
)
[ info ] [ PARAM ] array (
)
[ info ] [ LANG ] D:\WWW\last\public/../application/api\lang\zh-cn.php
[ info ] [ BEHAVIOR ] Run app\common\behavior\Common @module_init [ RunTime:0.003001s ]
[ info ] [ DB ] INIT mysql
[ info ] [ RUN ] app\api\controller\Test->c[ D:\WWW\last\application\api\controller\Test.php ]
[ info ] [ LOG ] INIT File
[ sql ] [ DB ] CONNECT:[ UseTime:0.020003s ] mysql:host=127.0.0.1;dbname=last;charset=utf8
[ sql ] [ SQL ] SHOW COLUMNS FROM `fa_user` [ RunTime:0.055507s ]
[ sql ] [ SQL ] SELECT * FROM `fa_user` WHERE  `token` IS NULL LIMIT 1 [ RunTime:0.000500s ]
[ error ] [2]copy(/goods_info/100.jpg): failed to open stream: No such file or directory[D:\WWW\last\application\api\controller\Test.php:711]
---------------------------------------------------------------
[ 2019-11-22T19:26:39+08:00 ] 192.168.1.144 GET 192.168.1.144:9999/api/test/c
[运行时间：0.077509s] [吞吐率：12.90req/s] [内存消耗：2,870.03kb] [文件加载：121]
[ info ] [ BEHAVIOR ] Run Closure @app_init [ RunTime:0.000500s ]
[ info ] [ CACHE ] INIT File
[ info ] [ BEHAVIOR ] Run Closure @app_init [ RunTime:0.004001s ]
[ info ] [ LANG ] D:\WWW\last\thinkphp\lang\zh-cn.php
[ info ] [ ROUTE ] array (
  'type' => 'module',
  'module' => 
  array (
    0 => 'api',
    1 => 'test',
    2 => 'c',
  ),
)
[ info ] [ HEADER ] array (
  'cookie' => 'Hm_lvt_06e9734f33e7ff39eccc218a7043f30f=1565955353; Hm_lvt_f8d0a8c400404989e195270b0bbf060a=1569297680,1569301951,1569736776,1571373133; PHPSESSID=0ter76em40blftmctopo1sllm5',
  'accept-language' => 'zh-CN,zh;q=0.9',
  'accept-encoding' => 'gzip, deflate',
  'accept' => 'text/html,application/xhtml+xml,application/xml;q=0.9,image/webp,image/apng,*/*;q=0.8,application/signed-exchange;v=b3',
  'user-agent' => 'Mozilla/5.0 (Windows NT 6.1; Win64; x64) AppleWebKit/537.36 (KHTML, like Gecko) Chrome/78.0.3904.108 Safari/537.36',
  'upgrade-insecure-requests' => '1',
  'cache-control' => 'max-age=0',
  'connection' => 'close',
  'host' => '192.168.1.144:9999',
)
[ info ] [ PARAM ] array (
)
[ info ] [ LANG ] D:\WWW\last\public/../application/api\lang\zh-cn.php
[ info ] [ BEHAVIOR ] Run app\common\behavior\Common @module_init [ RunTime:0.001500s ]
[ info ] [ DB ] INIT mysql
[ info ] [ RUN ] app\api\controller\Test->c[ D:\WWW\last\application\api\controller\Test.php ]
[ info ] [ LOG ] INIT File
[ sql ] [ DB ] CONNECT:[ UseTime:0.001000s ] mysql:host=127.0.0.1;dbname=last;charset=utf8
[ sql ] [ SQL ] SHOW COLUMNS FROM `fa_user` [ RunTime:0.028003s ]
[ sql ] [ SQL ] SELECT * FROM `fa_user` WHERE  `token` IS NULL LIMIT 1 [ RunTime:0.000000s ]
---------------------------------------------------------------
[ 2019-11-22T19:28:18+08:00 ] 192.168.1.144 GET 192.168.1.144:9999/api/test/c
[运行时间：0.094012s] [吞吐率：10.64req/s] [内存消耗：2,910.40kb] [文件加载：126]
[ info ] [ BEHAVIOR ] Run Closure @app_init [ RunTime:0.000000s ]
[ info ] [ CACHE ] INIT File
[ info ] [ BEHAVIOR ] Run Closure @app_init [ RunTime:0.006001s ]
[ info ] [ LANG ] D:\WWW\last\thinkphp\lang\zh-cn.php
[ info ] [ ROUTE ] array (
  'type' => 'module',
  'module' => 
  array (
    0 => 'api',
    1 => 'test',
    2 => 'c',
  ),
)
[ info ] [ HEADER ] array (
  'cookie' => 'Hm_lvt_06e9734f33e7ff39eccc218a7043f30f=1565955353; Hm_lvt_f8d0a8c400404989e195270b0bbf060a=1569297680,1569301951,1569736776,1571373133; PHPSESSID=0ter76em40blftmctopo1sllm5',
  'accept-language' => 'zh-CN,zh;q=0.9',
  'accept-encoding' => 'gzip, deflate',
  'accept' => 'text/html,application/xhtml+xml,application/xml;q=0.9,image/webp,image/apng,*/*;q=0.8,application/signed-exchange;v=b3',
  'user-agent' => 'Mozilla/5.0 (Windows NT 6.1; Win64; x64) AppleWebKit/537.36 (KHTML, like Gecko) Chrome/78.0.3904.108 Safari/537.36',
  'upgrade-insecure-requests' => '1',
  'cache-control' => 'max-age=0',
  'connection' => 'close',
  'host' => '192.168.1.144:9999',
)
[ info ] [ PARAM ] array (
)
[ info ] [ LANG ] D:\WWW\last\public/../application/api\lang\zh-cn.php
[ info ] [ BEHAVIOR ] Run app\common\behavior\Common @module_init [ RunTime:0.001500s ]
[ info ] [ DB ] INIT mysql
[ info ] [ RUN ] app\api\controller\Test->c[ D:\WWW\last\application\api\controller\Test.php ]
[ info ] [ LOG ] INIT File
[ sql ] [ DB ] CONNECT:[ UseTime:0.000500s ] mysql:host=127.0.0.1;dbname=last;charset=utf8
[ sql ] [ SQL ] SHOW COLUMNS FROM `fa_user` [ RunTime:0.043506s ]
[ sql ] [ SQL ] SELECT * FROM `fa_user` WHERE  `token` IS NULL LIMIT 1 [ RunTime:0.000500s ]
[ error ] [2]copy(./goods_info/1jpg): failed to open stream: No such file or directory[D:\WWW\last\application\api\controller\Test.php:711]
---------------------------------------------------------------
[ 2019-11-22T19:28:28+08:00 ] 192.168.1.144 GET 192.168.1.144:9999/api/test/c
[运行时间：0.118515s] [吞吐率：8.44req/s] [内存消耗：2,870.26kb] [文件加载：121]
[ info ] [ BEHAVIOR ] Run Closure @app_init [ RunTime:0.000000s ]
[ info ] [ CACHE ] INIT File
[ info ] [ BEHAVIOR ] Run Closure @app_init [ RunTime:0.003500s ]
[ info ] [ LANG ] D:\WWW\last\thinkphp\lang\zh-cn.php
[ info ] [ ROUTE ] array (
  'type' => 'module',
  'module' => 
  array (
    0 => 'api',
    1 => 'test',
    2 => 'c',
  ),
)
[ info ] [ HEADER ] array (
  'cookie' => 'Hm_lvt_06e9734f33e7ff39eccc218a7043f30f=1565955353; Hm_lvt_f8d0a8c400404989e195270b0bbf060a=1569297680,1569301951,1569736776,1571373133; PHPSESSID=0ter76em40blftmctopo1sllm5',
  'accept-language' => 'zh-CN,zh;q=0.9',
  'accept-encoding' => 'gzip, deflate',
  'accept' => 'text/html,application/xhtml+xml,application/xml;q=0.9,image/webp,image/apng,*/*;q=0.8,application/signed-exchange;v=b3',
  'user-agent' => 'Mozilla/5.0 (Windows NT 6.1; Win64; x64) AppleWebKit/537.36 (KHTML, like Gecko) Chrome/78.0.3904.108 Safari/537.36',
  'upgrade-insecure-requests' => '1',
  'cache-control' => 'max-age=0',
  'connection' => 'close',
  'host' => '192.168.1.144:9999',
)
[ info ] [ PARAM ] array (
)
[ info ] [ LANG ] D:\WWW\last\public/../application/api\lang\zh-cn.php
[ info ] [ BEHAVIOR ] Run app\common\behavior\Common @module_init [ RunTime:0.001501s ]
[ info ] [ DB ] INIT mysql
[ info ] [ RUN ] app\api\controller\Test->c[ D:\WWW\last\application\api\controller\Test.php ]
[ info ] [ LOG ] INIT File
[ sql ] [ DB ] CONNECT:[ UseTime:0.010501s ] mysql:host=127.0.0.1;dbname=last;charset=utf8
[ sql ] [ SQL ] SHOW COLUMNS FROM `fa_user` [ RunTime:0.035005s ]
[ sql ] [ SQL ] SELECT * FROM `fa_user` WHERE  `token` IS NULL LIMIT 1 [ RunTime:0.001000s ]
---------------------------------------------------------------
[ 2019-11-22T19:29:17+08:00 ] 192.168.1.144 GET 192.168.1.144:9999/api/test/c
[运行时间：0.105513s] [吞吐率：9.48req/s] [内存消耗：2,870.26kb] [文件加载：121]
[ info ] [ BEHAVIOR ] Run Closure @app_init [ RunTime:0.000000s ]
[ info ] [ CACHE ] INIT File
[ info ] [ BEHAVIOR ] Run Closure @app_init [ RunTime:0.003500s ]
[ info ] [ LANG ] D:\WWW\last\thinkphp\lang\zh-cn.php
[ info ] [ ROUTE ] array (
  'type' => 'module',
  'module' => 
  array (
    0 => 'api',
    1 => 'test',
    2 => 'c',
  ),
)
[ info ] [ HEADER ] array (
  'cookie' => 'Hm_lvt_06e9734f33e7ff39eccc218a7043f30f=1565955353; Hm_lvt_f8d0a8c400404989e195270b0bbf060a=1569297680,1569301951,1569736776,1571373133; PHPSESSID=0ter76em40blftmctopo1sllm5',
  'accept-language' => 'zh-CN,zh;q=0.9',
  'accept-encoding' => 'gzip, deflate',
  'accept' => 'text/html,application/xhtml+xml,application/xml;q=0.9,image/webp,image/apng,*/*;q=0.8,application/signed-exchange;v=b3',
  'user-agent' => 'Mozilla/5.0 (Windows NT 6.1; Win64; x64) AppleWebKit/537.36 (KHTML, like Gecko) Chrome/78.0.3904.108 Safari/537.36',
  'upgrade-insecure-requests' => '1',
  'cache-control' => 'max-age=0',
  'connection' => 'close',
  'host' => '192.168.1.144:9999',
)
[ info ] [ PARAM ] array (
)
[ info ] [ LANG ] D:\WWW\last\public/../application/api\lang\zh-cn.php
[ info ] [ BEHAVIOR ] Run app\common\behavior\Common @module_init [ RunTime:0.002001s ]
[ info ] [ DB ] INIT mysql
[ info ] [ RUN ] app\api\controller\Test->c[ D:\WWW\last\application\api\controller\Test.php ]
[ info ] [ LOG ] INIT File
[ sql ] [ DB ] CONNECT:[ UseTime:0.010001s ] mysql:host=127.0.0.1;dbname=last;charset=utf8
[ sql ] [ SQL ] SHOW COLUMNS FROM `fa_user` [ RunTime:0.030004s ]
[ sql ] [ SQL ] SELECT * FROM `fa_user` WHERE  `token` IS NULL LIMIT 1 [ RunTime:0.001000s ]
---------------------------------------------------------------
[ 2019-11-22T19:57:51+08:00 ] 192.168.1.144 GET 192.168.1.144:9999/api/test/order_detail
[运行时间：0.925617s] [吞吐率：1.08req/s] [内存消耗：2,871.09kb] [文件加载：122]
[ info ] [ BEHAVIOR ] Run Closure @app_init [ RunTime:0.000000s ]
[ info ] [ CACHE ] INIT File
[ info ] [ BEHAVIOR ] Run Closure @app_init [ RunTime:0.017002s ]
[ info ] [ LANG ] D:\WWW\last\thinkphp\lang\zh-cn.php
[ info ] [ ROUTE ] array (
  'type' => 'module',
  'module' => 
  array (
    0 => 'api',
    1 => 'test',
    2 => 'order_detail',
  ),
)
[ info ] [ HEADER ] array (
  'cookie' => 'Hm_lvt_06e9734f33e7ff39eccc218a7043f30f=1565955353; Hm_lvt_f8d0a8c400404989e195270b0bbf060a=1569297680,1569301951,1569736776,1571373133; PHPSESSID=0ter76em40blftmctopo1sllm5',
  'accept-language' => 'zh-CN,zh;q=0.9',
  'accept-encoding' => 'gzip, deflate',
  'accept' => 'text/html,application/xhtml+xml,application/xml;q=0.9,image/webp,image/apng,*/*;q=0.8,application/signed-exchange;v=b3',
  'user-agent' => 'Mozilla/5.0 (Windows NT 6.1; Win64; x64) AppleWebKit/537.36 (KHTML, like Gecko) Chrome/78.0.3904.108 Safari/537.36',
  'upgrade-insecure-requests' => '1',
  'connection' => 'close',
  'host' => '192.168.1.144:9999',
)
[ info ] [ PARAM ] array (
)
[ info ] [ LANG ] D:\WWW\last\public/../application/api\lang\zh-cn.php
[ info ] [ BEHAVIOR ] Run app\common\behavior\Common @module_init [ RunTime:0.002500s ]
[ info ] [ DB ] INIT mysql
[ info ] [ RUN ] app\api\controller\Test->order_detail[ D:\WWW\last\application\api\controller\Test.php ]
[ info ] [ LOG ] INIT File
[ sql ] [ DB ] CONNECT:[ UseTime:0.010501s ] mysql:host=127.0.0.1;dbname=last;charset=utf8
[ sql ] [ SQL ] SHOW COLUMNS FROM `fa_user` [ RunTime:0.034004s ]
[ sql ] [ SQL ] SELECT * FROM `fa_user` WHERE  `token` IS NULL LIMIT 1 [ RunTime:0.000500s ]
---------------------------------------------------------------
[ 2019-11-22T20:47:41+08:00 ] 192.168.1.144 GET 192.168.1.144:9999/api/test/c
[运行时间：2.371301s] [吞吐率：0.42req/s] [内存消耗：2,869.98kb] [文件加载：121]
[ info ] [ BEHAVIOR ] Run Closure @app_init [ RunTime:0.001000s ]
[ info ] [ CACHE ] INIT File
[ info ] [ BEHAVIOR ] Run Closure @app_init [ RunTime:0.111014s ]
[ info ] [ LANG ] D:\WWW\last\thinkphp\lang\zh-cn.php
[ info ] [ ROUTE ] array (
  'type' => 'module',
  'module' => 
  array (
    0 => 'api',
    1 => 'test',
    2 => 'c',
  ),
)
[ info ] [ HEADER ] array (
  'cookie' => 'Hm_lvt_06e9734f33e7ff39eccc218a7043f30f=1565955353; Hm_lvt_f8d0a8c400404989e195270b0bbf060a=1569297680,1569301951,1569736776,1571373133; PHPSESSID=0ter76em40blftmctopo1sllm5',
  'accept-language' => 'zh-CN,zh;q=0.9',
  'accept-encoding' => 'gzip, deflate',
  'accept' => 'text/html,application/xhtml+xml,application/xml;q=0.9,image/webp,image/apng,*/*;q=0.8,application/signed-exchange;v=b3',
  'user-agent' => 'Mozilla/5.0 (Windows NT 6.1; Win64; x64) AppleWebKit/537.36 (KHTML, like Gecko) Chrome/78.0.3904.108 Safari/537.36',
  'upgrade-insecure-requests' => '1',
  'connection' => 'close',
  'host' => '192.168.1.144:9999',
)
[ info ] [ PARAM ] array (
)
[ info ] [ LANG ] D:\WWW\last\public/../application/api\lang\zh-cn.php
[ info ] [ BEHAVIOR ] Run app\common\behavior\Common @module_init [ RunTime:0.026504s ]
[ info ] [ DB ] INIT mysql
[ info ] [ RUN ] app\api\controller\Test->c[ D:\WWW\last\application\api\controller\Test.php ]
[ info ] [ LOG ] INIT File
[ sql ] [ DB ] CONNECT:[ UseTime:0.011502s ] mysql:host=127.0.0.1;dbname=last;charset=utf8
[ sql ] [ SQL ] SHOW COLUMNS FROM `fa_user` [ RunTime:0.044005s ]
[ sql ] [ SQL ] SELECT * FROM `fa_user` WHERE  `token` IS NULL LIMIT 1 [ RunTime:0.001001s ]
---------------------------------------------------------------
[ 2019-11-22T20:47:49+08:00 ] 192.168.1.144 GET 192.168.1.144:9999/api/test/c
[运行时间：0.100012s] [吞吐率：10.00req/s] [内存消耗：2,870.26kb] [文件加载：121]
[ info ] [ BEHAVIOR ] Run Closure @app_init [ RunTime:0.000000s ]
[ info ] [ CACHE ] INIT File
[ info ] [ BEHAVIOR ] Run Closure @app_init [ RunTime:0.005501s ]
[ info ] [ LANG ] D:\WWW\last\thinkphp\lang\zh-cn.php
[ info ] [ ROUTE ] array (
  'type' => 'module',
  'module' => 
  array (
    0 => 'api',
    1 => 'test',
    2 => 'c',
  ),
)
[ info ] [ HEADER ] array (
  'cookie' => 'Hm_lvt_06e9734f33e7ff39eccc218a7043f30f=1565955353; Hm_lvt_f8d0a8c400404989e195270b0bbf060a=1569297680,1569301951,1569736776,1571373133; PHPSESSID=0ter76em40blftmctopo1sllm5',
  'accept-language' => 'zh-CN,zh;q=0.9',
  'accept-encoding' => 'gzip, deflate',
  'accept' => 'text/html,application/xhtml+xml,application/xml;q=0.9,image/webp,image/apng,*/*;q=0.8,application/signed-exchange;v=b3',
  'user-agent' => 'Mozilla/5.0 (Windows NT 6.1; Win64; x64) AppleWebKit/537.36 (KHTML, like Gecko) Chrome/78.0.3904.108 Safari/537.36',
  'upgrade-insecure-requests' => '1',
  'cache-control' => 'max-age=0',
  'connection' => 'close',
  'host' => '192.168.1.144:9999',
)
[ info ] [ PARAM ] array (
)
[ info ] [ LANG ] D:\WWW\last\public/../application/api\lang\zh-cn.php
[ info ] [ BEHAVIOR ] Run app\common\behavior\Common @module_init [ RunTime:0.002501s ]
[ info ] [ DB ] INIT mysql
[ info ] [ RUN ] app\api\controller\Test->c[ D:\WWW\last\application\api\controller\Test.php ]
[ info ] [ LOG ] INIT File
[ sql ] [ DB ] CONNECT:[ UseTime:0.000500s ] mysql:host=127.0.0.1;dbname=last;charset=utf8
[ sql ] [ SQL ] SHOW COLUMNS FROM `fa_user` [ RunTime:0.031504s ]
[ sql ] [ SQL ] SELECT * FROM `fa_user` WHERE  `token` IS NULL LIMIT 1 [ RunTime:0.000000s ]
