---------------------------------------------------------------
[ 2019-11-25T13:29:06+08:00 ] 192.168.1.144 GET 192.168.1.144:9999/api/test/order_detail
[运行时间：3.475941s] [吞吐率：0.29req/s] [内存消耗：2,871.09kb] [文件加载：122]
[ info ] [ BEHAVIOR ] Run Closure @app_init [ RunTime:0.000500s ]
[ info ] [ CACHE ] INIT File
[ info ] [ BEHAVIOR ] Run Closure @app_init [ RunTime:0.095512s ]
[ info ] [ LANG ] D:\WWW\last\thinkphp\lang\zh-cn.php
[ info ] [ ROUTE ] array (
  'type' => 'module',
  'module' => 
  array (
    0 => 'api',
    1 => 'test',
    2 => 'order_detail',
  ),
)
[ info ] [ HEADER ] array (
  'cookie' => 'Hm_lvt_06e9734f33e7ff39eccc218a7043f30f=1565955353; Hm_lvt_f8d0a8c400404989e195270b0bbf060a=1569297680,1569301951,1569736776,1571373133',
  'accept-language' => 'zh-CN,zh;q=0.9',
  'accept-encoding' => 'gzip, deflate',
  'accept' => 'text/html,application/xhtml+xml,application/xml;q=0.9,image/webp,image/apng,*/*;q=0.8,application/signed-exchange;v=b3',
  'user-agent' => 'Mozilla/5.0 (Windows NT 6.1; Win64; x64) AppleWebKit/537.36 (KHTML, like Gecko) Chrome/78.0.3904.108 Safari/537.36',
  'upgrade-insecure-requests' => '1',
  'connection' => 'close',
  'host' => '192.168.1.144:9999',
)
[ info ] [ PARAM ] array (
)
[ info ] [ LANG ] D:\WWW\last\public/../application/api\lang\zh-cn.php
[ info ] [ BEHAVIOR ] Run app\common\behavior\Common @module_init [ RunTime:0.036505s ]
[ info ] [ DB ] INIT mysql
[ info ] [ RUN ] app\api\controller\Test->order_detail[ D:\WWW\last\application\api\controller\Test.php ]
[ info ] [ LOG ] INIT File
[ sql ] [ DB ] CONNECT:[ UseTime:0.017502s ] mysql:host=127.0.0.1;dbname=last;charset=utf8
[ sql ] [ SQL ] SHOW COLUMNS FROM `fa_user` [ RunTime:0.062008s ]
[ sql ] [ SQL ] SELECT * FROM `fa_user` WHERE  `token` IS NULL LIMIT 1 [ RunTime:0.000500s ]
---------------------------------------------------------------
[ 2019-11-25T13:29:06+08:00 ] 192.168.1.144 GET 192.168.1.144:9999/favicon.ico
[运行时间：0.134017s] [吞吐率：7.46req/s] [内存消耗：1,604.66kb] [文件加载：107]
[ info ] [ BEHAVIOR ] Run Closure @app_init [ RunTime:0.000000s ]
[ info ] [ CACHE ] INIT File
[ info ] [ BEHAVIOR ] Run Closure @app_init [ RunTime:0.007501s ]
[ info ] [ LANG ] D:\WWW\last\thinkphp\lang\zh-cn.php
[ info ] [ ROUTE ] array (
  'type' => 'module',
  'module' => 
  array (
    0 => 'favicon.ico',
    1 => NULL,
    2 => NULL,
  ),
)
[ info ] [ HEADER ] array (
  'cookie' => 'Hm_lvt_06e9734f33e7ff39eccc218a7043f30f=1565955353; Hm_lvt_f8d0a8c400404989e195270b0bbf060a=1569297680,1569301951,1569736776,1571373133',
  'accept-language' => 'zh-CN,zh;q=0.9',
  'accept-encoding' => 'gzip, deflate',
  'referer' => 'http://192.168.1.144:9999/api/test/order_detail',
  'accept' => 'image/webp,image/apng,image/*,*/*;q=0.8',
  'user-agent' => 'Mozilla/5.0 (Windows NT 6.1; Win64; x64) AppleWebKit/537.36 (KHTML, like Gecko) Chrome/78.0.3904.108 Safari/537.36',
  'connection' => 'close',
  'host' => '192.168.1.144:9999',
)
[ info ] [ PARAM ] array (
)
[ info ] [ LOG ] INIT File
---------------------------------------------------------------
[ 2019-11-25T14:14:27+08:00 ] 192.168.1.115 POST 192.168.1.144:9999/api/user/login
[运行时间：0.691088s] [吞吐率：1.45req/s] [内存消耗：2,949.12kb] [文件加载：130]
[ info ] [ BEHAVIOR ] Run Closure @app_init [ RunTime:0.000000s ]
[ info ] [ CACHE ] INIT File
[ info ] [ BEHAVIOR ] Run Closure @app_init [ RunTime:0.007501s ]
[ info ] [ LANG ] D:\WWW\last\thinkphp\lang\zh-cn.php
[ info ] [ ROUTE ] array (
  'type' => 'module',
  'module' => 
  array (
    0 => 'api',
    1 => 'user',
    2 => 'login',
  ),
)
[ info ] [ HEADER ] array (
  'accept-language' => 'zh-CN,zh;q=0.9,en;q=0.8',
  'accept-encoding' => 'gzip, deflate',
  'referer' => 'http://192.168.1.115:8081/',
  'content-type' => 'application/x-www-form-urlencoded',
  'user-agent' => 'Mozilla/5.0 (iPhone; CPU iPhone OS 11_0 like Mac OS X) AppleWebKit/604.1.38 (KHTML, like Gecko) Version/11.0 Mobile/15A372 Safari/604.1',
  'origin' => 'http://192.168.1.115:8081',
  'accept' => 'application/json, text/plain, */*',
  'content-length' => '29',
  'connection' => 'close',
  'host' => '192.168.1.144:9999',
)
[ info ] [ PARAM ] array (
  'account' => 'user1',
  'password' => '111111',
)
[ info ] [ LANG ] D:\WWW\last\public/../application/api\lang\zh-cn.php
[ info ] [ BEHAVIOR ] Run app\common\behavior\Common @module_init [ RunTime:0.002000s ]
[ info ] [ LANG ] D:\WWW\last\public/../application/api/lang/zh-cn/user.php
[ info ] [ RUN ] app\api\controller\User->login[ D:\WWW\last\application\api\controller\User.php ]
[ info ] [ DB ] INIT mysql
[ info ] [ TOKEN ] INIT Mysql
[ info ] [ LOG ] INIT File
[ sql ] [ DB ] CONNECT:[ UseTime:0.001500s ] mysql:host=127.0.0.1;dbname=last;charset=utf8
[ sql ] [ SQL ] SHOW COLUMNS FROM `fa_user` [ RunTime:0.086011s ]
[ sql ] [ SQL ] SELECT * FROM `fa_user` WHERE  `username` = 'user1' LIMIT 1 [ RunTime:0.001000s ]
[ sql ] [ SQL ] SELECT * FROM `fa_user` WHERE  `id` = 2 LIMIT 1 [ RunTime:0.000500s ]
[ sql ] [ SQL ] UPDATE `fa_user`  SET `prevtime`=1574303465,`logintime`=1574662467,`token`='dfb208dc-9535-40d0-819f-219dc477959f',`updatetime`=1574662467  WHERE  `id` = 2 [ RunTime:0.000500s ]
[ sql ] [ SQL ] SHOW COLUMNS FROM `fa_user_token` [ RunTime:0.041005s ]
[ sql ] [ SQL ] INSERT INTO `fa_user_token` (`token` , `user_id` , `createtime` , `expiretime`) VALUES ('6b8c594848626deb0757a8708e5c169cc632c443' , 2 , 1574662467 , 1577254467) [ RunTime:0.000501s ]
[ sql ] [ SQL ] SELECT * FROM `fa_user_token` WHERE  `token` = '6b8c594848626deb0757a8708e5c169cc632c443' LIMIT 1 [ RunTime:0.000500s ]
[ sql ] [ SQL ] SELECT `org_level` FROM `fa_user` WHERE  `id` = 2 LIMIT 1 [ RunTime:0.000500s ]
[ sql ] [ SQL ] SELECT `rule_id` FROM `fa_user` WHERE  `id` = 2 LIMIT 1 [ RunTime:0.000500s ]
[ sql ] [ SQL ] SHOW COLUMNS FROM `fa_client_rule` [ RunTime:0.096512s ]
[ sql ] [ SQL ] SELECT `auth_ids` FROM `fa_client_rule` WHERE  `id` = 1 LIMIT 1 [ RunTime:0.000500s ]
[ sql ] [ SQL ] SHOW COLUMNS FROM `fa_client_auth` [ RunTime:0.070509s ]
[ sql ] [ SQL ] SELECT * FROM `fa_client_auth` WHERE  `id` IN (39,38) [ RunTime:0.000500s ]
---------------------------------------------------------------
[ 2019-11-25T14:14:58+08:00 ] 192.168.1.115 POST 192.168.1.144:9999/api/user/login
[运行时间：0.244531s] [吞吐率：4.09req/s] [内存消耗：2,979.63kb] [文件加载：130]
[ info ] [ BEHAVIOR ] Run Closure @app_init [ RunTime:0.000000s ]
[ info ] [ CACHE ] INIT File
[ info ] [ BEHAVIOR ] Run Closure @app_init [ RunTime:0.003001s ]
[ info ] [ LANG ] D:\WWW\last\thinkphp\lang\zh-cn.php
[ info ] [ ROUTE ] array (
  'type' => 'module',
  'module' => 
  array (
    0 => 'api',
    1 => 'user',
    2 => 'login',
  ),
)
[ info ] [ HEADER ] array (
  'accept-language' => 'zh-CN,zh;q=0.9,en;q=0.8',
  'accept-encoding' => 'gzip, deflate',
  'referer' => 'http://192.168.1.115:8081/',
  'content-type' => 'application/x-www-form-urlencoded',
  'user-agent' => 'Mozilla/5.0 (iPhone; CPU iPhone OS 11_0 like Mac OS X) AppleWebKit/604.1.38 (KHTML, like Gecko) Version/11.0 Mobile/15A372 Safari/604.1',
  'origin' => 'http://192.168.1.115:8081',
  'accept' => 'application/json, text/plain, */*',
  'content-length' => '24',
  'connection' => 'close',
  'host' => '192.168.1.144:9999',
)
[ info ] [ PARAM ] array (
  'account' => '111',
  'password' => '111',
)
[ info ] [ LANG ] D:\WWW\last\public/../application/api\lang\zh-cn.php
[ info ] [ BEHAVIOR ] Run app\common\behavior\Common @module_init [ RunTime:0.002000s ]
[ info ] [ LANG ] D:\WWW\last\public/../application/api/lang/zh-cn/user.php
[ info ] [ RUN ] app\api\controller\User->login[ D:\WWW\last\application\api\controller\User.php ]
[ info ] [ DB ] INIT mysql
[ info ] [ TOKEN ] INIT Mysql
[ info ] [ LOG ] INIT File
[ sql ] [ DB ] CONNECT:[ UseTime:0.010501s ] mysql:host=127.0.0.1;dbname=last;charset=utf8
[ sql ] [ SQL ] SHOW COLUMNS FROM `fa_user` [ RunTime:0.022003s ]
[ sql ] [ SQL ] SELECT * FROM `fa_user` WHERE  `username` = '111' LIMIT 1 [ RunTime:0.000500s ]
[ sql ] [ SQL ] SELECT * FROM `fa_user` WHERE  `id` = 15 LIMIT 1 [ RunTime:0.000500s ]
[ sql ] [ SQL ] UPDATE `fa_user`  SET `successions`=1,`prevtime`=1574488674,`logintime`=1574662498,`token`='9d428f31-ffc4-4ef0-bf1a-804049efba2a',`updatetime`=1574662498  WHERE  `id` = 15 [ RunTime:0.000500s ]
[ sql ] [ SQL ] SHOW COLUMNS FROM `fa_user_token` [ RunTime:0.017503s ]
[ sql ] [ SQL ] INSERT INTO `fa_user_token` (`token` , `user_id` , `createtime` , `expiretime`) VALUES ('0e12b3fff38dcdce53c2aaffde0c22257decd522' , 15 , 1574662498 , 1577254498) [ RunTime:0.000500s ]
[ sql ] [ SQL ] SELECT * FROM `fa_user_token` WHERE  `token` = '0e12b3fff38dcdce53c2aaffde0c22257decd522' LIMIT 1 [ RunTime:0.000500s ]
[ sql ] [ SQL ] SELECT `org_level` FROM `fa_user` WHERE  `id` = 15 LIMIT 1 [ RunTime:0.001000s ]
[ sql ] [ SQL ] SELECT `rule_id` FROM `fa_user` WHERE  `id` = 15 LIMIT 1 [ RunTime:0.001000s ]
[ sql ] [ SQL ] SHOW COLUMNS FROM `fa_client_rule` [ RunTime:0.044006s ]
[ sql ] [ SQL ] SELECT `auth_ids` FROM `fa_client_rule` WHERE  `id` = 3 LIMIT 1 [ RunTime:0.000000s ]
[ sql ] [ SQL ] SHOW COLUMNS FROM `fa_client_auth` [ RunTime:0.021002s ]
[ sql ] [ SQL ] SELECT * FROM `fa_client_auth` WHERE  `id` IN (1,2,3,4,5,6,7,8,9,10,11,12,13,14,15,16,17,18,19,20,21,22,23,24,25,26,27,28,29,30,31,32,33,34,35,36,37,40,41) [ RunTime:0.000500s ]
---------------------------------------------------------------
[ 2019-11-25T14:15:49+08:00 ] 192.168.1.115 POST 192.168.1.144:9999/api/user/login
[运行时间：0.171521s] [吞吐率：5.83req/s] [内存消耗：2,949.10kb] [文件加载：130]
[ info ] [ BEHAVIOR ] Run Closure @app_init [ RunTime:0.000000s ]
[ info ] [ CACHE ] INIT File
[ info ] [ BEHAVIOR ] Run Closure @app_init [ RunTime:0.002501s ]
[ info ] [ LANG ] D:\WWW\last\thinkphp\lang\zh-cn.php
[ info ] [ ROUTE ] array (
  'type' => 'module',
  'module' => 
  array (
    0 => 'api',
    1 => 'user',
    2 => 'login',
  ),
)
[ info ] [ HEADER ] array (
  'accept-language' => 'zh-CN,zh;q=0.9,en;q=0.8',
  'accept-encoding' => 'gzip, deflate',
  'referer' => 'http://192.168.1.115:8081/',
  'content-type' => 'application/x-www-form-urlencoded',
  'user-agent' => 'Mozilla/5.0 (iPhone; CPU iPhone OS 11_0 like Mac OS X) AppleWebKit/604.1.38 (KHTML, like Gecko) Version/11.0 Mobile/15A372 Safari/604.1',
  'origin' => 'http://192.168.1.115:8081',
  'accept' => 'application/json, text/plain, */*',
  'content-length' => '29',
  'connection' => 'close',
  'host' => '192.168.1.144:9999',
)
[ info ] [ PARAM ] array (
  'account' => 'user1',
  'password' => '111111',
)
[ info ] [ LANG ] D:\WWW\last\public/../application/api\lang\zh-cn.php
[ info ] [ BEHAVIOR ] Run app\common\behavior\Common @module_init [ RunTime:0.001500s ]
[ info ] [ LANG ] D:\WWW\last\public/../application/api/lang/zh-cn/user.php
[ info ] [ RUN ] app\api\controller\User->login[ D:\WWW\last\application\api\controller\User.php ]
[ info ] [ DB ] INIT mysql
[ info ] [ TOKEN ] INIT Mysql
[ info ] [ LOG ] INIT File
[ sql ] [ DB ] CONNECT:[ UseTime:0.000500s ] mysql:host=127.0.0.1;dbname=last;charset=utf8
[ sql ] [ SQL ] SHOW COLUMNS FROM `fa_user` [ RunTime:0.027004s ]
[ sql ] [ SQL ] SELECT * FROM `fa_user` WHERE  `username` = 'user1' LIMIT 1 [ RunTime:0.000500s ]
[ sql ] [ SQL ] SELECT * FROM `fa_user` WHERE  `id` = 2 LIMIT 1 [ RunTime:0.000500s ]
[ sql ] [ SQL ] UPDATE `fa_user`  SET `prevtime`=1574662467,`logintime`=1574662549,`token`='65449fd8-c646-4f96-b8ac-62d8c81f5ab4',`updatetime`=1574662549  WHERE  `id` = 2 [ RunTime:0.000000s ]
[ sql ] [ SQL ] SHOW COLUMNS FROM `fa_user_token` [ RunTime:0.019003s ]
[ sql ] [ SQL ] INSERT INTO `fa_user_token` (`token` , `user_id` , `createtime` , `expiretime`) VALUES ('59ad130c24922191e19f54182b4440d0683a7c32' , 2 , 1574662549 , 1577254549) [ RunTime:0.000000s ]
[ sql ] [ SQL ] SELECT * FROM `fa_user_token` WHERE  `token` = '59ad130c24922191e19f54182b4440d0683a7c32' LIMIT 1 [ RunTime:0.000000s ]
[ sql ] [ SQL ] SELECT `org_level` FROM `fa_user` WHERE  `id` = 2 LIMIT 1 [ RunTime:0.000000s ]
[ sql ] [ SQL ] SELECT `rule_id` FROM `fa_user` WHERE  `id` = 2 LIMIT 1 [ RunTime:0.000500s ]
[ sql ] [ SQL ] SHOW COLUMNS FROM `fa_client_rule` [ RunTime:0.018503s ]
[ sql ] [ SQL ] SELECT `auth_ids` FROM `fa_client_rule` WHERE  `id` = 1 LIMIT 1 [ RunTime:0.000000s ]
[ sql ] [ SQL ] SHOW COLUMNS FROM `fa_client_auth` [ RunTime:0.018502s ]
[ sql ] [ SQL ] SELECT * FROM `fa_client_auth` WHERE  `id` IN (39,38) [ RunTime:0.000500s ]
---------------------------------------------------------------
[ 2019-11-25T14:15:54+08:00 ] 192.168.1.115 POST 192.168.1.144:9999/api/client/client_list
[运行时间：0.265534s] [吞吐率：3.77req/s] [内存消耗：2,870.42kb] [文件加载：126]
[ info ] [ BEHAVIOR ] Run Closure @app_init [ RunTime:0.000000s ]
[ info ] [ CACHE ] INIT File
[ info ] [ BEHAVIOR ] Run Closure @app_init [ RunTime:0.003001s ]
[ info ] [ LANG ] D:\WWW\last\thinkphp\lang\zh-cn.php
[ info ] [ ROUTE ] array (
  'type' => 'module',
  'module' => 
  array (
    0 => 'api',
    1 => 'client',
    2 => 'client_list',
  ),
)
[ info ] [ HEADER ] array (
  'accept-language' => 'zh-CN,zh;q=0.9,en;q=0.8',
  'accept-encoding' => 'gzip, deflate',
  'referer' => 'http://192.168.1.115:8081/',
  'content-type' => 'application/x-www-form-urlencoded',
  'user-agent' => 'Mozilla/5.0 (iPhone; CPU iPhone OS 11_0 like Mac OS X) AppleWebKit/604.1.38 (KHTML, like Gecko) Version/11.0 Mobile/15A372 Safari/604.1',
  'origin' => 'http://192.168.1.115:8081',
  'accept' => 'application/json, text/plain, */*',
  'content-length' => '42',
  'connection' => 'close',
  'host' => '192.168.1.144:9999',
)
[ info ] [ PARAM ] array (
  'token' => '65449fd8-c646-4f96-b8ac-62d8c81f5ab4',
)
[ info ] [ LANG ] D:\WWW\last\public/../application/api\lang\zh-cn.php
[ info ] [ BEHAVIOR ] Run app\common\behavior\Common @module_init [ RunTime:0.001501s ]
[ info ] [ TOKEN ] INIT Mysql
[ info ] [ DB ] INIT mysql
[ info ] [ RUN ] app\api\controller\Client->client_list[ D:\WWW\last\application\api\controller\Client.php ]
[ info ] [ LOG ] INIT File
[ sql ] [ DB ] CONNECT:[ UseTime:0.010501s ] mysql:host=127.0.0.1;dbname=last;charset=utf8
[ sql ] [ SQL ] SHOW COLUMNS FROM `fa_user_token` [ RunTime:0.022003s ]
[ sql ] [ SQL ] SELECT * FROM `fa_user_token` WHERE  `token` = '59ad130c24922191e19f54182b4440d0683a7c32' LIMIT 1 [ RunTime:0.000000s ]
[ sql ] [ SQL ] SHOW COLUMNS FROM `fa_user` [ RunTime:0.018002s ]
[ sql ] [ SQL ] SELECT * FROM `fa_user` WHERE  `id` = 2 LIMIT 1 [ RunTime:0.000500s ]
[ sql ] [ SQL ] SHOW COLUMNS FROM `fa_client_rule` [ RunTime:0.018002s ]
[ sql ] [ SQL ] SELECT `auth_ids` FROM `fa_client_rule` WHERE  `id` = 1 LIMIT 1 [ RunTime:0.000000s ]
[ sql ] [ SQL ] SELECT t1.id as user_id,`t1`.`nickname`,`t2`.`rule_name` FROM `fa_user` `t1` LEFT JOIN `fa_client_rule` `t2` ON `t1`.`rule_id`=`t2`.`id` WHERE  (  t1.pid=2 && org_id=2 ) [ RunTime:0.001000s ]
---------------------------------------------------------------
[ 2019-11-25T14:15:59+08:00 ] 192.168.1.115 POST 192.168.1.144:9999/api/client/rule_list
[运行时间：0.111014s] [吞吐率：9.01req/s] [内存消耗：2,871.98kb] [文件加载：125]
[ info ] [ BEHAVIOR ] Run Closure @app_init [ RunTime:0.000000s ]
[ info ] [ CACHE ] INIT File
[ info ] [ BEHAVIOR ] Run Closure @app_init [ RunTime:0.002000s ]
[ info ] [ LANG ] D:\WWW\last\thinkphp\lang\zh-cn.php
[ info ] [ ROUTE ] array (
  'type' => 'module',
  'module' => 
  array (
    0 => 'api',
    1 => 'client',
    2 => 'rule_list',
  ),
)
[ info ] [ HEADER ] array (
  'accept-language' => 'zh-CN,zh;q=0.9,en;q=0.8',
  'accept-encoding' => 'gzip, deflate',
  'referer' => 'http://192.168.1.115:8081/',
  'content-type' => 'application/x-www-form-urlencoded',
  'user-agent' => 'Mozilla/5.0 (iPhone; CPU iPhone OS 11_0 like Mac OS X) AppleWebKit/604.1.38 (KHTML, like Gecko) Version/11.0 Mobile/15A372 Safari/604.1',
  'origin' => 'http://192.168.1.115:8081',
  'accept' => 'application/json, text/plain, */*',
  'content-length' => '105',
  'connection' => 'close',
  'host' => '192.168.1.144:9999',
)
[ info ] [ PARAM ] array (
  'token' => '65449fd8-c646-4f96-b8ac-62d8c81f5ab4',
  'username' => '',
  'password' => '',
  'nickname' => '',
  'machine_ids' => '',
  'stock_ids' => '',
  'rule_id' => '',
)
[ info ] [ LANG ] D:\WWW\last\public/../application/api\lang\zh-cn.php
[ info ] [ BEHAVIOR ] Run app\common\behavior\Common @module_init [ RunTime:0.001500s ]
[ info ] [ TOKEN ] INIT Mysql
[ info ] [ DB ] INIT mysql
[ info ] [ RUN ] app\api\controller\Client->rule_list[ D:\WWW\last\application\api\controller\Client.php ]
[ info ] [ LOG ] INIT File
[ sql ] [ DB ] CONNECT:[ UseTime:0.000500s ] mysql:host=127.0.0.1;dbname=last;charset=utf8
[ sql ] [ SQL ] SHOW COLUMNS FROM `fa_user_token` [ RunTime:0.022503s ]
[ sql ] [ SQL ] SELECT * FROM `fa_user_token` WHERE  `token` = '59ad130c24922191e19f54182b4440d0683a7c32' LIMIT 1 [ RunTime:0.000500s ]
[ sql ] [ SQL ] SHOW COLUMNS FROM `fa_user` [ RunTime:0.017002s ]
[ sql ] [ SQL ] SELECT * FROM `fa_user` WHERE  `id` = 2 LIMIT 1 [ RunTime:0.000500s ]
[ sql ] [ SQL ] SHOW COLUMNS FROM `fa_client_rule` [ RunTime:0.017002s ]
[ sql ] [ SQL ] SELECT `auth_ids` FROM `fa_client_rule` WHERE  `id` = 1 LIMIT 1 [ RunTime:0.000500s ]
[ sql ] [ SQL ] SELECT id as rule_id,`rule_name` FROM `fa_client_rule` WHERE  `id` IN (3,7,8,9,10,11) [ RunTime:0.000000s ]
---------------------------------------------------------------
[ 2019-11-25T14:17:14+08:00 ] 192.168.1.115 POST 192.168.1.144:9999/api/client/client_list
[运行时间：0.171522s] [吞吐率：5.83req/s] [内存消耗：2,870.42kb] [文件加载：126]
[ info ] [ BEHAVIOR ] Run Closure @app_init [ RunTime:0.000000s ]
[ info ] [ CACHE ] INIT File
[ info ] [ BEHAVIOR ] Run Closure @app_init [ RunTime:0.003500s ]
[ info ] [ LANG ] D:\WWW\last\thinkphp\lang\zh-cn.php
[ info ] [ ROUTE ] array (
  'type' => 'module',
  'module' => 
  array (
    0 => 'api',
    1 => 'client',
    2 => 'client_list',
  ),
)
[ info ] [ HEADER ] array (
  'accept-language' => 'zh-CN,zh;q=0.9,en;q=0.8',
  'accept-encoding' => 'gzip, deflate',
  'referer' => 'http://192.168.1.115:8081/',
  'content-type' => 'application/x-www-form-urlencoded',
  'user-agent' => 'Mozilla/5.0 (iPhone; CPU iPhone OS 11_0 like Mac OS X) AppleWebKit/604.1.38 (KHTML, like Gecko) Version/11.0 Mobile/15A372 Safari/604.1',
  'origin' => 'http://192.168.1.115:8081',
  'accept' => 'application/json, text/plain, */*',
  'content-length' => '42',
  'connection' => 'close',
  'host' => '192.168.1.144:9999',
)
[ info ] [ PARAM ] array (
  'token' => '65449fd8-c646-4f96-b8ac-62d8c81f5ab4',
)
[ info ] [ LANG ] D:\WWW\last\public/../application/api\lang\zh-cn.php
[ info ] [ BEHAVIOR ] Run app\common\behavior\Common @module_init [ RunTime:0.001500s ]
[ info ] [ TOKEN ] INIT Mysql
[ info ] [ DB ] INIT mysql
[ info ] [ RUN ] app\api\controller\Client->client_list[ D:\WWW\last\application\api\controller\Client.php ]
[ info ] [ LOG ] INIT File
[ sql ] [ DB ] CONNECT:[ UseTime:0.001000s ] mysql:host=127.0.0.1;dbname=last;charset=utf8
[ sql ] [ SQL ] SHOW COLUMNS FROM `fa_user_token` [ RunTime:0.048006s ]
[ sql ] [ SQL ] SELECT * FROM `fa_user_token` WHERE  `token` = '59ad130c24922191e19f54182b4440d0683a7c32' LIMIT 1 [ RunTime:0.000500s ]
[ sql ] [ SQL ] SHOW COLUMNS FROM `fa_user` [ RunTime:0.022502s ]
[ sql ] [ SQL ] SELECT * FROM `fa_user` WHERE  `id` = 2 LIMIT 1 [ RunTime:0.000500s ]
[ sql ] [ SQL ] SHOW COLUMNS FROM `fa_client_rule` [ RunTime:0.023003s ]
[ sql ] [ SQL ] SELECT `auth_ids` FROM `fa_client_rule` WHERE  `id` = 1 LIMIT 1 [ RunTime:0.000500s ]
[ sql ] [ SQL ] SELECT t1.id as user_id,`t1`.`nickname`,`t2`.`rule_name` FROM `fa_user` `t1` LEFT JOIN `fa_client_rule` `t2` ON `t1`.`rule_id`=`t2`.`id` WHERE  (  t1.pid=2 && org_id=2 ) [ RunTime:0.000500s ]
---------------------------------------------------------------
[ 2019-11-25T14:17:16+08:00 ] 192.168.1.115 POST 192.168.1.144:9999/api/client/client_edit_list
[运行时间：0.286536s] [吞吐率：3.49req/s] [内存消耗：2,880.22kb] [文件加载：125]
[ info ] [ BEHAVIOR ] Run Closure @app_init [ RunTime:0.000000s ]
[ info ] [ CACHE ] INIT File
[ info ] [ BEHAVIOR ] Run Closure @app_init [ RunTime:0.004001s ]
[ info ] [ LANG ] D:\WWW\last\thinkphp\lang\zh-cn.php
[ info ] [ ROUTE ] array (
  'type' => 'module',
  'module' => 
  array (
    0 => 'api',
    1 => 'client',
    2 => 'client_edit_list',
  ),
)
[ info ] [ HEADER ] array (
  'accept-language' => 'zh-CN,zh;q=0.9,en;q=0.8',
  'accept-encoding' => 'gzip, deflate',
  'referer' => 'http://192.168.1.115:8081/',
  'content-type' => 'application/x-www-form-urlencoded',
  'user-agent' => 'Mozilla/5.0 (iPhone; CPU iPhone OS 11_0 like Mac OS X) AppleWebKit/604.1.38 (KHTML, like Gecko) Version/11.0 Mobile/15A372 Safari/604.1',
  'origin' => 'http://192.168.1.115:8081',
  'accept' => 'application/json, text/plain, */*',
  'content-length' => '86',
  'connection' => 'close',
  'host' => '192.168.1.144:9999',
)
[ info ] [ PARAM ] array (
  'token' => '65449fd8-c646-4f96-b8ac-62d8c81f5ab4',
  'user_id' => '16',
  'machine_ids' => '',
  'stock_ids' => '',
  'rule_id' => '',
)
[ info ] [ LANG ] D:\WWW\last\public/../application/api\lang\zh-cn.php
[ info ] [ BEHAVIOR ] Run app\common\behavior\Common @module_init [ RunTime:0.002000s ]
[ info ] [ TOKEN ] INIT Mysql
[ info ] [ DB ] INIT mysql
[ info ] [ RUN ] app\api\controller\Client->client_edit_list[ D:\WWW\last\application\api\controller\Client.php ]
[ info ] [ LOG ] INIT File
[ sql ] [ DB ] CONNECT:[ UseTime:0.000501s ] mysql:host=127.0.0.1;dbname=last;charset=utf8
[ sql ] [ SQL ] SHOW COLUMNS FROM `fa_user_token` [ RunTime:0.023002s ]
[ sql ] [ SQL ] SELECT * FROM `fa_user_token` WHERE  `token` = '59ad130c24922191e19f54182b4440d0683a7c32' LIMIT 1 [ RunTime:0.000501s ]
[ sql ] [ SQL ] SHOW COLUMNS FROM `fa_user` [ RunTime:0.022003s ]
[ sql ] [ SQL ] SELECT * FROM `fa_user` WHERE  `id` = 2 LIMIT 1 [ RunTime:0.000000s ]
[ sql ] [ SQL ] SHOW COLUMNS FROM `fa_client_rule` [ RunTime:0.035504s ]
[ sql ] [ SQL ] SELECT `auth_ids` FROM `fa_client_rule` WHERE  `id` = 1 LIMIT 1 [ RunTime:0.000000s ]
[ sql ] [ SQL ] SELECT * FROM `fa_user` WHERE  `id` = 16 LIMIT 1 [ RunTime:0.000000s ]
[ sql ] [ SQL ] SELECT * FROM `fa_client_rule` WHERE  `id` = 7 LIMIT 1 [ RunTime:0.000500s ]
[ sql ] [ SQL ] SHOW COLUMNS FROM `fa_client_domain` [ RunTime:0.040506s ]
[ sql ] [ SQL ] SELECT * FROM `fa_client_domain` WHERE  `user_id` = 16 LIMIT 1 [ RunTime:0.000500s ]
[ sql ] [ SQL ] SHOW COLUMNS FROM `fa_machine` [ RunTime:0.038004s ]
[ sql ] [ SQL ] SELECT `machine_id`,`machine_name` FROM `fa_machine` WHERE  `machine_id` IN (0) [ RunTime:0.000000s ]
[ sql ] [ SQL ] SHOW COLUMNS FROM `fa_stock` [ RunTime:0.050506s ]
[ sql ] [ SQL ] SELECT id as stock_id,`stock_name` FROM `fa_stock` WHERE  `id` IN (1) [ RunTime:0.000000s ]
---------------------------------------------------------------
[ 2019-11-25T14:17:16+08:00 ] 192.168.1.115 POST 192.168.1.144:9999/api/client/client_domain
[运行时间：0.091011s] [吞吐率：10.99req/s] [内存消耗：2,871.78kb] [文件加载：125]
[ info ] [ BEHAVIOR ] Run Closure @app_init [ RunTime:0.000000s ]
[ info ] [ CACHE ] INIT File
[ info ] [ BEHAVIOR ] Run Closure @app_init [ RunTime:0.002000s ]
[ info ] [ LANG ] D:\WWW\last\thinkphp\lang\zh-cn.php
[ info ] [ ROUTE ] array (
  'type' => 'module',
  'module' => 
  array (
    0 => 'api',
    1 => 'client',
    2 => 'client_domain',
  ),
)
[ info ] [ HEADER ] array (
  'accept-language' => 'zh-CN,zh;q=0.9,en;q=0.8',
  'accept-encoding' => 'gzip, deflate',
  'referer' => 'http://192.168.1.115:8081/',
  'content-type' => 'application/x-www-form-urlencoded',
  'user-agent' => 'Mozilla/5.0 (iPhone; CPU iPhone OS 11_0 like Mac OS X) AppleWebKit/604.1.38 (KHTML, like Gecko) Version/11.0 Mobile/15A372 Safari/604.1',
  'origin' => 'http://192.168.1.115:8081',
  'accept' => 'application/json, text/plain, */*',
  'content-length' => '165',
  'connection' => 'close',
  'host' => '192.168.1.144:9999',
)
[ info ] [ PARAM ] array (
  'token' => '65449fd8-c646-4f96-b8ac-62d8c81f5ab4',
  'user_id' => '16',
  'machine_ids' => '',
  'stock_ids' => '',
  'rule_id' => '7',
  'username' => '',
  'nickname' => '',
  'rule' => 
  array (
    7 => '补货管理员',
  ),
)
[ info ] [ LANG ] D:\WWW\last\public/../application/api\lang\zh-cn.php
[ info ] [ BEHAVIOR ] Run app\common\behavior\Common @module_init [ RunTime:0.001001s ]
[ info ] [ TOKEN ] INIT Mysql
[ info ] [ DB ] INIT mysql
[ info ] [ RUN ] app\api\controller\Client->client_domain[ D:\WWW\last\application\api\controller\Client.php ]
[ info ] [ LOG ] INIT File
[ sql ] [ DB ] CONNECT:[ UseTime:0.000501s ] mysql:host=127.0.0.1;dbname=last;charset=utf8
[ sql ] [ SQL ] SHOW COLUMNS FROM `fa_user_token` [ RunTime:0.018002s ]
[ sql ] [ SQL ] SELECT * FROM `fa_user_token` WHERE  `token` = '59ad130c24922191e19f54182b4440d0683a7c32' LIMIT 1 [ RunTime:0.000000s ]
[ sql ] [ SQL ] SHOW COLUMNS FROM `fa_user` [ RunTime:0.016002s ]
[ sql ] [ SQL ] SELECT * FROM `fa_user` WHERE  `id` = 2 LIMIT 1 [ RunTime:0.000500s ]
[ sql ] [ SQL ] SHOW COLUMNS FROM `fa_machine` [ RunTime:0.018003s ]
[ sql ] [ SQL ] SELECT `machine_id`,`machine_name` FROM `fa_machine` WHERE  `user_id` = 2 [ RunTime:0.001500s ]
---------------------------------------------------------------
[ 2019-11-25T14:17:17+08:00 ] 192.168.1.115 POST 192.168.1.144:9999/api/client/rule_list
[运行时间：0.105513s] [吞吐率：9.48req/s] [内存消耗：2,871.91kb] [文件加载：125]
[ info ] [ BEHAVIOR ] Run Closure @app_init [ RunTime:0.000000s ]
[ info ] [ CACHE ] INIT File
[ info ] [ BEHAVIOR ] Run Closure @app_init [ RunTime:0.003500s ]
[ info ] [ LANG ] D:\WWW\last\thinkphp\lang\zh-cn.php
[ info ] [ ROUTE ] array (
  'type' => 'module',
  'module' => 
  array (
    0 => 'api',
    1 => 'client',
    2 => 'rule_list',
  ),
)
[ info ] [ HEADER ] array (
  'accept-language' => 'zh-CN,zh;q=0.9,en;q=0.8',
  'accept-encoding' => 'gzip, deflate',
  'referer' => 'http://192.168.1.115:8081/',
  'content-type' => 'application/x-www-form-urlencoded',
  'user-agent' => 'Mozilla/5.0 (iPhone; CPU iPhone OS 11_0 like Mac OS X) AppleWebKit/604.1.38 (KHTML, like Gecko) Version/11.0 Mobile/15A372 Safari/604.1',
  'origin' => 'http://192.168.1.115:8081',
  'accept' => 'application/json, text/plain, */*',
  'content-length' => '86',
  'connection' => 'close',
  'host' => '192.168.1.144:9999',
)
[ info ] [ PARAM ] array (
  'token' => '65449fd8-c646-4f96-b8ac-62d8c81f5ab4',
  'user_id' => '16',
  'machine_ids' => '',
  'stock_ids' => '',
  'rule_id' => '',
)
[ info ] [ LANG ] D:\WWW\last\public/../application/api\lang\zh-cn.php
[ info ] [ BEHAVIOR ] Run app\common\behavior\Common @module_init [ RunTime:0.001501s ]
[ info ] [ TOKEN ] INIT Mysql
[ info ] [ DB ] INIT mysql
[ info ] [ RUN ] app\api\controller\Client->rule_list[ D:\WWW\last\application\api\controller\Client.php ]
[ info ] [ LOG ] INIT File
[ sql ] [ DB ] CONNECT:[ UseTime:0.000500s ] mysql:host=127.0.0.1;dbname=last;charset=utf8
[ sql ] [ SQL ] SHOW COLUMNS FROM `fa_user_token` [ RunTime:0.014001s ]
[ sql ] [ SQL ] SELECT * FROM `fa_user_token` WHERE  `token` = '59ad130c24922191e19f54182b4440d0683a7c32' LIMIT 1 [ RunTime:0.000000s ]
[ sql ] [ SQL ] SHOW COLUMNS FROM `fa_user` [ RunTime:0.014002s ]
[ sql ] [ SQL ] SELECT * FROM `fa_user` WHERE  `id` = 2 LIMIT 1 [ RunTime:0.000500s ]
[ sql ] [ SQL ] SHOW COLUMNS FROM `fa_client_rule` [ RunTime:0.022503s ]
[ sql ] [ SQL ] SELECT `auth_ids` FROM `fa_client_rule` WHERE  `id` = 1 LIMIT 1 [ RunTime:0.000500s ]
[ sql ] [ SQL ] SELECT id as rule_id,`rule_name` FROM `fa_client_rule` WHERE  `id` IN (3,7,8,9,10,11) [ RunTime:0.000500s ]
---------------------------------------------------------------
[ 2019-11-25T14:17:25+08:00 ] 192.168.1.115 POST 192.168.1.144:9999/api/client/client_edit_list
[运行时间：0.188024s] [吞吐率：5.32req/s] [内存消耗：2,880.22kb] [文件加载：125]
[ info ] [ BEHAVIOR ] Run Closure @app_init [ RunTime:0.000000s ]
[ info ] [ CACHE ] INIT File
[ info ] [ BEHAVIOR ] Run Closure @app_init [ RunTime:0.005000s ]
[ info ] [ LANG ] D:\WWW\last\thinkphp\lang\zh-cn.php
[ info ] [ ROUTE ] array (
  'type' => 'module',
  'module' => 
  array (
    0 => 'api',
    1 => 'client',
    2 => 'client_edit_list',
  ),
)
[ info ] [ HEADER ] array (
  'accept-language' => 'zh-CN,zh;q=0.9,en;q=0.8',
  'accept-encoding' => 'gzip, deflate',
  'referer' => 'http://192.168.1.115:8081/',
  'content-type' => 'application/x-www-form-urlencoded',
  'user-agent' => 'Mozilla/5.0 (iPhone; CPU iPhone OS 11_0 like Mac OS X) AppleWebKit/604.1.38 (KHTML, like Gecko) Version/11.0 Mobile/15A372 Safari/604.1',
  'origin' => 'http://192.168.1.115:8081',
  'accept' => 'application/json, text/plain, */*',
  'content-length' => '86',
  'connection' => 'close',
  'host' => '192.168.1.144:9999',
)
[ info ] [ PARAM ] array (
  'token' => '65449fd8-c646-4f96-b8ac-62d8c81f5ab4',
  'user_id' => '16',
  'machine_ids' => '',
  'stock_ids' => '',
  'rule_id' => '',
)
[ info ] [ LANG ] D:\WWW\last\public/../application/api\lang\zh-cn.php
[ info ] [ BEHAVIOR ] Run app\common\behavior\Common @module_init [ RunTime:0.001000s ]
[ info ] [ TOKEN ] INIT Mysql
[ info ] [ DB ] INIT mysql
[ info ] [ RUN ] app\api\controller\Client->client_edit_list[ D:\WWW\last\application\api\controller\Client.php ]
[ info ] [ LOG ] INIT File
[ sql ] [ DB ] CONNECT:[ UseTime:0.001500s ] mysql:host=127.0.0.1;dbname=last;charset=utf8
[ sql ] [ SQL ] SHOW COLUMNS FROM `fa_user_token` [ RunTime:0.039505s ]
[ sql ] [ SQL ] SELECT * FROM `fa_user_token` WHERE  `token` = '59ad130c24922191e19f54182b4440d0683a7c32' LIMIT 1 [ RunTime:0.000500s ]
[ sql ] [ SQL ] SHOW COLUMNS FROM `fa_user` [ RunTime:0.019003s ]
[ sql ] [ SQL ] SELECT * FROM `fa_user` WHERE  `id` = 2 LIMIT 1 [ RunTime:0.000500s ]
[ sql ] [ SQL ] SHOW COLUMNS FROM `fa_client_rule` [ RunTime:0.022003s ]
[ sql ] [ SQL ] SELECT `auth_ids` FROM `fa_client_rule` WHERE  `id` = 1 LIMIT 1 [ RunTime:0.000000s ]
[ sql ] [ SQL ] SELECT * FROM `fa_user` WHERE  `id` = 16 LIMIT 1 [ RunTime:0.000500s ]
[ sql ] [ SQL ] SELECT * FROM `fa_client_rule` WHERE  `id` = 7 LIMIT 1 [ RunTime:0.000000s ]
[ sql ] [ SQL ] SHOW COLUMNS FROM `fa_client_domain` [ RunTime:0.018502s ]
[ sql ] [ SQL ] SELECT * FROM `fa_client_domain` WHERE  `user_id` = 16 LIMIT 1 [ RunTime:0.000500s ]
[ sql ] [ SQL ] SHOW COLUMNS FROM `fa_machine` [ RunTime:0.017003s ]
[ sql ] [ SQL ] SELECT `machine_id`,`machine_name` FROM `fa_machine` WHERE  `machine_id` IN (0) [ RunTime:0.000500s ]
[ sql ] [ SQL ] SHOW COLUMNS FROM `fa_stock` [ RunTime:0.017002s ]
[ sql ] [ SQL ] SELECT id as stock_id,`stock_name` FROM `fa_stock` WHERE  `id` IN (1) [ RunTime:0.000000s ]
---------------------------------------------------------------
[ 2019-11-25T14:17:25+08:00 ] 192.168.1.115 POST 192.168.1.144:9999/api/client/client_domain
[运行时间：0.078009s] [吞吐率：12.82req/s] [内存消耗：2,871.78kb] [文件加载：125]
[ info ] [ BEHAVIOR ] Run Closure @app_init [ RunTime:0.000000s ]
[ info ] [ CACHE ] INIT File
[ info ] [ BEHAVIOR ] Run Closure @app_init [ RunTime:0.002000s ]
[ info ] [ LANG ] D:\WWW\last\thinkphp\lang\zh-cn.php
[ info ] [ ROUTE ] array (
  'type' => 'module',
  'module' => 
  array (
    0 => 'api',
    1 => 'client',
    2 => 'client_domain',
  ),
)
[ info ] [ HEADER ] array (
  'accept-language' => 'zh-CN,zh;q=0.9,en;q=0.8',
  'accept-encoding' => 'gzip, deflate',
  'referer' => 'http://192.168.1.115:8081/',
  'content-type' => 'application/x-www-form-urlencoded',
  'user-agent' => 'Mozilla/5.0 (iPhone; CPU iPhone OS 11_0 like Mac OS X) AppleWebKit/604.1.38 (KHTML, like Gecko) Version/11.0 Mobile/15A372 Safari/604.1',
  'origin' => 'http://192.168.1.115:8081',
  'accept' => 'application/json, text/plain, */*',
  'content-length' => '165',
  'connection' => 'close',
  'host' => '192.168.1.144:9999',
)
[ info ] [ PARAM ] array (
  'token' => '65449fd8-c646-4f96-b8ac-62d8c81f5ab4',
  'user_id' => '16',
  'machine_ids' => '',
  'stock_ids' => '',
  'rule_id' => '7',
  'username' => '',
  'nickname' => '',
  'rule' => 
  array (
    7 => '补货管理员',
  ),
)
[ info ] [ LANG ] D:\WWW\last\public/../application/api\lang\zh-cn.php
[ info ] [ BEHAVIOR ] Run app\common\behavior\Common @module_init [ RunTime:0.001500s ]
[ info ] [ TOKEN ] INIT Mysql
[ info ] [ DB ] INIT mysql
[ info ] [ RUN ] app\api\controller\Client->client_domain[ D:\WWW\last\application\api\controller\Client.php ]
[ info ] [ LOG ] INIT File
[ sql ] [ DB ] CONNECT:[ UseTime:0.000501s ] mysql:host=127.0.0.1;dbname=last;charset=utf8
[ sql ] [ SQL ] SHOW COLUMNS FROM `fa_user_token` [ RunTime:0.014001s ]
[ sql ] [ SQL ] SELECT * FROM `fa_user_token` WHERE  `token` = '59ad130c24922191e19f54182b4440d0683a7c32' LIMIT 1 [ RunTime:0.000000s ]
[ sql ] [ SQL ] SHOW COLUMNS FROM `fa_user` [ RunTime:0.014001s ]
[ sql ] [ SQL ] SELECT * FROM `fa_user` WHERE  `id` = 2 LIMIT 1 [ RunTime:0.000500s ]
[ sql ] [ SQL ] SHOW COLUMNS FROM `fa_machine` [ RunTime:0.013501s ]
[ sql ] [ SQL ] SELECT `machine_id`,`machine_name` FROM `fa_machine` WHERE  `user_id` = 2 [ RunTime:0.000500s ]
---------------------------------------------------------------
[ 2019-11-25T14:17:26+08:00 ] 192.168.1.115 POST 192.168.1.144:9999/api/client/rule_list
[运行时间：0.120016s] [吞吐率：8.33req/s] [内存消耗：2,871.91kb] [文件加载：125]
[ info ] [ BEHAVIOR ] Run Closure @app_init [ RunTime:0.000000s ]
[ info ] [ CACHE ] INIT File
[ info ] [ BEHAVIOR ] Run Closure @app_init [ RunTime:0.002500s ]
[ info ] [ LANG ] D:\WWW\last\thinkphp\lang\zh-cn.php
[ info ] [ ROUTE ] array (
  'type' => 'module',
  'module' => 
  array (
    0 => 'api',
    1 => 'client',
    2 => 'rule_list',
  ),
)
[ info ] [ HEADER ] array (
  'accept-language' => 'zh-CN,zh;q=0.9,en;q=0.8',
  'accept-encoding' => 'gzip, deflate',
  'referer' => 'http://192.168.1.115:8081/',
  'content-type' => 'application/x-www-form-urlencoded',
  'user-agent' => 'Mozilla/5.0 (iPhone; CPU iPhone OS 11_0 like Mac OS X) AppleWebKit/604.1.38 (KHTML, like Gecko) Version/11.0 Mobile/15A372 Safari/604.1',
  'origin' => 'http://192.168.1.115:8081',
  'accept' => 'application/json, text/plain, */*',
  'content-length' => '86',
  'connection' => 'close',
  'host' => '192.168.1.144:9999',
)
[ info ] [ PARAM ] array (
  'token' => '65449fd8-c646-4f96-b8ac-62d8c81f5ab4',
  'user_id' => '16',
  'machine_ids' => '',
  'stock_ids' => '',
  'rule_id' => '',
)
[ info ] [ LANG ] D:\WWW\last\public/../application/api\lang\zh-cn.php
[ info ] [ BEHAVIOR ] Run app\common\behavior\Common @module_init [ RunTime:0.001500s ]
[ info ] [ TOKEN ] INIT Mysql
[ info ] [ DB ] INIT mysql
[ info ] [ RUN ] app\api\controller\Client->rule_list[ D:\WWW\last\application\api\controller\Client.php ]
[ info ] [ LOG ] INIT File
[ sql ] [ DB ] CONNECT:[ UseTime:0.000500s ] mysql:host=127.0.0.1;dbname=last;charset=utf8
[ sql ] [ SQL ] SHOW COLUMNS FROM `fa_user_token` [ RunTime:0.022503s ]
[ sql ] [ SQL ] SELECT * FROM `fa_user_token` WHERE  `token` = '59ad130c24922191e19f54182b4440d0683a7c32' LIMIT 1 [ RunTime:0.000000s ]
[ sql ] [ SQL ] SHOW COLUMNS FROM `fa_user` [ RunTime:0.025003s ]
[ sql ] [ SQL ] SELECT * FROM `fa_user` WHERE  `id` = 2 LIMIT 1 [ RunTime:0.000000s ]
[ sql ] [ SQL ] SHOW COLUMNS FROM `fa_client_rule` [ RunTime:0.033004s ]
[ sql ] [ SQL ] SELECT `auth_ids` FROM `fa_client_rule` WHERE  `id` = 1 LIMIT 1 [ RunTime:0.000500s ]
[ sql ] [ SQL ] SELECT id as rule_id,`rule_name` FROM `fa_client_rule` WHERE  `id` IN (3,7,8,9,10,11) [ RunTime:0.000500s ]
---------------------------------------------------------------
[ 2019-11-25T14:17:38+08:00 ] 192.168.1.115 POST 192.168.1.144:9999/api/client/client_list
[运行时间：0.140017s] [吞吐率：7.14req/s] [内存消耗：2,870.42kb] [文件加载：126]
[ info ] [ BEHAVIOR ] Run Closure @app_init [ RunTime:0.000000s ]
[ info ] [ CACHE ] INIT File
[ info ] [ BEHAVIOR ] Run Closure @app_init [ RunTime:0.005000s ]
[ info ] [ LANG ] D:\WWW\last\thinkphp\lang\zh-cn.php
[ info ] [ ROUTE ] array (
  'type' => 'module',
  'module' => 
  array (
    0 => 'api',
    1 => 'client',
    2 => 'client_list',
  ),
)
[ info ] [ HEADER ] array (
  'accept-language' => 'zh-CN,zh;q=0.9,en;q=0.8',
  'accept-encoding' => 'gzip, deflate',
  'referer' => 'http://192.168.1.115:8081/',
  'content-type' => 'application/x-www-form-urlencoded',
  'user-agent' => 'Mozilla/5.0 (iPhone; CPU iPhone OS 11_0 like Mac OS X) AppleWebKit/604.1.38 (KHTML, like Gecko) Version/11.0 Mobile/15A372 Safari/604.1',
  'origin' => 'http://192.168.1.115:8081',
  'accept' => 'application/json, text/plain, */*',
  'content-length' => '42',
  'connection' => 'close',
  'host' => '192.168.1.144:9999',
)
[ info ] [ PARAM ] array (
  'token' => '65449fd8-c646-4f96-b8ac-62d8c81f5ab4',
)
[ info ] [ LANG ] D:\WWW\last\public/../application/api\lang\zh-cn.php
[ info ] [ BEHAVIOR ] Run app\common\behavior\Common @module_init [ RunTime:0.001500s ]
[ info ] [ TOKEN ] INIT Mysql
[ info ] [ DB ] INIT mysql
[ info ] [ RUN ] app\api\controller\Client->client_list[ D:\WWW\last\application\api\controller\Client.php ]
[ info ] [ LOG ] INIT File
[ sql ] [ DB ] CONNECT:[ UseTime:0.001000s ] mysql:host=127.0.0.1;dbname=last;charset=utf8
[ sql ] [ SQL ] SHOW COLUMNS FROM `fa_user_token` [ RunTime:0.037505s ]
[ sql ] [ SQL ] SELECT * FROM `fa_user_token` WHERE  `token` = '59ad130c24922191e19f54182b4440d0683a7c32' LIMIT 1 [ RunTime:0.000000s ]
[ sql ] [ SQL ] SHOW COLUMNS FROM `fa_user` [ RunTime:0.018003s ]
[ sql ] [ SQL ] SELECT * FROM `fa_user` WHERE  `id` = 2 LIMIT 1 [ RunTime:0.000500s ]
[ sql ] [ SQL ] SHOW COLUMNS FROM `fa_client_rule` [ RunTime:0.017002s ]
[ sql ] [ SQL ] SELECT `auth_ids` FROM `fa_client_rule` WHERE  `id` = 1 LIMIT 1 [ RunTime:0.000000s ]
[ sql ] [ SQL ] SELECT t1.id as user_id,`t1`.`nickname`,`t2`.`rule_name` FROM `fa_user` `t1` LEFT JOIN `fa_client_rule` `t2` ON `t1`.`rule_id`=`t2`.`id` WHERE  (  t1.pid=2 && org_id=2 ) [ RunTime:0.000000s ]
---------------------------------------------------------------
[ 2019-11-25T14:17:41+08:00 ] 192.168.1.115 POST 192.168.1.144:9999/api/client/client_edit_list
[运行时间：0.203026s] [吞吐率：4.93req/s] [内存消耗：2,880.07kb] [文件加载：125]
[ info ] [ BEHAVIOR ] Run Closure @app_init [ RunTime:0.000000s ]
[ info ] [ CACHE ] INIT File
[ info ] [ BEHAVIOR ] Run Closure @app_init [ RunTime:0.002001s ]
[ info ] [ LANG ] D:\WWW\last\thinkphp\lang\zh-cn.php
[ info ] [ ROUTE ] array (
  'type' => 'module',
  'module' => 
  array (
    0 => 'api',
    1 => 'client',
    2 => 'client_edit_list',
  ),
)
[ info ] [ HEADER ] array (
  'accept-language' => 'zh-CN,zh;q=0.9,en;q=0.8',
  'accept-encoding' => 'gzip, deflate',
  'referer' => 'http://192.168.1.115:8081/',
  'content-type' => 'application/x-www-form-urlencoded',
  'user-agent' => 'Mozilla/5.0 (iPhone; CPU iPhone OS 11_0 like Mac OS X) AppleWebKit/604.1.38 (KHTML, like Gecko) Version/11.0 Mobile/15A372 Safari/604.1',
  'origin' => 'http://192.168.1.115:8081',
  'accept' => 'application/json, text/plain, */*',
  'content-length' => '86',
  'connection' => 'close',
  'host' => '192.168.1.144:9999',
)
[ info ] [ PARAM ] array (
  'token' => '65449fd8-c646-4f96-b8ac-62d8c81f5ab4',
  'user_id' => '15',
  'machine_ids' => '',
  'stock_ids' => '',
  'rule_id' => '',
)
[ info ] [ LANG ] D:\WWW\last\public/../application/api\lang\zh-cn.php
[ info ] [ BEHAVIOR ] Run app\common\behavior\Common @module_init [ RunTime:0.001000s ]
[ info ] [ TOKEN ] INIT Mysql
[ info ] [ DB ] INIT mysql
[ info ] [ RUN ] app\api\controller\Client->client_edit_list[ D:\WWW\last\application\api\controller\Client.php ]
[ info ] [ LOG ] INIT File
[ sql ] [ DB ] CONNECT:[ UseTime:0.010001s ] mysql:host=127.0.0.1;dbname=last;charset=utf8
[ sql ] [ SQL ] SHOW COLUMNS FROM `fa_user_token` [ RunTime:0.022003s ]
[ sql ] [ SQL ] SELECT * FROM `fa_user_token` WHERE  `token` = '59ad130c24922191e19f54182b4440d0683a7c32' LIMIT 1 [ RunTime:0.000500s ]
[ sql ] [ SQL ] SHOW COLUMNS FROM `fa_user` [ RunTime:0.017003s ]
[ sql ] [ SQL ] SELECT * FROM `fa_user` WHERE  `id` = 2 LIMIT 1 [ RunTime:0.000500s ]
[ sql ] [ SQL ] SHOW COLUMNS FROM `fa_client_rule` [ RunTime:0.016502s ]
[ sql ] [ SQL ] SELECT `auth_ids` FROM `fa_client_rule` WHERE  `id` = 1 LIMIT 1 [ RunTime:0.000000s ]
[ sql ] [ SQL ] SELECT * FROM `fa_user` WHERE  `id` = 15 LIMIT 1 [ RunTime:0.000500s ]
[ sql ] [ SQL ] SELECT * FROM `fa_client_rule` WHERE  `id` = 3 LIMIT 1 [ RunTime:0.000000s ]
[ sql ] [ SQL ] SHOW COLUMNS FROM `fa_client_domain` [ RunTime:0.043005s ]
[ sql ] [ SQL ] SELECT * FROM `fa_client_domain` WHERE  `user_id` = 15 LIMIT 1 [ RunTime:0.000501s ]
[ sql ] [ SQL ] SHOW COLUMNS FROM `fa_machine` [ RunTime:0.023502s ]
[ sql ] [ SQL ] SELECT `machine_id`,`machine_name` FROM `fa_machine` WHERE  `machine_id` IN (0) [ RunTime:0.000000s ]
[ sql ] [ SQL ] SHOW COLUMNS FROM `fa_stock` [ RunTime:0.018502s ]
[ sql ] [ SQL ] SELECT id as stock_id,`stock_name` FROM `fa_stock` WHERE  `id` IN (0) [ RunTime:0.000500s ]
---------------------------------------------------------------
[ 2019-11-25T14:17:41+08:00 ] 192.168.1.115 POST 192.168.1.144:9999/api/client/client_domain
[运行时间：0.099012s] [吞吐率：10.10req/s] [内存消耗：2,881.23kb] [文件加载：125]
[ info ] [ BEHAVIOR ] Run Closure @app_init [ RunTime:0.000000s ]
[ info ] [ CACHE ] INIT File
[ info ] [ BEHAVIOR ] Run Closure @app_init [ RunTime:0.004501s ]
[ info ] [ LANG ] D:\WWW\last\thinkphp\lang\zh-cn.php
[ info ] [ ROUTE ] array (
  'type' => 'module',
  'module' => 
  array (
    0 => 'api',
    1 => 'client',
    2 => 'client_domain',
  ),
)
[ info ] [ HEADER ] array (
  'accept-language' => 'zh-CN,zh;q=0.9,en;q=0.8',
  'accept-encoding' => 'gzip, deflate',
  'referer' => 'http://192.168.1.115:8081/',
  'content-type' => 'application/x-www-form-urlencoded',
  'user-agent' => 'Mozilla/5.0 (iPhone; CPU iPhone OS 11_0 like Mac OS X) AppleWebKit/604.1.38 (KHTML, like Gecko) Version/11.0 Mobile/15A372 Safari/604.1',
  'origin' => 'http://192.168.1.115:8081',
  'accept' => 'application/json, text/plain, */*',
  'content-length' => '215',
  'connection' => 'close',
  'host' => '192.168.1.144:9999',
)
[ info ] [ PARAM ] array (
  'token' => '65449fd8-c646-4f96-b8ac-62d8c81f5ab4',
  'user_id' => '15',
  'machine_ids' => '',
  'stock_ids' => '',
  'rule_id' => '3',
  'username' => '111',
  'nickname' => '张三',
  'rule' => 
  array (
    3 => '品牌运营管理员',
  ),
  'domain' => '*',
)
[ info ] [ LANG ] D:\WWW\last\public/../application/api\lang\zh-cn.php
[ info ] [ BEHAVIOR ] Run app\common\behavior\Common @module_init [ RunTime:0.001500s ]
[ info ] [ TOKEN ] INIT Mysql
[ info ] [ DB ] INIT mysql
[ info ] [ RUN ] app\api\controller\Client->client_domain[ D:\WWW\last\application\api\controller\Client.php ]
[ info ] [ LOG ] INIT File
[ sql ] [ DB ] CONNECT:[ UseTime:0.000500s ] mysql:host=127.0.0.1;dbname=last;charset=utf8
[ sql ] [ SQL ] SHOW COLUMNS FROM `fa_user_token` [ RunTime:0.013502s ]
[ sql ] [ SQL ] SELECT * FROM `fa_user_token` WHERE  `token` = '59ad130c24922191e19f54182b4440d0683a7c32' LIMIT 1 [ RunTime:0.000000s ]
[ sql ] [ SQL ] SHOW COLUMNS FROM `fa_user` [ RunTime:0.013002s ]
[ sql ] [ SQL ] SELECT * FROM `fa_user` WHERE  `id` = 2 LIMIT 1 [ RunTime:0.000500s ]
---------------------------------------------------------------
[ 2019-11-25T14:17:42+08:00 ] 192.168.1.115 POST 192.168.1.144:9999/api/client/rule_list
[运行时间：0.093512s] [吞吐率：10.69req/s] [内存消耗：2,871.91kb] [文件加载：125]
[ info ] [ BEHAVIOR ] Run Closure @app_init [ RunTime:0.000000s ]
[ info ] [ CACHE ] INIT File
[ info ] [ BEHAVIOR ] Run Closure @app_init [ RunTime:0.002501s ]
[ info ] [ LANG ] D:\WWW\last\thinkphp\lang\zh-cn.php
[ info ] [ ROUTE ] array (
  'type' => 'module',
  'module' => 
  array (
    0 => 'api',
    1 => 'client',
    2 => 'rule_list',
  ),
)
[ info ] [ HEADER ] array (
  'accept-language' => 'zh-CN,zh;q=0.9,en;q=0.8',
  'accept-encoding' => 'gzip, deflate',
  'referer' => 'http://192.168.1.115:8081/',
  'content-type' => 'application/x-www-form-urlencoded',
  'user-agent' => 'Mozilla/5.0 (iPhone; CPU iPhone OS 11_0 like Mac OS X) AppleWebKit/604.1.38 (KHTML, like Gecko) Version/11.0 Mobile/15A372 Safari/604.1',
  'origin' => 'http://192.168.1.115:8081',
  'accept' => 'application/json, text/plain, */*',
  'content-length' => '86',
  'connection' => 'close',
  'host' => '192.168.1.144:9999',
)
[ info ] [ PARAM ] array (
  'token' => '65449fd8-c646-4f96-b8ac-62d8c81f5ab4',
  'user_id' => '15',
  'machine_ids' => '',
  'stock_ids' => '',
  'rule_id' => '',
)
[ info ] [ LANG ] D:\WWW\last\public/../application/api\lang\zh-cn.php
[ info ] [ BEHAVIOR ] Run app\common\behavior\Common @module_init [ RunTime:0.001500s ]
[ info ] [ TOKEN ] INIT Mysql
[ info ] [ DB ] INIT mysql
[ info ] [ RUN ] app\api\controller\Client->rule_list[ D:\WWW\last\application\api\controller\Client.php ]
[ info ] [ LOG ] INIT File
[ sql ] [ DB ] CONNECT:[ UseTime:0.000500s ] mysql:host=127.0.0.1;dbname=last;charset=utf8
[ sql ] [ SQL ] SHOW COLUMNS FROM `fa_user_token` [ RunTime:0.021503s ]
[ sql ] [ SQL ] SELECT * FROM `fa_user_token` WHERE  `token` = '59ad130c24922191e19f54182b4440d0683a7c32' LIMIT 1 [ RunTime:0.000000s ]
[ sql ] [ SQL ] SHOW COLUMNS FROM `fa_user` [ RunTime:0.017002s ]
[ sql ] [ SQL ] SELECT * FROM `fa_user` WHERE  `id` = 2 LIMIT 1 [ RunTime:0.000000s ]
[ sql ] [ SQL ] SHOW COLUMNS FROM `fa_client_rule` [ RunTime:0.017003s ]
[ sql ] [ SQL ] SELECT `auth_ids` FROM `fa_client_rule` WHERE  `id` = 1 LIMIT 1 [ RunTime:0.000000s ]
[ sql ] [ SQL ] SELECT id as rule_id,`rule_name` FROM `fa_client_rule` WHERE  `id` IN (3,7,8,9,10,11) [ RunTime:0.000000s ]
---------------------------------------------------------------
[ 2019-11-25T14:18:21+08:00 ] 192.168.1.115 POST 192.168.1.144:9999/api/client/client_list
[运行时间：0.113014s] [吞吐率：8.85req/s] [内存消耗：2,870.42kb] [文件加载：126]
[ info ] [ BEHAVIOR ] Run Closure @app_init [ RunTime:0.000000s ]
[ info ] [ CACHE ] INIT File
[ info ] [ BEHAVIOR ] Run Closure @app_init [ RunTime:0.002500s ]
[ info ] [ LANG ] D:\WWW\last\thinkphp\lang\zh-cn.php
[ info ] [ ROUTE ] array (
  'type' => 'module',
  'module' => 
  array (
    0 => 'api',
    1 => 'client',
    2 => 'client_list',
  ),
)
[ info ] [ HEADER ] array (
  'accept-language' => 'zh-CN,zh;q=0.9,en;q=0.8',
  'accept-encoding' => 'gzip, deflate',
  'referer' => 'http://192.168.1.115:8081/',
  'content-type' => 'application/x-www-form-urlencoded',
  'user-agent' => 'Mozilla/5.0 (iPhone; CPU iPhone OS 11_0 like Mac OS X) AppleWebKit/604.1.38 (KHTML, like Gecko) Version/11.0 Mobile/15A372 Safari/604.1',
  'origin' => 'http://192.168.1.115:8081',
  'accept' => 'application/json, text/plain, */*',
  'content-length' => '42',
  'connection' => 'close',
  'host' => '192.168.1.144:9999',
)
[ info ] [ PARAM ] array (
  'token' => '65449fd8-c646-4f96-b8ac-62d8c81f5ab4',
)
[ info ] [ LANG ] D:\WWW\last\public/../application/api\lang\zh-cn.php
[ info ] [ BEHAVIOR ] Run app\common\behavior\Common @module_init [ RunTime:0.001500s ]
[ info ] [ TOKEN ] INIT Mysql
[ info ] [ DB ] INIT mysql
[ info ] [ RUN ] app\api\controller\Client->client_list[ D:\WWW\last\application\api\controller\Client.php ]
[ info ] [ LOG ] INIT File
[ sql ] [ DB ] CONNECT:[ UseTime:0.000500s ] mysql:host=127.0.0.1;dbname=last;charset=utf8
[ sql ] [ SQL ] SHOW COLUMNS FROM `fa_user_token` [ RunTime:0.035004s ]
[ sql ] [ SQL ] SELECT * FROM `fa_user_token` WHERE  `token` = '59ad130c24922191e19f54182b4440d0683a7c32' LIMIT 1 [ RunTime:0.000000s ]
[ sql ] [ SQL ] SHOW COLUMNS FROM `fa_user` [ RunTime:0.018502s ]
[ sql ] [ SQL ] SELECT * FROM `fa_user` WHERE  `id` = 2 LIMIT 1 [ RunTime:0.000000s ]
[ sql ] [ SQL ] SHOW COLUMNS FROM `fa_client_rule` [ RunTime:0.019003s ]
[ sql ] [ SQL ] SELECT `auth_ids` FROM `fa_client_rule` WHERE  `id` = 1 LIMIT 1 [ RunTime:0.000500s ]
[ sql ] [ SQL ] SELECT t1.id as user_id,`t1`.`nickname`,`t2`.`rule_name` FROM `fa_user` `t1` LEFT JOIN `fa_client_rule` `t2` ON `t1`.`rule_id`=`t2`.`id` WHERE  (  t1.pid=2 && org_id=2 ) [ RunTime:0.000500s ]
---------------------------------------------------------------
[ 2019-11-25T14:18:28+08:00 ] 192.168.1.115 POST 192.168.1.144:9999/api/user/login
[运行时间：0.200525s] [吞吐率：4.99req/s] [内存消耗：2,949.10kb] [文件加载：130]
[ info ] [ BEHAVIOR ] Run Closure @app_init [ RunTime:0.000500s ]
[ info ] [ CACHE ] INIT File
[ info ] [ BEHAVIOR ] Run Closure @app_init [ RunTime:0.005001s ]
[ info ] [ LANG ] D:\WWW\last\thinkphp\lang\zh-cn.php
[ info ] [ ROUTE ] array (
  'type' => 'module',
  'module' => 
  array (
    0 => 'api',
    1 => 'user',
    2 => 'login',
  ),
)
[ info ] [ HEADER ] array (
  'accept-language' => 'zh-CN,zh;q=0.9,en;q=0.8',
  'accept-encoding' => 'gzip, deflate',
  'referer' => 'http://192.168.1.115:8081/',
  'content-type' => 'application/x-www-form-urlencoded',
  'user-agent' => 'Mozilla/5.0 (iPhone; CPU iPhone OS 11_0 like Mac OS X) AppleWebKit/604.1.38 (KHTML, like Gecko) Version/11.0 Mobile/15A372 Safari/604.1',
  'origin' => 'http://192.168.1.115:8081',
  'accept' => 'application/json, text/plain, */*',
  'content-length' => '29',
  'connection' => 'close',
  'host' => '192.168.1.144:9999',
)
[ info ] [ PARAM ] array (
  'account' => 'user1',
  'password' => '111111',
)
[ info ] [ LANG ] D:\WWW\last\public/../application/api\lang\zh-cn.php
[ info ] [ BEHAVIOR ] Run app\common\behavior\Common @module_init [ RunTime:0.001501s ]
[ info ] [ LANG ] D:\WWW\last\public/../application/api/lang/zh-cn/user.php
[ info ] [ RUN ] app\api\controller\User->login[ D:\WWW\last\application\api\controller\User.php ]
[ info ] [ DB ] INIT mysql
[ info ] [ TOKEN ] INIT Mysql
[ info ] [ LOG ] INIT File
[ sql ] [ DB ] CONNECT:[ UseTime:0.000500s ] mysql:host=127.0.0.1;dbname=last;charset=utf8
[ sql ] [ SQL ] SHOW COLUMNS FROM `fa_user` [ RunTime:0.034505s ]
[ sql ] [ SQL ] SELECT * FROM `fa_user` WHERE  `username` = 'user1' LIMIT 1 [ RunTime:0.000500s ]
[ sql ] [ SQL ] SELECT * FROM `fa_user` WHERE  `id` = 2 LIMIT 1 [ RunTime:0.000500s ]
[ sql ] [ SQL ] UPDATE `fa_user`  SET `prevtime`=1574662549,`logintime`=1574662708,`token`='0b67d964-c0e5-4010-b4dd-5952e374639a',`updatetime`=1574662708  WHERE  `id` = 2 [ RunTime:0.000000s ]
[ sql ] [ SQL ] SHOW COLUMNS FROM `fa_user_token` [ RunTime:0.027004s ]
[ sql ] [ SQL ] INSERT INTO `fa_user_token` (`token` , `user_id` , `createtime` , `expiretime`) VALUES ('864918a78e0bffced7549994a4154dae78607e1a' , 2 , 1574662708 , 1577254708) [ RunTime:0.000000s ]
[ sql ] [ SQL ] SELECT * FROM `fa_user_token` WHERE  `token` = '864918a78e0bffced7549994a4154dae78607e1a' LIMIT 1 [ RunTime:0.000500s ]
[ sql ] [ SQL ] SELECT `org_level` FROM `fa_user` WHERE  `id` = 2 LIMIT 1 [ RunTime:0.000000s ]
[ sql ] [ SQL ] SELECT `rule_id` FROM `fa_user` WHERE  `id` = 2 LIMIT 1 [ RunTime:0.000000s ]
[ sql ] [ SQL ] SHOW COLUMNS FROM `fa_client_rule` [ RunTime:0.029003s ]
[ sql ] [ SQL ] SELECT `auth_ids` FROM `fa_client_rule` WHERE  `id` = 1 LIMIT 1 [ RunTime:0.000000s ]
[ sql ] [ SQL ] SHOW COLUMNS FROM `fa_client_auth` [ RunTime:0.025503s ]
[ sql ] [ SQL ] SELECT * FROM `fa_client_auth` WHERE  `id` IN (39,38) [ RunTime:0.000500s ]
---------------------------------------------------------------
[ 2019-11-25T14:18:38+08:00 ] 192.168.1.115 POST 192.168.1.144:9999/api/user/login
[运行时间：0.196025s] [吞吐率：5.10req/s] [内存消耗：2,979.58kb] [文件加载：130]
[ info ] [ BEHAVIOR ] Run Closure @app_init [ RunTime:0.000000s ]
[ info ] [ CACHE ] INIT File
[ info ] [ BEHAVIOR ] Run Closure @app_init [ RunTime:0.002500s ]
[ info ] [ LANG ] D:\WWW\last\thinkphp\lang\zh-cn.php
[ info ] [ ROUTE ] array (
  'type' => 'module',
  'module' => 
  array (
    0 => 'api',
    1 => 'user',
    2 => 'login',
  ),
)
[ info ] [ HEADER ] array (
  'accept-language' => 'zh-CN,zh;q=0.9,en;q=0.8',
  'accept-encoding' => 'gzip, deflate',
  'referer' => 'http://192.168.1.115:8081/',
  'content-type' => 'application/x-www-form-urlencoded',
  'user-agent' => 'Mozilla/5.0 (iPhone; CPU iPhone OS 11_0 like Mac OS X) AppleWebKit/604.1.38 (KHTML, like Gecko) Version/11.0 Mobile/15A372 Safari/604.1',
  'origin' => 'http://192.168.1.115:8081',
  'accept' => 'application/json, text/plain, */*',
  'content-length' => '24',
  'connection' => 'close',
  'host' => '192.168.1.144:9999',
)
[ info ] [ PARAM ] array (
  'account' => '111',
  'password' => '111',
)
[ info ] [ LANG ] D:\WWW\last\public/../application/api\lang\zh-cn.php
[ info ] [ BEHAVIOR ] Run app\common\behavior\Common @module_init [ RunTime:0.001500s ]
[ info ] [ LANG ] D:\WWW\last\public/../application/api/lang/zh-cn/user.php
[ info ] [ RUN ] app\api\controller\User->login[ D:\WWW\last\application\api\controller\User.php ]
[ info ] [ DB ] INIT mysql
[ info ] [ TOKEN ] INIT Mysql
[ info ] [ LOG ] INIT File
[ sql ] [ DB ] CONNECT:[ UseTime:0.000500s ] mysql:host=127.0.0.1;dbname=last;charset=utf8
[ sql ] [ SQL ] SHOW COLUMNS FROM `fa_user` [ RunTime:0.044506s ]
[ sql ] [ SQL ] SELECT * FROM `fa_user` WHERE  `username` = '111' LIMIT 1 [ RunTime:0.001000s ]
[ sql ] [ SQL ] SELECT * FROM `fa_user` WHERE  `id` = 15 LIMIT 1 [ RunTime:0.000500s ]
[ sql ] [ SQL ] UPDATE `fa_user`  SET `prevtime`=1574662498,`logintime`=1574662718,`token`='76935813-d39a-4804-86b7-e0588534f3a0',`updatetime`=1574662718  WHERE  `id` = 15 [ RunTime:0.000500s ]
[ sql ] [ SQL ] SHOW COLUMNS FROM `fa_user_token` [ RunTime:0.024503s ]
[ sql ] [ SQL ] INSERT INTO `fa_user_token` (`token` , `user_id` , `createtime` , `expiretime`) VALUES ('c0c82f43aea5d80748032af1b74095b00f47929e' , 15 , 1574662718 , 1577254718) [ RunTime:0.000500s ]
[ sql ] [ SQL ] SELECT * FROM `fa_user_token` WHERE  `token` = 'c0c82f43aea5d80748032af1b74095b00f47929e' LIMIT 1 [ RunTime:0.000500s ]
[ sql ] [ SQL ] SELECT `org_level` FROM `fa_user` WHERE  `id` = 15 LIMIT 1 [ RunTime:0.000500s ]
[ sql ] [ SQL ] SELECT `rule_id` FROM `fa_user` WHERE  `id` = 15 LIMIT 1 [ RunTime:0.000000s ]
[ sql ] [ SQL ] SHOW COLUMNS FROM `fa_client_rule` [ RunTime:0.023503s ]
[ sql ] [ SQL ] SELECT `auth_ids` FROM `fa_client_rule` WHERE  `id` = 3 LIMIT 1 [ RunTime:0.000500s ]
[ sql ] [ SQL ] SHOW COLUMNS FROM `fa_client_auth` [ RunTime:0.023003s ]
[ sql ] [ SQL ] SELECT * FROM `fa_client_auth` WHERE  `id` IN (1,2,3,4,5,6,7,8,9,10,11,12,13,14,15,16,17,18,19,20,21,22,23,24,25,26,27,28,29,30,31,32,33,34,35,36,37,40,41) [ RunTime:0.000500s ]
---------------------------------------------------------------
[ 2019-11-25T14:18:40+08:00 ] 192.168.1.115 POST 192.168.1.144:9999/api/statistics/sell_statistics
[运行时间：0.231029s] [吞吐率：4.33req/s] [内存消耗：2,879.27kb] [文件加载：126]
[ info ] [ BEHAVIOR ] Run Closure @app_init [ RunTime:0.000000s ]
[ info ] [ CACHE ] INIT File
[ info ] [ BEHAVIOR ] Run Closure @app_init [ RunTime:0.003501s ]
[ info ] [ LANG ] D:\WWW\last\thinkphp\lang\zh-cn.php
[ info ] [ ROUTE ] array (
  'type' => 'module',
  'module' => 
  array (
    0 => 'api',
    1 => 'statistics',
    2 => 'sell_statistics',
  ),
)
[ info ] [ HEADER ] array (
  'accept-language' => 'zh-CN,zh;q=0.9,en;q=0.8',
  'accept-encoding' => 'gzip, deflate',
  'referer' => 'http://192.168.1.115:8081/',
  'content-type' => 'application/x-www-form-urlencoded',
  'user-agent' => 'Mozilla/5.0 (iPhone; CPU iPhone OS 11_0 like Mac OS X) AppleWebKit/604.1.38 (KHTML, like Gecko) Version/11.0 Mobile/15A372 Safari/604.1',
  'origin' => 'http://192.168.1.115:8081',
  'accept' => 'application/json, text/plain, */*',
  'content-length' => '71',
  'connection' => 'close',
  'host' => '192.168.1.144:9999',
)
[ info ] [ PARAM ] array (
  'token' => '76935813-d39a-4804-86b7-e0588534f3a0',
  'start_time' => '',
  'end_time' => '',
  'where' => '',
)
[ info ] [ LANG ] D:\WWW\last\public/../application/api\lang\zh-cn.php
[ info ] [ BEHAVIOR ] Run app\common\behavior\Common @module_init [ RunTime:0.001500s ]
[ info ] [ TOKEN ] INIT Mysql
[ info ] [ DB ] INIT mysql
[ info ] [ RUN ] app\api\controller\Statistics->sell_statistics[ D:\WWW\last\application\api\controller\Statistics.php ]
[ info ] [ LOG ] INIT File
[ sql ] [ DB ] CONNECT:[ UseTime:0.000501s ] mysql:host=127.0.0.1;dbname=last;charset=utf8
[ sql ] [ SQL ] SHOW COLUMNS FROM `fa_user_token` [ RunTime:0.025503s ]
[ sql ] [ SQL ] SELECT * FROM `fa_user_token` WHERE  `token` = 'c0c82f43aea5d80748032af1b74095b00f47929e' LIMIT 1 [ RunTime:0.000500s ]
[ sql ] [ SQL ] SHOW COLUMNS FROM `fa_user` [ RunTime:0.020003s ]
[ sql ] [ SQL ] SELECT * FROM `fa_user` WHERE  `id` = 15 LIMIT 1 [ RunTime:0.000000s ]
[ sql ] [ SQL ] SHOW COLUMNS FROM `fa_machine` [ RunTime:0.019002s ]
[ sql ] [ SQL ] SELECT * FROM `fa_machine` WHERE  `org_id` = 2 [ RunTime:0.000000s ]
[ sql ] [ SQL ] SHOW COLUMNS FROM `fa_client_org` [ RunTime:0.052007s ]
[ sql ] [ SQL ] SELECT `id` FROM `fa_client_org` WHERE  `pid` = 2 [ RunTime:0.000500s ]
[ sql ] [ SQL ] SELECT * FROM `fa_machine` WHERE  `org_id` IN (1) [ RunTime:0.000000s ]
[ sql ] [ SQL ] SHOW COLUMNS FROM `fa_machine_day_statistics` [ RunTime:0.037005s ]
[ sql ] [ SQL ] SELECT SUM(online_income) AS tp_sum FROM `fa_machine_day_statistics` WHERE  `machine_id` = 11001  AND `stat_period` BETWEEN 0 AND 0 LIMIT 1 [ RunTime:0.000500s ]
[ sql ] [ SQL ] SELECT SUM(online_income) AS tp_sum FROM `fa_machine_day_statistics` WHERE  `machine_id` = 2  AND `stat_period` BETWEEN 0 AND 0 LIMIT 1 [ RunTime:0.000000s ]
[ sql ] [ SQL ] SELECT SUM(online_income) AS tp_sum FROM `fa_machine_day_statistics` WHERE  `machine_id` = 3  AND `stat_period` BETWEEN 0 AND 0 LIMIT 1 [ RunTime:0.000500s ]
[ sql ] [ SQL ] SELECT SUM(online_income) AS tp_sum FROM `fa_machine_day_statistics` WHERE  `machine_id` = 4  AND `stat_period` BETWEEN 0 AND 0 LIMIT 1 [ RunTime:0.000000s ]
[ sql ] [ SQL ] SELECT SUM(online_income) AS tp_sum FROM `fa_machine_day_statistics` WHERE  `machine_id` = 11000  AND `stat_period` BETWEEN 0 AND 0 LIMIT 1 [ RunTime:0.000500s ]
[ sql ] [ SQL ] SELECT id as org_id,`org_name` FROM `fa_client_org` WHERE  `pid` = 2 [ RunTime:0.000000s ]
---------------------------------------------------------------
[ 2019-11-25T14:19:21+08:00 ] 192.168.1.115 POST 192.168.1.144:9999/api/order/order_list
[运行时间：0.207527s] [吞吐率：4.82req/s] [内存消耗：2,856.86kb] [文件加载：125]
[ info ] [ BEHAVIOR ] Run Closure @app_init [ RunTime:0.000000s ]
[ info ] [ CACHE ] INIT File
[ info ] [ BEHAVIOR ] Run Closure @app_init [ RunTime:0.004001s ]
[ info ] [ LANG ] D:\WWW\last\thinkphp\lang\zh-cn.php
[ info ] [ ROUTE ] array (
  'type' => 'module',
  'module' => 
  array (
    0 => 'api',
    1 => 'order',
    2 => 'order_list',
  ),
)
[ info ] [ HEADER ] array (
  'accept-language' => 'zh-CN,zh;q=0.9,en;q=0.8',
  'accept-encoding' => 'gzip, deflate',
  'referer' => 'http://192.168.1.115:8081/',
  'content-type' => 'application/x-www-form-urlencoded',
  'user-agent' => 'Mozilla/5.0 (iPhone; CPU iPhone OS 11_0 like Mac OS X) AppleWebKit/604.1.38 (KHTML, like Gecko) Version/11.0 Mobile/15A372 Safari/604.1',
  'origin' => 'http://192.168.1.115:8081',
  'accept' => 'application/json, text/plain, */*',
  'content-length' => '64',
  'connection' => 'close',
  'host' => '192.168.1.144:9999',
)
[ info ] [ PARAM ] array (
  'token' => '76935813-d39a-4804-86b7-e0588534f3a0',
  'start_time' => '',
  'end_time' => '',
)
[ info ] [ LANG ] D:\WWW\last\public/../application/api\lang\zh-cn.php
[ info ] [ BEHAVIOR ] Run app\common\behavior\Common @module_init [ RunTime:0.002000s ]
[ info ] [ TOKEN ] INIT Mysql
[ info ] [ DB ] INIT mysql
[ info ] [ RUN ] app\api\controller\Order->order_list[ D:\WWW\last\application\api\controller\Order.php ]
[ info ] [ LOG ] INIT File
[ sql ] [ DB ] CONNECT:[ UseTime:0.001500s ] mysql:host=127.0.0.1;dbname=last;charset=utf8
[ sql ] [ SQL ] SHOW COLUMNS FROM `fa_user_token` [ RunTime:0.026504s ]
[ sql ] [ SQL ] SELECT * FROM `fa_user_token` WHERE  `token` = 'c0c82f43aea5d80748032af1b74095b00f47929e' LIMIT 1 [ RunTime:0.000500s ]
[ sql ] [ SQL ] SHOW COLUMNS FROM `fa_user` [ RunTime:0.019002s ]
[ sql ] [ SQL ] SELECT * FROM `fa_user` WHERE  `id` = 15 LIMIT 1 [ RunTime:0.000500s ]
[ sql ] [ SQL ] SHOW COLUMNS FROM `fa_machine` [ RunTime:0.019502s ]
[ sql ] [ SQL ] SELECT `machine_id` FROM `fa_machine` WHERE  `org_id` = 2 [ RunTime:0.000500s ]
[ sql ] [ SQL ] SHOW COLUMNS FROM `fa_order` [ RunTime:0.058508s ]
[ sql ] [ SQL ] SELECT * FROM `fa_order` WHERE  `createtime` BETWEEN 0 AND 0  AND `machine_id` IN (2,3,4,11000) ORDER BY `createtime` DESC [ RunTime:0.000500s ]
---------------------------------------------------------------
[ 2019-11-25T14:19:56+08:00 ] 192.168.1.115 POST 192.168.1.144:9999/api/statistics/sell_statistics
[运行时间：0.161021s] [吞吐率：6.21req/s] [内存消耗：2,879.27kb] [文件加载：126]
[ info ] [ BEHAVIOR ] Run Closure @app_init [ RunTime:0.000000s ]
[ info ] [ CACHE ] INIT File
[ info ] [ BEHAVIOR ] Run Closure @app_init [ RunTime:0.004000s ]
[ info ] [ LANG ] D:\WWW\last\thinkphp\lang\zh-cn.php
[ info ] [ ROUTE ] array (
  'type' => 'module',
  'module' => 
  array (
    0 => 'api',
    1 => 'statistics',
    2 => 'sell_statistics',
  ),
)
[ info ] [ HEADER ] array (
  'accept-language' => 'zh-CN,zh;q=0.9,en;q=0.8',
  'accept-encoding' => 'gzip, deflate',
  'referer' => 'http://192.168.1.115:8081/',
  'content-type' => 'application/x-www-form-urlencoded',
  'user-agent' => 'Mozilla/5.0 (iPhone; CPU iPhone OS 11_0 like Mac OS X) AppleWebKit/604.1.38 (KHTML, like Gecko) Version/11.0 Mobile/15A372 Safari/604.1',
  'origin' => 'http://192.168.1.115:8081',
  'accept' => 'application/json, text/plain, */*',
  'content-length' => '71',
  'connection' => 'close',
  'host' => '192.168.1.144:9999',
)
[ info ] [ PARAM ] array (
  'token' => '76935813-d39a-4804-86b7-e0588534f3a0',
  'start_time' => '',
  'end_time' => '',
  'where' => '',
)
[ info ] [ LANG ] D:\WWW\last\public/../application/api\lang\zh-cn.php
[ info ] [ BEHAVIOR ] Run app\common\behavior\Common @module_init [ RunTime:0.001500s ]
[ info ] [ TOKEN ] INIT Mysql
[ info ] [ DB ] INIT mysql
[ info ] [ RUN ] app\api\controller\Statistics->sell_statistics[ D:\WWW\last\application\api\controller\Statistics.php ]
[ info ] [ LOG ] INIT File
[ sql ] [ DB ] CONNECT:[ UseTime:0.000500s ] mysql:host=127.0.0.1;dbname=last;charset=utf8
[ sql ] [ SQL ] SHOW COLUMNS FROM `fa_user_token` [ RunTime:0.023003s ]
[ sql ] [ SQL ] SELECT * FROM `fa_user_token` WHERE  `token` = 'c0c82f43aea5d80748032af1b74095b00f47929e' LIMIT 1 [ RunTime:0.000000s ]
[ sql ] [ SQL ] SHOW COLUMNS FROM `fa_user` [ RunTime:0.017002s ]
[ sql ] [ SQL ] SELECT * FROM `fa_user` WHERE  `id` = 15 LIMIT 1 [ RunTime:0.000500s ]
[ sql ] [ SQL ] SHOW COLUMNS FROM `fa_machine` [ RunTime:0.017002s ]
[ sql ] [ SQL ] SELECT * FROM `fa_machine` WHERE  `org_id` = 2 [ RunTime:0.000000s ]
[ sql ] [ SQL ] SHOW COLUMNS FROM `fa_client_org` [ RunTime:0.017002s ]
[ sql ] [ SQL ] SELECT `id` FROM `fa_client_org` WHERE  `pid` = 2 [ RunTime:0.000000s ]
[ sql ] [ SQL ] SELECT * FROM `fa_machine` WHERE  `org_id` IN (1) [ RunTime:0.000000s ]
[ sql ] [ SQL ] SHOW COLUMNS FROM `fa_machine_day_statistics` [ RunTime:0.017002s ]
[ sql ] [ SQL ] SELECT SUM(online_income) AS tp_sum FROM `fa_machine_day_statistics` WHERE  `machine_id` = 11001  AND `stat_period` BETWEEN 0 AND 0 LIMIT 1 [ RunTime:0.000500s ]
[ sql ] [ SQL ] SELECT SUM(online_income) AS tp_sum FROM `fa_machine_day_statistics` WHERE  `machine_id` = 2  AND `stat_period` BETWEEN 0 AND 0 LIMIT 1 [ RunTime:0.000000s ]
[ sql ] [ SQL ] SELECT SUM(online_income) AS tp_sum FROM `fa_machine_day_statistics` WHERE  `machine_id` = 3  AND `stat_period` BETWEEN 0 AND 0 LIMIT 1 [ RunTime:0.000000s ]
[ sql ] [ SQL ] SELECT SUM(online_income) AS tp_sum FROM `fa_machine_day_statistics` WHERE  `machine_id` = 4  AND `stat_period` BETWEEN 0 AND 0 LIMIT 1 [ RunTime:0.000000s ]
[ sql ] [ SQL ] SELECT SUM(online_income) AS tp_sum FROM `fa_machine_day_statistics` WHERE  `machine_id` = 11000  AND `stat_period` BETWEEN 0 AND 0 LIMIT 1 [ RunTime:0.000501s ]
[ sql ] [ SQL ] SELECT id as org_id,`org_name` FROM `fa_client_org` WHERE  `pid` = 2 [ RunTime:0.000000s ]
---------------------------------------------------------------
[ 2019-11-25T14:23:29+08:00 ] 192.168.1.115 POST 192.168.1.144:9999/api/statistics/goods_statistics
[运行时间：0.496063s] [吞吐率：2.02req/s] [内存消耗：2,925.54kb] [文件加载：132]
[ info ] [ BEHAVIOR ] Run Closure @app_init [ RunTime:0.000000s ]
[ info ] [ CACHE ] INIT File
[ info ] [ BEHAVIOR ] Run Closure @app_init [ RunTime:0.007501s ]
[ info ] [ LANG ] D:\WWW\last\thinkphp\lang\zh-cn.php
[ info ] [ ROUTE ] array (
  'type' => 'module',
  'module' => 
  array (
    0 => 'api',
    1 => 'statistics',
    2 => 'goods_statistics',
  ),
)
[ info ] [ HEADER ] array (
  'accept-language' => 'zh-CN,zh;q=0.9,en;q=0.8',
  'accept-encoding' => 'gzip, deflate',
  'referer' => 'http://192.168.1.115:8081/',
  'content-type' => 'application/x-www-form-urlencoded',
  'user-agent' => 'Mozilla/5.0 (iPhone; CPU iPhone OS 11_0 like Mac OS X) AppleWebKit/604.1.38 (KHTML, like Gecko) Version/11.0 Mobile/15A372 Safari/604.1',
  'origin' => 'http://192.168.1.115:8081',
  'accept' => 'application/json, text/plain, */*',
  'content-length' => '64',
  'connection' => 'close',
  'host' => '192.168.1.144:9999',
)
[ info ] [ PARAM ] array (
  'token' => '76935813-d39a-4804-86b7-e0588534f3a0',
  'start_time' => '',
  'end_time' => '',
)
[ info ] [ LANG ] D:\WWW\last\public/../application/api\lang\zh-cn.php
[ info ] [ BEHAVIOR ] Run app\common\behavior\Common @module_init [ RunTime:0.003001s ]
[ info ] [ TOKEN ] INIT Mysql
[ info ] [ DB ] INIT mysql
[ info ] [ RUN ] app\api\controller\Statistics->goods_statistics[ D:\WWW\last\application\api\controller\Statistics.php ]
[ info ] [ LOG ] INIT File
[ sql ] [ DB ] CONNECT:[ UseTime:0.010001s ] mysql:host=127.0.0.1;dbname=last;charset=utf8
[ sql ] [ SQL ] SHOW COLUMNS FROM `fa_user_token` [ RunTime:0.036004s ]
[ sql ] [ SQL ] SELECT * FROM `fa_user_token` WHERE  `token` = 'c0c82f43aea5d80748032af1b74095b00f47929e' LIMIT 1 [ RunTime:0.000501s ]
[ sql ] [ SQL ] SHOW COLUMNS FROM `fa_user` [ RunTime:0.031004s ]
[ sql ] [ SQL ] SELECT * FROM `fa_user` WHERE  `id` = 15 LIMIT 1 [ RunTime:0.000500s ]
[ sql ] [ SQL ] SHOW COLUMNS FROM `fa_machine` [ RunTime:0.026503s ]
[ sql ] [ SQL ] SELECT `machine_id` FROM `fa_machine` WHERE  `org_id` = 2 [ RunTime:0.000000s ]
[ sql ] [ SQL ] SHOW COLUMNS FROM `fa_client_goods` [ RunTime:0.084011s ]
[ sql ] [ SQL ] SELECT * FROM `fa_client_goods` WHERE  `org_id` = 2 [ RunTime:0.000500s ]
[ sql ] [ SQL ] SHOW COLUMNS FROM `fa_goods_statistics` [ RunTime:0.060008s ]
[ error ] [10501]SQLSTATE[42S22]: Column not found: 1054 Unknown column 'refund_time' in 'where clause'[D:\WWW\last\thinkphp\library\think\db\Connection.php:385]
---------------------------------------------------------------
[ 2019-11-25T14:47:33+08:00 ] 192.168.1.115 POST 192.168.1.144:9999/api/statistics/sell_statistics
[运行时间：0.169021s] [吞吐率：5.92req/s] [内存消耗：2,879.27kb] [文件加载：126]
[ info ] [ BEHAVIOR ] Run Closure @app_init [ RunTime:0.000000s ]
[ info ] [ CACHE ] INIT File
[ info ] [ BEHAVIOR ] Run Closure @app_init [ RunTime:0.002500s ]
[ info ] [ LANG ] D:\WWW\last\thinkphp\lang\zh-cn.php
[ info ] [ ROUTE ] array (
  'type' => 'module',
  'module' => 
  array (
    0 => 'api',
    1 => 'statistics',
    2 => 'sell_statistics',
  ),
)
[ info ] [ HEADER ] array (
  'accept-language' => 'zh-CN,zh;q=0.9,en;q=0.8',
  'accept-encoding' => 'gzip, deflate',
  'referer' => 'http://192.168.1.115:8081/',
  'content-type' => 'application/x-www-form-urlencoded',
  'user-agent' => 'Mozilla/5.0 (iPhone; CPU iPhone OS 11_0 like Mac OS X) AppleWebKit/604.1.38 (KHTML, like Gecko) Version/11.0 Mobile/15A372 Safari/604.1',
  'origin' => 'http://192.168.1.115:8081',
  'accept' => 'application/json, text/plain, */*',
  'content-length' => '71',
  'connection' => 'close',
  'host' => '192.168.1.144:9999',
)
[ info ] [ PARAM ] array (
  'token' => '76935813-d39a-4804-86b7-e0588534f3a0',
  'start_time' => '',
  'end_time' => '',
  'where' => '',
)
[ info ] [ LANG ] D:\WWW\last\public/../application/api\lang\zh-cn.php
[ info ] [ BEHAVIOR ] Run app\common\behavior\Common @module_init [ RunTime:0.001500s ]
[ info ] [ TOKEN ] INIT Mysql
[ info ] [ DB ] INIT mysql
[ info ] [ RUN ] app\api\controller\Statistics->sell_statistics[ D:\WWW\last\application\api\controller\Statistics.php ]
[ info ] [ LOG ] INIT File
[ sql ] [ DB ] CONNECT:[ UseTime:0.001500s ] mysql:host=127.0.0.1;dbname=last;charset=utf8
[ sql ] [ SQL ] SHOW COLUMNS FROM `fa_user_token` [ RunTime:0.028004s ]
[ sql ] [ SQL ] SELECT * FROM `fa_user_token` WHERE  `token` = 'c0c82f43aea5d80748032af1b74095b00f47929e' LIMIT 1 [ RunTime:0.000500s ]
[ sql ] [ SQL ] SHOW COLUMNS FROM `fa_user` [ RunTime:0.022503s ]
[ sql ] [ SQL ] SELECT * FROM `fa_user` WHERE  `id` = 15 LIMIT 1 [ RunTime:0.000500s ]
[ sql ] [ SQL ] SHOW COLUMNS FROM `fa_machine` [ RunTime:0.020502s ]
[ sql ] [ SQL ] SELECT * FROM `fa_machine` WHERE  `org_id` = 2 [ RunTime:0.000000s ]
[ sql ] [ SQL ] SHOW COLUMNS FROM `fa_client_org` [ RunTime:0.022003s ]
[ sql ] [ SQL ] SELECT `id` FROM `fa_client_org` WHERE  `pid` = 2 [ RunTime:0.000500s ]
[ sql ] [ SQL ] SELECT * FROM `fa_machine` WHERE  `org_id` IN (1) [ RunTime:0.000500s ]
[ sql ] [ SQL ] SHOW COLUMNS FROM `fa_machine_day_statistics` [ RunTime:0.020003s ]
[ sql ] [ SQL ] SELECT SUM(online_income) AS tp_sum FROM `fa_machine_day_statistics` WHERE  `machine_id` = 11001  AND `stat_period` BETWEEN 0 AND 0 LIMIT 1 [ RunTime:0.000500s ]
[ sql ] [ SQL ] SELECT SUM(online_income) AS tp_sum FROM `fa_machine_day_statistics` WHERE  `machine_id` = 2  AND `stat_period` BETWEEN 0 AND 0 LIMIT 1 [ RunTime:0.000500s ]
[ sql ] [ SQL ] SELECT SUM(online_income) AS tp_sum FROM `fa_machine_day_statistics` WHERE  `machine_id` = 3  AND `stat_period` BETWEEN 0 AND 0 LIMIT 1 [ RunTime:0.000000s ]
[ sql ] [ SQL ] SELECT SUM(online_income) AS tp_sum FROM `fa_machine_day_statistics` WHERE  `machine_id` = 4  AND `stat_period` BETWEEN 0 AND 0 LIMIT 1 [ RunTime:0.000000s ]
[ sql ] [ SQL ] SELECT SUM(online_income) AS tp_sum FROM `fa_machine_day_statistics` WHERE  `machine_id` = 11000  AND `stat_period` BETWEEN 0 AND 0 LIMIT 1 [ RunTime:0.000500s ]
[ sql ] [ SQL ] SELECT id as org_id,`org_name` FROM `fa_client_org` WHERE  `pid` = 2 [ RunTime:0.000000s ]
---------------------------------------------------------------
[ 2019-11-25T14:47:36+08:00 ] 192.168.1.115 POST 192.168.1.144:9999/api/statistics/goods_statistics
[运行时间：0.205026s] [吞吐率：4.88req/s] [内存消耗：2,925.54kb] [文件加载：132]
[ info ] [ BEHAVIOR ] Run Closure @app_init [ RunTime:0.000000s ]
[ info ] [ CACHE ] INIT File
[ info ] [ BEHAVIOR ] Run Closure @app_init [ RunTime:0.003000s ]
[ info ] [ LANG ] D:\WWW\last\thinkphp\lang\zh-cn.php
[ info ] [ ROUTE ] array (
  'type' => 'module',
  'module' => 
  array (
    0 => 'api',
    1 => 'statistics',
    2 => 'goods_statistics',
  ),
)
[ info ] [ HEADER ] array (
  'accept-language' => 'zh-CN,zh;q=0.9,en;q=0.8',
  'accept-encoding' => 'gzip, deflate',
  'referer' => 'http://192.168.1.115:8081/',
  'content-type' => 'application/x-www-form-urlencoded',
  'user-agent' => 'Mozilla/5.0 (iPhone; CPU iPhone OS 11_0 like Mac OS X) AppleWebKit/604.1.38 (KHTML, like Gecko) Version/11.0 Mobile/15A372 Safari/604.1',
  'origin' => 'http://192.168.1.115:8081',
  'accept' => 'application/json, text/plain, */*',
  'content-length' => '64',
  'connection' => 'close',
  'host' => '192.168.1.144:9999',
)
[ info ] [ PARAM ] array (
  'token' => '76935813-d39a-4804-86b7-e0588534f3a0',
  'start_time' => '',
  'end_time' => '',
)
[ info ] [ LANG ] D:\WWW\last\public/../application/api\lang\zh-cn.php
[ info ] [ BEHAVIOR ] Run app\common\behavior\Common @module_init [ RunTime:0.002000s ]
[ info ] [ TOKEN ] INIT Mysql
[ info ] [ DB ] INIT mysql
[ info ] [ RUN ] app\api\controller\Statistics->goods_statistics[ D:\WWW\last\application\api\controller\Statistics.php ]
[ info ] [ LOG ] INIT File
[ sql ] [ DB ] CONNECT:[ UseTime:0.010002s ] mysql:host=127.0.0.1;dbname=last;charset=utf8
[ sql ] [ SQL ] SHOW COLUMNS FROM `fa_user_token` [ RunTime:0.031004s ]
[ sql ] [ SQL ] SELECT * FROM `fa_user_token` WHERE  `token` = 'c0c82f43aea5d80748032af1b74095b00f47929e' LIMIT 1 [ RunTime:0.000500s ]
[ sql ] [ SQL ] SHOW COLUMNS FROM `fa_user` [ RunTime:0.025503s ]
[ sql ] [ SQL ] SELECT * FROM `fa_user` WHERE  `id` = 15 LIMIT 1 [ RunTime:0.000501s ]
[ sql ] [ SQL ] SHOW COLUMNS FROM `fa_machine` [ RunTime:0.025503s ]
[ sql ] [ SQL ] SELECT `machine_id` FROM `fa_machine` WHERE  `org_id` = 2 [ RunTime:0.000500s ]
[ sql ] [ SQL ] SHOW COLUMNS FROM `fa_client_goods` [ RunTime:0.028004s ]
[ sql ] [ SQL ] SELECT * FROM `fa_client_goods` WHERE  `org_id` = 2 [ RunTime:0.000500s ]
[ sql ] [ SQL ] SHOW COLUMNS FROM `fa_goods_statistics` [ RunTime:0.030003s ]
[ error ] [10501]SQLSTATE[42S22]: Column not found: 1054 Unknown column 'refund_time' in 'where clause'[D:\WWW\last\thinkphp\library\think\db\Connection.php:385]
---------------------------------------------------------------
[ 2019-11-25T14:47:41+08:00 ] 192.168.1.115 POST 192.168.1.144:9999/api/statistics/goods_statistics
[运行时间：0.219528s] [吞吐率：4.56req/s] [内存消耗：2,925.54kb] [文件加载：132]
[ info ] [ BEHAVIOR ] Run Closure @app_init [ RunTime:0.000000s ]
[ info ] [ CACHE ] INIT File
[ info ] [ BEHAVIOR ] Run Closure @app_init [ RunTime:0.002500s ]
[ info ] [ LANG ] D:\WWW\last\thinkphp\lang\zh-cn.php
[ info ] [ ROUTE ] array (
  'type' => 'module',
  'module' => 
  array (
    0 => 'api',
    1 => 'statistics',
    2 => 'goods_statistics',
  ),
)
[ info ] [ HEADER ] array (
  'accept-language' => 'zh-CN,zh;q=0.9,en;q=0.8',
  'accept-encoding' => 'gzip, deflate',
  'referer' => 'http://192.168.1.115:8081/',
  'content-type' => 'application/x-www-form-urlencoded',
  'user-agent' => 'Mozilla/5.0 (iPhone; CPU iPhone OS 11_0 like Mac OS X) AppleWebKit/604.1.38 (KHTML, like Gecko) Version/11.0 Mobile/15A372 Safari/604.1',
  'origin' => 'http://192.168.1.115:8081',
  'accept' => 'application/json, text/plain, */*',
  'content-length' => '64',
  'connection' => 'close',
  'host' => '192.168.1.144:9999',
)
[ info ] [ PARAM ] array (
  'token' => '76935813-d39a-4804-86b7-e0588534f3a0',
  'start_time' => '',
  'end_time' => '',
)
[ info ] [ LANG ] D:\WWW\last\public/../application/api\lang\zh-cn.php
[ info ] [ BEHAVIOR ] Run app\common\behavior\Common @module_init [ RunTime:0.002000s ]
[ info ] [ TOKEN ] INIT Mysql
[ info ] [ DB ] INIT mysql
[ info ] [ RUN ] app\api\controller\Statistics->goods_statistics[ D:\WWW\last\application\api\controller\Statistics.php ]
[ info ] [ LOG ] INIT File
[ sql ] [ DB ] CONNECT:[ UseTime:0.000500s ] mysql:host=127.0.0.1;dbname=last;charset=utf8
[ sql ] [ SQL ] SHOW COLUMNS FROM `fa_user_token` [ RunTime:0.094012s ]
[ sql ] [ SQL ] SELECT * FROM `fa_user_token` WHERE  `token` = 'c0c82f43aea5d80748032af1b74095b00f47929e' LIMIT 1 [ RunTime:0.000500s ]
[ sql ] [ SQL ] SHOW COLUMNS FROM `fa_user` [ RunTime:0.023003s ]
[ sql ] [ SQL ] SELECT * FROM `fa_user` WHERE  `id` = 15 LIMIT 1 [ RunTime:0.000500s ]
[ sql ] [ SQL ] SHOW COLUMNS FROM `fa_machine` [ RunTime:0.019502s ]
[ sql ] [ SQL ] SELECT `machine_id` FROM `fa_machine` WHERE  `org_id` = 2 [ RunTime:0.000000s ]
[ sql ] [ SQL ] SHOW COLUMNS FROM `fa_client_goods` [ RunTime:0.018502s ]
[ sql ] [ SQL ] SELECT * FROM `fa_client_goods` WHERE  `org_id` = 2 [ RunTime:0.000500s ]
[ sql ] [ SQL ] SHOW COLUMNS FROM `fa_goods_statistics` [ RunTime:0.019002s ]
[ error ] [10501]SQLSTATE[42S22]: Column not found: 1054 Unknown column 'refund_time' in 'where clause'[D:\WWW\last\thinkphp\library\think\db\Connection.php:385]
---------------------------------------------------------------
[ 2019-11-25T14:47:44+08:00 ] 192.168.1.115 POST 192.168.1.144:9999/api/statistics/goods_statistics
[运行时间：0.259533s] [吞吐率：3.85req/s] [内存消耗：2,925.54kb] [文件加载：132]
[ info ] [ BEHAVIOR ] Run Closure @app_init [ RunTime:0.000000s ]
[ info ] [ CACHE ] INIT File
[ info ] [ BEHAVIOR ] Run Closure @app_init [ RunTime:0.003501s ]
[ info ] [ LANG ] D:\WWW\last\thinkphp\lang\zh-cn.php
[ info ] [ ROUTE ] array (
  'type' => 'module',
  'module' => 
  array (
    0 => 'api',
    1 => 'statistics',
    2 => 'goods_statistics',
  ),
)
[ info ] [ HEADER ] array (
  'accept-language' => 'zh-CN,zh;q=0.9,en;q=0.8',
  'accept-encoding' => 'gzip, deflate',
  'referer' => 'http://192.168.1.115:8081/',
  'content-type' => 'application/x-www-form-urlencoded',
  'user-agent' => 'Mozilla/5.0 (iPhone; CPU iPhone OS 11_0 like Mac OS X) AppleWebKit/604.1.38 (KHTML, like Gecko) Version/11.0 Mobile/15A372 Safari/604.1',
  'origin' => 'http://192.168.1.115:8081',
  'accept' => 'application/json, text/plain, */*',
  'content-length' => '64',
  'connection' => 'close',
  'host' => '192.168.1.144:9999',
)
[ info ] [ PARAM ] array (
  'token' => '76935813-d39a-4804-86b7-e0588534f3a0',
  'start_time' => '',
  'end_time' => '',
)
[ info ] [ LANG ] D:\WWW\last\public/../application/api\lang\zh-cn.php
[ info ] [ BEHAVIOR ] Run app\common\behavior\Common @module_init [ RunTime:0.001500s ]
[ info ] [ TOKEN ] INIT Mysql
[ info ] [ DB ] INIT mysql
[ info ] [ RUN ] app\api\controller\Statistics->goods_statistics[ D:\WWW\last\application\api\controller\Statistics.php ]
[ info ] [ LOG ] INIT File
[ sql ] [ DB ] CONNECT:[ UseTime:0.000500s ] mysql:host=127.0.0.1;dbname=last;charset=utf8
[ sql ] [ SQL ] SHOW COLUMNS FROM `fa_user_token` [ RunTime:0.075009s ]
[ sql ] [ SQL ] SELECT * FROM `fa_user_token` WHERE  `token` = 'c0c82f43aea5d80748032af1b74095b00f47929e' LIMIT 1 [ RunTime:0.000500s ]
[ sql ] [ SQL ] SHOW COLUMNS FROM `fa_user` [ RunTime:0.028003s ]
[ sql ] [ SQL ] SELECT * FROM `fa_user` WHERE  `id` = 15 LIMIT 1 [ RunTime:0.000500s ]
[ sql ] [ SQL ] SHOW COLUMNS FROM `fa_machine` [ RunTime:0.032004s ]
[ sql ] [ SQL ] SELECT `machine_id` FROM `fa_machine` WHERE  `org_id` = 2 [ RunTime:0.000500s ]
[ sql ] [ SQL ] SHOW COLUMNS FROM `fa_client_goods` [ RunTime:0.031504s ]
[ sql ] [ SQL ] SELECT * FROM `fa_client_goods` WHERE  `org_id` = 2 [ RunTime:0.000500s ]
[ sql ] [ SQL ] SHOW COLUMNS FROM `fa_goods_statistics` [ RunTime:0.037005s ]
[ error ] [10501]SQLSTATE[42S22]: Column not found: 1054 Unknown column 'refund_time' in 'where clause'[D:\WWW\last\thinkphp\library\think\db\Connection.php:385]
