---------------------------------------------------------------
[ 2020-04-01T12:16:56+08:00 ] 192.168.71.1 GET 192.168.71.1:9999/
[运行时间：1.696215s] [吞吐率：0.59req/s] [内存消耗：2,364.95kb] [文件加载：122]
[ info ] [ BEHAVIOR ] Run Closure @app_init [ RunTime:0.000000s ]
[ info ] [ CACHE ] INIT File
[ info ] [ BEHAVIOR ] Run Closure @app_init [ RunTime:0.051006s ]
[ info ] [ LANG ] D:\WWW\last\thinkphp\lang\zh-cn.php
[ info ] [ ROUTE ] array (
  'type' => 'module',
  'module' => 
  array (
    0 => '',
    1 => NULL,
    2 => NULL,
  ),
)
[ info ] [ HEADER ] array (
  'accept-language' => 'zh-CN,zh;q=0.9',
  'accept-encoding' => 'gzip, deflate',
  'accept' => 'text/html,application/xhtml+xml,application/xml;q=0.9,image/webp,image/apng,*/*;q=0.8,application/signed-exchange;v=b3;q=0.9',
  'user-agent' => 'Mozilla/5.0 (Windows NT 6.1; Win64; x64) AppleWebKit/537.36 (KHTML, like Gecko) Chrome/80.0.3987.149 Safari/537.36',
  'upgrade-insecure-requests' => '1',
  'connection' => 'close',
  'host' => '192.168.71.1:9999',
)
[ info ] [ PARAM ] array (
)
[ info ] [ LANG ] D:\WWW\last\public/../application/index\lang\zh-cn.php
[ info ] [ BEHAVIOR ] Run app\common\behavior\Common @module_init [ RunTime:0.033504s ]
[ info ] [ LANG ] D:\WWW\last\public/../application/index/lang/zh-cn/index.php
[ info ] [ RUN ] app\index\controller\Index->index[ D:\WWW\last\application\index\controller\Index.php ]
[ info ] [ VIEW ] D:\WWW\last\public/../application/index\view\index\index.html [ array (
  0 => 'user',
  1 => 'site',
  2 => 'config',
) ]
[ info ] [ LOG ] INIT File
---------------------------------------------------------------
[ 2020-04-01T12:16:56+08:00 ] 192.168.71.1 GET 192.168.71.1:9999/favicon.ico
[运行时间：0.066509s] [吞吐率：15.04req/s] [内存消耗：1,605.70kb] [文件加载：107]
[ info ] [ BEHAVIOR ] Run Closure @app_init [ RunTime:0.000000s ]
[ info ] [ CACHE ] INIT File
[ info ] [ BEHAVIOR ] Run Closure @app_init [ RunTime:0.002500s ]
[ info ] [ LANG ] D:\WWW\last\thinkphp\lang\zh-cn.php
[ info ] [ ROUTE ] array (
  'type' => 'module',
  'module' => 
  array (
    0 => 'favicon.ico',
    1 => NULL,
    2 => NULL,
  ),
)
[ info ] [ HEADER ] array (
  'cookie' => 'Hm_lvt_f8d0a8c400404989e195270b0bbf060a=1585714617; Hm_lpvt_f8d0a8c400404989e195270b0bbf060a=1585714617',
  'accept-language' => 'zh-CN,zh;q=0.9',
  'accept-encoding' => 'gzip, deflate',
  'referer' => 'http://192.168.71.1:9999/',
  'accept' => 'image/webp,image/apng,image/*,*/*;q=0.8',
  'user-agent' => 'Mozilla/5.0 (Windows NT 6.1; Win64; x64) AppleWebKit/537.36 (KHTML, like Gecko) Chrome/80.0.3987.149 Safari/537.36',
  'connection' => 'close',
  'host' => '192.168.71.1:9999',
)
[ info ] [ PARAM ] array (
)
[ info ] [ LOG ] INIT File
---------------------------------------------------------------
[ 2020-04-01T12:26:21+08:00 ] 192.168.71.1 POST 192.168.71.1:9999/api/user/login
[运行时间：0.867610s] [吞吐率：1.15req/s] [内存消耗：2,949.41kb] [文件加载：130]
[ info ] [ BEHAVIOR ] Run Closure @app_init [ RunTime:0.000500s ]
[ info ] [ CACHE ] INIT File
[ info ] [ BEHAVIOR ] Run Closure @app_init [ RunTime:0.002501s ]
[ info ] [ LANG ] D:\WWW\last\thinkphp\lang\zh-cn.php
[ info ] [ ROUTE ] array (
  'type' => 'module',
  'module' => 
  array (
    0 => 'api',
    1 => 'user',
    2 => 'login',
  ),
)
[ info ] [ HEADER ] array (
  'connection' => 'close',
  'content-length' => '20',
  'accept-encoding' => 'gzip, deflate',
  'host' => '192.168.71.1:9999',
  'accept' => '*/*',
  'user-agent' => 'PostmanRuntime/7.6.0',
  'postman-token' => '086e8b52-9990-4d12-a7de-21641daa96db',
  'cache-control' => 'no-cache',
  'content-type' => 'application/x-www-form-urlencoded',
)
[ info ] [ PARAM ] array (
  'account' => '1',
  'password' => '1',
)
[ info ] [ LANG ] D:\WWW\last\public/../application/api\lang\zh-cn.php
[ info ] [ BEHAVIOR ] Run app\common\behavior\Common @module_init [ RunTime:0.001500s ]
[ info ] [ LANG ] D:\WWW\last\public/../application/api/lang/zh-cn/user.php
[ info ] [ RUN ] app\api\controller\User->login[ D:\WWW\last\application\api\controller\User.php ]
[ info ] [ DB ] INIT mysql
[ info ] [ TOKEN ] INIT Mysql
[ info ] [ LOG ] INIT File
[ sql ] [ DB ] CONNECT:[ UseTime:0.014502s ] mysql:host=127.0.0.1;dbname=last;charset=utf8
[ sql ] [ SQL ] SHOW COLUMNS FROM `fa_user` [ RunTime:0.095512s ]
[ sql ] [ SQL ] SELECT * FROM `fa_user` WHERE  `username` = '1' LIMIT 1 [ RunTime:0.012501s ]
[ sql ] [ SQL ] SELECT * FROM `fa_user` WHERE  `id` = 46 LIMIT 1 [ RunTime:0.001001s ]
[ sql ] [ SQL ] UPDATE `fa_user`  SET `successions`=1,`prevtime`=1579310314,`logintime`=1585715180,`loginip`='192.168.71.1',`token`='7e751a26-0fa9-42f2-9eae-308042e7158f',`updatetime`=1585715181  WHERE  `id` = 46 [ RunTime:0.052007s ]
[ sql ] [ SQL ] SHOW COLUMNS FROM `fa_user_token` [ RunTime:0.101013s ]
[ sql ] [ SQL ] INSERT INTO `fa_user_token` (`token` , `user_id` , `createtime` , `expiretime`) VALUES ('bac11109041c5d327d6be08a8bb604fae0447e1b' , 46 , 1585715181 , 1588307181) [ RunTime:0.001000s ]
[ sql ] [ SQL ] SELECT * FROM `fa_user_token` WHERE  `token` = 'bac11109041c5d327d6be08a8bb604fae0447e1b' LIMIT 1 [ RunTime:0.000000s ]
[ sql ] [ SQL ] SELECT `org_level` FROM `fa_user` WHERE  `id` = 46 LIMIT 1 [ RunTime:0.000000s ]
[ sql ] [ SQL ] SELECT `rule_id` FROM `fa_user` WHERE  `id` = 46 LIMIT 1 [ RunTime:0.000500s ]
[ sql ] [ SQL ] SHOW COLUMNS FROM `fa_client_rule` [ RunTime:0.035504s ]
[ sql ] [ SQL ] SELECT `auth_ids` FROM `fa_client_rule` WHERE  `id` = 3 LIMIT 1 [ RunTime:0.000500s ]
[ sql ] [ SQL ] SHOW COLUMNS FROM `fa_client_auth` [ RunTime:0.035505s ]
[ sql ] [ SQL ] SELECT * FROM `fa_client_auth` WHERE  `id` IN (1,2,3,4,5,6,7,8,9,10,11,12,13,14,15,16,17,18,19,20,21,22,23,24,25,26,27,28,29,30,31,32,33,34,35,36,37,40,41) [ RunTime:0.000500s ]
[ sql ] [ SQL ] SELECT `rule_id` FROM `fa_user` WHERE  `id` = 46 LIMIT 1 [ RunTime:0.000000s ]
[ sql ] [ SQL ] SELECT `rule_name` FROM `fa_client_rule` WHERE  `id` = 3 LIMIT 1 [ RunTime:0.000500s ]
---------------------------------------------------------------
[ 2020-04-01T12:27:30+08:00 ] 192.168.71.1 POST 192.168.71.1:9999/api/client/update_pswd
[运行时间：0.195525s] [吞吐率：5.11req/s] [内存消耗：2,888.23kb] [文件加载：126]
[ info ] [ BEHAVIOR ] Run Closure @app_init [ RunTime:0.000000s ]
[ info ] [ CACHE ] INIT File
[ info ] [ BEHAVIOR ] Run Closure @app_init [ RunTime:0.015502s ]
[ info ] [ LANG ] D:\WWW\last\thinkphp\lang\zh-cn.php
[ info ] [ ROUTE ] array (
  'type' => 'module',
  'module' => 
  array (
    0 => 'api',
    1 => 'client',
    2 => 'update_pswd',
  ),
)
[ info ] [ HEADER ] array (
  'connection' => 'close',
  'content-length' => '63',
  'accept-encoding' => 'gzip, deflate',
  'host' => '192.168.71.1:9999',
  'accept' => '*/*',
  'user-agent' => 'PostmanRuntime/7.6.0',
  'postman-token' => '76dcd584-f9c3-4a55-81e1-e439a980c43b',
  'cache-control' => 'no-cache',
  'content-type' => 'application/x-www-form-urlencoded',
)
[ info ] [ PARAM ] array (
  'account' => '1',
  'password' => '1',
  'token' => '7e751a26-0fa9-42f2-9eae-308042e7158f',
)
[ info ] [ LANG ] D:\WWW\last\public/../application/api\lang\zh-cn.php
[ info ] [ BEHAVIOR ] Run app\common\behavior\Common @module_init [ RunTime:0.006001s ]
[ info ] [ TOKEN ] INIT Mysql
[ info ] [ DB ] INIT mysql
[ info ] [ RUN ] app\api\controller\Client->update_pswd[ D:\WWW\last\application\api\controller\Client.php ]
[ info ] [ LOG ] INIT File
[ sql ] [ DB ] CONNECT:[ UseTime:0.010501s ] mysql:host=127.0.0.1;dbname=last;charset=utf8
[ sql ] [ SQL ] SHOW COLUMNS FROM `fa_user_token` [ RunTime:0.043506s ]
[ sql ] [ SQL ] SELECT * FROM `fa_user_token` WHERE  `token` = 'bac11109041c5d327d6be08a8bb604fae0447e1b' LIMIT 1 [ RunTime:0.000500s ]
[ sql ] [ SQL ] SHOW COLUMNS FROM `fa_user` [ RunTime:0.021503s ]
[ sql ] [ SQL ] SELECT * FROM `fa_user` WHERE  `id` = 46 LIMIT 1 [ RunTime:0.000500s ]
---------------------------------------------------------------
[ 2020-04-01T12:28:32+08:00 ] 192.168.71.1 POST 192.168.71.1:9999/api/client/update_pswd
[运行时间：0.183523s] [吞吐率：5.45req/s] [内存消耗：2,886.44kb] [文件加载：126]
[ info ] [ BEHAVIOR ] Run Closure @app_init [ RunTime:0.000000s ]
[ info ] [ CACHE ] INIT File
[ info ] [ BEHAVIOR ] Run Closure @app_init [ RunTime:0.052506s ]
[ info ] [ LANG ] D:\WWW\last\thinkphp\lang\zh-cn.php
[ info ] [ ROUTE ] array (
  'type' => 'module',
  'module' => 
  array (
    0 => 'api',
    1 => 'client',
    2 => 'update_pswd',
  ),
)
[ info ] [ HEADER ] array (
  'connection' => 'close',
  'content-length' => '63',
  'accept-encoding' => 'gzip, deflate',
  'host' => '192.168.71.1:9999',
  'accept' => '*/*',
  'user-agent' => 'PostmanRuntime/7.6.0',
  'postman-token' => '8e25eb82-6340-49b0-a53a-80f172c0fefb',
  'cache-control' => 'no-cache',
  'content-type' => 'application/x-www-form-urlencoded',
)
[ info ] [ PARAM ] array (
  'account' => '1',
  'password' => '1',
  'token' => '7e751a26-0fa9-42f2-9eae-308042e7158f',
)
[ info ] [ LANG ] D:\WWW\last\public/../application/api\lang\zh-cn.php
[ info ] [ BEHAVIOR ] Run app\common\behavior\Common @module_init [ RunTime:0.002000s ]
[ info ] [ TOKEN ] INIT Mysql
[ info ] [ DB ] INIT mysql
[ info ] [ RUN ] app\api\controller\Client->update_pswd[ D:\WWW\last\application\api\controller\Client.php ]
[ info ] [ LOG ] INIT File
[ sql ] [ DB ] CONNECT:[ UseTime:0.001000s ] mysql:host=127.0.0.1;dbname=last;charset=utf8
[ sql ] [ SQL ] SHOW COLUMNS FROM `fa_user_token` [ RunTime:0.032504s ]
[ sql ] [ SQL ] SELECT * FROM `fa_user_token` WHERE  `token` = 'bac11109041c5d327d6be08a8bb604fae0447e1b' LIMIT 1 [ RunTime:0.000500s ]
[ sql ] [ SQL ] SHOW COLUMNS FROM `fa_user` [ RunTime:0.026003s ]
[ sql ] [ SQL ] SELECT * FROM `fa_user` WHERE  `id` = 46 LIMIT 1 [ RunTime:0.001000s ]
---------------------------------------------------------------
[ 2020-04-01T12:31:10+08:00 ] 192.168.71.1 POST 192.168.71.1:9999/api/client/update_pswd
[运行时间：0.126517s] [吞吐率：7.90req/s] [内存消耗：2,890.74kb] [文件加载：127]
[ info ] [ BEHAVIOR ] Run Closure @app_init [ RunTime:0.000000s ]
[ info ] [ CACHE ] INIT File
[ info ] [ BEHAVIOR ] Run Closure @app_init [ RunTime:0.005001s ]
[ info ] [ LANG ] D:\WWW\last\thinkphp\lang\zh-cn.php
[ info ] [ ROUTE ] array (
  'type' => 'module',
  'module' => 
  array (
    0 => 'api',
    1 => 'client',
    2 => 'update_pswd',
  ),
)
[ info ] [ HEADER ] array (
  'connection' => 'close',
  'content-length' => '67',
  'accept-encoding' => 'gzip, deflate',
  'host' => '192.168.71.1:9999',
  'accept' => '*/*',
  'user-agent' => 'PostmanRuntime/7.6.0',
  'postman-token' => 'e0a292de-5631-4c15-ac98-f96e22771328',
  'cache-control' => 'no-cache',
  'content-type' => 'application/x-www-form-urlencoded',
)
[ info ] [ PARAM ] array (
  'account' => '1',
  'old_password' => '2',
  'token' => '7e751a26-0fa9-42f2-9eae-308042e7158f',
)
[ info ] [ LANG ] D:\WWW\last\public/../application/api\lang\zh-cn.php
[ info ] [ BEHAVIOR ] Run app\common\behavior\Common @module_init [ RunTime:0.001500s ]
[ info ] [ TOKEN ] INIT Mysql
[ info ] [ DB ] INIT mysql
[ info ] [ RUN ] app\api\controller\Client->update_pswd[ D:\WWW\last\application\api\controller\Client.php ]
[ info ] [ LOG ] INIT File
[ sql ] [ DB ] CONNECT:[ UseTime:0.011001s ] mysql:host=127.0.0.1;dbname=last;charset=utf8
[ sql ] [ SQL ] SHOW COLUMNS FROM `fa_user_token` [ RunTime:0.038005s ]
[ sql ] [ SQL ] SELECT * FROM `fa_user_token` WHERE  `token` = 'bac11109041c5d327d6be08a8bb604fae0447e1b' LIMIT 1 [ RunTime:0.000500s ]
[ sql ] [ SQL ] SHOW COLUMNS FROM `fa_user` [ RunTime:0.021503s ]
[ sql ] [ SQL ] SELECT * FROM `fa_user` WHERE  `id` = 46 LIMIT 1 [ RunTime:0.000000s ]
---------------------------------------------------------------
[ 2020-04-01T12:31:22+08:00 ] 192.168.71.1 POST 192.168.71.1:9999/api/client/update_pswd
[运行时间：0.113014s] [吞吐率：8.85req/s] [内存消耗：2,887.17kb] [文件加载：126]
[ info ] [ BEHAVIOR ] Run Closure @app_init [ RunTime:0.000000s ]
[ info ] [ CACHE ] INIT File
[ info ] [ BEHAVIOR ] Run Closure @app_init [ RunTime:0.003501s ]
[ info ] [ LANG ] D:\WWW\last\thinkphp\lang\zh-cn.php
[ info ] [ ROUTE ] array (
  'type' => 'module',
  'module' => 
  array (
    0 => 'api',
    1 => 'client',
    2 => 'update_pswd',
  ),
)
[ info ] [ HEADER ] array (
  'connection' => 'close',
  'content-length' => '67',
  'accept-encoding' => 'gzip, deflate',
  'host' => '192.168.71.1:9999',
  'accept' => '*/*',
  'user-agent' => 'PostmanRuntime/7.6.0',
  'postman-token' => 'e8971349-bb44-46a2-aa6e-9780420f7431',
  'cache-control' => 'no-cache',
  'content-type' => 'application/x-www-form-urlencoded',
)
[ info ] [ PARAM ] array (
  'account' => '1',
  'old_password' => '1',
  'token' => '7e751a26-0fa9-42f2-9eae-308042e7158f',
)
[ info ] [ LANG ] D:\WWW\last\public/../application/api\lang\zh-cn.php
[ info ] [ BEHAVIOR ] Run app\common\behavior\Common @module_init [ RunTime:0.002501s ]
[ info ] [ TOKEN ] INIT Mysql
[ info ] [ DB ] INIT mysql
[ info ] [ RUN ] app\api\controller\Client->update_pswd[ D:\WWW\last\application\api\controller\Client.php ]
[ info ] [ LOG ] INIT File
[ sql ] [ DB ] CONNECT:[ UseTime:0.011502s ] mysql:host=127.0.0.1;dbname=last;charset=utf8
[ sql ] [ SQL ] SHOW COLUMNS FROM `fa_user_token` [ RunTime:0.031504s ]
[ sql ] [ SQL ] SELECT * FROM `fa_user_token` WHERE  `token` = 'bac11109041c5d327d6be08a8bb604fae0447e1b' LIMIT 1 [ RunTime:0.000500s ]
[ sql ] [ SQL ] SHOW COLUMNS FROM `fa_user` [ RunTime:0.023003s ]
[ sql ] [ SQL ] SELECT * FROM `fa_user` WHERE  `id` = 46 LIMIT 1 [ RunTime:0.000500s ]
---------------------------------------------------------------
[ 2020-04-01T12:32:45+08:00 ] 192.168.71.1 POST 192.168.71.1:9999/api/client/update_pswd
[运行时间：0.175023s] [吞吐率：5.71req/s] [内存消耗：2,858.24kb] [文件加载：128]
[ info ] [ BEHAVIOR ] Run Closure @app_init [ RunTime:0.000000s ]
[ info ] [ CACHE ] INIT File
[ info ] [ BEHAVIOR ] Run Closure @app_init [ RunTime:0.005001s ]
[ info ] [ LANG ] D:\WWW\last\thinkphp\lang\zh-cn.php
[ info ] [ ROUTE ] array (
  'type' => 'module',
  'module' => 
  array (
    0 => 'api',
    1 => 'client',
    2 => 'update_pswd',
  ),
)
[ info ] [ HEADER ] array (
  'connection' => 'close',
  'content-length' => '77',
  'accept-encoding' => 'gzip, deflate',
  'host' => '192.168.71.1:9999',
  'accept' => '*/*',
  'user-agent' => 'PostmanRuntime/7.6.0',
  'postman-token' => 'e512fcfe-94f8-471d-9c9e-3bfa144a674c',
  'cache-control' => 'no-cache',
  'content-type' => 'application/x-www-form-urlencoded',
)
[ info ] [ PARAM ] array (
  'old_password' => '1',
  'token' => '7e751a26-0fa9-42f2-9eae-308042e7158f',
  'new_password' => '123456',
)
[ info ] [ LANG ] D:\WWW\last\public/../application/api\lang\zh-cn.php
[ info ] [ BEHAVIOR ] Run app\common\behavior\Common @module_init [ RunTime:0.002500s ]
[ info ] [ TOKEN ] INIT Mysql
[ info ] [ DB ] INIT mysql
[ info ] [ RUN ] app\api\controller\Client->update_pswd[ D:\WWW\last\application\api\controller\Client.php ]
[ info ] [ LOG ] INIT File
[ sql ] [ DB ] CONNECT:[ UseTime:0.010502s ] mysql:host=127.0.0.1;dbname=last;charset=utf8
[ sql ] [ SQL ] SHOW COLUMNS FROM `fa_user_token` [ RunTime:0.024003s ]
[ sql ] [ SQL ] SELECT * FROM `fa_user_token` WHERE  `token` = 'bac11109041c5d327d6be08a8bb604fae0447e1b' LIMIT 1 [ RunTime:0.000000s ]
[ sql ] [ SQL ] SHOW COLUMNS FROM `fa_user` [ RunTime:0.019502s ]
[ sql ] [ SQL ] SELECT * FROM `fa_user` WHERE  `id` = 46 LIMIT 1 [ RunTime:0.000500s ]
[ sql ] [ SQL ] UPDATE `fa_user`  SET `password`='99c44125ad299469bb05904452e9fce8',`salt`='FUSZMe'  WHERE  `id` = 46 [ RunTime:0.036504s ]
---------------------------------------------------------------
[ 2020-04-01T12:33:27+08:00 ] 192.168.71.1 POST 192.168.71.1:9999/api/user_login
[运行时间：0.215027s] [吞吐率：4.65req/s] [内存消耗：1,833.92kb] [文件加载：114]
[ info ] [ BEHAVIOR ] Run Closure @app_init [ RunTime:0.000500s ]
[ info ] [ CACHE ] INIT File
[ info ] [ BEHAVIOR ] Run Closure @app_init [ RunTime:0.003000s ]
[ info ] [ LANG ] D:\WWW\last\thinkphp\lang\zh-cn.php
[ info ] [ ROUTE ] array (
  'type' => 'module',
  'module' => 
  array (
    0 => 'api',
    1 => 'user_login',
    2 => NULL,
  ),
)
[ info ] [ HEADER ] array (
  'connection' => 'close',
  'content-length' => '20',
  'accept-encoding' => 'gzip, deflate',
  'host' => '192.168.71.1:9999',
  'accept' => '*/*',
  'user-agent' => 'PostmanRuntime/7.6.0',
  'postman-token' => 'b630bca3-212d-4ffc-a484-d437c3a35114',
  'cache-control' => 'no-cache',
  'content-type' => 'application/x-www-form-urlencoded',
)
[ info ] [ PARAM ] array (
  'account' => '1',
  'password' => '1',
)
[ info ] [ LANG ] D:\WWW\last\public/../application/api\lang\zh-cn.php
[ info ] [ BEHAVIOR ] Run app\common\behavior\Common @module_init [ RunTime:0.001501s ]
[ info ] [ LOG ] INIT File
---------------------------------------------------------------
[ 2020-04-01T12:33:39+08:00 ] 192.168.71.1 POST 192.168.71.1:9999/api/user/login
[运行时间：0.086011s] [吞吐率：11.63req/s] [内存消耗：2,860.42kb] [文件加载：125]
[ info ] [ BEHAVIOR ] Run Closure @app_init [ RunTime:0.000000s ]
[ info ] [ CACHE ] INIT File
[ info ] [ BEHAVIOR ] Run Closure @app_init [ RunTime:0.003500s ]
[ info ] [ LANG ] D:\WWW\last\thinkphp\lang\zh-cn.php
[ info ] [ ROUTE ] array (
  'type' => 'module',
  'module' => 
  array (
    0 => 'api',
    1 => 'user',
    2 => 'login',
  ),
)
[ info ] [ HEADER ] array (
  'connection' => 'close',
  'content-length' => '20',
  'accept-encoding' => 'gzip, deflate',
  'host' => '192.168.71.1:9999',
  'accept' => '*/*',
  'user-agent' => 'PostmanRuntime/7.6.0',
  'postman-token' => '4cfed927-3941-479c-adc2-1e1612c1bd22',
  'cache-control' => 'no-cache',
  'content-type' => 'application/x-www-form-urlencoded',
)
[ info ] [ PARAM ] array (
  'account' => '1',
  'password' => '1',
)
[ info ] [ LANG ] D:\WWW\last\public/../application/api\lang\zh-cn.php
[ info ] [ BEHAVIOR ] Run app\common\behavior\Common @module_init [ RunTime:0.002000s ]
[ info ] [ LANG ] D:\WWW\last\public/../application/api/lang/zh-cn/user.php
[ info ] [ RUN ] app\api\controller\User->login[ D:\WWW\last\application\api\controller\User.php ]
[ info ] [ DB ] INIT mysql
[ info ] [ LOG ] INIT File
[ sql ] [ DB ] CONNECT:[ UseTime:0.001500s ] mysql:host=127.0.0.1;dbname=last;charset=utf8
[ sql ] [ SQL ] SHOW COLUMNS FROM `fa_user` [ RunTime:0.028003s ]
[ sql ] [ SQL ] SELECT * FROM `fa_user` WHERE  `username` = '1' LIMIT 1 [ RunTime:0.000500s ]
---------------------------------------------------------------
[ 2020-04-01T12:33:45+08:00 ] 192.168.71.1 POST 192.168.71.1:9999/api/user/login
[运行时间：0.262033s] [吞吐率：3.82req/s] [内存消耗：2,949.30kb] [文件加载：130]
[ info ] [ BEHAVIOR ] Run Closure @app_init [ RunTime:0.000000s ]
[ info ] [ CACHE ] INIT File
[ info ] [ BEHAVIOR ] Run Closure @app_init [ RunTime:0.008001s ]
[ info ] [ LANG ] D:\WWW\last\thinkphp\lang\zh-cn.php
[ info ] [ ROUTE ] array (
  'type' => 'module',
  'module' => 
  array (
    0 => 'api',
    1 => 'user',
    2 => 'login',
  ),
)
[ info ] [ HEADER ] array (
  'connection' => 'close',
  'content-length' => '25',
  'accept-encoding' => 'gzip, deflate',
  'host' => '192.168.71.1:9999',
  'accept' => '*/*',
  'user-agent' => 'PostmanRuntime/7.6.0',
  'postman-token' => '41dea916-48bb-4538-b346-98d6536df675',
  'cache-control' => 'no-cache',
  'content-type' => 'application/x-www-form-urlencoded',
)
[ info ] [ PARAM ] array (
  'account' => '1',
  'password' => '123456',
)
[ info ] [ LANG ] D:\WWW\last\public/../application/api\lang\zh-cn.php
[ info ] [ BEHAVIOR ] Run app\common\behavior\Common @module_init [ RunTime:0.003001s ]
[ info ] [ LANG ] D:\WWW\last\public/../application/api/lang/zh-cn/user.php
[ info ] [ RUN ] app\api\controller\User->login[ D:\WWW\last\application\api\controller\User.php ]
[ info ] [ DB ] INIT mysql
[ info ] [ TOKEN ] INIT Mysql
[ info ] [ LOG ] INIT File
[ sql ] [ DB ] CONNECT:[ UseTime:0.000500s ] mysql:host=127.0.0.1;dbname=last;charset=utf8
[ sql ] [ SQL ] SHOW COLUMNS FROM `fa_user` [ RunTime:0.034505s ]
[ sql ] [ SQL ] SELECT * FROM `fa_user` WHERE  `username` = '1' LIMIT 1 [ RunTime:0.001000s ]
[ sql ] [ SQL ] SELECT * FROM `fa_user` WHERE  `id` = 46 LIMIT 1 [ RunTime:0.000500s ]
[ sql ] [ SQL ] UPDATE `fa_user`  SET `prevtime`=1585715180,`logintime`=1585715625,`token`='69e3af4c-5643-43bd-8563-ca761a6ae021',`updatetime`=1585715625  WHERE  `id` = 46 [ RunTime:0.025003s ]
[ sql ] [ SQL ] SHOW COLUMNS FROM `fa_user_token` [ RunTime:0.032504s ]
[ sql ] [ SQL ] INSERT INTO `fa_user_token` (`token` , `user_id` , `createtime` , `expiretime`) VALUES ('f888a5f433d6dc242792d901e365013314848de1' , 46 , 1585715625 , 1588307625) [ RunTime:0.000000s ]
[ sql ] [ SQL ] SELECT * FROM `fa_user_token` WHERE  `token` = 'f888a5f433d6dc242792d901e365013314848de1' LIMIT 1 [ RunTime:0.000500s ]
[ sql ] [ SQL ] SELECT `org_level` FROM `fa_user` WHERE  `id` = 46 LIMIT 1 [ RunTime:0.000000s ]
[ sql ] [ SQL ] SELECT `rule_id` FROM `fa_user` WHERE  `id` = 46 LIMIT 1 [ RunTime:0.000500s ]
[ sql ] [ SQL ] SHOW COLUMNS FROM `fa_client_rule` [ RunTime:0.032004s ]
[ sql ] [ SQL ] SELECT `auth_ids` FROM `fa_client_rule` WHERE  `id` = 3 LIMIT 1 [ RunTime:0.000000s ]
[ sql ] [ SQL ] SHOW COLUMNS FROM `fa_client_auth` [ RunTime:0.025003s ]
[ sql ] [ SQL ] SELECT * FROM `fa_client_auth` WHERE  `id` IN (1,2,3,4,5,6,7,8,9,10,11,12,13,14,15,16,17,18,19,20,21,22,23,24,25,26,27,28,29,30,31,32,33,34,35,36,37,40,41) [ RunTime:0.000500s ]
[ sql ] [ SQL ] SELECT `rule_id` FROM `fa_user` WHERE  `id` = 46 LIMIT 1 [ RunTime:0.000500s ]
[ sql ] [ SQL ] SELECT `rule_name` FROM `fa_client_rule` WHERE  `id` = 3 LIMIT 1 [ RunTime:0.000000s ]
---------------------------------------------------------------
[ 2020-04-01T12:40:43+08:00 ] 192.168.71.1 POST liujunfeng.imwork.net:50371/api/user/login
[运行时间：0.205026s] [吞吐率：4.88req/s] [内存消耗：2,949.37kb] [文件加载：130]
[ info ] [ BEHAVIOR ] Run Closure @app_init [ RunTime:0.000000s ]
[ info ] [ CACHE ] INIT File
[ info ] [ BEHAVIOR ] Run Closure @app_init [ RunTime:0.011501s ]
[ info ] [ LANG ] D:\WWW\last\thinkphp\lang\zh-cn.php
[ info ] [ ROUTE ] array (
  'type' => 'module',
  'module' => 
  array (
    0 => 'api',
    1 => 'user',
    2 => 'login',
  ),
)
[ info ] [ HEADER ] array (
  'connection' => 'close',
  'content-length' => '25',
  'accept-encoding' => 'gzip, deflate',
  'host' => 'liujunfeng.imwork.net:50371',
  'accept' => '*/*',
  'user-agent' => 'PostmanRuntime/7.6.0',
  'postman-token' => 'a493165f-5d75-4cfa-ab08-e93507e86687',
  'cache-control' => 'no-cache',
  'content-type' => 'application/x-www-form-urlencoded',
)
[ info ] [ PARAM ] array (
  'account' => '1',
  'password' => '123456',
)
[ info ] [ LANG ] D:\WWW\last\public/../application/api\lang\zh-cn.php
[ info ] [ BEHAVIOR ] Run app\common\behavior\Common @module_init [ RunTime:0.003000s ]
[ info ] [ LANG ] D:\WWW\last\public/../application/api/lang/zh-cn/user.php
[ info ] [ RUN ] app\api\controller\User->login[ D:\WWW\last\application\api\controller\User.php ]
[ info ] [ DB ] INIT mysql
[ info ] [ TOKEN ] INIT Mysql
[ info ] [ LOG ] INIT File
[ sql ] [ DB ] CONNECT:[ UseTime:0.001000s ] mysql:host=127.0.0.1;dbname=last;charset=utf8
[ sql ] [ SQL ] SHOW COLUMNS FROM `fa_user` [ RunTime:0.029504s ]
[ sql ] [ SQL ] SELECT * FROM `fa_user` WHERE  `username` = '1' LIMIT 1 [ RunTime:0.000500s ]
[ sql ] [ SQL ] SELECT * FROM `fa_user` WHERE  `id` = 46 LIMIT 1 [ RunTime:0.000000s ]
[ sql ] [ SQL ] UPDATE `fa_user`  SET `prevtime`=1585715625,`logintime`=1585716043,`token`='e9092b40-3076-46ae-89b2-45efe3a45188',`updatetime`=1585716043  WHERE  `id` = 46 [ RunTime:0.000000s ]
[ sql ] [ SQL ] SHOW COLUMNS FROM `fa_user_token` [ RunTime:0.018503s ]
[ sql ] [ SQL ] INSERT INTO `fa_user_token` (`token` , `user_id` , `createtime` , `expiretime`) VALUES ('d35260578195d5cbd47138a95f2908e0ac9cbab9' , 46 , 1585716043 , 1588308043) [ RunTime:0.000000s ]
[ sql ] [ SQL ] SELECT * FROM `fa_user_token` WHERE  `token` = 'd35260578195d5cbd47138a95f2908e0ac9cbab9' LIMIT 1 [ RunTime:0.000500s ]
[ sql ] [ SQL ] SELECT `org_level` FROM `fa_user` WHERE  `id` = 46 LIMIT 1 [ RunTime:0.000500s ]
[ sql ] [ SQL ] SELECT `rule_id` FROM `fa_user` WHERE  `id` = 46 LIMIT 1 [ RunTime:0.000000s ]
[ sql ] [ SQL ] SHOW COLUMNS FROM `fa_client_rule` [ RunTime:0.018003s ]
[ sql ] [ SQL ] SELECT `auth_ids` FROM `fa_client_rule` WHERE  `id` = 3 LIMIT 1 [ RunTime:0.000500s ]
[ sql ] [ SQL ] SHOW COLUMNS FROM `fa_client_auth` [ RunTime:0.019002s ]
[ sql ] [ SQL ] SELECT * FROM `fa_client_auth` WHERE  `id` IN (1,2,3,4,5,6,7,8,9,10,11,12,13,14,15,16,17,18,19,20,21,22,23,24,25,26,27,28,29,30,31,32,33,34,35,36,37,40,41) [ RunTime:0.000500s ]
[ sql ] [ SQL ] SELECT `rule_id` FROM `fa_user` WHERE  `id` = 46 LIMIT 1 [ RunTime:0.000000s ]
[ sql ] [ SQL ] SELECT `rule_name` FROM `fa_client_rule` WHERE  `id` = 3 LIMIT 1 [ RunTime:0.000000s ]
---------------------------------------------------------------
[ 2020-04-01T12:40:49+08:00 ] 192.168.71.1 POST liujunfeng.imwork.net:50371/api/user/login
[运行时间：0.074509s] [吞吐率：13.42req/s] [内存消耗：2,860.52kb] [文件加载：125]
[ info ] [ BEHAVIOR ] Run Closure @app_init [ RunTime:0.000000s ]
[ info ] [ CACHE ] INIT File
[ info ] [ BEHAVIOR ] Run Closure @app_init [ RunTime:0.002501s ]
[ info ] [ LANG ] D:\WWW\last\thinkphp\lang\zh-cn.php
[ info ] [ ROUTE ] array (
  'type' => 'module',
  'module' => 
  array (
    0 => 'api',
    1 => 'user',
    2 => 'login',
  ),
)
[ info ] [ HEADER ] array (
  'connection' => 'close',
  'content-length' => '24',
  'accept-encoding' => 'gzip, deflate',
  'host' => 'liujunfeng.imwork.net:50371',
  'accept' => '*/*',
  'user-agent' => 'PostmanRuntime/7.6.0',
  'postman-token' => '0ff37785-1db5-4dcb-afbf-5ce709c76cb2',
  'cache-control' => 'no-cache',
  'content-type' => 'application/x-www-form-urlencoded',
)
[ info ] [ PARAM ] array (
  'account' => '1',
  'password' => '12345',
)
[ info ] [ LANG ] D:\WWW\last\public/../application/api\lang\zh-cn.php
[ info ] [ BEHAVIOR ] Run app\common\behavior\Common @module_init [ RunTime:0.001000s ]
[ info ] [ LANG ] D:\WWW\last\public/../application/api/lang/zh-cn/user.php
[ info ] [ RUN ] app\api\controller\User->login[ D:\WWW\last\application\api\controller\User.php ]
[ info ] [ DB ] INIT mysql
[ info ] [ LOG ] INIT File
[ sql ] [ DB ] CONNECT:[ UseTime:0.000501s ] mysql:host=127.0.0.1;dbname=last;charset=utf8
[ sql ] [ SQL ] SHOW COLUMNS FROM `fa_user` [ RunTime:0.023503s ]
[ sql ] [ SQL ] SELECT * FROM `fa_user` WHERE  `username` = '1' LIMIT 1 [ RunTime:0.001000s ]
